<?xml version="1.0" encoding="UTF-8"?>
<testsuites name="Smoketest" time="16" tests="1" failures="1" errors="0">
   <testsuite name="Smoketest" tests="1" failures="1" errors="0" time="16" timestamp="2018-02-13 16:51:49" hostname="Ferdi G\uFFFDll\uFFFDbag - LAPTOP-MH8HMEMT.fritz.box" id="Test Suites/Smoketest">
      <properties>
         <property name="deviceName" value=""/>
         <property name="devicePlatform" value=""/>
         <property name="logFolder" value="C:\\Katalon\\MICE-POC\\Smoketest\\Reports\\Smoketest\\20180213_165147"/>
         <property name="logFiles" value="C:\\Katalon\\MICE-POC\\Smoketest\\Reports\\Smoketest\\20180213_165147\\execution0.log"/>
         <property name="attachments" value="C:\\Katalon\\MICE-POC\\Smoketest\\Reports\\Smoketest\\20180213_165147\\1518537125329.png"/>
         <property name="hostName" value="Ferdi G\uFFFDll\uFFFDbag - LAPTOP-MH8HMEMT.fritz.box"/>
         <property name="os" value="Windows 10 64bit"/>
         <property name="katalonVersion" value="5.3.0.1"/>
         <property name="browser" value="Firefox 58.0"/>
         <property name="hostAddress" value="192.168.2.131"/>
         <property name="sessionId" value="3566f7ab-9329-4365-b8e5-2515daff247c"/>
         <property name="seleniumVersion" value="3.7.1"/>
         <property name="proxyInformation" value="ProxyInformation{proxyOption=NO_PROXY, proxyServerType=HTTP, password=, proxyServerAddress=, proxyServerPort=0}"/>
         <property name="platform" value="Windows 10"/>
      </properties>
      <testcase name="Test Cases/Landingpage/Verify all Elements" classname="Test Cases/Landingpage/Verify all Elements" status="PASSED">
         <system-out><![CDATA[2018-02-13 16:51:50 - [TEST_CASE][PASSED] - Test Cases/Landingpage/Verify all Elements: Test Cases/Landingpage/Verify all Elements

2018-02-13 16:51:51 - [TEST_STEP][PASSED] - openBrowser: Browser is opened with url: 'https://meetingmarket-iut.de/'

2018-02-13 16:51:57 - [MESSAGE][PASSED] - Browser is opened with url: 'https://meetingmarket-iut.de/'

2018-02-13 16:51:57 - [TEST_STEP][PASSED] - verifyElementPresent: Object 'Object Repository/Landingpage/Page_Tagungshotels und Meetingrume/div_logo' is present

2018-02-13 16:51:57 - [MESSAGE][WARNING] - Timeout '0' is invalid. Using default page load timeout: '30'

2018-02-13 16:51:57 - [MESSAGE][PASSED] - Object 'Object Repository/Landingpage/Page_Tagungshotels und Meetingrume/div_logo' is present

2018-02-13 16:51:57 - [TEST_STEP][PASSED] - waitForElementPresent: Object 'Object Repository/Landingpage/Page_Tagungshotels und Meetingrume/div_logo' is present

2018-02-13 16:51:57 - [MESSAGE][WARNING] - Timeout '0' is invalid. Using default page load timeout: '30'

2018-02-13 16:51:57 - [MESSAGE][PASSED] - Object 'Object Repository/Landingpage/Page_Tagungshotels und Meetingrume/div_logo' is present

2018-02-13 16:51:57 - [TEST_STEP][PASSED] - verifyElementPresent: Object 'Object Repository/Landingpage/Page_Tagungshotels und Meetingrume/div_ber 2.500 Tagungsrume' is present

2018-02-13 16:51:57 - [MESSAGE][WARNING] - Timeout '0' is invalid. Using default page load timeout: '30'

2018-02-13 16:51:57 - [MESSAGE][PASSED] - Object 'Object Repository/Landingpage/Page_Tagungshotels und Meetingrume/div_ber 2.500 Tagungsrume' is present

2018-02-13 16:51:57 - [TEST_STEP][PASSED] - verifyElementPresent: Object 'Object Repository/Landingpage/Page_Tagungshotels und Meetingrume/div_Jetzt buchen und bis zu 30' is present

2018-02-13 16:51:57 - [MESSAGE][WARNING] - Timeout '0' is invalid. Using default page load timeout: '30'

2018-02-13 16:51:57 - [MESSAGE][PASSED] - Object 'Object Repository/Landingpage/Page_Tagungshotels und Meetingrume/div_Jetzt buchen und bis zu 30' is present

2018-02-13 16:51:57 - [TEST_STEP][PASSED] - verifyElementPresent: Object 'Object Repository/Landingpage/Page_Tagungshotels und Meetingrume/div_BerlinBremenDresdenDsseldo' is present

2018-02-13 16:51:57 - [MESSAGE][WARNING] - Timeout '0' is invalid. Using default page load timeout: '30'

2018-02-13 16:51:57 - [MESSAGE][PASSED] - Object 'Object Repository/Landingpage/Page_Tagungshotels und Meetingrume/div_BerlinBremenDresdenDsseldo' is present

2018-02-13 16:51:57 - [TEST_STEP][PASSED] - verifyElementPresent: Object 'Object Repository/Landingpage/Page_Tagungshotels und Meetingrume/p_Sichere Reservierung in 3 Mi' is present

2018-02-13 16:51:57 - [MESSAGE][WARNING] - Timeout '0' is invalid. Using default page load timeout: '30'

2018-02-13 16:51:58 - [MESSAGE][PASSED] - Object 'Object Repository/Landingpage/Page_Tagungshotels und Meetingrume/p_Sichere Reservierung in 3 Mi' is present

2018-02-13 16:51:58 - [TEST_STEP][PASSED] - verifyElementPresent: Object 'Object Repository/Landingpage/Page_Tagungshotels und Meetingrume/p_Persnliche Beratung 49 (0)76' is present

2018-02-13 16:51:58 - [MESSAGE][WARNING] - Timeout '0' is invalid. Using default page load timeout: '30'

2018-02-13 16:51:58 - [MESSAGE][PASSED] - Object 'Object Repository/Landingpage/Page_Tagungshotels und Meetingrume/p_Persnliche Beratung 49 (0)76' is present

2018-02-13 16:51:58 - [TEST_STEP][PASSED] - verifyElementPresent: Object 'Object Repository/Landingpage/Page_Tagungshotels und Meetingrume/p_Kostenfreie Stornierung' is present

2018-02-13 16:51:58 - [MESSAGE][WARNING] - Timeout '0' is invalid. Using default page load timeout: '30'

2018-02-13 16:51:58 - [MESSAGE][PASSED] - Object 'Object Repository/Landingpage/Page_Tagungshotels und Meetingrume/p_Kostenfreie Stornierung' is present

2018-02-13 16:51:58 - [TEST_STEP][PASSED] - verifyElementPresent: Object 'Object Repository/Landingpage/Page_Tagungshotels und Meetingrume/h2_Finden Sie die perfekte Loc' is present

2018-02-13 16:51:58 - [MESSAGE][WARNING] - Timeout '0' is invalid. Using default page load timeout: '30'

2018-02-13 16:51:58 - [MESSAGE][PASSED] - Object 'Object Repository/Landingpage/Page_Tagungshotels und Meetingrume/h2_Finden Sie die perfekte Loc' is present

2018-02-13 16:51:58 - [TEST_STEP][PASSED] - verifyElementPresent: Object 'Object Repository/Landingpage/Page_Tagungshotels und Meetingrume/p_Wir finden die passenden Rum' is present

2018-02-13 16:51:58 - [MESSAGE][WARNING] - Timeout '0' is invalid. Using default page load timeout: '30'

2018-02-13 16:51:58 - [MESSAGE][PASSED] - Object 'Object Repository/Landingpage/Page_Tagungshotels und Meetingrume/p_Wir finden die passenden Rum' is present

2018-02-13 16:51:58 - [TEST_STEP][PASSED] - verifyElementPresent: Object 'Object Repository/Landingpage/Page_Tagungshotels und Meetingrume/div_Veranstaltungsortein Berli' is present

2018-02-13 16:51:58 - [MESSAGE][WARNING] - Timeout '0' is invalid. Using default page load timeout: '30'

2018-02-13 16:51:58 - [MESSAGE][PASSED] - Object 'Object Repository/Landingpage/Page_Tagungshotels und Meetingrume/div_Veranstaltungsortein Berli' is present

2018-02-13 16:51:58 - [TEST_STEP][PASSED] - verifyElementPresent: Object 'Object Repository/Landingpage/Page_Tagungshotels und Meetingrume/div_Veranstaltungsortein Breme' is present

2018-02-13 16:51:58 - [MESSAGE][WARNING] - Timeout '0' is invalid. Using default page load timeout: '30'

2018-02-13 16:51:58 - [MESSAGE][PASSED] - Object 'Object Repository/Landingpage/Page_Tagungshotels und Meetingrume/div_Veranstaltungsortein Breme' is present

2018-02-13 16:51:58 - [TEST_STEP][PASSED] - verifyElementPresent: Object 'Object Repository/Landingpage/Page_Tagungshotels und Meetingrume/div_Veranstaltungsortein Dresd' is present

2018-02-13 16:51:58 - [MESSAGE][WARNING] - Timeout '0' is invalid. Using default page load timeout: '30'

2018-02-13 16:51:58 - [MESSAGE][PASSED] - Object 'Object Repository/Landingpage/Page_Tagungshotels und Meetingrume/div_Veranstaltungsortein Dresd' is present

2018-02-13 16:51:58 - [TEST_STEP][PASSED] - verifyElementPresent: Object 'Object Repository/Landingpage/Page_Tagungshotels und Meetingrume/div_Veranstaltungsortein Dssel' is present

2018-02-13 16:51:58 - [MESSAGE][WARNING] - Timeout '0' is invalid. Using default page load timeout: '30'

2018-02-13 16:51:58 - [MESSAGE][PASSED] - Object 'Object Repository/Landingpage/Page_Tagungshotels und Meetingrume/div_Veranstaltungsortein Dssel' is present

2018-02-13 16:51:58 - [TEST_STEP][PASSED] - verifyElementPresent: Object 'Object Repository/Landingpage/Page_Tagungshotels und Meetingrume/div_Veranstaltungsortein Frank' is present

2018-02-13 16:51:58 - [MESSAGE][WARNING] - Timeout '0' is invalid. Using default page load timeout: '30'

2018-02-13 16:51:58 - [MESSAGE][PASSED] - Object 'Object Repository/Landingpage/Page_Tagungshotels und Meetingrume/div_Veranstaltungsortein Frank' is present

2018-02-13 16:51:58 - [TEST_STEP][PASSED] - verifyElementPresent: Object 'Object Repository/Landingpage/Page_Tagungshotels und Meetingrume/div_Veranstaltungsortein Hambu' is present

2018-02-13 16:51:58 - [MESSAGE][WARNING] - Timeout '0' is invalid. Using default page load timeout: '30'

2018-02-13 16:51:58 - [MESSAGE][PASSED] - Object 'Object Repository/Landingpage/Page_Tagungshotels und Meetingrume/div_Veranstaltungsortein Hambu' is present

2018-02-13 16:51:58 - [TEST_STEP][PASSED] - verifyElementPresent: Object 'Object Repository/Landingpage/Page_Tagungshotels und Meetingrume/div_Veranstaltungsortein Leipz' is present

2018-02-13 16:51:58 - [MESSAGE][WARNING] - Timeout '0' is invalid. Using default page load timeout: '30'

2018-02-13 16:51:58 - [MESSAGE][PASSED] - Object 'Object Repository/Landingpage/Page_Tagungshotels und Meetingrume/div_Veranstaltungsortein Leipz' is present

2018-02-13 16:51:58 - [TEST_STEP][PASSED] - verifyElementPresent: Object 'Object Repository/Landingpage/Page_Tagungshotels und Meetingrume/div_Veranstaltungsortein KlnKl' is present

2018-02-13 16:51:58 - [MESSAGE][WARNING] - Timeout '0' is invalid. Using default page load timeout: '30'

2018-02-13 16:51:58 - [MESSAGE][PASSED] - Object 'Object Repository/Landingpage/Page_Tagungshotels und Meetingrume/div_Veranstaltungsortein KlnKl' is present

2018-02-13 16:51:58 - [TEST_STEP][PASSED] - verifyElementPresent: Object 'Object Repository/Landingpage/Page_Tagungshotels und Meetingrume/div_Veranstaltungsortein Hanno' is present

2018-02-13 16:51:58 - [MESSAGE][WARNING] - Timeout '0' is invalid. Using default page load timeout: '30'

2018-02-13 16:51:58 - [MESSAGE][PASSED] - Object 'Object Repository/Landingpage/Page_Tagungshotels und Meetingrume/div_Veranstaltungsortein Hanno' is present

2018-02-13 16:51:58 - [TEST_STEP][PASSED] - verifyElementPresent: Object 'Object Repository/Landingpage/Page_Tagungshotels und Meetingrume/div_Veranstaltungsortein Mannh' is present

2018-02-13 16:51:58 - [MESSAGE][WARNING] - Timeout '0' is invalid. Using default page load timeout: '30'

2018-02-13 16:51:58 - [MESSAGE][PASSED] - Object 'Object Repository/Landingpage/Page_Tagungshotels und Meetingrume/div_Veranstaltungsortein Mannh' is present

2018-02-13 16:51:58 - [TEST_STEP][PASSED] - verifyElementPresent: Object 'Object Repository/Landingpage/Page_Tagungshotels und Meetingrume/div_Veranstaltungsortein Mnche' is present

2018-02-13 16:51:58 - [MESSAGE][WARNING] - Timeout '0' is invalid. Using default page load timeout: '30'

2018-02-13 16:51:58 - [MESSAGE][PASSED] - Object 'Object Repository/Landingpage/Page_Tagungshotels und Meetingrume/div_Veranstaltungsortein Mnche' is present

2018-02-13 16:51:58 - [TEST_STEP][PASSED] - verifyElementPresent: Object 'Object Repository/Landingpage/Page_Tagungshotels und Meetingrume/div_Veranstaltungsortein Nrnbe' is present

2018-02-13 16:51:58 - [MESSAGE][WARNING] - Timeout '0' is invalid. Using default page load timeout: '30'

2018-02-13 16:51:58 - [MESSAGE][PASSED] - Object 'Object Repository/Landingpage/Page_Tagungshotels und Meetingrume/div_Veranstaltungsortein Nrnbe' is present

2018-02-13 16:51:58 - [TEST_STEP][PASSED] - verifyElementPresent: Object 'Object Repository/Landingpage/Page_Tagungshotels und Meetingrume/div_Veranstaltungsortein Stutt' is present

2018-02-13 16:51:58 - [MESSAGE][WARNING] - Timeout '0' is invalid. Using default page load timeout: '30'

2018-02-13 16:51:58 - [MESSAGE][PASSED] - Object 'Object Repository/Landingpage/Page_Tagungshotels und Meetingrume/div_Veranstaltungsortein Stutt' is present

2018-02-13 16:51:58 - [TEST_STEP][PASSED] - verifyElementPresent: Object 'Object Repository/Landingpage/Page_Tagungshotels und Meetingrume/div_Veranstaltungsortein Potsd' is present

2018-02-13 16:51:58 - [MESSAGE][WARNING] - Timeout '0' is invalid. Using default page load timeout: '30'

2018-02-13 16:51:58 - [MESSAGE][PASSED] - Object 'Object Repository/Landingpage/Page_Tagungshotels und Meetingrume/div_Veranstaltungsortein Potsd' is present

2018-02-13 16:51:58 - [TEST_STEP][PASSED] - verifyElementPresent: Object 'Object Repository/Landingpage/Page_Tagungshotels und Meetingrume/span_Bekannt aus' is present

2018-02-13 16:51:58 - [MESSAGE][WARNING] - Timeout '0' is invalid. Using default page load timeout: '30'

2018-02-13 16:51:58 - [MESSAGE][PASSED] - Object 'Object Repository/Landingpage/Page_Tagungshotels und Meetingrume/span_Bekannt aus' is present

2018-02-13 16:51:58 - [TEST_STEP][PASSED] - verifyElementPresent: Object 'Object Repository/Landingpage/Page_Tagungshotels und Meetingrume/span_logos' is present

2018-02-13 16:51:58 - [MESSAGE][WARNING] - Timeout '0' is invalid. Using default page load timeout: '30'

2018-02-13 16:51:58 - [MESSAGE][PASSED] - Object 'Object Repository/Landingpage/Page_Tagungshotels und Meetingrume/span_logos' is present

2018-02-13 16:51:58 - [TEST_STEP][PASSED] - verifyElementPresent: Object 'Object Repository/Landingpage/Page_Tagungshotels und Meetingrume/span_logos_1' is present

2018-02-13 16:51:58 - [MESSAGE][WARNING] - Timeout '0' is invalid. Using default page load timeout: '30'

2018-02-13 16:51:58 - [MESSAGE][PASSED] - Object 'Object Repository/Landingpage/Page_Tagungshotels und Meetingrume/span_logos_1' is present

2018-02-13 16:51:58 - [TEST_STEP][PASSED] - verifyElementPresent: Object 'Object Repository/Landingpage/Page_Tagungshotels und Meetingrume/div_Deutsch' is present

2018-02-13 16:51:58 - [MESSAGE][WARNING] - Timeout '0' is invalid. Using default page load timeout: '30'

2018-02-13 16:51:58 - [MESSAGE][PASSED] - Object 'Object Repository/Landingpage/Page_Tagungshotels und Meetingrume/div_Deutsch' is present

2018-02-13 16:51:58 - [TEST_STEP][PASSED] - verifyElementPresent: Object 'Object Repository/Landingpage/Page_Tagungshotels und Meetingrume/div_ Euro' is present

2018-02-13 16:51:58 - [MESSAGE][WARNING] - Timeout '0' is invalid. Using default page load timeout: '30'

2018-02-13 16:51:58 - [MESSAGE][PASSED] - Object 'Object Repository/Landingpage/Page_Tagungshotels und Meetingrume/div_ Euro' is present

2018-02-13 16:51:58 - [TEST_STEP][PASSED] - verifyElementPresent: Object 'Object Repository/Landingpage/Page_Tagungshotels und Meetingrume/a_Kontakt' is present

2018-02-13 16:51:58 - [MESSAGE][WARNING] - Timeout '0' is invalid. Using default page load timeout: '30'

2018-02-13 16:51:58 - [MESSAGE][PASSED] - Object 'Object Repository/Landingpage/Page_Tagungshotels und Meetingrume/a_Kontakt' is present

2018-02-13 16:51:58 - [TEST_STEP][PASSED] - verifyElementPresent: Object 'Object Repository/Landingpage/Page_Tagungshotels und Meetingrume/a_Fragen  Antworten' is present

2018-02-13 16:51:58 - [MESSAGE][WARNING] - Timeout '0' is invalid. Using default page load timeout: '30'

2018-02-13 16:51:58 - [MESSAGE][PASSED] - Object 'Object Repository/Landingpage/Page_Tagungshotels und Meetingrume/a_Fragen  Antworten' is present

2018-02-13 16:51:58 - [TEST_STEP][PASSED] - verifyElementPresent: Object 'Object Repository/Landingpage/Page_Tagungshotels und Meetingrume/a_So funktionierts' is present

2018-02-13 16:51:58 - [MESSAGE][WARNING] - Timeout '0' is invalid. Using default page load timeout: '30'

2018-02-13 16:51:58 - [MESSAGE][PASSED] - Object 'Object Repository/Landingpage/Page_Tagungshotels und Meetingrume/a_So funktionierts' is present

2018-02-13 16:51:58 - [TEST_STEP][PASSED] - verifyElementPresent: Object 'Object Repository/Landingpage/Page_Tagungshotels und Meetingrume/a_ber uns' is present

2018-02-13 16:51:58 - [MESSAGE][WARNING] - Timeout '0' is invalid. Using default page load timeout: '30'

2018-02-13 16:51:58 - [MESSAGE][PASSED] - Object 'Object Repository/Landingpage/Page_Tagungshotels und Meetingrume/a_ber uns' is present

2018-02-13 16:51:58 - [TEST_STEP][PASSED] - verifyElementPresent: Object 'Object Repository/Landingpage/Page_Tagungshotels und Meetingrume/a_Hotel eintragen' is present

2018-02-13 16:51:58 - [MESSAGE][WARNING] - Timeout '0' is invalid. Using default page load timeout: '30'

2018-02-13 16:51:58 - [MESSAGE][PASSED] - Object 'Object Repository/Landingpage/Page_Tagungshotels und Meetingrume/a_Hotel eintragen' is present

2018-02-13 16:51:58 - [TEST_STEP][PASSED] - verifyElementPresent: Object 'Object Repository/Landingpage/Page_Tagungshotels und Meetingrume/a_Impressum' is present

2018-02-13 16:51:58 - [MESSAGE][WARNING] - Timeout '0' is invalid. Using default page load timeout: '30'

2018-02-13 16:51:58 - [MESSAGE][PASSED] - Object 'Object Repository/Landingpage/Page_Tagungshotels und Meetingrume/a_Impressum' is present

2018-02-13 16:51:58 - [TEST_STEP][PASSED] - verifyElementPresent: Object 'Object Repository/Landingpage/Page_Tagungshotels und Meetingrume/div_2018 Meeting.Expedia.de -' is present

2018-02-13 16:51:58 - [MESSAGE][WARNING] - Timeout '0' is invalid. Using default page load timeout: '30'

2018-02-13 16:51:58 - [MESSAGE][PASSED] - Object 'Object Repository/Landingpage/Page_Tagungshotels und Meetingrume/div_2018 Meeting.Expedia.de -' is present

2018-02-13 16:51:58 - [TEST_STEP][PASSED] - closeBrowser: Browser is closed

2018-02-13 16:51:59 - [MESSAGE][PASSED] - Browser is closed]]></system-out>
         <system-err><![CDATA[]]></system-err>
      </testcase>
      <testcase name="Test Cases/Landingpage/Verify Searchbar" classname="Test Cases/Landingpage/Verify Searchbar" status="FAILED">
         <failure type="FAILED" message="Unable to click on object 'Object Repository/Landingpage/Searchbar_LP/div_Berlin' (Root cause: org.openqa.selenium.ElementClickInterceptedException: Element &lt;div class=&quot;styledSelect&quot;> is not clickable at point (246.5,583) because another element &lt;div class=&quot;loader-bg&quot;> obscures it
Build info: version: '3.7.1', revision: '8a0099a', time: '2017-11-06T21:07:36.161Z'
System info: host: 'LAPTOP-MH8HMEMT', ip: '192.168.2.131', os.name: 'Windows 10', os.arch: 'amd64', os.version: '10.0', java.version: '1.8.0_102'
Driver info: com.kms.katalon.core.webui.driver.firefox.CGeckoDriver
Capabilities {acceptInsecureCerts: true, browserName: firefox, browserVersion: 58.0.2, javascriptEnabled: true, moz:accessibilityChecks: false, moz:headless: false, moz:processID: 19864, moz:profile: C:\Users\Ferdi Güllübag\App..., moz:webdriverClick: true, pageLoadStrategy: normal, platform: XP, platformName: XP, platformVersion: 10.0, proxy: Proxy(direct), rotatable: false, timeouts: {implicit: 0, pageLoad: 300000, script: 30000}}
Session ID: 3566f7ab-9329-4365-b8e5-2515daff247c)"/>
         <system-out><![CDATA[2018-02-13 16:51:59 - [TEST_CASE][FAILED] - Test Cases/Landingpage/Verify Searchbar: Test Cases/Landingpage/Verify Searchbar FAILED because (of) Unable to click on object 'Object Repository/Landingpage/Searchbar_LP/div_Berlin' (Root cause: org.openqa.selenium.ElementClickInterceptedException: Element <div class="styledSelect"> is not clickable at point (246.5,583) because another element <div class="loader-bg"> obscures it
Build info: version: '3.7.1', revision: '8a0099a', time: '2017-11-06T21:07:36.161Z'
System info: host: 'LAPTOP-MH8HMEMT', ip: '192.168.2.131', os.name: 'Windows 10', os.arch: 'amd64', os.version: '10.0', java.version: '1.8.0_102'
Driver info: com.kms.katalon.core.webui.driver.firefox.CGeckoDriver
Capabilities {acceptInsecureCerts: true, browserName: firefox, browserVersion: 58.0.2, javascriptEnabled: true, moz:accessibilityChecks: false, moz:headless: false, moz:processID: 19864, moz:profile: C:\Users\Ferdi Güllübag\App..., moz:webdriverClick: true, pageLoadStrategy: normal, platform: XP, platformName: XP, platformVersion: 10.0, proxy: Proxy(direct), rotatable: false, timeouts: {implicit: 0, pageLoad: 300000, script: 30000}}
Session ID: 3566f7ab-9329-4365-b8e5-2515daff247c)

2018-02-13 16:51:59 - [TEST_STEP][PASSED] - openBrowser: Browser is opened with url: 'https://meetingmarket-iut.de/'

2018-02-13 16:52:05 - [MESSAGE][PASSED] - Browser is opened with url: 'https://meetingmarket-iut.de/'

2018-02-13 16:52:05 - [TEST_STEP][PASSED] - waitForPageLoad: Wait for page load successfully

2018-02-13 16:52:05 - [MESSAGE][PASSED] - Wait for page load successfully

2018-02-13 16:52:05 - [TEST_STEP][PASSED] - verifyElementPresent: Object 'Object Repository/Landingpage/Searchbar_LP/span_Stadt whlen' is present

2018-02-13 16:52:05 - [MESSAGE][WARNING] - Timeout '0' is invalid. Using default page load timeout: '30'

2018-02-13 16:52:05 - [MESSAGE][PASSED] - Object 'Object Repository/Landingpage/Searchbar_LP/span_Stadt whlen' is present

2018-02-13 16:52:05 - [TEST_STEP][PASSED] - verifyElementPresent: Object 'Object Repository/Landingpage/Searchbar_LP/span_Datum' is present

2018-02-13 16:52:05 - [MESSAGE][WARNING] - Timeout '0' is invalid. Using default page load timeout: '30'

2018-02-13 16:52:05 - [MESSAGE][PASSED] - Object 'Object Repository/Landingpage/Searchbar_LP/span_Datum' is present

2018-02-13 16:52:05 - [TEST_STEP][PASSED] - verifyElementPresent: Object 'Object Repository/Landingpage/Searchbar_LP/span_Zeitraum' is present

2018-02-13 16:52:05 - [MESSAGE][WARNING] - Timeout '0' is invalid. Using default page load timeout: '30'

2018-02-13 16:52:05 - [MESSAGE][PASSED] - Object 'Object Repository/Landingpage/Searchbar_LP/span_Zeitraum' is present

2018-02-13 16:52:05 - [TEST_STEP][PASSED] - verifyElementPresent: Object 'Object Repository/Landingpage/Searchbar_LP/span_Personen' is present

2018-02-13 16:52:05 - [MESSAGE][WARNING] - Timeout '0' is invalid. Using default page load timeout: '30'

2018-02-13 16:52:05 - [MESSAGE][PASSED] - Object 'Object Repository/Landingpage/Searchbar_LP/span_Personen' is present

2018-02-13 16:52:05 - [TEST_STEP][PASSED] - verifyElementPresent: Object 'Object Repository/Landingpage/Searchbar_LP/span_Anzahl Rume' is present

2018-02-13 16:52:05 - [MESSAGE][WARNING] - Timeout '0' is invalid. Using default page load timeout: '30'

2018-02-13 16:52:05 - [MESSAGE][PASSED] - Object 'Object Repository/Landingpage/Searchbar_LP/span_Anzahl Rume' is present

2018-02-13 16:52:05 - [TEST_STEP][PASSED] - verifyElementPresent: Object 'Object Repository/Landingpage/Searchbar_LP/div_Berlin' is present

2018-02-13 16:52:05 - [MESSAGE][WARNING] - Timeout '0' is invalid. Using default page load timeout: '30'

2018-02-13 16:52:05 - [MESSAGE][PASSED] - Object 'Object Repository/Landingpage/Searchbar_LP/div_Berlin' is present

2018-02-13 16:52:05 - [TEST_STEP][FAILED] - click: Unable to click on object 'Object Repository/Landingpage/Searchbar_LP/div_Berlin' (Root cause: org.openqa.selenium.ElementClickInterceptedException: Element <div class="styledSelect"> is not clickable at point (246.5,583) because another element <div class="loader-bg"> obscures it
Build info: version: '3.7.1', revision: '8a0099a', time: '2017-11-06T21:07:36.161Z'
System info: host: 'LAPTOP-MH8HMEMT', ip: '192.168.2.131', os.name: 'Windows 10', os.arch: 'amd64', os.version: '10.0', java.version: '1.8.0_102'
Driver info: com.kms.katalon.core.webui.driver.firefox.CGeckoDriver
Capabilities {acceptInsecureCerts: true, browserName: firefox, browserVersion: 58.0.2, javascriptEnabled: true, moz:accessibilityChecks: false, moz:headless: false, moz:processID: 19864, moz:profile: C:\Users\Ferdi Güllübag\App..., moz:webdriverClick: true, pageLoadStrategy: normal, platform: XP, platformName: XP, platformVersion: 10.0, proxy: Proxy(direct), rotatable: false, timeouts: {implicit: 0, pageLoad: 300000, script: 30000}}
Session ID: 3566f7ab-9329-4365-b8e5-2515daff247c)

2018-02-13 16:52:05 - [MESSAGE][FAILED] - Unable to click on object 'Object Repository/Landingpage/Searchbar_LP/div_Berlin' (Root cause: org.openqa.selenium.ElementClickInterceptedException: Element <div class="styledSelect"> is not clickable at point (246.5,583) because another element <div class="loader-bg"> obscures it
Build info: version: '3.7.1', revision: '8a0099a', time: '2017-11-06T21:07:36.161Z'
System info: host: 'LAPTOP-MH8HMEMT', ip: '192.168.2.131', os.name: 'Windows 10', os.arch: 'amd64', os.version: '10.0', java.version: '1.8.0_102'
Driver info: com.kms.katalon.core.webui.driver.firefox.CGeckoDriver
Capabilities {acceptInsecureCerts: true, browserName: firefox, browserVersion: 58.0.2, javascriptEnabled: true, moz:accessibilityChecks: false, moz:headless: false, moz:processID: 19864, moz:profile: C:\Users\Ferdi Güllübag\App..., moz:webdriverClick: true, pageLoadStrategy: normal, platform: XP, platformName: XP, platformVersion: 10.0, proxy: Proxy(direct), rotatable: false, timeouts: {implicit: 0, pageLoad: 300000, script: 30000}}
Session ID: 3566f7ab-9329-4365-b8e5-2515daff247c)
[[ATTACHMENT|C:\\Katalon\\MICE-POC\\Smoketest\\Reports\\Smoketest\\20180213_165147\\1518537125329.png]]]]></system-out>
         <system-err><![CDATA[2018-02-13 16:51:59 - [TEST_CASE][FAILED] - Test Cases/Landingpage/Verify Searchbar: Test Cases/Landingpage/Verify Searchbar FAILED because (of) Unable to click on object 'Object Repository/Landingpage/Searchbar_LP/div_Berlin' (Root cause: org.openqa.selenium.ElementClickInterceptedException: Element <div class="styledSelect"> is not clickable at point (246.5,583) because another element <div class="loader-bg"> obscures it
Build info: version: '3.7.1', revision: '8a0099a', time: '2017-11-06T21:07:36.161Z'
System info: host: 'LAPTOP-MH8HMEMT', ip: '192.168.2.131', os.name: 'Windows 10', os.arch: 'amd64', os.version: '10.0', java.version: '1.8.0_102'
Driver info: com.kms.katalon.core.webui.driver.firefox.CGeckoDriver
Capabilities {acceptInsecureCerts: true, browserName: firefox, browserVersion: 58.0.2, javascriptEnabled: true, moz:accessibilityChecks: false, moz:headless: false, moz:processID: 19864, moz:profile: C:\Users\Ferdi Güllübag\App..., moz:webdriverClick: true, pageLoadStrategy: normal, platform: XP, platformName: XP, platformVersion: 10.0, proxy: Proxy(direct), rotatable: false, timeouts: {implicit: 0, pageLoad: 300000, script: 30000}}
Session ID: 3566f7ab-9329-4365-b8e5-2515daff247c)]]></system-err>
      </testcase>
      <system-out><![CDATA[2018-02-13 16:51:49 - [TEST_SUITE][FAILED] - Smoketest: Test Cases/Landingpage/Verify Searchbar FAILED because (of) Unable to click on object 'Object Repository/Landingpage/Searchbar_LP/div_Berlin' (Root cause: org.openqa.selenium.ElementClickInterceptedException: Element <div class="styledSelect"> is not clickable at point (246.5,583) because another element <div class="loader-bg"> obscures it
Build info: version: '3.7.1', revision: '8a0099a', time: '2017-11-06T21:07:36.161Z'
System info: host: 'LAPTOP-MH8HMEMT', ip: '192.168.2.131', os.name: 'Windows 10', os.arch: 'amd64', os.version: '10.0', java.version: '1.8.0_102'
Driver info: com.kms.katalon.core.webui.driver.firefox.CGeckoDriver
Capabilities {acceptInsecureCerts: true, browserName: firefox, browserVersion: 58.0.2, javascriptEnabled: true, moz:accessibilityChecks: false, moz:headless: false, moz:processID: 19864, moz:profile: C:\Users\Ferdi Güllübag\App..., moz:webdriverClick: true, pageLoadStrategy: normal, platform: XP, platformName: XP, platformVersion: 10.0, proxy: Proxy(direct), rotatable: false, timeouts: {implicit: 0, pageLoad: 300000, script: 30000}}
Session ID: 3566f7ab-9329-4365-b8e5-2515daff247c)]]></system-out>
      <system-err><![CDATA[2018-02-13 16:51:49 - [TEST_SUITE][FAILED] - Smoketest: Test Cases/Landingpage/Verify Searchbar FAILED because (of) Unable to click on object 'Object Repository/Landingpage/Searchbar_LP/div_Berlin' (Root cause: org.openqa.selenium.ElementClickInterceptedException: Element <div class="styledSelect"> is not clickable at point (246.5,583) because another element <div class="loader-bg"> obscures it
Build info: version: '3.7.1', revision: '8a0099a', time: '2017-11-06T21:07:36.161Z'
System info: host: 'LAPTOP-MH8HMEMT', ip: '192.168.2.131', os.name: 'Windows 10', os.arch: 'amd64', os.version: '10.0', java.version: '1.8.0_102'
Driver info: com.kms.katalon.core.webui.driver.firefox.CGeckoDriver
Capabilities {acceptInsecureCerts: true, browserName: firefox, browserVersion: 58.0.2, javascriptEnabled: true, moz:accessibilityChecks: false, moz:headless: false, moz:processID: 19864, moz:profile: C:\Users\Ferdi Güllübag\App..., moz:webdriverClick: true, pageLoadStrategy: normal, platform: XP, platformName: XP, platformVersion: 10.0, proxy: Proxy(direct), rotatable: false, timeouts: {implicit: 0, pageLoad: 300000, script: 30000}}
Session ID: 3566f7ab-9329-4365-b8e5-2515daff247c)]]></system-err>
   </testsuite>
</testsuites>
