<?xml version="1.0" encoding="UTF-8"?>
<testsuites name="Smoketest" time="55" tests="4" failures="0" errors="0">
   <testsuite name="Smoketest" tests="4" failures="0" errors="0" time="55" timestamp="2018-02-16 14:33:16" hostname="Ferdi G\uFFFDll\uFFFDbag - LAPTOP-MH8HMEMT.fritz.box" id="Test Suites/Smoketest">
      <properties>
         <property name="deviceName" value=""/>
         <property name="devicePlatform" value=""/>
         <property name="logFolder" value="C:\\Katalon\\MICE-POC\\Smoketest\\Reports\\Smoketest\\20180216_143314"/>
         <property name="logFiles" value="C:\\Katalon\\MICE-POC\\Smoketest\\Reports\\Smoketest\\20180216_143314\\execution0.log"/>
         <property name="attachments" value=""/>
         <property name="hostName" value="Ferdi G\uFFFDll\uFFFDbag - LAPTOP-MH8HMEMT.fritz.box"/>
         <property name="os" value="Windows 10 64bit"/>
         <property name="katalonVersion" value="5.3.0.1"/>
         <property name="browser" value="Firefox 58.0"/>
         <property name="hostAddress" value="192.168.2.131"/>
         <property name="sessionId" value="7dc702a2-ee54-4fa4-a017-3a0b24460a76"/>
         <property name="seleniumVersion" value="3.7.1"/>
         <property name="proxyInformation" value="ProxyInformation{proxyOption=NO_PROXY, proxyServerType=HTTP, password=, proxyServerAddress=, proxyServerPort=0}"/>
         <property name="platform" value="Windows 10"/>
      </properties>
      <testcase name="Test Cases/Landingpage/Verify all Elements" classname="Test Cases/Landingpage/Verify all Elements" status="PASSED">
         <system-out><![CDATA[2018-02-16 14:33:16 - [TEST_CASE][PASSED] - Test Cases/Landingpage/Verify all Elements: Test Cases/Landingpage/Verify all Elements

2018-02-16 14:33:16 - [TEST_STEP][PASSED] - openBrowser: Browser is opened with url: 'https://meetingmarket-iut.de/'

2018-02-16 14:33:21 - [MESSAGE][PASSED] - Browser is opened with url: 'https://meetingmarket-iut.de/'

2018-02-16 14:33:21 - [TEST_STEP][PASSED] - delay: Delayed 5 second(s)

2018-02-16 14:33:26 - [MESSAGE][PASSED] - Delayed 5 second(s)

2018-02-16 14:33:26 - [TEST_STEP][PASSED] - waitForElementPresent: Object 'Object Repository/Landingpage/Page_Tagungshotels und Meetingrume/div_logo' is present

2018-02-16 14:33:26 - [MESSAGE][WARNING] - Timeout '0' is invalid. Using default page load timeout: '30'

2018-02-16 14:33:26 - [MESSAGE][PASSED] - Object 'Object Repository/Landingpage/Page_Tagungshotels und Meetingrume/div_logo' is present

2018-02-16 14:33:26 - [TEST_STEP][PASSED] - verifyElementPresent: Object 'Object Repository/Landingpage/Page_Tagungshotels und Meetingrume/div_ber 2.500 Tagungsrume' is present

2018-02-16 14:33:26 - [MESSAGE][WARNING] - Timeout '0' is invalid. Using default page load timeout: '30'

2018-02-16 14:33:27 - [MESSAGE][PASSED] - Object 'Object Repository/Landingpage/Page_Tagungshotels und Meetingrume/div_ber 2.500 Tagungsrume' is present

2018-02-16 14:33:27 - [TEST_STEP][PASSED] - verifyElementPresent: Object 'Object Repository/Landingpage/Page_Tagungshotels und Meetingrume/div_Jetzt buchen und bis zu 30' is present

2018-02-16 14:33:27 - [MESSAGE][WARNING] - Timeout '0' is invalid. Using default page load timeout: '30'

2018-02-16 14:33:27 - [MESSAGE][PASSED] - Object 'Object Repository/Landingpage/Page_Tagungshotels und Meetingrume/div_Jetzt buchen und bis zu 30' is present

2018-02-16 14:33:27 - [TEST_STEP][PASSED] - verifyElementPresent: Object 'Object Repository/Landingpage/Page_Tagungshotels und Meetingrume/div_BerlinBremenDresdenDsseldo' is present

2018-02-16 14:33:27 - [MESSAGE][WARNING] - Timeout '0' is invalid. Using default page load timeout: '30'

2018-02-16 14:33:27 - [MESSAGE][PASSED] - Object 'Object Repository/Landingpage/Page_Tagungshotels und Meetingrume/div_BerlinBremenDresdenDsseldo' is present

2018-02-16 14:33:27 - [TEST_STEP][PASSED] - verifyElementPresent: Object 'Object Repository/Landingpage/Page_Tagungshotels und Meetingrume/p_Sichere Reservierung in 3 Mi' is present

2018-02-16 14:33:27 - [MESSAGE][WARNING] - Timeout '0' is invalid. Using default page load timeout: '30'

2018-02-16 14:33:27 - [MESSAGE][PASSED] - Object 'Object Repository/Landingpage/Page_Tagungshotels und Meetingrume/p_Sichere Reservierung in 3 Mi' is present

2018-02-16 14:33:27 - [TEST_STEP][PASSED] - verifyElementPresent: Object 'Object Repository/Landingpage/Page_Tagungshotels und Meetingrume/p_Persnliche Beratung 49 (0)76' is present

2018-02-16 14:33:27 - [MESSAGE][WARNING] - Timeout '0' is invalid. Using default page load timeout: '30'

2018-02-16 14:33:27 - [MESSAGE][PASSED] - Object 'Object Repository/Landingpage/Page_Tagungshotels und Meetingrume/p_Persnliche Beratung 49 (0)76' is present

2018-02-16 14:33:27 - [TEST_STEP][PASSED] - verifyElementPresent: Object 'Object Repository/Landingpage/Page_Tagungshotels und Meetingrume/p_Kostenfreie Stornierung' is present

2018-02-16 14:33:27 - [MESSAGE][WARNING] - Timeout '0' is invalid. Using default page load timeout: '30'

2018-02-16 14:33:27 - [MESSAGE][PASSED] - Object 'Object Repository/Landingpage/Page_Tagungshotels und Meetingrume/p_Kostenfreie Stornierung' is present

2018-02-16 14:33:27 - [TEST_STEP][PASSED] - verifyElementPresent: Object 'Object Repository/Landingpage/Page_Tagungshotels und Meetingrume/h2_Finden Sie die perfekte Loc' is present

2018-02-16 14:33:27 - [MESSAGE][WARNING] - Timeout '0' is invalid. Using default page load timeout: '30'

2018-02-16 14:33:27 - [MESSAGE][PASSED] - Object 'Object Repository/Landingpage/Page_Tagungshotels und Meetingrume/h2_Finden Sie die perfekte Loc' is present

2018-02-16 14:33:27 - [TEST_STEP][PASSED] - verifyElementPresent: Object 'Object Repository/Landingpage/Page_Tagungshotels und Meetingrume/p_Wir finden die passenden Rum' is present

2018-02-16 14:33:27 - [MESSAGE][WARNING] - Timeout '0' is invalid. Using default page load timeout: '30'

2018-02-16 14:33:27 - [MESSAGE][PASSED] - Object 'Object Repository/Landingpage/Page_Tagungshotels und Meetingrume/p_Wir finden die passenden Rum' is present

2018-02-16 14:33:27 - [TEST_STEP][PASSED] - verifyElementPresent: Object 'Object Repository/Landingpage/Page_Tagungshotels und Meetingrume/div_Veranstaltungsortein Berli' is present

2018-02-16 14:33:27 - [MESSAGE][WARNING] - Timeout '0' is invalid. Using default page load timeout: '30'

2018-02-16 14:33:27 - [MESSAGE][PASSED] - Object 'Object Repository/Landingpage/Page_Tagungshotels und Meetingrume/div_Veranstaltungsortein Berli' is present

2018-02-16 14:33:27 - [TEST_STEP][PASSED] - verifyElementPresent: Object 'Object Repository/Landingpage/Page_Tagungshotels und Meetingrume/div_Veranstaltungsortein Breme' is present

2018-02-16 14:33:27 - [MESSAGE][WARNING] - Timeout '0' is invalid. Using default page load timeout: '30'

2018-02-16 14:33:27 - [MESSAGE][PASSED] - Object 'Object Repository/Landingpage/Page_Tagungshotels und Meetingrume/div_Veranstaltungsortein Breme' is present

2018-02-16 14:33:27 - [TEST_STEP][PASSED] - verifyElementPresent: Object 'Object Repository/Landingpage/Page_Tagungshotels und Meetingrume/div_Veranstaltungsortein Dresd' is present

2018-02-16 14:33:27 - [MESSAGE][WARNING] - Timeout '0' is invalid. Using default page load timeout: '30'

2018-02-16 14:33:27 - [MESSAGE][PASSED] - Object 'Object Repository/Landingpage/Page_Tagungshotels und Meetingrume/div_Veranstaltungsortein Dresd' is present

2018-02-16 14:33:27 - [TEST_STEP][PASSED] - verifyElementPresent: Object 'Object Repository/Landingpage/Page_Tagungshotels und Meetingrume/div_Veranstaltungsortein Dssel' is present

2018-02-16 14:33:27 - [MESSAGE][WARNING] - Timeout '0' is invalid. Using default page load timeout: '30'

2018-02-16 14:33:27 - [MESSAGE][PASSED] - Object 'Object Repository/Landingpage/Page_Tagungshotels und Meetingrume/div_Veranstaltungsortein Dssel' is present

2018-02-16 14:33:27 - [TEST_STEP][PASSED] - verifyElementPresent: Object 'Object Repository/Landingpage/Page_Tagungshotels und Meetingrume/div_Veranstaltungsortein Frank' is present

2018-02-16 14:33:27 - [MESSAGE][WARNING] - Timeout '0' is invalid. Using default page load timeout: '30'

2018-02-16 14:33:27 - [MESSAGE][PASSED] - Object 'Object Repository/Landingpage/Page_Tagungshotels und Meetingrume/div_Veranstaltungsortein Frank' is present

2018-02-16 14:33:27 - [TEST_STEP][PASSED] - verifyElementPresent: Object 'Object Repository/Landingpage/Page_Tagungshotels und Meetingrume/div_Veranstaltungsortein Hambu' is present

2018-02-16 14:33:27 - [MESSAGE][WARNING] - Timeout '0' is invalid. Using default page load timeout: '30'

2018-02-16 14:33:27 - [MESSAGE][PASSED] - Object 'Object Repository/Landingpage/Page_Tagungshotels und Meetingrume/div_Veranstaltungsortein Hambu' is present

2018-02-16 14:33:27 - [TEST_STEP][PASSED] - verifyElementPresent: Object 'Object Repository/Landingpage/Page_Tagungshotels und Meetingrume/div_Veranstaltungsortein Leipz' is present

2018-02-16 14:33:27 - [MESSAGE][WARNING] - Timeout '0' is invalid. Using default page load timeout: '30'

2018-02-16 14:33:27 - [MESSAGE][PASSED] - Object 'Object Repository/Landingpage/Page_Tagungshotels und Meetingrume/div_Veranstaltungsortein Leipz' is present

2018-02-16 14:33:27 - [TEST_STEP][PASSED] - verifyElementPresent: Object 'Object Repository/Landingpage/Page_Tagungshotels und Meetingrume/div_Veranstaltungsortein KlnKl' is present

2018-02-16 14:33:27 - [MESSAGE][WARNING] - Timeout '0' is invalid. Using default page load timeout: '30'

2018-02-16 14:33:27 - [MESSAGE][PASSED] - Object 'Object Repository/Landingpage/Page_Tagungshotels und Meetingrume/div_Veranstaltungsortein KlnKl' is present

2018-02-16 14:33:27 - [TEST_STEP][PASSED] - verifyElementPresent: Object 'Object Repository/Landingpage/Page_Tagungshotels und Meetingrume/div_Veranstaltungsortein Hanno' is present

2018-02-16 14:33:27 - [MESSAGE][WARNING] - Timeout '0' is invalid. Using default page load timeout: '30'

2018-02-16 14:33:27 - [MESSAGE][PASSED] - Object 'Object Repository/Landingpage/Page_Tagungshotels und Meetingrume/div_Veranstaltungsortein Hanno' is present

2018-02-16 14:33:27 - [TEST_STEP][PASSED] - verifyElementPresent: Object 'Object Repository/Landingpage/Page_Tagungshotels und Meetingrume/div_Veranstaltungsortein Mannh' is present

2018-02-16 14:33:27 - [MESSAGE][WARNING] - Timeout '0' is invalid. Using default page load timeout: '30'

2018-02-16 14:33:27 - [MESSAGE][PASSED] - Object 'Object Repository/Landingpage/Page_Tagungshotels und Meetingrume/div_Veranstaltungsortein Mannh' is present

2018-02-16 14:33:27 - [TEST_STEP][PASSED] - verifyElementPresent: Object 'Object Repository/Landingpage/Page_Tagungshotels und Meetingrume/div_Veranstaltungsortein Mnche' is present

2018-02-16 14:33:27 - [MESSAGE][WARNING] - Timeout '0' is invalid. Using default page load timeout: '30'

2018-02-16 14:33:27 - [MESSAGE][PASSED] - Object 'Object Repository/Landingpage/Page_Tagungshotels und Meetingrume/div_Veranstaltungsortein Mnche' is present

2018-02-16 14:33:27 - [TEST_STEP][PASSED] - verifyElementPresent: Object 'Object Repository/Landingpage/Page_Tagungshotels und Meetingrume/div_Veranstaltungsortein Nrnbe' is present

2018-02-16 14:33:27 - [MESSAGE][WARNING] - Timeout '0' is invalid. Using default page load timeout: '30'

2018-02-16 14:33:27 - [MESSAGE][PASSED] - Object 'Object Repository/Landingpage/Page_Tagungshotels und Meetingrume/div_Veranstaltungsortein Nrnbe' is present

2018-02-16 14:33:27 - [TEST_STEP][PASSED] - verifyElementPresent: Object 'Object Repository/Landingpage/Page_Tagungshotels und Meetingrume/div_Veranstaltungsortein Stutt' is present

2018-02-16 14:33:27 - [MESSAGE][WARNING] - Timeout '0' is invalid. Using default page load timeout: '30'

2018-02-16 14:33:27 - [MESSAGE][PASSED] - Object 'Object Repository/Landingpage/Page_Tagungshotels und Meetingrume/div_Veranstaltungsortein Stutt' is present

2018-02-16 14:33:27 - [TEST_STEP][PASSED] - verifyElementPresent: Object 'Object Repository/Landingpage/Page_Tagungshotels und Meetingrume/div_Veranstaltungsortein Potsd' is present

2018-02-16 14:33:27 - [MESSAGE][WARNING] - Timeout '0' is invalid. Using default page load timeout: '30'

2018-02-16 14:33:27 - [MESSAGE][PASSED] - Object 'Object Repository/Landingpage/Page_Tagungshotels und Meetingrume/div_Veranstaltungsortein Potsd' is present

2018-02-16 14:33:27 - [TEST_STEP][PASSED] - verifyElementPresent: Object 'Object Repository/Landingpage/Page_Tagungshotels und Meetingrume/span_Bekannt aus' is present

2018-02-16 14:33:27 - [MESSAGE][WARNING] - Timeout '0' is invalid. Using default page load timeout: '30'

2018-02-16 14:33:27 - [MESSAGE][PASSED] - Object 'Object Repository/Landingpage/Page_Tagungshotels und Meetingrume/span_Bekannt aus' is present

2018-02-16 14:33:27 - [TEST_STEP][PASSED] - verifyElementPresent: Object 'Object Repository/Landingpage/Page_Tagungshotels und Meetingrume/span_logos' is present

2018-02-16 14:33:27 - [MESSAGE][WARNING] - Timeout '0' is invalid. Using default page load timeout: '30'

2018-02-16 14:33:27 - [MESSAGE][PASSED] - Object 'Object Repository/Landingpage/Page_Tagungshotels und Meetingrume/span_logos' is present

2018-02-16 14:33:27 - [TEST_STEP][PASSED] - verifyElementPresent: Object 'Object Repository/Landingpage/Page_Tagungshotels und Meetingrume/span_logos_1' is present

2018-02-16 14:33:27 - [MESSAGE][WARNING] - Timeout '0' is invalid. Using default page load timeout: '30'

2018-02-16 14:33:27 - [MESSAGE][PASSED] - Object 'Object Repository/Landingpage/Page_Tagungshotels und Meetingrume/span_logos_1' is present

2018-02-16 14:33:27 - [TEST_STEP][PASSED] - verifyElementPresent: Object 'Object Repository/Landingpage/Page_Tagungshotels und Meetingrume/div_Deutsch' is present

2018-02-16 14:33:27 - [MESSAGE][WARNING] - Timeout '0' is invalid. Using default page load timeout: '30'

2018-02-16 14:33:27 - [MESSAGE][PASSED] - Object 'Object Repository/Landingpage/Page_Tagungshotels und Meetingrume/div_Deutsch' is present

2018-02-16 14:33:27 - [TEST_STEP][PASSED] - verifyElementPresent: Object 'Object Repository/Landingpage/Page_Tagungshotels und Meetingrume/div_ Euro' is present

2018-02-16 14:33:27 - [MESSAGE][WARNING] - Timeout '0' is invalid. Using default page load timeout: '30'

2018-02-16 14:33:27 - [MESSAGE][PASSED] - Object 'Object Repository/Landingpage/Page_Tagungshotels und Meetingrume/div_ Euro' is present

2018-02-16 14:33:27 - [TEST_STEP][PASSED] - verifyElementPresent: Object 'Object Repository/Landingpage/Page_Tagungshotels und Meetingrume/a_Kontakt' is present

2018-02-16 14:33:27 - [MESSAGE][WARNING] - Timeout '0' is invalid. Using default page load timeout: '30'

2018-02-16 14:33:27 - [MESSAGE][PASSED] - Object 'Object Repository/Landingpage/Page_Tagungshotels und Meetingrume/a_Kontakt' is present

2018-02-16 14:33:27 - [TEST_STEP][PASSED] - verifyElementPresent: Object 'Object Repository/Landingpage/Page_Tagungshotels und Meetingrume/a_Fragen  Antworten' is present

2018-02-16 14:33:27 - [MESSAGE][WARNING] - Timeout '0' is invalid. Using default page load timeout: '30'

2018-02-16 14:33:27 - [MESSAGE][PASSED] - Object 'Object Repository/Landingpage/Page_Tagungshotels und Meetingrume/a_Fragen  Antworten' is present

2018-02-16 14:33:27 - [TEST_STEP][PASSED] - verifyElementPresent: Object 'Object Repository/Landingpage/Page_Tagungshotels und Meetingrume/a_So funktionierts' is present

2018-02-16 14:33:27 - [MESSAGE][WARNING] - Timeout '0' is invalid. Using default page load timeout: '30'

2018-02-16 14:33:27 - [MESSAGE][PASSED] - Object 'Object Repository/Landingpage/Page_Tagungshotels und Meetingrume/a_So funktionierts' is present

2018-02-16 14:33:27 - [TEST_STEP][PASSED] - verifyElementPresent: Object 'Object Repository/Landingpage/Page_Tagungshotels und Meetingrume/a_ber uns' is present

2018-02-16 14:33:27 - [MESSAGE][WARNING] - Timeout '0' is invalid. Using default page load timeout: '30'

2018-02-16 14:33:27 - [MESSAGE][PASSED] - Object 'Object Repository/Landingpage/Page_Tagungshotels und Meetingrume/a_ber uns' is present

2018-02-16 14:33:27 - [TEST_STEP][PASSED] - verifyElementPresent: Object 'Object Repository/Landingpage/Page_Tagungshotels und Meetingrume/a_Hotel eintragen' is present

2018-02-16 14:33:27 - [MESSAGE][WARNING] - Timeout '0' is invalid. Using default page load timeout: '30'

2018-02-16 14:33:27 - [MESSAGE][PASSED] - Object 'Object Repository/Landingpage/Page_Tagungshotels und Meetingrume/a_Hotel eintragen' is present

2018-02-16 14:33:27 - [TEST_STEP][PASSED] - verifyElementPresent: Object 'Object Repository/Landingpage/Page_Tagungshotels und Meetingrume/a_Impressum' is present

2018-02-16 14:33:27 - [MESSAGE][WARNING] - Timeout '0' is invalid. Using default page load timeout: '30'

2018-02-16 14:33:27 - [MESSAGE][PASSED] - Object 'Object Repository/Landingpage/Page_Tagungshotels und Meetingrume/a_Impressum' is present

2018-02-16 14:33:27 - [TEST_STEP][PASSED] - verifyElementPresent: Object 'Object Repository/Landingpage/Page_Tagungshotels und Meetingrume/div_2018 Meeting.Expedia.de -' is present

2018-02-16 14:33:27 - [MESSAGE][WARNING] - Timeout '0' is invalid. Using default page load timeout: '30'

2018-02-16 14:33:27 - [MESSAGE][PASSED] - Object 'Object Repository/Landingpage/Page_Tagungshotels und Meetingrume/div_2018 Meeting.Expedia.de -' is present

2018-02-16 14:33:27 - [TEST_STEP][PASSED] - closeBrowser: Browser is closed

2018-02-16 14:33:27 - [MESSAGE][PASSED] - Browser is closed]]></system-out>
         <system-err><![CDATA[]]></system-err>
      </testcase>
      <testcase name="Test Cases/Landingpage/Verify Searchbar" classname="Test Cases/Landingpage/Verify Searchbar" status="PASSED">
         <system-out><![CDATA[2018-02-16 14:33:27 - [TEST_CASE][PASSED] - Test Cases/Landingpage/Verify Searchbar: Test Cases/Landingpage/Verify Searchbar

2018-02-16 14:33:28 - [TEST_STEP][PASSED] - openBrowser: Browser is opened with url: 'https://meetingmarket-iut.de/'

2018-02-16 14:33:33 - [MESSAGE][PASSED] - Browser is opened with url: 'https://meetingmarket-iut.de/'

2018-02-16 14:33:33 - [TEST_STEP][PASSED] - delay: Delayed 5 second(s)

2018-02-16 14:33:38 - [MESSAGE][PASSED] - Delayed 5 second(s)

2018-02-16 14:33:38 - [TEST_STEP][PASSED] - verifyElementPresent: Object 'Object Repository/Landingpage/Searchbar_LP/span_Stadt whlen' is present

2018-02-16 14:33:38 - [MESSAGE][WARNING] - Timeout '0' is invalid. Using default page load timeout: '30'

2018-02-16 14:33:38 - [MESSAGE][PASSED] - Object 'Object Repository/Landingpage/Searchbar_LP/span_Stadt whlen' is present

2018-02-16 14:33:38 - [TEST_STEP][PASSED] - verifyElementPresent: Object 'Object Repository/Landingpage/Searchbar_LP/span_Datum' is present

2018-02-16 14:33:38 - [MESSAGE][WARNING] - Timeout '0' is invalid. Using default page load timeout: '30'

2018-02-16 14:33:38 - [MESSAGE][PASSED] - Object 'Object Repository/Landingpage/Searchbar_LP/span_Datum' is present

2018-02-16 14:33:38 - [TEST_STEP][PASSED] - verifyElementPresent: Object 'Object Repository/Landingpage/Searchbar_LP/span_Zeitraum' is present

2018-02-16 14:33:38 - [MESSAGE][WARNING] - Timeout '0' is invalid. Using default page load timeout: '30'

2018-02-16 14:33:38 - [MESSAGE][PASSED] - Object 'Object Repository/Landingpage/Searchbar_LP/span_Zeitraum' is present

2018-02-16 14:33:38 - [TEST_STEP][PASSED] - verifyElementPresent: Object 'Object Repository/Landingpage/Searchbar_LP/span_Personen' is present

2018-02-16 14:33:38 - [MESSAGE][WARNING] - Timeout '0' is invalid. Using default page load timeout: '30'

2018-02-16 14:33:38 - [MESSAGE][PASSED] - Object 'Object Repository/Landingpage/Searchbar_LP/span_Personen' is present

2018-02-16 14:33:38 - [TEST_STEP][PASSED] - verifyElementPresent: Object 'Object Repository/Landingpage/Searchbar_LP/span_Anzahl Rume' is present

2018-02-16 14:33:38 - [MESSAGE][WARNING] - Timeout '0' is invalid. Using default page load timeout: '30'

2018-02-16 14:33:38 - [MESSAGE][PASSED] - Object 'Object Repository/Landingpage/Searchbar_LP/span_Anzahl Rume' is present

2018-02-16 14:33:38 - [TEST_STEP][PASSED] - verifyElementPresent: Object 'Object Repository/Landingpage/Searchbar_LP/div_Berlin' is present

2018-02-16 14:33:38 - [MESSAGE][WARNING] - Timeout '0' is invalid. Using default page load timeout: '30'

2018-02-16 14:33:38 - [MESSAGE][PASSED] - Object 'Object Repository/Landingpage/Searchbar_LP/div_Berlin' is present

2018-02-16 14:33:38 - [TEST_STEP][PASSED] - click: Object: 'Object Repository/Landingpage/Searchbar_LP/div_Berlin' is clicked on

2018-02-16 14:33:38 - [MESSAGE][PASSED] - Object: 'Object Repository/Landingpage/Searchbar_LP/div_Berlin' is clicked on

2018-02-16 14:33:38 - [TEST_STEP][PASSED] - verifyElementPresent: Object 'Object Repository/Landingpage/Searchbar_LP/li_Berlin' is present

2018-02-16 14:33:38 - [MESSAGE][WARNING] - Timeout '0' is invalid. Using default page load timeout: '30'

2018-02-16 14:33:38 - [MESSAGE][PASSED] - Object 'Object Repository/Landingpage/Searchbar_LP/li_Berlin' is present

2018-02-16 14:33:38 - [TEST_STEP][PASSED] - verifyElementPresent: Object 'Object Repository/Landingpage/Searchbar_LP/li_Bremen' is present

2018-02-16 14:33:38 - [MESSAGE][WARNING] - Timeout '0' is invalid. Using default page load timeout: '30'

2018-02-16 14:33:38 - [MESSAGE][PASSED] - Object 'Object Repository/Landingpage/Searchbar_LP/li_Bremen' is present

2018-02-16 14:33:38 - [TEST_STEP][PASSED] - verifyElementPresent: Object 'Object Repository/Landingpage/Searchbar_LP/li_Dresden' is present

2018-02-16 14:33:38 - [MESSAGE][WARNING] - Timeout '0' is invalid. Using default page load timeout: '30'

2018-02-16 14:33:38 - [MESSAGE][PASSED] - Object 'Object Repository/Landingpage/Searchbar_LP/li_Dresden' is present

2018-02-16 14:33:38 - [TEST_STEP][PASSED] - verifyElementPresent: Object 'Object Repository/Landingpage/Searchbar_LP/li_Dsseldorf' is present

2018-02-16 14:33:38 - [MESSAGE][WARNING] - Timeout '0' is invalid. Using default page load timeout: '30'

2018-02-16 14:33:38 - [MESSAGE][PASSED] - Object 'Object Repository/Landingpage/Searchbar_LP/li_Dsseldorf' is present

2018-02-16 14:33:38 - [TEST_STEP][PASSED] - verifyElementPresent: Object 'Object Repository/Landingpage/Searchbar_LP/li_Frankfurt am Main' is present

2018-02-16 14:33:38 - [MESSAGE][WARNING] - Timeout '0' is invalid. Using default page load timeout: '30'

2018-02-16 14:33:38 - [MESSAGE][PASSED] - Object 'Object Repository/Landingpage/Searchbar_LP/li_Frankfurt am Main' is present

2018-02-16 14:33:38 - [TEST_STEP][PASSED] - verifyElementPresent: Object 'Object Repository/Landingpage/Searchbar_LP/li_Hamburg' is present

2018-02-16 14:33:38 - [MESSAGE][WARNING] - Timeout '0' is invalid. Using default page load timeout: '30'

2018-02-16 14:33:38 - [MESSAGE][PASSED] - Object 'Object Repository/Landingpage/Searchbar_LP/li_Hamburg' is present

2018-02-16 14:33:38 - [TEST_STEP][PASSED] - verifyElementPresent: Object 'Object Repository/Landingpage/Searchbar_LP/li_Hannover' is present

2018-02-16 14:33:38 - [MESSAGE][WARNING] - Timeout '0' is invalid. Using default page load timeout: '30'

2018-02-16 14:33:38 - [MESSAGE][PASSED] - Object 'Object Repository/Landingpage/Searchbar_LP/li_Hannover' is present

2018-02-16 14:33:38 - [TEST_STEP][PASSED] - verifyElementPresent: Object 'Object Repository/Landingpage/Searchbar_LP/li_Kln' is present

2018-02-16 14:33:38 - [MESSAGE][WARNING] - Timeout '0' is invalid. Using default page load timeout: '30'

2018-02-16 14:33:38 - [MESSAGE][PASSED] - Object 'Object Repository/Landingpage/Searchbar_LP/li_Kln' is present

2018-02-16 14:33:38 - [TEST_STEP][PASSED] - verifyElementPresent: Object 'Object Repository/Landingpage/Searchbar_LP/li_Leipzig' is present

2018-02-16 14:33:38 - [MESSAGE][WARNING] - Timeout '0' is invalid. Using default page load timeout: '30'

2018-02-16 14:33:38 - [MESSAGE][PASSED] - Object 'Object Repository/Landingpage/Searchbar_LP/li_Leipzig' is present

2018-02-16 14:33:38 - [TEST_STEP][PASSED] - verifyElementPresent: Object 'Object Repository/Landingpage/Searchbar_LP/li_Mannheim' is present

2018-02-16 14:33:38 - [MESSAGE][WARNING] - Timeout '0' is invalid. Using default page load timeout: '30'

2018-02-16 14:33:38 - [MESSAGE][PASSED] - Object 'Object Repository/Landingpage/Searchbar_LP/li_Mannheim' is present

2018-02-16 14:33:38 - [TEST_STEP][PASSED] - verifyElementPresent: Object 'Object Repository/Landingpage/Searchbar_LP/li_Mnchen' is present

2018-02-16 14:33:38 - [MESSAGE][WARNING] - Timeout '0' is invalid. Using default page load timeout: '30'

2018-02-16 14:33:38 - [MESSAGE][PASSED] - Object 'Object Repository/Landingpage/Searchbar_LP/li_Mnchen' is present

2018-02-16 14:33:38 - [TEST_STEP][PASSED] - verifyElementPresent: Object 'Object Repository/Landingpage/Searchbar_LP/li_Nrnberg' is present

2018-02-16 14:33:38 - [MESSAGE][WARNING] - Timeout '0' is invalid. Using default page load timeout: '30'

2018-02-16 14:33:38 - [MESSAGE][PASSED] - Object 'Object Repository/Landingpage/Searchbar_LP/li_Nrnberg' is present

2018-02-16 14:33:38 - [TEST_STEP][PASSED] - verifyElementPresent: Object 'Object Repository/Landingpage/Searchbar_LP/li_Potsdam' is present

2018-02-16 14:33:38 - [MESSAGE][WARNING] - Timeout '0' is invalid. Using default page load timeout: '30'

2018-02-16 14:33:38 - [MESSAGE][PASSED] - Object 'Object Repository/Landingpage/Searchbar_LP/li_Potsdam' is present

2018-02-16 14:33:38 - [TEST_STEP][PASSED] - verifyElementPresent: Object 'Object Repository/Landingpage/Searchbar_LP/li_Regional-Deutschland' is present

2018-02-16 14:33:38 - [MESSAGE][WARNING] - Timeout '0' is invalid. Using default page load timeout: '30'

2018-02-16 14:33:38 - [MESSAGE][PASSED] - Object 'Object Repository/Landingpage/Searchbar_LP/li_Regional-Deutschland' is present

2018-02-16 14:33:38 - [TEST_STEP][PASSED] - verifyElementPresent: Object 'Object Repository/Landingpage/Searchbar_LP/li_Stuttgart' is present

2018-02-16 14:33:38 - [MESSAGE][WARNING] - Timeout '0' is invalid. Using default page load timeout: '30'

2018-02-16 14:33:38 - [MESSAGE][PASSED] - Object 'Object Repository/Landingpage/Searchbar_LP/li_Stuttgart' is present

2018-02-16 14:33:38 - [TEST_STEP][PASSED] - verifyElementPresent: Object 'Object Repository/Landingpage/Searchbar_LP/Datepicker' is present

2018-02-16 14:33:38 - [MESSAGE][WARNING] - Timeout '0' is invalid. Using default page load timeout: '30'

2018-02-16 14:33:38 - [MESSAGE][PASSED] - Object 'Object Repository/Landingpage/Searchbar_LP/Datepicker' is present

2018-02-16 14:33:38 - [TEST_STEP][PASSED] - click: Object: 'Object Repository/Landingpage/Searchbar_LP/Datepicker' is clicked on

2018-02-16 14:33:39 - [MESSAGE][PASSED] - Object: 'Object Repository/Landingpage/Searchbar_LP/Datepicker' is clicked on

2018-02-16 14:33:39 - [TEST_STEP][PASSED] - verifyElementPresent: Object 'Object Repository/Landingpage/Searchbar_LP/div_zurckVorFebruar2018MoDiMiD' is present

2018-02-16 14:33:39 - [MESSAGE][WARNING] - Timeout '0' is invalid. Using default page load timeout: '30'

2018-02-16 14:33:39 - [MESSAGE][PASSED] - Object 'Object Repository/Landingpage/Searchbar_LP/div_zurckVorFebruar2018MoDiMiD' is present

2018-02-16 14:33:39 - [TEST_STEP][PASSED] - click: Object: 'Object Repository/Landingpage/Searchbar_LP/div_Bis zu 4 Stunden1 Tag2 Tag' is clicked on

2018-02-16 14:33:39 - [MESSAGE][PASSED] - Object: 'Object Repository/Landingpage/Searchbar_LP/div_Bis zu 4 Stunden1 Tag2 Tag' is clicked on

2018-02-16 14:33:39 - [TEST_STEP][PASSED] - verifyElementPresent: Object 'Object Repository/Landingpage/Searchbar_LP/li_Bis zu 4 Stunden' is present

2018-02-16 14:33:39 - [MESSAGE][WARNING] - Timeout '0' is invalid. Using default page load timeout: '30'

2018-02-16 14:33:39 - [MESSAGE][PASSED] - Object 'Object Repository/Landingpage/Searchbar_LP/li_Bis zu 4 Stunden' is present

2018-02-16 14:33:39 - [TEST_STEP][PASSED] - verifyElementPresent: Object 'Object Repository/Landingpage/Searchbar_LP/li_1 Tag' is present

2018-02-16 14:33:39 - [MESSAGE][WARNING] - Timeout '0' is invalid. Using default page load timeout: '30'

2018-02-16 14:33:39 - [MESSAGE][PASSED] - Object 'Object Repository/Landingpage/Searchbar_LP/li_1 Tag' is present

2018-02-16 14:33:39 - [TEST_STEP][PASSED] - verifyElementPresent: Object 'Object Repository/Landingpage/Searchbar_LP/li_2 Tage' is present

2018-02-16 14:33:39 - [MESSAGE][WARNING] - Timeout '0' is invalid. Using default page load timeout: '30'

2018-02-16 14:33:39 - [MESSAGE][PASSED] - Object 'Object Repository/Landingpage/Searchbar_LP/li_2 Tage' is present

2018-02-16 14:33:39 - [TEST_STEP][PASSED] - verifyElementPresent: Object 'Object Repository/Landingpage/Searchbar_LP/li_3 Tage' is present

2018-02-16 14:33:39 - [MESSAGE][WARNING] - Timeout '0' is invalid. Using default page load timeout: '30'

2018-02-16 14:33:39 - [MESSAGE][PASSED] - Object 'Object Repository/Landingpage/Searchbar_LP/li_3 Tage' is present

2018-02-16 14:33:39 - [TEST_STEP][PASSED] - click: Object: 'Object Repository/Landingpage/Searchbar_LP/div_1 Raum2 Rume3 Rume1 Raum1' is clicked on

2018-02-16 14:33:39 - [MESSAGE][PASSED] - Object: 'Object Repository/Landingpage/Searchbar_LP/div_1 Raum2 Rume3 Rume1 Raum1' is clicked on

2018-02-16 14:33:39 - [TEST_STEP][PASSED] - verifyElementPresent: Object 'Object Repository/Landingpage/Searchbar_LP/li_1 Raum' is present

2018-02-16 14:33:39 - [MESSAGE][WARNING] - Timeout '0' is invalid. Using default page load timeout: '30'

2018-02-16 14:33:39 - [MESSAGE][PASSED] - Object 'Object Repository/Landingpage/Searchbar_LP/li_1 Raum' is present

2018-02-16 14:33:39 - [TEST_STEP][PASSED] - verifyElementPresent: Object 'Object Repository/Landingpage/Searchbar_LP/li_2 Rume' is present

2018-02-16 14:33:39 - [MESSAGE][WARNING] - Timeout '0' is invalid. Using default page load timeout: '30'

2018-02-16 14:33:39 - [MESSAGE][PASSED] - Object 'Object Repository/Landingpage/Searchbar_LP/li_2 Rume' is present

2018-02-16 14:33:39 - [TEST_STEP][PASSED] - verifyElementPresent: Object 'Object Repository/Landingpage/Searchbar_LP/li_3 Rume' is present

2018-02-16 14:33:39 - [MESSAGE][WARNING] - Timeout '0' is invalid. Using default page load timeout: '30'

2018-02-16 14:33:39 - [MESSAGE][PASSED] - Object 'Object Repository/Landingpage/Searchbar_LP/li_3 Rume' is present

2018-02-16 14:33:39 - [TEST_STEP][PASSED] - verifyElementPresent: Object 'Object Repository/Landingpage/Searchbar_LP/div_Suchen' is present

2018-02-16 14:33:39 - [MESSAGE][WARNING] - Timeout '0' is invalid. Using default page load timeout: '30'

2018-02-16 14:33:39 - [MESSAGE][PASSED] - Object 'Object Repository/Landingpage/Searchbar_LP/div_Suchen' is present

2018-02-16 14:33:39 - [TEST_STEP][PASSED] - closeBrowser: Browser is closed

2018-02-16 14:33:39 - [MESSAGE][PASSED] - Browser is closed]]></system-out>
         <system-err><![CDATA[]]></system-err>
      </testcase>
      <testcase name="Test Cases/Landingpage/Start search from LP" classname="Test Cases/Landingpage/Start search from LP" status="PASSED">
         <system-out><![CDATA[2018-02-16 14:33:39 - [TEST_CASE][PASSED] - Test Cases/Landingpage/Start search from LP: Test Cases/Landingpage/Start search from LP

2018-02-16 14:33:40 - [TEST_STEP][PASSED] - openBrowser: Browser is opened with url: 'https://meetingmarket-iut.de/'

2018-02-16 14:33:44 - [MESSAGE][PASSED] - Browser is opened with url: 'https://meetingmarket-iut.de/'

2018-02-16 14:33:44 - [TEST_STEP][PASSED] - delay: Delayed 5 second(s)

2018-02-16 14:33:49 - [MESSAGE][PASSED] - Delayed 5 second(s)

2018-02-16 14:33:49 - [TEST_STEP][PASSED] - click: Object: 'Object Repository/Landingpage/Searchbar_LP/div_Berlin' is clicked on

2018-02-16 14:33:49 - [MESSAGE][PASSED] - Object: 'Object Repository/Landingpage/Searchbar_LP/div_Berlin' is clicked on

2018-02-16 14:33:49 - [TEST_STEP][PASSED] - click: Object: 'Object Repository/Landingpage/Searchbar_LP/li_Frankfurt am Main' is clicked on

2018-02-16 14:33:49 - [MESSAGE][PASSED] - Object: 'Object Repository/Landingpage/Searchbar_LP/li_Frankfurt am Main' is clicked on

2018-02-16 14:33:49 - [TEST_STEP][PASSED] - click: Object: 'Object Repository/Landingpage/Searchbar_LP/div_zurckVorFebruar2018MoDiMiD' is clicked on

2018-02-16 14:33:50 - [MESSAGE][PASSED] - Object: 'Object Repository/Landingpage/Searchbar_LP/div_zurckVorFebruar2018MoDiMiD' is clicked on

2018-02-16 14:33:50 - [TEST_STEP][PASSED] - click: Object: 'Object Repository/Landingpage/Searchbar_LP/span_Vor' is clicked on

2018-02-16 14:33:50 - [MESSAGE][PASSED] - Object: 'Object Repository/Landingpage/Searchbar_LP/span_Vor' is clicked on

2018-02-16 14:33:50 - [TEST_STEP][PASSED] - click: Object: 'Object Repository/Landingpage/Searchbar_LP/a_1' is clicked on

2018-02-16 14:33:50 - [MESSAGE][PASSED] - Object: 'Object Repository/Landingpage/Searchbar_LP/a_1' is clicked on

2018-02-16 14:33:50 - [TEST_STEP][PASSED] - click: Object: 'Object Repository/Landingpage/Searchbar_LP/li_2 Tage' is clicked on

2018-02-16 14:33:50 - [MESSAGE][PASSED] - Object: 'Object Repository/Landingpage/Searchbar_LP/li_2 Tage' is clicked on

2018-02-16 14:33:50 - [TEST_STEP][PASSED] - click: Object: 'Object Repository/Landingpage/Searchbar_LP/input_InputEventPersons' is clicked on

2018-02-16 14:33:51 - [MESSAGE][PASSED] - Object: 'Object Repository/Landingpage/Searchbar_LP/input_InputEventPersons' is clicked on

2018-02-16 14:33:51 - [TEST_STEP][PASSED] - setText: Text '20' is set on object 'Object Repository/Landingpage/Searchbar_LP/input_InputEventPersons'

2018-02-16 14:33:51 - [MESSAGE][PASSED] - Text '20' is set on object 'Object Repository/Landingpage/Searchbar_LP/input_InputEventPersons'

2018-02-16 14:33:51 - [TEST_STEP][PASSED] - click: Object: 'Object Repository/Landingpage/Searchbar_LP/div_1 Raum2 Rume3 Rume1 Raum1' is clicked on

2018-02-16 14:33:51 - [MESSAGE][PASSED] - Object: 'Object Repository/Landingpage/Searchbar_LP/div_1 Raum2 Rume3 Rume1 Raum1' is clicked on

2018-02-16 14:33:51 - [TEST_STEP][PASSED] - click: Object: 'Object Repository/Landingpage/Searchbar_LP/li_2 Rume' is clicked on

2018-02-16 14:33:51 - [MESSAGE][PASSED] - Object: 'Object Repository/Landingpage/Searchbar_LP/li_2 Rume' is clicked on

2018-02-16 14:33:51 - [TEST_STEP][PASSED] - click: Object: 'Object Repository/Landingpage/Searchbar_LP/div_Suchen' is clicked on

2018-02-16 14:33:53 - [MESSAGE][PASSED] - Object: 'Object Repository/Landingpage/Searchbar_LP/div_Suchen' is clicked on

2018-02-16 14:33:53 - [TEST_STEP][PASSED] - verifyElementPresent: Object 'Object Repository/Landingpage/Page_Suchergebnisse - meetingmarket/div_Frankfurt am Main' is present

2018-02-16 14:33:53 - [MESSAGE][WARNING] - Timeout '0' is invalid. Using default page load timeout: '30'

2018-02-16 14:33:53 - [MESSAGE][PASSED] - Object 'Object Repository/Landingpage/Page_Suchergebnisse - meetingmarket/div_Frankfurt am Main' is present

2018-02-16 14:33:53 - [TEST_STEP][PASSED] - verifyElementPresent: Object 'Object Repository/Landingpage/Page_Suchergebnisse - meetingmarket/div_2 Tage' is present

2018-02-16 14:33:53 - [MESSAGE][WARNING] - Timeout '0' is invalid. Using default page load timeout: '30'

2018-02-16 14:33:53 - [MESSAGE][PASSED] - Object 'Object Repository/Landingpage/Page_Suchergebnisse - meetingmarket/div_2 Tage' is present

2018-02-16 14:33:53 - [TEST_STEP][PASSED] - verifyElementPresent: Object 'Object Repository/Landingpage/Page_Suchergebnisse - meetingmarket/div_2 Rume' is present

2018-02-16 14:33:53 - [MESSAGE][WARNING] - Timeout '0' is invalid. Using default page load timeout: '30'

2018-02-16 14:33:53 - [MESSAGE][PASSED] - Object 'Object Repository/Landingpage/Page_Suchergebnisse - meetingmarket/div_2 Rume' is present

2018-02-16 14:33:53 - [TEST_STEP][PASSED] - delay: Delayed 5 second(s)

2018-02-16 14:33:58 - [MESSAGE][PASSED] - Delayed 5 second(s)

2018-02-16 14:33:58 - [TEST_STEP][PASSED] - verifyElementPresent: Object 'Object Repository/Landingpage/Page_Suchergebnisse - meetingmarket/result text' is present

2018-02-16 14:33:58 - [MESSAGE][WARNING] - Timeout '0' is invalid. Using default page load timeout: '30'

2018-02-16 14:33:58 - [MESSAGE][PASSED] - Object 'Object Repository/Landingpage/Page_Suchergebnisse - meetingmarket/result text' is present

2018-02-16 14:33:58 - [TEST_STEP][PASSED] - verifyElementPresent: Object 'Object Repository/Landingpage/Page_Suchergebnisse - meetingmarket/some hotels' is present

2018-02-16 14:33:58 - [MESSAGE][WARNING] - Timeout '0' is invalid. Using default page load timeout: '30'

2018-02-16 14:33:58 - [MESSAGE][PASSED] - Object 'Object Repository/Landingpage/Page_Suchergebnisse - meetingmarket/some hotels' is present

2018-02-16 14:33:58 - [TEST_STEP][PASSED] - click: Object: 'Object Repository/Landingpage/Page_Suchergebnisse - meetingmarket/backtolp' is clicked on

2018-02-16 14:33:59 - [MESSAGE][PASSED] - Object: 'Object Repository/Landingpage/Page_Suchergebnisse - meetingmarket/backtolp' is clicked on

2018-02-16 14:33:59 - [TEST_STEP][PASSED] - verifyElementPresent: Object 'Object Repository/Landingpage/Page_Tagungshotels und Meetingrume/div_ber 2.500 Tagungsrume' is present

2018-02-16 14:33:59 - [MESSAGE][WARNING] - Timeout '0' is invalid. Using default page load timeout: '30'

2018-02-16 14:33:59 - [MESSAGE][PASSED] - Object 'Object Repository/Landingpage/Page_Tagungshotels und Meetingrume/div_ber 2.500 Tagungsrume' is present

2018-02-16 14:33:59 - [TEST_STEP][PASSED] - closeBrowser: Browser is closed

2018-02-16 14:33:59 - [MESSAGE][PASSED] - Browser is closed]]></system-out>
         <system-err><![CDATA[]]></system-err>
      </testcase>
      <testcase name="Test Cases/Resultpage/Search Wizard _ verify elements present" classname="Test Cases/Resultpage/Search Wizard _ verify elements present" status="PASSED">
         <system-out><![CDATA[2018-02-16 14:33:59 - [TEST_CASE][PASSED] - Test Cases/Resultpage/Search Wizard _ verify elements present: Test Cases/Resultpage/Search Wizard _ verify elements present

2018-02-16 14:33:59 - [TEST_STEP][PASSED] - openBrowser: Browser is opened with url: 'https://meetingmarket-iut.de/suche/'

2018-02-16 14:34:04 - [MESSAGE][PASSED] - Browser is opened with url: 'https://meetingmarket-iut.de/suche/'

2018-02-16 14:34:04 - [TEST_STEP][PASSED] - delay: Delayed 5 second(s)

2018-02-16 14:34:09 - [MESSAGE][PASSED] - Delayed 5 second(s)

2018-02-16 14:34:09 - [TEST_STEP][PASSED] - verifyElementPresent: Object 'Object Repository/Resultpage/span_Ich suche' is present

2018-02-16 14:34:09 - [MESSAGE][WARNING] - Timeout '0' is invalid. Using default page load timeout: '30'

2018-02-16 14:34:09 - [MESSAGE][PASSED] - Object 'Object Repository/Resultpage/span_Ich suche' is present

2018-02-16 14:34:09 - [TEST_STEP][PASSED] - verifyElementPresent: Object 'Object Repository/Resultpage/a_Tagungsraum mit bernachtung' is present

2018-02-16 14:34:09 - [MESSAGE][WARNING] - Timeout '0' is invalid. Using default page load timeout: '30'

2018-02-16 14:34:09 - [MESSAGE][PASSED] - Object 'Object Repository/Resultpage/a_Tagungsraum mit bernachtung' is present

2018-02-16 14:34:09 - [TEST_STEP][PASSED] - verifyElementPresent: Object 'Object Repository/Resultpage/a_Tagungsraum ohne bernachtung' is present

2018-02-16 14:34:09 - [MESSAGE][WARNING] - Timeout '0' is invalid. Using default page load timeout: '30'

2018-02-16 14:34:09 - [MESSAGE][PASSED] - Object 'Object Repository/Resultpage/a_Tagungsraum ohne bernachtung' is present

2018-02-16 14:34:09 - [TEST_STEP][PASSED] - verifyElementPresent: Object 'Object Repository/Resultpage/span_Ort und Termin' is present

2018-02-16 14:34:09 - [MESSAGE][WARNING] - Timeout '0' is invalid. Using default page load timeout: '30'

2018-02-16 14:34:09 - [MESSAGE][PASSED] - Object 'Object Repository/Resultpage/span_Ort und Termin' is present

2018-02-16 14:34:09 - [TEST_STEP][PASSED] - verifyElementPresent: Object 'Object Repository/Resultpage/div_Berlin' is present

2018-02-16 14:34:09 - [MESSAGE][WARNING] - Timeout '0' is invalid. Using default page load timeout: '30'

2018-02-16 14:34:09 - [MESSAGE][PASSED] - Object 'Object Repository/Resultpage/div_Berlin' is present

2018-02-16 14:34:09 - [TEST_STEP][PASSED] - verifyElementPresent: Object 'Object Repository/Resultpage/input_f-date' is present

2018-02-16 14:34:09 - [MESSAGE][WARNING] - Timeout '0' is invalid. Using default page load timeout: '30'

2018-02-16 14:34:09 - [MESSAGE][PASSED] - Object 'Object Repository/Resultpage/input_f-date' is present

2018-02-16 14:34:09 - [TEST_STEP][PASSED] - verifyElementPresent: Object 'Object Repository/Resultpage/div_1 Tag' is present

2018-02-16 14:34:09 - [MESSAGE][WARNING] - Timeout '0' is invalid. Using default page load timeout: '30'

2018-02-16 14:34:09 - [MESSAGE][PASSED] - Object 'Object Repository/Resultpage/div_1 Tag' is present

2018-02-16 14:34:09 - [TEST_STEP][PASSED] - verifyElementPresent: Object 'Object Repository/Resultpage/span_Rume' is present

2018-02-16 14:34:09 - [MESSAGE][WARNING] - Timeout '0' is invalid. Using default page load timeout: '30'

2018-02-16 14:34:09 - [MESSAGE][PASSED] - Object 'Object Repository/Resultpage/span_Rume' is present

2018-02-16 14:34:09 - [TEST_STEP][PASSED] - verifyElementPresent: Object 'Object Repository/Resultpage/div_1 Raum' is present

2018-02-16 14:34:09 - [MESSAGE][WARNING] - Timeout '0' is invalid. Using default page load timeout: '30'

2018-02-16 14:34:09 - [MESSAGE][PASSED] - Object 'Object Repository/Resultpage/div_1 Raum' is present

2018-02-16 14:34:09 - [TEST_STEP][PASSED] - verifyElementPresent: Object 'Object Repository/Resultpage/input_members' is present

2018-02-16 14:34:09 - [MESSAGE][WARNING] - Timeout '0' is invalid. Using default page load timeout: '30'

2018-02-16 14:34:09 - [MESSAGE][PASSED] - Object 'Object Repository/Resultpage/input_members' is present

2018-02-16 14:34:09 - [TEST_STEP][PASSED] - verifyElementPresent: Object 'Object Repository/Resultpage/div_Block' is present

2018-02-16 14:34:09 - [MESSAGE][WARNING] - Timeout '0' is invalid. Using default page load timeout: '30'

2018-02-16 14:34:10 - [MESSAGE][PASSED] - Object 'Object Repository/Resultpage/div_Block' is present

2018-02-16 14:34:10 - [TEST_STEP][PASSED] - verifyElementPresent: Object 'Object Repository/Resultpage/div_1 Tag' is present

2018-02-16 14:34:10 - [MESSAGE][WARNING] - Timeout '0' is invalid. Using default page load timeout: '30'

2018-02-16 14:34:10 - [MESSAGE][PASSED] - Object 'Object Repository/Resultpage/div_1 Tag' is present

2018-02-16 14:34:10 - [TEST_STEP][PASSED] - verifyElementPresent: Object 'Object Repository/Resultpage/a_Ausstattung' is present

2018-02-16 14:34:10 - [MESSAGE][WARNING] - Timeout '0' is invalid. Using default page load timeout: '30'

2018-02-16 14:34:10 - [MESSAGE][PASSED] - Object 'Object Repository/Resultpage/a_Ausstattung' is present

2018-02-16 14:34:10 - [TEST_STEP][PASSED] - verifyElementPresent: Object 'Object Repository/Resultpage/div_TippKonfigurieren Sie Auss' is present

2018-02-16 14:34:10 - [MESSAGE][WARNING] - Timeout '0' is invalid. Using default page load timeout: '30'

2018-02-16 14:34:10 - [MESSAGE][PASSED] - Object 'Object Repository/Resultpage/div_TippKonfigurieren Sie Auss' is present

2018-02-16 14:34:10 - [TEST_STEP][PASSED] - verifyElementPresent: Object 'Object Repository/Resultpage/span_Verpflegung' is present

2018-02-16 14:34:10 - [MESSAGE][WARNING] - Timeout '0' is invalid. Using default page load timeout: '30'

2018-02-16 14:34:10 - [MESSAGE][PASSED] - Object 'Object Repository/Resultpage/span_Verpflegung' is present

2018-02-16 14:34:10 - [TEST_STEP][PASSED] - verifyElementPresent: Object 'Object Repository/Resultpage/label_Unbegrenzt Kaffee und Te' is present

2018-02-16 14:34:10 - [MESSAGE][WARNING] - Timeout '0' is invalid. Using default page load timeout: '30'

2018-02-16 14:34:10 - [MESSAGE][PASSED] - Object 'Object Repository/Resultpage/label_Unbegrenzt Kaffee und Te' is present

2018-02-16 14:34:10 - [TEST_STEP][PASSED] - verifyElementPresent: Object 'Object Repository/Resultpage/label_Snack  Imbiss' is present

2018-02-16 14:34:10 - [MESSAGE][WARNING] - Timeout '0' is invalid. Using default page load timeout: '30'

2018-02-16 14:34:10 - [MESSAGE][PASSED] - Object 'Object Repository/Resultpage/label_Snack  Imbiss' is present

2018-02-16 14:34:10 - [TEST_STEP][PASSED] - verifyElementPresent: Object 'Object Repository/Resultpage/label_Mittagessen' is present

2018-02-16 14:34:10 - [MESSAGE][WARNING] - Timeout '0' is invalid. Using default page load timeout: '30'

2018-02-16 14:34:10 - [MESSAGE][PASSED] - Object 'Object Repository/Resultpage/label_Mittagessen' is present

2018-02-16 14:34:10 - [TEST_STEP][PASSED] - verifyElementPresent: Object 'Object Repository/Resultpage/a_Mehr' is present

2018-02-16 14:34:10 - [MESSAGE][WARNING] - Timeout '0' is invalid. Using default page load timeout: '30'

2018-02-16 14:34:10 - [MESSAGE][PASSED] - Object 'Object Repository/Resultpage/a_Mehr' is present

2018-02-16 14:34:10 - [TEST_STEP][PASSED] - verifyElementPresent: Object 'Object Repository/Resultpage/span_Extras' is present

2018-02-16 14:34:10 - [MESSAGE][WARNING] - Timeout '0' is invalid. Using default page load timeout: '30'

2018-02-16 14:34:10 - [MESSAGE][PASSED] - Object 'Object Repository/Resultpage/span_Extras' is present

2018-02-16 14:34:10 - [TEST_STEP][PASSED] - verifyElementPresent: Object 'Object Repository/Resultpage/label_Pausen-  Gruppenraum' is present

2018-02-16 14:34:10 - [MESSAGE][WARNING] - Timeout '0' is invalid. Using default page load timeout: '30'

2018-02-16 14:34:10 - [MESSAGE][PASSED] - Object 'Object Repository/Resultpage/label_Pausen-  Gruppenraum' is present

2018-02-16 14:34:10 - [TEST_STEP][PASSED] - verifyElementPresent: Object 'Object Repository/Resultpage/div_Weniger Leistungen' is present

2018-02-16 14:34:10 - [MESSAGE][WARNING] - Timeout '0' is invalid. Using default page load timeout: '30'

2018-02-16 14:34:10 - [MESSAGE][PASSED] - Object 'Object Repository/Resultpage/div_Weniger Leistungen' is present

2018-02-16 14:34:10 - [TEST_STEP][PASSED] - closeBrowser: Browser is closed

2018-02-16 14:34:11 - [MESSAGE][PASSED] - Browser is closed]]></system-out>
         <system-err><![CDATA[]]></system-err>
      </testcase>
      <system-out><![CDATA[2018-02-16 14:33:16 - [TEST_SUITE][PASSED] - Smoketest: Test Cases/Resultpage/Search Wizard _ verify elements present]]></system-out>
      <system-err><![CDATA[]]></system-err>
   </testsuite>
</testsuites>
