<?xml version="1.0" encoding="UTF-8"?>
<testsuites name="Smoketest_IUT" time="475" tests="6" failures="4" errors="0">
   <testsuite name="Smoketest_IUT" tests="6" failures="4" errors="0" time="475" timestamp="2018-04-11 10:04:51" hostname="Ferdi G\uFFFDll\uFFFDbag - LAPTOP-MH8HMEMT.fritz.box" id="Test Suites/Smoketest_IUT">
      <properties>
         <property name="deviceName" value=""/>
         <property name="devicePlatform" value=""/>
         <property name="logFolder" value="C:\\qagmm\\Selenium\\MICE-POC\\Smoketest\\Reports\\Smoketest_IUT\\20180411_100447"/>
         <property name="logFiles" value="C:\\qagmm\\Selenium\\MICE-POC\\Smoketest\\Reports\\Smoketest_IUT\\20180411_100447\\execution0.log"/>
         <property name="attachments" value="C:\\qagmm\\Selenium\\MICE-POC\\Smoketest\\Reports\\Smoketest_IUT\\20180411_100447\\1523433992662.png, C:\\qagmm\\Selenium\\MICE-POC\\Smoketest\\Reports\\Smoketest_IUT\\20180411_100447\\1523433993446.png, C:\\qagmm\\Selenium\\MICE-POC\\Smoketest\\Reports\\Smoketest_IUT\\20180411_100447\\1523434073642.png, C:\\qagmm\\Selenium\\MICE-POC\\Smoketest\\Reports\\Smoketest_IUT\\20180411_100447\\1523434073970.png, C:\\qagmm\\Selenium\\MICE-POC\\Smoketest\\Reports\\Smoketest_IUT\\20180411_100447\\1523434152557.png, C:\\qagmm\\Selenium\\MICE-POC\\Smoketest\\Reports\\Smoketest_IUT\\20180411_100447\\1523434153087.png, C:\\qagmm\\Selenium\\MICE-POC\\Smoketest\\Reports\\Smoketest_IUT\\20180411_100447\\1523434328772.png"/>
         <property name="hostName" value="Ferdi G\uFFFDll\uFFFDbag - LAPTOP-MH8HMEMT.fritz.box"/>
         <property name="os" value="Windows 10 64bit"/>
         <property name="katalonVersion" value="5.3.1.1"/>
         <property name="browser" value="Firefox 59.0"/>
         <property name="hostAddress" value="192.168.2.131"/>
         <property name="sessionId" value="ab8ab3f1-3dae-48cf-b8dd-0a0fffdd0f15"/>
         <property name="seleniumVersion" value="3.7.1"/>
         <property name="proxyInformation" value="ProxyInformation{proxyOption=NO_PROXY, proxyServerType=HTTP, password=, proxyServerAddress=, proxyServerPort=0}"/>
         <property name="platform" value="Windows 10"/>
      </properties>
      <testcase name="Test Cases/IUT/EWS/Landingpage/Verify all Elements" classname="Test Cases/IUT/EWS/Landingpage/Verify all Elements" status="PASSED">
         <system-out><![CDATA[2018-04-11 10:04:51 - [TEST_CASE][PASSED] - Test Cases/IUT/EWS/Landingpage/Verify all Elements: Test Cases/IUT/EWS/Landingpage/Verify all Elements

2018-04-11 10:04:52 - [TEST_STEP][PASSED] - openBrowser: Browser is opened with url: 'https://meetingmarket-iut.de/'

2018-04-11 10:05:02 - [MESSAGE][PASSED] - Browser is opened with url: 'https://meetingmarket-iut.de/'

2018-04-11 10:05:02 - [TEST_STEP][PASSED] - setViewPortSize: Viewport is set to new size with width = 1280 and height = 768

2018-04-11 10:05:04 - [MESSAGE][PASSED] - Viewport is set to new size with width = 1280 and height = 768

2018-04-11 10:05:04 - [TEST_STEP][PASSED] - delay: Delayed 5 second(s)

2018-04-11 10:05:09 - [MESSAGE][PASSED] - Delayed 5 second(s)

2018-04-11 10:05:09 - [TEST_STEP][PASSED] - waitForElementPresent: Object 'Object Repository/Landingpage/Page_Tagungshotels und Meetingrume/div_logo' is present

2018-04-11 10:05:09 - [MESSAGE][WARNING] - Timeout '0' is invalid. Using default page load timeout: '30'

2018-04-11 10:05:09 - [MESSAGE][PASSED] - Object 'Object Repository/Landingpage/Page_Tagungshotels und Meetingrume/div_logo' is present

2018-04-11 10:05:09 - [TEST_STEP][PASSED] - verifyElementPresent: Object 'Object Repository/Landingpage/Page_Tagungshotels und Meetingrume/div_ber 2.500 Tagungsrume' is present

2018-04-11 10:05:10 - [MESSAGE][WARNING] - Timeout '0' is invalid. Using default page load timeout: '30'

2018-04-11 10:05:10 - [MESSAGE][PASSED] - Object 'Object Repository/Landingpage/Page_Tagungshotels und Meetingrume/div_ber 2.500 Tagungsrume' is present

2018-04-11 10:05:10 - [TEST_STEP][PASSED] - verifyElementPresent: Object 'Object Repository/Landingpage/Page_Tagungshotels und Meetingrume/div_Jetzt buchen und bis zu 30' is present

2018-04-11 10:05:10 - [MESSAGE][WARNING] - Timeout '0' is invalid. Using default page load timeout: '30'

2018-04-11 10:05:10 - [MESSAGE][PASSED] - Object 'Object Repository/Landingpage/Page_Tagungshotels und Meetingrume/div_Jetzt buchen und bis zu 30' is present

2018-04-11 10:05:10 - [TEST_STEP][PASSED] - verifyElementPresent: Object 'Object Repository/Landingpage/Page_Tagungshotels und Meetingrume/div_BerlinBremenDresdenDsseldo' is present

2018-04-11 10:05:10 - [MESSAGE][WARNING] - Timeout '0' is invalid. Using default page load timeout: '30'

2018-04-11 10:05:10 - [MESSAGE][PASSED] - Object 'Object Repository/Landingpage/Page_Tagungshotels und Meetingrume/div_BerlinBremenDresdenDsseldo' is present

2018-04-11 10:05:10 - [TEST_STEP][PASSED] - verifyElementPresent: Object 'Object Repository/Landingpage/Page_Tagungshotels und Meetingrume/p_Sichere Reservierung in 3 Mi' is present

2018-04-11 10:05:10 - [MESSAGE][WARNING] - Timeout '0' is invalid. Using default page load timeout: '30'

2018-04-11 10:05:10 - [MESSAGE][PASSED] - Object 'Object Repository/Landingpage/Page_Tagungshotels und Meetingrume/p_Sichere Reservierung in 3 Mi' is present

2018-04-11 10:05:10 - [TEST_STEP][PASSED] - verifyElementPresent: Object 'Object Repository/Landingpage/Page_Tagungshotels und Meetingrume/p_Persnliche Beratung 49 (0)76' is present

2018-04-11 10:05:10 - [MESSAGE][WARNING] - Timeout '0' is invalid. Using default page load timeout: '30'

2018-04-11 10:05:10 - [MESSAGE][PASSED] - Object 'Object Repository/Landingpage/Page_Tagungshotels und Meetingrume/p_Persnliche Beratung 49 (0)76' is present

2018-04-11 10:05:10 - [TEST_STEP][PASSED] - verifyElementPresent: Object 'Object Repository/Landingpage/Page_Tagungshotels und Meetingrume/p_Kostenfreie Stornierung' is present

2018-04-11 10:05:10 - [MESSAGE][WARNING] - Timeout '0' is invalid. Using default page load timeout: '30'

2018-04-11 10:05:10 - [MESSAGE][PASSED] - Object 'Object Repository/Landingpage/Page_Tagungshotels und Meetingrume/p_Kostenfreie Stornierung' is present

2018-04-11 10:05:10 - [TEST_STEP][PASSED] - verifyElementPresent: Object 'Object Repository/Landingpage/Page_Tagungshotels und Meetingrume/h2_Finden Sie die perfekte Loc' is present

2018-04-11 10:05:10 - [MESSAGE][WARNING] - Timeout '0' is invalid. Using default page load timeout: '30'

2018-04-11 10:05:10 - [MESSAGE][PASSED] - Object 'Object Repository/Landingpage/Page_Tagungshotels und Meetingrume/h2_Finden Sie die perfekte Loc' is present

2018-04-11 10:05:10 - [TEST_STEP][PASSED] - verifyElementPresent: Object 'Object Repository/Landingpage/Page_Tagungshotels und Meetingrume/p_Wir finden die passenden Rum' is present

2018-04-11 10:05:10 - [MESSAGE][WARNING] - Timeout '0' is invalid. Using default page load timeout: '30'

2018-04-11 10:05:10 - [MESSAGE][PASSED] - Object 'Object Repository/Landingpage/Page_Tagungshotels und Meetingrume/p_Wir finden die passenden Rum' is present

2018-04-11 10:05:10 - [TEST_STEP][PASSED] - verifyElementPresent: Object 'Object Repository/Landingpage/Page_Tagungshotels und Meetingrume/div_Veranstaltungsortein Berli' is present

2018-04-11 10:05:10 - [MESSAGE][WARNING] - Timeout '0' is invalid. Using default page load timeout: '30'

2018-04-11 10:05:10 - [MESSAGE][PASSED] - Object 'Object Repository/Landingpage/Page_Tagungshotels und Meetingrume/div_Veranstaltungsortein Berli' is present

2018-04-11 10:05:10 - [TEST_STEP][PASSED] - verifyElementPresent: Object 'Object Repository/Landingpage/Page_Tagungshotels und Meetingrume/div_Veranstaltungsortein Breme' is present

2018-04-11 10:05:10 - [MESSAGE][WARNING] - Timeout '0' is invalid. Using default page load timeout: '30'

2018-04-11 10:05:10 - [MESSAGE][PASSED] - Object 'Object Repository/Landingpage/Page_Tagungshotels und Meetingrume/div_Veranstaltungsortein Breme' is present

2018-04-11 10:05:10 - [TEST_STEP][PASSED] - verifyElementPresent: Object 'Object Repository/Landingpage/Page_Tagungshotels und Meetingrume/div_Veranstaltungsortein Dresd' is present

2018-04-11 10:05:10 - [MESSAGE][WARNING] - Timeout '0' is invalid. Using default page load timeout: '30'

2018-04-11 10:05:10 - [MESSAGE][PASSED] - Object 'Object Repository/Landingpage/Page_Tagungshotels und Meetingrume/div_Veranstaltungsortein Dresd' is present

2018-04-11 10:05:10 - [TEST_STEP][PASSED] - verifyElementPresent: Object 'Object Repository/Landingpage/Page_Tagungshotels und Meetingrume/div_Veranstaltungsortein Dssel' is present

2018-04-11 10:05:10 - [MESSAGE][WARNING] - Timeout '0' is invalid. Using default page load timeout: '30'

2018-04-11 10:05:10 - [MESSAGE][PASSED] - Object 'Object Repository/Landingpage/Page_Tagungshotels und Meetingrume/div_Veranstaltungsortein Dssel' is present

2018-04-11 10:05:10 - [TEST_STEP][PASSED] - verifyElementPresent: Object 'Object Repository/Landingpage/Page_Tagungshotels und Meetingrume/div_Veranstaltungsortein Frank' is present

2018-04-11 10:05:10 - [MESSAGE][WARNING] - Timeout '0' is invalid. Using default page load timeout: '30'

2018-04-11 10:05:10 - [MESSAGE][PASSED] - Object 'Object Repository/Landingpage/Page_Tagungshotels und Meetingrume/div_Veranstaltungsortein Frank' is present

2018-04-11 10:05:10 - [TEST_STEP][PASSED] - verifyElementPresent: Object 'Object Repository/Landingpage/Page_Tagungshotels und Meetingrume/div_Veranstaltungsortein Hambu' is present

2018-04-11 10:05:10 - [MESSAGE][WARNING] - Timeout '0' is invalid. Using default page load timeout: '30'

2018-04-11 10:05:10 - [MESSAGE][PASSED] - Object 'Object Repository/Landingpage/Page_Tagungshotels und Meetingrume/div_Veranstaltungsortein Hambu' is present

2018-04-11 10:05:10 - [TEST_STEP][PASSED] - verifyElementPresent: Object 'Object Repository/Landingpage/Page_Tagungshotels und Meetingrume/div_Veranstaltungsortein Leipz' is present

2018-04-11 10:05:10 - [MESSAGE][WARNING] - Timeout '0' is invalid. Using default page load timeout: '30'

2018-04-11 10:05:10 - [MESSAGE][PASSED] - Object 'Object Repository/Landingpage/Page_Tagungshotels und Meetingrume/div_Veranstaltungsortein Leipz' is present

2018-04-11 10:05:10 - [TEST_STEP][PASSED] - verifyElementPresent: Object 'Object Repository/Landingpage/Page_Tagungshotels und Meetingrume/div_Veranstaltungsortein KlnKl' is present

2018-04-11 10:05:10 - [MESSAGE][WARNING] - Timeout '0' is invalid. Using default page load timeout: '30'

2018-04-11 10:05:10 - [MESSAGE][PASSED] - Object 'Object Repository/Landingpage/Page_Tagungshotels und Meetingrume/div_Veranstaltungsortein KlnKl' is present

2018-04-11 10:05:10 - [TEST_STEP][PASSED] - verifyElementPresent: Object 'Object Repository/Landingpage/Page_Tagungshotels und Meetingrume/div_Veranstaltungsortein Hanno' is present

2018-04-11 10:05:10 - [MESSAGE][WARNING] - Timeout '0' is invalid. Using default page load timeout: '30'

2018-04-11 10:05:10 - [MESSAGE][PASSED] - Object 'Object Repository/Landingpage/Page_Tagungshotels und Meetingrume/div_Veranstaltungsortein Hanno' is present

2018-04-11 10:05:10 - [TEST_STEP][PASSED] - verifyElementPresent: Object 'Object Repository/Landingpage/Page_Tagungshotels und Meetingrume/div_Veranstaltungsortein Mannh' is present

2018-04-11 10:05:10 - [MESSAGE][WARNING] - Timeout '0' is invalid. Using default page load timeout: '30'

2018-04-11 10:05:10 - [MESSAGE][PASSED] - Object 'Object Repository/Landingpage/Page_Tagungshotels und Meetingrume/div_Veranstaltungsortein Mannh' is present

2018-04-11 10:05:10 - [TEST_STEP][PASSED] - verifyElementPresent: Object 'Object Repository/Landingpage/Page_Tagungshotels und Meetingrume/div_Veranstaltungsortein Mnche' is present

2018-04-11 10:05:10 - [MESSAGE][WARNING] - Timeout '0' is invalid. Using default page load timeout: '30'

2018-04-11 10:05:10 - [MESSAGE][PASSED] - Object 'Object Repository/Landingpage/Page_Tagungshotels und Meetingrume/div_Veranstaltungsortein Mnche' is present

2018-04-11 10:05:10 - [TEST_STEP][PASSED] - verifyElementPresent: Object 'Object Repository/Landingpage/Page_Tagungshotels und Meetingrume/div_Veranstaltungsortein Nrnbe' is present

2018-04-11 10:05:10 - [MESSAGE][WARNING] - Timeout '0' is invalid. Using default page load timeout: '30'

2018-04-11 10:05:10 - [MESSAGE][PASSED] - Object 'Object Repository/Landingpage/Page_Tagungshotels und Meetingrume/div_Veranstaltungsortein Nrnbe' is present

2018-04-11 10:05:10 - [TEST_STEP][PASSED] - verifyElementPresent: Object 'Object Repository/Landingpage/Page_Tagungshotels und Meetingrume/div_Veranstaltungsortein Stutt' is present

2018-04-11 10:05:10 - [MESSAGE][WARNING] - Timeout '0' is invalid. Using default page load timeout: '30'

2018-04-11 10:05:10 - [MESSAGE][PASSED] - Object 'Object Repository/Landingpage/Page_Tagungshotels und Meetingrume/div_Veranstaltungsortein Stutt' is present

2018-04-11 10:05:10 - [TEST_STEP][PASSED] - verifyElementPresent: Object 'Object Repository/Landingpage/Page_Tagungshotels und Meetingrume/div_Veranstaltungsortein Potsd' is present

2018-04-11 10:05:10 - [MESSAGE][WARNING] - Timeout '0' is invalid. Using default page load timeout: '30'

2018-04-11 10:05:10 - [MESSAGE][PASSED] - Object 'Object Repository/Landingpage/Page_Tagungshotels und Meetingrume/div_Veranstaltungsortein Potsd' is present

2018-04-11 10:05:10 - [TEST_STEP][PASSED] - verifyElementPresent: Object 'Object Repository/Landingpage/Page_Tagungshotels und Meetingrume/span_Bekannt aus' is present

2018-04-11 10:05:10 - [MESSAGE][WARNING] - Timeout '0' is invalid. Using default page load timeout: '30'

2018-04-11 10:05:10 - [MESSAGE][PASSED] - Object 'Object Repository/Landingpage/Page_Tagungshotels und Meetingrume/span_Bekannt aus' is present

2018-04-11 10:05:10 - [TEST_STEP][PASSED] - verifyElementPresent: Object 'Object Repository/Landingpage/Page_Tagungshotels und Meetingrume/span_logos' is present

2018-04-11 10:05:10 - [MESSAGE][WARNING] - Timeout '0' is invalid. Using default page load timeout: '30'

2018-04-11 10:05:10 - [MESSAGE][PASSED] - Object 'Object Repository/Landingpage/Page_Tagungshotels und Meetingrume/span_logos' is present

2018-04-11 10:05:10 - [TEST_STEP][PASSED] - verifyElementPresent: Object 'Object Repository/Landingpage/Page_Tagungshotels und Meetingrume/span_logos_1' is present

2018-04-11 10:05:10 - [MESSAGE][WARNING] - Timeout '0' is invalid. Using default page load timeout: '30'

2018-04-11 10:05:10 - [MESSAGE][PASSED] - Object 'Object Repository/Landingpage/Page_Tagungshotels und Meetingrume/span_logos_1' is present

2018-04-11 10:05:10 - [TEST_STEP][PASSED] - verifyElementPresent: Object 'Object Repository/Landingpage/Page_Tagungshotels und Meetingrume/div_Deutsch' is present

2018-04-11 10:05:11 - [MESSAGE][WARNING] - Timeout '0' is invalid. Using default page load timeout: '30'

2018-04-11 10:05:11 - [MESSAGE][PASSED] - Object 'Object Repository/Landingpage/Page_Tagungshotels und Meetingrume/div_Deutsch' is present

2018-04-11 10:05:11 - [TEST_STEP][PASSED] - verifyElementPresent: Object 'Object Repository/Landingpage/Page_Tagungshotels und Meetingrume/div_ Euro' is present

2018-04-11 10:05:11 - [MESSAGE][WARNING] - Timeout '0' is invalid. Using default page load timeout: '30'

2018-04-11 10:05:11 - [MESSAGE][PASSED] - Object 'Object Repository/Landingpage/Page_Tagungshotels und Meetingrume/div_ Euro' is present

2018-04-11 10:05:11 - [TEST_STEP][PASSED] - verifyElementPresent: Object 'Object Repository/Landingpage/Page_Tagungshotels und Meetingrume/a_Kontakt' is present

2018-04-11 10:05:11 - [MESSAGE][WARNING] - Timeout '0' is invalid. Using default page load timeout: '30'

2018-04-11 10:05:11 - [MESSAGE][PASSED] - Object 'Object Repository/Landingpage/Page_Tagungshotels und Meetingrume/a_Kontakt' is present

2018-04-11 10:05:11 - [TEST_STEP][PASSED] - verifyElementPresent: Object 'Object Repository/Landingpage/Page_Tagungshotels und Meetingrume/a_Fragen  Antworten' is present

2018-04-11 10:05:11 - [MESSAGE][WARNING] - Timeout '0' is invalid. Using default page load timeout: '30'

2018-04-11 10:05:11 - [MESSAGE][PASSED] - Object 'Object Repository/Landingpage/Page_Tagungshotels und Meetingrume/a_Fragen  Antworten' is present

2018-04-11 10:05:11 - [TEST_STEP][PASSED] - verifyElementPresent: Object 'Object Repository/Landingpage/Page_Tagungshotels und Meetingrume/a_So funktionierts' is present

2018-04-11 10:05:11 - [MESSAGE][WARNING] - Timeout '0' is invalid. Using default page load timeout: '30'

2018-04-11 10:05:11 - [MESSAGE][PASSED] - Object 'Object Repository/Landingpage/Page_Tagungshotels und Meetingrume/a_So funktionierts' is present

2018-04-11 10:05:11 - [TEST_STEP][PASSED] - verifyElementPresent: Object 'Object Repository/Landingpage/Page_Tagungshotels und Meetingrume/a_ber uns' is present

2018-04-11 10:05:11 - [MESSAGE][WARNING] - Timeout '0' is invalid. Using default page load timeout: '30'

2018-04-11 10:05:11 - [MESSAGE][PASSED] - Object 'Object Repository/Landingpage/Page_Tagungshotels und Meetingrume/a_ber uns' is present

2018-04-11 10:05:11 - [TEST_STEP][PASSED] - verifyElementPresent: Object 'Object Repository/Landingpage/Page_Tagungshotels und Meetingrume/a_Hotel eintragen' is present

2018-04-11 10:05:11 - [MESSAGE][WARNING] - Timeout '0' is invalid. Using default page load timeout: '30'

2018-04-11 10:05:11 - [MESSAGE][PASSED] - Object 'Object Repository/Landingpage/Page_Tagungshotels und Meetingrume/a_Hotel eintragen' is present

2018-04-11 10:05:11 - [TEST_STEP][PASSED] - verifyElementPresent: Object 'Object Repository/Landingpage/Page_Tagungshotels und Meetingrume/a_Impressum' is present

2018-04-11 10:05:11 - [MESSAGE][WARNING] - Timeout '0' is invalid. Using default page load timeout: '30'

2018-04-11 10:05:11 - [MESSAGE][PASSED] - Object 'Object Repository/Landingpage/Page_Tagungshotels und Meetingrume/a_Impressum' is present

2018-04-11 10:05:11 - [TEST_STEP][PASSED] - verifyElementPresent: Object 'Object Repository/Landingpage/Page_Tagungshotels und Meetingrume/div_2018 Meeting.Expedia.de -' is present

2018-04-11 10:05:11 - [MESSAGE][WARNING] - Timeout '0' is invalid. Using default page load timeout: '30'

2018-04-11 10:05:11 - [MESSAGE][PASSED] - Object 'Object Repository/Landingpage/Page_Tagungshotels und Meetingrume/div_2018 Meeting.Expedia.de -' is present

2018-04-11 10:05:11 - [TEST_STEP][PASSED] - closeBrowser: Browser is closed

2018-04-11 10:05:12 - [MESSAGE][PASSED] - Browser is closed]]></system-out>
         <system-err><![CDATA[]]></system-err>
      </testcase>
      <testcase name="Test Cases/IUT/EWS/Landingpage/Verify Searchbar" classname="Test Cases/IUT/EWS/Landingpage/Verify Searchbar" status="PASSED">
         <system-out><![CDATA[2018-04-11 10:05:12 - [TEST_CASE][PASSED] - Test Cases/IUT/EWS/Landingpage/Verify Searchbar: Test Cases/IUT/EWS/Landingpage/Verify Searchbar

2018-04-11 10:05:12 - [TEST_STEP][PASSED] - openBrowser: Browser is opened with url: 'https://meetingmarket-iut.de/'

2018-04-11 10:05:20 - [MESSAGE][PASSED] - Browser is opened with url: 'https://meetingmarket-iut.de/'

2018-04-11 10:05:20 - [TEST_STEP][PASSED] - setViewPortSize: Viewport is set to new size with width = 1280 and height = 768

2018-04-11 10:05:23 - [MESSAGE][PASSED] - Viewport is set to new size with width = 1280 and height = 768

2018-04-11 10:05:23 - [TEST_STEP][PASSED] - delay: Delayed 5 second(s)

2018-04-11 10:05:28 - [MESSAGE][PASSED] - Delayed 5 second(s)

2018-04-11 10:05:28 - [TEST_STEP][PASSED] - verifyElementPresent: Object 'Object Repository/Landingpage/Searchbar_LP/span_Stadt whlen' is present

2018-04-11 10:05:28 - [MESSAGE][WARNING] - Timeout '0' is invalid. Using default page load timeout: '30'

2018-04-11 10:05:28 - [MESSAGE][PASSED] - Object 'Object Repository/Landingpage/Searchbar_LP/span_Stadt whlen' is present

2018-04-11 10:05:28 - [TEST_STEP][PASSED] - verifyElementPresent: Object 'Object Repository/Landingpage/Searchbar_LP/span_Datum' is present

2018-04-11 10:05:28 - [MESSAGE][WARNING] - Timeout '0' is invalid. Using default page load timeout: '30'

2018-04-11 10:05:28 - [MESSAGE][PASSED] - Object 'Object Repository/Landingpage/Searchbar_LP/span_Datum' is present

2018-04-11 10:05:28 - [TEST_STEP][PASSED] - verifyElementPresent: Object 'Object Repository/Landingpage/Searchbar_LP/span_Zeitraum' is present

2018-04-11 10:05:28 - [MESSAGE][WARNING] - Timeout '0' is invalid. Using default page load timeout: '30'

2018-04-11 10:05:28 - [MESSAGE][PASSED] - Object 'Object Repository/Landingpage/Searchbar_LP/span_Zeitraum' is present

2018-04-11 10:05:28 - [TEST_STEP][PASSED] - verifyElementPresent: Object 'Object Repository/Landingpage/Searchbar_LP/span_Personen' is present

2018-04-11 10:05:28 - [MESSAGE][WARNING] - Timeout '0' is invalid. Using default page load timeout: '30'

2018-04-11 10:05:28 - [MESSAGE][PASSED] - Object 'Object Repository/Landingpage/Searchbar_LP/span_Personen' is present

2018-04-11 10:05:28 - [TEST_STEP][PASSED] - verifyElementPresent: Object 'Object Repository/Landingpage/Searchbar_LP/span_Anzahl Rume' is present

2018-04-11 10:05:28 - [MESSAGE][WARNING] - Timeout '0' is invalid. Using default page load timeout: '30'

2018-04-11 10:05:28 - [MESSAGE][PASSED] - Object 'Object Repository/Landingpage/Searchbar_LP/span_Anzahl Rume' is present

2018-04-11 10:05:28 - [TEST_STEP][PASSED] - verifyElementPresent: Object 'Object Repository/Landingpage/Searchbar_LP/div_Berlin' is present

2018-04-11 10:05:28 - [MESSAGE][WARNING] - Timeout '0' is invalid. Using default page load timeout: '30'

2018-04-11 10:05:28 - [MESSAGE][PASSED] - Object 'Object Repository/Landingpage/Searchbar_LP/div_Berlin' is present

2018-04-11 10:05:28 - [TEST_STEP][PASSED] - click: Object: 'Object Repository/Landingpage/Searchbar_LP/div_Berlin' is clicked on

2018-04-11 10:05:28 - [MESSAGE][PASSED] - Object: 'Object Repository/Landingpage/Searchbar_LP/div_Berlin' is clicked on

2018-04-11 10:05:28 - [TEST_STEP][PASSED] - verifyElementPresent: Object 'Object Repository/Landingpage/Searchbar_LP/li_Berlin' is present

2018-04-11 10:05:28 - [MESSAGE][WARNING] - Timeout '0' is invalid. Using default page load timeout: '30'

2018-04-11 10:05:28 - [MESSAGE][PASSED] - Object 'Object Repository/Landingpage/Searchbar_LP/li_Berlin' is present

2018-04-11 10:05:28 - [TEST_STEP][PASSED] - verifyElementPresent: Object 'Object Repository/Landingpage/Searchbar_LP/li_Bremen' is present

2018-04-11 10:05:28 - [MESSAGE][WARNING] - Timeout '0' is invalid. Using default page load timeout: '30'

2018-04-11 10:05:28 - [MESSAGE][PASSED] - Object 'Object Repository/Landingpage/Searchbar_LP/li_Bremen' is present

2018-04-11 10:05:28 - [TEST_STEP][PASSED] - verifyElementPresent: Object 'Object Repository/Landingpage/Searchbar_LP/li_Dresden' is present

2018-04-11 10:05:28 - [MESSAGE][WARNING] - Timeout '0' is invalid. Using default page load timeout: '30'

2018-04-11 10:05:28 - [MESSAGE][PASSED] - Object 'Object Repository/Landingpage/Searchbar_LP/li_Dresden' is present

2018-04-11 10:05:28 - [TEST_STEP][PASSED] - verifyElementPresent: Object 'Object Repository/Landingpage/Searchbar_LP/li_Dsseldorf' is present

2018-04-11 10:05:28 - [MESSAGE][WARNING] - Timeout '0' is invalid. Using default page load timeout: '30'

2018-04-11 10:05:28 - [MESSAGE][PASSED] - Object 'Object Repository/Landingpage/Searchbar_LP/li_Dsseldorf' is present

2018-04-11 10:05:28 - [TEST_STEP][PASSED] - verifyElementPresent: Object 'Object Repository/Landingpage/Searchbar_LP/li_Frankfurt am Main' is present

2018-04-11 10:05:28 - [MESSAGE][WARNING] - Timeout '0' is invalid. Using default page load timeout: '30'

2018-04-11 10:05:28 - [MESSAGE][PASSED] - Object 'Object Repository/Landingpage/Searchbar_LP/li_Frankfurt am Main' is present

2018-04-11 10:05:28 - [TEST_STEP][PASSED] - verifyElementPresent: Object 'Object Repository/Landingpage/Searchbar_LP/li_Hamburg' is present

2018-04-11 10:05:28 - [MESSAGE][WARNING] - Timeout '0' is invalid. Using default page load timeout: '30'

2018-04-11 10:05:28 - [MESSAGE][PASSED] - Object 'Object Repository/Landingpage/Searchbar_LP/li_Hamburg' is present

2018-04-11 10:05:28 - [TEST_STEP][PASSED] - verifyElementPresent: Object 'Object Repository/Landingpage/Searchbar_LP/li_Hannover' is present

2018-04-11 10:05:28 - [MESSAGE][WARNING] - Timeout '0' is invalid. Using default page load timeout: '30'

2018-04-11 10:05:28 - [MESSAGE][PASSED] - Object 'Object Repository/Landingpage/Searchbar_LP/li_Hannover' is present

2018-04-11 10:05:28 - [TEST_STEP][PASSED] - verifyElementPresent: Object 'Object Repository/Landingpage/Searchbar_LP/li_Kln' is present

2018-04-11 10:05:28 - [MESSAGE][WARNING] - Timeout '0' is invalid. Using default page load timeout: '30'

2018-04-11 10:05:28 - [MESSAGE][PASSED] - Object 'Object Repository/Landingpage/Searchbar_LP/li_Kln' is present

2018-04-11 10:05:28 - [TEST_STEP][PASSED] - verifyElementPresent: Object 'Object Repository/Landingpage/Searchbar_LP/li_Leipzig' is present

2018-04-11 10:05:29 - [MESSAGE][WARNING] - Timeout '0' is invalid. Using default page load timeout: '30'

2018-04-11 10:05:29 - [MESSAGE][PASSED] - Object 'Object Repository/Landingpage/Searchbar_LP/li_Leipzig' is present

2018-04-11 10:05:29 - [TEST_STEP][PASSED] - verifyElementPresent: Object 'Object Repository/Landingpage/Searchbar_LP/li_Mannheim' is present

2018-04-11 10:05:29 - [MESSAGE][WARNING] - Timeout '0' is invalid. Using default page load timeout: '30'

2018-04-11 10:05:29 - [MESSAGE][PASSED] - Object 'Object Repository/Landingpage/Searchbar_LP/li_Mannheim' is present

2018-04-11 10:05:29 - [TEST_STEP][PASSED] - verifyElementPresent: Object 'Object Repository/Landingpage/Searchbar_LP/li_Mnchen' is present

2018-04-11 10:05:29 - [MESSAGE][WARNING] - Timeout '0' is invalid. Using default page load timeout: '30'

2018-04-11 10:05:29 - [MESSAGE][PASSED] - Object 'Object Repository/Landingpage/Searchbar_LP/li_Mnchen' is present

2018-04-11 10:05:29 - [TEST_STEP][PASSED] - verifyElementPresent: Object 'Object Repository/Landingpage/Searchbar_LP/li_Nrnberg' is present

2018-04-11 10:05:29 - [MESSAGE][WARNING] - Timeout '0' is invalid. Using default page load timeout: '30'

2018-04-11 10:05:29 - [MESSAGE][PASSED] - Object 'Object Repository/Landingpage/Searchbar_LP/li_Nrnberg' is present

2018-04-11 10:05:29 - [TEST_STEP][PASSED] - verifyElementPresent: Object 'Object Repository/Landingpage/Searchbar_LP/li_Potsdam' is present

2018-04-11 10:05:29 - [MESSAGE][WARNING] - Timeout '0' is invalid. Using default page load timeout: '30'

2018-04-11 10:05:29 - [MESSAGE][PASSED] - Object 'Object Repository/Landingpage/Searchbar_LP/li_Potsdam' is present

2018-04-11 10:05:29 - [TEST_STEP][PASSED] - verifyElementPresent: Object 'Object Repository/Landingpage/Searchbar_LP/li_Regional-Deutschland' is present

2018-04-11 10:05:29 - [MESSAGE][WARNING] - Timeout '0' is invalid. Using default page load timeout: '30'

2018-04-11 10:05:29 - [MESSAGE][PASSED] - Object 'Object Repository/Landingpage/Searchbar_LP/li_Regional-Deutschland' is present

2018-04-11 10:05:29 - [TEST_STEP][PASSED] - verifyElementPresent: Object 'Object Repository/Landingpage/Searchbar_LP/li_Stuttgart' is present

2018-04-11 10:05:29 - [MESSAGE][WARNING] - Timeout '0' is invalid. Using default page load timeout: '30'

2018-04-11 10:05:29 - [MESSAGE][PASSED] - Object 'Object Repository/Landingpage/Searchbar_LP/li_Stuttgart' is present

2018-04-11 10:05:29 - [TEST_STEP][PASSED] - verifyElementPresent: Object 'Object Repository/Landingpage/Searchbar_LP/Datepicker' is present

2018-04-11 10:05:29 - [MESSAGE][WARNING] - Timeout '0' is invalid. Using default page load timeout: '30'

2018-04-11 10:05:29 - [MESSAGE][PASSED] - Object 'Object Repository/Landingpage/Searchbar_LP/Datepicker' is present

2018-04-11 10:05:29 - [TEST_STEP][PASSED] - click: Object: 'Object Repository/Landingpage/Searchbar_LP/Datepicker' is clicked on

2018-04-11 10:05:29 - [MESSAGE][PASSED] - Object: 'Object Repository/Landingpage/Searchbar_LP/Datepicker' is clicked on

2018-04-11 10:05:29 - [TEST_STEP][PASSED] - click: Object: 'Object Repository/Landingpage/Searchbar_LP/div_Bis zu 4 Stunden1 Tag2 Tag' is clicked on

2018-04-11 10:05:29 - [MESSAGE][PASSED] - Object: 'Object Repository/Landingpage/Searchbar_LP/div_Bis zu 4 Stunden1 Tag2 Tag' is clicked on

2018-04-11 10:05:29 - [TEST_STEP][PASSED] - verifyElementPresent: Object 'Object Repository/Landingpage/Searchbar_LP/li_Bis zu 4 Stunden' is present

2018-04-11 10:05:30 - [MESSAGE][WARNING] - Timeout '0' is invalid. Using default page load timeout: '30'

2018-04-11 10:05:30 - [MESSAGE][PASSED] - Object 'Object Repository/Landingpage/Searchbar_LP/li_Bis zu 4 Stunden' is present

2018-04-11 10:05:30 - [TEST_STEP][PASSED] - verifyElementPresent: Object 'Object Repository/Landingpage/Searchbar_LP/li_1 Tag' is present

2018-04-11 10:05:30 - [MESSAGE][WARNING] - Timeout '0' is invalid. Using default page load timeout: '30'

2018-04-11 10:05:30 - [MESSAGE][PASSED] - Object 'Object Repository/Landingpage/Searchbar_LP/li_1 Tag' is present

2018-04-11 10:05:30 - [TEST_STEP][PASSED] - verifyElementPresent: Object 'Object Repository/Landingpage/Searchbar_LP/li_2 Tage' is present

2018-04-11 10:05:30 - [MESSAGE][WARNING] - Timeout '0' is invalid. Using default page load timeout: '30'

2018-04-11 10:05:30 - [MESSAGE][PASSED] - Object 'Object Repository/Landingpage/Searchbar_LP/li_2 Tage' is present

2018-04-11 10:05:30 - [TEST_STEP][PASSED] - verifyElementPresent: Object 'Object Repository/Landingpage/Searchbar_LP/li_3 Tage' is present

2018-04-11 10:05:30 - [MESSAGE][WARNING] - Timeout '0' is invalid. Using default page load timeout: '30'

2018-04-11 10:05:30 - [MESSAGE][PASSED] - Object 'Object Repository/Landingpage/Searchbar_LP/li_3 Tage' is present

2018-04-11 10:05:30 - [TEST_STEP][PASSED] - click: Object: 'Object Repository/Landingpage/Searchbar_LP/div_1 Raum2 Rume3 Rume1 Raum1' is clicked on

2018-04-11 10:05:30 - [MESSAGE][PASSED] - Object: 'Object Repository/Landingpage/Searchbar_LP/div_1 Raum2 Rume3 Rume1 Raum1' is clicked on

2018-04-11 10:05:30 - [TEST_STEP][PASSED] - verifyElementPresent: Object 'Object Repository/Landingpage/Searchbar_LP/li_1 Raum' is present

2018-04-11 10:05:30 - [MESSAGE][WARNING] - Timeout '0' is invalid. Using default page load timeout: '30'

2018-04-11 10:05:30 - [MESSAGE][PASSED] - Object 'Object Repository/Landingpage/Searchbar_LP/li_1 Raum' is present

2018-04-11 10:05:30 - [TEST_STEP][PASSED] - verifyElementPresent: Object 'Object Repository/Landingpage/Searchbar_LP/li_2 Rume' is present

2018-04-11 10:05:30 - [MESSAGE][WARNING] - Timeout '0' is invalid. Using default page load timeout: '30'

2018-04-11 10:05:30 - [MESSAGE][PASSED] - Object 'Object Repository/Landingpage/Searchbar_LP/li_2 Rume' is present

2018-04-11 10:05:30 - [TEST_STEP][PASSED] - verifyElementPresent: Object 'Object Repository/Landingpage/Searchbar_LP/li_3 Rume' is present

2018-04-11 10:05:30 - [MESSAGE][WARNING] - Timeout '0' is invalid. Using default page load timeout: '30'

2018-04-11 10:05:30 - [MESSAGE][PASSED] - Object 'Object Repository/Landingpage/Searchbar_LP/li_3 Rume' is present

2018-04-11 10:05:30 - [TEST_STEP][PASSED] - verifyElementPresent: Object 'Object Repository/Landingpage/Searchbar_LP/div_Suchen' is present

2018-04-11 10:05:30 - [MESSAGE][WARNING] - Timeout '0' is invalid. Using default page load timeout: '30'

2018-04-11 10:05:30 - [MESSAGE][PASSED] - Object 'Object Repository/Landingpage/Searchbar_LP/div_Suchen' is present

2018-04-11 10:05:30 - [TEST_STEP][PASSED] - closeBrowser: Browser is closed

2018-04-11 10:05:31 - [MESSAGE][PASSED] - Browser is closed]]></system-out>
         <system-err><![CDATA[]]></system-err>
      </testcase>
      <testcase name="Test Cases/IUT/EWS/Landingpage/Start search from LP" classname="Test Cases/IUT/EWS/Landingpage/Start search from LP" status="FAILED">
         <failure type="FAILED" message="Unable to verify object 'Object Repository/Landingpage/Page_Suchergebnisse - meetingmarket/some hotels' is present (Root cause: com.kms.katalon.core.webui.exception.WebElementNotFoundException: Web element with id: 'Object Repository/Landingpage/Page_Suchergebnisse - meetingmarket/some hotels' located by 'By.xpath: id(&quot;ContainerResults&quot;)/a[@class=&quot;tile_row bookable  withOffer workflowIb selenium-workflowIb&quot;]/div[@class=&quot;slider_wrapper&quot;]/div[@class=&quot;slider&quot;]/div[@class=&quot;hotel_img first active&quot;]' not found)"/>
         <system-out><![CDATA[2018-04-11 10:05:31 - [TEST_CASE][FAILED] - Test Cases/IUT/EWS/Landingpage/Start search from LP: Test Cases/IUT/EWS/Landingpage/Start search from LP FAILED because (of) Unable to verify object 'Object Repository/Landingpage/Page_Suchergebnisse - meetingmarket/some hotels' is present (Root cause: com.kms.katalon.core.webui.exception.WebElementNotFoundException: Web element with id: 'Object Repository/Landingpage/Page_Suchergebnisse - meetingmarket/some hotels' located by 'By.xpath: id("ContainerResults")/a[@class="tile_row bookable  withOffer workflowIb selenium-workflowIb"]/div[@class="slider_wrapper"]/div[@class="slider"]/div[@class="hotel_img first active"]' not found)

2018-04-11 10:05:31 - [TEST_STEP][PASSED] - openBrowser: Browser is opened with url: 'https://meetingmarket-iut.de/'

2018-04-11 10:05:39 - [MESSAGE][PASSED] - Browser is opened with url: 'https://meetingmarket-iut.de/'

2018-04-11 10:05:39 - [TEST_STEP][PASSED] - setViewPortSize: Viewport is set to new size with width = 1280 and height = 768

2018-04-11 10:05:41 - [MESSAGE][PASSED] - Viewport is set to new size with width = 1280 and height = 768

2018-04-11 10:05:41 - [TEST_STEP][PASSED] - delay: Delayed 5 second(s)

2018-04-11 10:05:46 - [MESSAGE][PASSED] - Delayed 5 second(s)

2018-04-11 10:05:46 - [TEST_STEP][PASSED] - click: Object: 'Object Repository/Landingpage/Searchbar_LP/div_Berlin' is clicked on

2018-04-11 10:05:47 - [MESSAGE][PASSED] - Object: 'Object Repository/Landingpage/Searchbar_LP/div_Berlin' is clicked on

2018-04-11 10:05:47 - [TEST_STEP][PASSED] - click: Object: 'Object Repository/Landingpage/Searchbar_LP/li_Frankfurt am Main' is clicked on

2018-04-11 10:05:47 - [MESSAGE][PASSED] - Object: 'Object Repository/Landingpage/Searchbar_LP/li_Frankfurt am Main' is clicked on

2018-04-11 10:05:47 - [TEST_STEP][PASSED] - click: Object: 'Object Repository/Landingpage/Searchbar_LP/span_Vor' is clicked on

2018-04-11 10:05:47 - [MESSAGE][PASSED] - Object: 'Object Repository/Landingpage/Searchbar_LP/span_Vor' is clicked on

2018-04-11 10:05:47 - [TEST_STEP][PASSED] - click: Object: 'Object Repository/Landingpage/Searchbar_LP/a_1' is clicked on

2018-04-11 10:05:47 - [MESSAGE][PASSED] - Object: 'Object Repository/Landingpage/Searchbar_LP/a_1' is clicked on

2018-04-11 10:05:47 - [TEST_STEP][PASSED] - click: Object: 'Object Repository/Landingpage/Searchbar_LP/li_2 Tage' is clicked on

2018-04-11 10:05:48 - [MESSAGE][PASSED] - Object: 'Object Repository/Landingpage/Searchbar_LP/li_2 Tage' is clicked on

2018-04-11 10:05:48 - [TEST_STEP][PASSED] - click: Object: 'Object Repository/Landingpage/Searchbar_LP/input_InputEventPersons' is clicked on

2018-04-11 10:05:48 - [MESSAGE][PASSED] - Object: 'Object Repository/Landingpage/Searchbar_LP/input_InputEventPersons' is clicked on

2018-04-11 10:05:48 - [TEST_STEP][PASSED] - setText: Text '20' is set on object 'Object Repository/Landingpage/Searchbar_LP/input_InputEventPersons'

2018-04-11 10:05:48 - [MESSAGE][PASSED] - Text '20' is set on object 'Object Repository/Landingpage/Searchbar_LP/input_InputEventPersons'

2018-04-11 10:05:48 - [TEST_STEP][PASSED] - click: Object: 'Object Repository/Landingpage/Searchbar_LP/div_1 Raum2 Rume3 Rume1 Raum1' is clicked on

2018-04-11 10:05:48 - [MESSAGE][PASSED] - Object: 'Object Repository/Landingpage/Searchbar_LP/div_1 Raum2 Rume3 Rume1 Raum1' is clicked on

2018-04-11 10:05:48 - [TEST_STEP][PASSED] - click: Object: 'Object Repository/Landingpage/Searchbar_LP/li_2 Rume' is clicked on

2018-04-11 10:05:49 - [MESSAGE][PASSED] - Object: 'Object Repository/Landingpage/Searchbar_LP/li_2 Rume' is clicked on

2018-04-11 10:05:49 - [TEST_STEP][PASSED] - click: Object: 'Object Repository/Landingpage/Searchbar_LP/div_Suchen' is clicked on

2018-04-11 10:05:53 - [MESSAGE][PASSED] - Object: 'Object Repository/Landingpage/Searchbar_LP/div_Suchen' is clicked on

2018-04-11 10:05:53 - [TEST_STEP][PASSED] - verifyElementPresent: Object 'Object Repository/Landingpage/Page_Suchergebnisse - meetingmarket/div_Frankfurt am Main' is present

2018-04-11 10:05:53 - [MESSAGE][WARNING] - Timeout '0' is invalid. Using default page load timeout: '30'

2018-04-11 10:05:53 - [MESSAGE][PASSED] - Object 'Object Repository/Landingpage/Page_Suchergebnisse - meetingmarket/div_Frankfurt am Main' is present

2018-04-11 10:05:53 - [TEST_STEP][PASSED] - verifyElementPresent: Object 'Object Repository/Landingpage/Page_Suchergebnisse - meetingmarket/div_2 Tage' is present

2018-04-11 10:05:53 - [MESSAGE][WARNING] - Timeout '0' is invalid. Using default page load timeout: '30'

2018-04-11 10:05:53 - [MESSAGE][PASSED] - Object 'Object Repository/Landingpage/Page_Suchergebnisse - meetingmarket/div_2 Tage' is present

2018-04-11 10:05:53 - [TEST_STEP][PASSED] - verifyElementPresent: Object 'Object Repository/Landingpage/Page_Suchergebnisse - meetingmarket/div_2 Rume' is present

2018-04-11 10:05:53 - [MESSAGE][WARNING] - Timeout '0' is invalid. Using default page load timeout: '30'

2018-04-11 10:05:53 - [MESSAGE][PASSED] - Object 'Object Repository/Landingpage/Page_Suchergebnisse - meetingmarket/div_2 Rume' is present

2018-04-11 10:05:53 - [TEST_STEP][PASSED] - delay: Delayed 5 second(s)

2018-04-11 10:05:58 - [MESSAGE][PASSED] - Delayed 5 second(s)

2018-04-11 10:05:58 - [TEST_STEP][PASSED] - verifyElementPresent: Object 'Object Repository/Landingpage/Page_Suchergebnisse - meetingmarket/result text' is present

2018-04-11 10:05:58 - [MESSAGE][WARNING] - Timeout '0' is invalid. Using default page load timeout: '30'

2018-04-11 10:05:59 - [MESSAGE][PASSED] - Object 'Object Repository/Landingpage/Page_Suchergebnisse - meetingmarket/result text' is present

2018-04-11 10:05:59 - [TEST_STEP][FAILED] - verifyElementPresent: Unable to verify object 'Object Repository/Landingpage/Page_Suchergebnisse - meetingmarket/some hotels' is present (Root cause: com.kms.katalon.core.webui.exception.WebElementNotFoundException: Web element with id: 'Object Repository/Landingpage/Page_Suchergebnisse - meetingmarket/some hotels' located by 'By.xpath: id("ContainerResults")/a[@class="tile_row bookable  withOffer workflowIb selenium-workflowIb"]/div[@class="slider_wrapper"]/div[@class="slider"]/div[@class="hotel_img first active"]' not found)

2018-04-11 10:05:59 - [MESSAGE][WARNING] - Timeout '0' is invalid. Using default page load timeout: '30'

2018-04-11 10:06:33 - [MESSAGE][FAILED] - com.kms.katalon.core.webui.exception.WebElementNotFoundException: Web element with id: 'Object Repository/Landingpage/Page_Suchergebnisse - meetingmarket/some hotels' located by 'By.xpath: id("ContainerResults")/a[@class="tile_row bookable  withOffer workflowIb selenium-workflowIb"]/div[@class="slider_wrapper"]/div[@class="slider"]/div[@class="hotel_img first active"]' not found
[[ATTACHMENT|C:\\qagmm\\Selenium\\MICE-POC\\Smoketest\\Reports\\Smoketest_IUT\\20180411_100447\\1523433992662.png]]

2018-04-11 10:06:34 - [MESSAGE][FAILED] - Unable to verify object 'Object Repository/Landingpage/Page_Suchergebnisse - meetingmarket/some hotels' is present (Root cause: com.kms.katalon.core.webui.exception.WebElementNotFoundException: Web element with id: 'Object Repository/Landingpage/Page_Suchergebnisse - meetingmarket/some hotels' located by 'By.xpath: id("ContainerResults")/a[@class="tile_row bookable  withOffer workflowIb selenium-workflowIb"]/div[@class="slider_wrapper"]/div[@class="slider"]/div[@class="hotel_img first active"]' not found)
[[ATTACHMENT|C:\\qagmm\\Selenium\\MICE-POC\\Smoketest\\Reports\\Smoketest_IUT\\20180411_100447\\1523433993446.png]]]]></system-out>
         <system-err><![CDATA[2018-04-11 10:05:31 - [TEST_CASE][FAILED] - Test Cases/IUT/EWS/Landingpage/Start search from LP: Test Cases/IUT/EWS/Landingpage/Start search from LP FAILED because (of) Unable to verify object 'Object Repository/Landingpage/Page_Suchergebnisse - meetingmarket/some hotels' is present (Root cause: com.kms.katalon.core.webui.exception.WebElementNotFoundException: Web element with id: 'Object Repository/Landingpage/Page_Suchergebnisse - meetingmarket/some hotels' located by 'By.xpath: id("ContainerResults")/a[@class="tile_row bookable  withOffer workflowIb selenium-workflowIb"]/div[@class="slider_wrapper"]/div[@class="slider"]/div[@class="hotel_img first active"]' not found)]]></system-err>
      </testcase>
      <testcase name="Test Cases/IUT/EWS/Resultpage/Search Wizard _ perform and validate search" classname="Test Cases/IUT/EWS/Resultpage/Search Wizard _ perform and validate search" status="PASSED">
         <system-out><![CDATA[2018-04-11 10:06:34 - [TEST_CASE][PASSED] - Test Cases/IUT/EWS/Resultpage/Search Wizard _ perform and validate search: Test Cases/IUT/EWS/Resultpage/Search Wizard _ perform and validate search

2018-04-11 10:06:34 - [TEST_STEP][PASSED] - openBrowser: Browser is opened with url: 'https://meetingmarket-iut.de/suche/'

2018-04-11 10:06:34 - [MESSAGE][WARNING] - A browser is already opened. Closing browser and opening a new one

2018-04-11 10:06:44 - [MESSAGE][PASSED] - Browser is opened with url: 'https://meetingmarket-iut.de/suche/'

2018-04-11 10:06:44 - [TEST_STEP][PASSED] - setViewPortSize: Viewport is set to new size with width = 1280 and height = 768

2018-04-11 10:06:46 - [MESSAGE][PASSED] - Viewport is set to new size with width = 1280 and height = 768

2018-04-11 10:06:46 - [TEST_STEP][PASSED] - delay: Delayed 5 second(s)

2018-04-11 10:06:51 - [MESSAGE][PASSED] - Delayed 5 second(s)

2018-04-11 10:06:51 - [TEST_STEP][PASSED] - verifyElementPresent: Object 'Object Repository/Results/div_hotel_img first active' is present

2018-04-11 10:06:51 - [MESSAGE][WARNING] - Timeout '0' is invalid. Using default page load timeout: '30'

2018-04-11 10:06:54 - [MESSAGE][PASSED] - Object 'Object Repository/Results/div_hotel_img first active' is present

2018-04-11 10:06:54 - [TEST_STEP][PASSED] - verifyElementPresent: Object 'Object Repository/Results/div_inkl. WIFIWLAN  inkl. Beam' is present

2018-04-11 10:06:54 - [MESSAGE][WARNING] - Timeout '0' is invalid. Using default page load timeout: '30'

2018-04-11 10:06:54 - [MESSAGE][PASSED] - Object 'Object Repository/Results/div_inkl. WIFIWLAN  inkl. Beam' is present

2018-04-11 10:06:54 - [TEST_STEP][PASSED] - verifyElementPresent: Object 'Object Repository/Results/h6_Hotel Art Nouveau' is present

2018-04-11 10:06:54 - [MESSAGE][WARNING] - Timeout '0' is invalid. Using default page load timeout: '30'

2018-04-11 10:06:55 - [MESSAGE][PASSED] - Object 'Object Repository/Results/h6_Hotel Art Nouveau' is present

2018-04-11 10:06:55 - [TEST_STEP][PASSED] - verifyElementPresent: Object 'Object Repository/Results/p_ein Raum 25m Flche bis zu 10' is present

2018-04-11 10:06:55 - [MESSAGE][WARNING] - Timeout '0' is invalid. Using default page load timeout: '30'

2018-04-11 10:06:55 - [MESSAGE][PASSED] - Object 'Object Repository/Results/p_ein Raum 25m Flche bis zu 10' is present

2018-04-11 10:06:55 - [TEST_STEP][PASSED] - verifyElementPresent: Object 'Object Repository/Results/p_Leibnizstrae 59 10629 Berlin' is present

2018-04-11 10:06:55 - [MESSAGE][WARNING] - Timeout '0' is invalid. Using default page load timeout: '30'

2018-04-11 10:06:56 - [MESSAGE][PASSED] - Object 'Object Repository/Results/p_Leibnizstrae 59 10629 Berlin' is present

2018-04-11 10:06:56 - [TEST_STEP][PASSED] - verifyElementPresent: Object 'Object Repository/Results/span_ 17850' is present

2018-04-11 10:06:56 - [MESSAGE][WARNING] - Timeout '0' is invalid. Using default page load timeout: '30'

2018-04-11 10:06:56 - [MESSAGE][PASSED] - Object 'Object Repository/Results/span_ 17850' is present

2018-04-11 10:06:56 - [TEST_STEP][PASSED] - verifyElementPresent: Object 'Object Repository/Results/span_...' is present

2018-04-11 10:06:56 - [MESSAGE][WARNING] - Timeout '0' is invalid. Using default page load timeout: '30'

2018-04-11 10:06:56 - [MESSAGE][PASSED] - Object 'Object Repository/Results/span_...' is present

2018-04-11 10:06:56 - [TEST_STEP][PASSED] - verifyElementPresent: Object 'Object Repository/Results/span_Ihr Gesamtpreis' is present

2018-04-11 10:06:56 - [MESSAGE][WARNING] - Timeout '0' is invalid. Using default page load timeout: '30'

2018-04-11 10:06:56 - [MESSAGE][PASSED] - Object 'Object Repository/Results/span_Ihr Gesamtpreis' is present

2018-04-11 10:06:56 - [TEST_STEP][PASSED] - verifyElementPresent: Object 'Object Repository/Results/span_imm_res' is present

2018-04-11 10:06:57 - [MESSAGE][WARNING] - Timeout '0' is invalid. Using default page load timeout: '30'

2018-04-11 10:06:57 - [MESSAGE][PASSED] - Object 'Object Repository/Results/span_imm_res' is present

2018-04-11 10:06:57 - [TEST_STEP][PASSED] - verifyElementPresent: Object 'Object Repository/Results/span_Jetzt reservieren spter z' is present

2018-04-11 10:06:57 - [MESSAGE][WARNING] - Timeout '0' is invalid. Using default page load timeout: '30'

2018-04-11 10:06:57 - [MESSAGE][PASSED] - Object 'Object Repository/Results/span_Jetzt reservieren spter z' is present

2018-04-11 10:06:57 - [TEST_STEP][PASSED] - verifyElementPresent: Object 'Object Repository/Results/span_pro Person  1785' is present

2018-04-11 10:06:57 - [MESSAGE][WARNING] - Timeout '0' is invalid. Using default page load timeout: '30'

2018-04-11 10:06:58 - [MESSAGE][PASSED] - Object 'Object Repository/Results/span_pro Person  1785' is present

2018-04-11 10:06:58 - [TEST_STEP][PASSED] - closeBrowser: Browser is closed

2018-04-11 10:06:58 - [MESSAGE][PASSED] - Browser is closed]]></system-out>
         <system-err><![CDATA[]]></system-err>
      </testcase>
      <testcase name="Test Cases/IUT/EWS/Resultpage/Search Wizard _ verify elements present" classname="Test Cases/IUT/EWS/Resultpage/Search Wizard _ verify elements present" status="FAILED">
         <failure type="FAILED" message="Unable to verify object 'Object Repository/Resultpage/label_Unbegrenzt Kaffee und Te' is present (Root cause: com.kms.katalon.core.webui.exception.WebElementNotFoundException: Web element with id: 'Object Repository/Resultpage/label_Unbegrenzt Kaffee und Te' located by 'By.xpath: //label[(text() = '
                                                                                                
                                                                                               Unbegrenzt Kaffee und Tee' or . = '
                                                                                                
                                                                                               Unbegrenzt Kaffee und Tee')]' not found)"/>
         <system-out><![CDATA[2018-04-11 10:06:58 - [TEST_CASE][FAILED] - Test Cases/IUT/EWS/Resultpage/Search Wizard _ verify elements present: Test Cases/IUT/EWS/Resultpage/Search Wizard _ verify elements present FAILED because (of) Unable to verify object 'Object Repository/Resultpage/label_Unbegrenzt Kaffee und Te' is present (Root cause: com.kms.katalon.core.webui.exception.WebElementNotFoundException: Web element with id: 'Object Repository/Resultpage/label_Unbegrenzt Kaffee und Te' located by 'By.xpath: //label[(text() = '
                                                                                                
                                                                                               Unbegrenzt Kaffee und Tee' or . = '
                                                                                                
                                                                                               Unbegrenzt Kaffee und Tee')]' not found)

2018-04-11 10:06:59 - [TEST_STEP][PASSED] - openBrowser: Browser is opened with url: 'https://meetingmarket-iut.de/suche/'

2018-04-11 10:07:08 - [MESSAGE][PASSED] - Browser is opened with url: 'https://meetingmarket-iut.de/suche/'

2018-04-11 10:07:08 - [TEST_STEP][PASSED] - setViewPortSize: Viewport is set to new size with width = 1280 and height = 768

2018-04-11 10:07:10 - [MESSAGE][PASSED] - Viewport is set to new size with width = 1280 and height = 768

2018-04-11 10:07:10 - [TEST_STEP][PASSED] - delay: Delayed 5 second(s)

2018-04-11 10:07:15 - [MESSAGE][PASSED] - Delayed 5 second(s)

2018-04-11 10:07:15 - [TEST_STEP][PASSED] - verifyElementPresent: Object 'Object Repository/Resultpage/span_Ich suche' is present

2018-04-11 10:07:15 - [MESSAGE][WARNING] - Timeout '0' is invalid. Using default page load timeout: '30'

2018-04-11 10:07:15 - [MESSAGE][PASSED] - Object 'Object Repository/Resultpage/span_Ich suche' is present

2018-04-11 10:07:15 - [TEST_STEP][PASSED] - verifyElementPresent: Object 'Object Repository/Resultpage/a_Tagungsraum mit bernachtung' is present

2018-04-11 10:07:15 - [MESSAGE][WARNING] - Timeout '0' is invalid. Using default page load timeout: '30'

2018-04-11 10:07:16 - [MESSAGE][PASSED] - Object 'Object Repository/Resultpage/a_Tagungsraum mit bernachtung' is present

2018-04-11 10:07:16 - [TEST_STEP][PASSED] - verifyElementPresent: Object 'Object Repository/Resultpage/a_Tagungsraum ohne bernachtung' is present

2018-04-11 10:07:16 - [MESSAGE][WARNING] - Timeout '0' is invalid. Using default page load timeout: '30'

2018-04-11 10:07:16 - [MESSAGE][PASSED] - Object 'Object Repository/Resultpage/a_Tagungsraum ohne bernachtung' is present

2018-04-11 10:07:16 - [TEST_STEP][PASSED] - verifyElementPresent: Object 'Object Repository/Resultpage/span_Ort und Termin' is present

2018-04-11 10:07:16 - [MESSAGE][WARNING] - Timeout '0' is invalid. Using default page load timeout: '30'

2018-04-11 10:07:16 - [MESSAGE][PASSED] - Object 'Object Repository/Resultpage/span_Ort und Termin' is present

2018-04-11 10:07:16 - [TEST_STEP][PASSED] - verifyElementPresent: Object 'Object Repository/Resultpage/div_Berlin' is present

2018-04-11 10:07:16 - [MESSAGE][WARNING] - Timeout '0' is invalid. Using default page load timeout: '30'

2018-04-11 10:07:17 - [MESSAGE][PASSED] - Object 'Object Repository/Resultpage/div_Berlin' is present

2018-04-11 10:07:17 - [TEST_STEP][PASSED] - verifyElementPresent: Object 'Object Repository/Resultpage/input_f-date' is present

2018-04-11 10:07:17 - [MESSAGE][WARNING] - Timeout '0' is invalid. Using default page load timeout: '30'

2018-04-11 10:07:17 - [MESSAGE][PASSED] - Object 'Object Repository/Resultpage/input_f-date' is present

2018-04-11 10:07:17 - [TEST_STEP][PASSED] - verifyElementPresent: Object 'Object Repository/Resultpage/div_1 Tag' is present

2018-04-11 10:07:17 - [MESSAGE][WARNING] - Timeout '0' is invalid. Using default page load timeout: '30'

2018-04-11 10:07:18 - [MESSAGE][PASSED] - Object 'Object Repository/Resultpage/div_1 Tag' is present

2018-04-11 10:07:18 - [TEST_STEP][PASSED] - verifyElementPresent: Object 'Object Repository/Resultpage/span_Rume' is present

2018-04-11 10:07:18 - [MESSAGE][WARNING] - Timeout '0' is invalid. Using default page load timeout: '30'

2018-04-11 10:07:18 - [MESSAGE][PASSED] - Object 'Object Repository/Resultpage/span_Rume' is present

2018-04-11 10:07:18 - [TEST_STEP][PASSED] - verifyElementPresent: Object 'Object Repository/Resultpage/div_1 Raum' is present

2018-04-11 10:07:18 - [MESSAGE][WARNING] - Timeout '0' is invalid. Using default page load timeout: '30'

2018-04-11 10:07:18 - [MESSAGE][PASSED] - Object 'Object Repository/Resultpage/div_1 Raum' is present

2018-04-11 10:07:18 - [TEST_STEP][PASSED] - verifyElementPresent: Object 'Object Repository/Resultpage/input_members' is present

2018-04-11 10:07:18 - [MESSAGE][WARNING] - Timeout '0' is invalid. Using default page load timeout: '30'

2018-04-11 10:07:19 - [MESSAGE][PASSED] - Object 'Object Repository/Resultpage/input_members' is present

2018-04-11 10:07:19 - [TEST_STEP][PASSED] - verifyElementPresent: Object 'Object Repository/Resultpage/div_Block' is present

2018-04-11 10:07:19 - [MESSAGE][WARNING] - Timeout '0' is invalid. Using default page load timeout: '30'

2018-04-11 10:07:19 - [MESSAGE][PASSED] - Object 'Object Repository/Resultpage/div_Block' is present

2018-04-11 10:07:19 - [TEST_STEP][PASSED] - verifyElementPresent: Object 'Object Repository/Resultpage/div_1 Tag' is present

2018-04-11 10:07:19 - [MESSAGE][WARNING] - Timeout '0' is invalid. Using default page load timeout: '30'

2018-04-11 10:07:19 - [MESSAGE][PASSED] - Object 'Object Repository/Resultpage/div_1 Tag' is present

2018-04-11 10:07:19 - [TEST_STEP][PASSED] - verifyElementPresent: Object 'Object Repository/Resultpage/a_Ausstattung' is present

2018-04-11 10:07:19 - [MESSAGE][WARNING] - Timeout '0' is invalid. Using default page load timeout: '30'

2018-04-11 10:07:19 - [MESSAGE][PASSED] - Object 'Object Repository/Resultpage/a_Ausstattung' is present

2018-04-11 10:07:19 - [TEST_STEP][PASSED] - verifyElementPresent: Object 'Object Repository/Resultpage/div_TippKonfigurieren Sie Auss' is present

2018-04-11 10:07:19 - [MESSAGE][WARNING] - Timeout '0' is invalid. Using default page load timeout: '30'

2018-04-11 10:07:19 - [MESSAGE][PASSED] - Object 'Object Repository/Resultpage/div_TippKonfigurieren Sie Auss' is present

2018-04-11 10:07:19 - [TEST_STEP][PASSED] - verifyElementPresent: Object 'Object Repository/Resultpage/span_Verpflegung' is present

2018-04-11 10:07:19 - [MESSAGE][WARNING] - Timeout '0' is invalid. Using default page load timeout: '30'

2018-04-11 10:07:19 - [MESSAGE][PASSED] - Object 'Object Repository/Resultpage/span_Verpflegung' is present

2018-04-11 10:07:19 - [TEST_STEP][FAILED] - verifyElementPresent: Unable to verify object 'Object Repository/Resultpage/label_Unbegrenzt Kaffee und Te' is present (Root cause: com.kms.katalon.core.webui.exception.WebElementNotFoundException: Web element with id: 'Object Repository/Resultpage/label_Unbegrenzt Kaffee und Te' located by 'By.xpath: //label[(text() = '
                                                                                                
                                                                                               Unbegrenzt Kaffee und Tee' or . = '
                                                                                                
                                                                                               Unbegrenzt Kaffee und Tee')]' not found)

2018-04-11 10:07:19 - [MESSAGE][WARNING] - Timeout '0' is invalid. Using default page load timeout: '30'

2018-04-11 10:07:53 - [MESSAGE][FAILED] - com.kms.katalon.core.webui.exception.WebElementNotFoundException: Web element with id: 'Object Repository/Resultpage/label_Unbegrenzt Kaffee und Te' located by 'By.xpath: //label[(text() = '
                                                                                                
                                                                                               Unbegrenzt Kaffee und Tee' or . = '
                                                                                                
                                                                                               Unbegrenzt Kaffee und Tee')]' not found
[[ATTACHMENT|C:\\qagmm\\Selenium\\MICE-POC\\Smoketest\\Reports\\Smoketest_IUT\\20180411_100447\\1523434073642.png]]

2018-04-11 10:07:54 - [MESSAGE][FAILED] - Unable to verify object 'Object Repository/Resultpage/label_Unbegrenzt Kaffee und Te' is present (Root cause: com.kms.katalon.core.webui.exception.WebElementNotFoundException: Web element with id: 'Object Repository/Resultpage/label_Unbegrenzt Kaffee und Te' located by 'By.xpath: //label[(text() = '
                                                                                                
                                                                                               Unbegrenzt Kaffee und Tee' or . = '
                                                                                                
                                                                                               Unbegrenzt Kaffee und Tee')]' not found)
[[ATTACHMENT|C:\\qagmm\\Selenium\\MICE-POC\\Smoketest\\Reports\\Smoketest_IUT\\20180411_100447\\1523434073970.png]]]]></system-out>
         <system-err><![CDATA[2018-04-11 10:06:58 - [TEST_CASE][FAILED] - Test Cases/IUT/EWS/Resultpage/Search Wizard _ verify elements present: Test Cases/IUT/EWS/Resultpage/Search Wizard _ verify elements present FAILED because (of) Unable to verify object 'Object Repository/Resultpage/label_Unbegrenzt Kaffee und Te' is present (Root cause: com.kms.katalon.core.webui.exception.WebElementNotFoundException: Web element with id: 'Object Repository/Resultpage/label_Unbegrenzt Kaffee und Te' located by 'By.xpath: //label[(text() = '
                                                                                                
                                                                                               Unbegrenzt Kaffee und Tee' or . = '
                                                                                                
                                                                                               Unbegrenzt Kaffee und Tee')]' not found)]]></system-err>
      </testcase>
      <testcase name="Test Cases/IUT/EWS/Header/Check Elements in Header" classname="Test Cases/IUT/EWS/Header/Check Elements in Header" status="PASSED">
         <system-out><![CDATA[2018-04-11 10:07:54 - [TEST_CASE][PASSED] - Test Cases/IUT/EWS/Header/Check Elements in Header: Test Cases/IUT/EWS/Header/Check Elements in Header

2018-04-11 10:07:54 - [TEST_STEP][PASSED] - openBrowser: Browser is opened with url: 'https://meetingmarket-iut.de/suche/'

2018-04-11 10:07:54 - [MESSAGE][WARNING] - A browser is already opened. Closing browser and opening a new one

2018-04-11 10:08:04 - [MESSAGE][PASSED] - Browser is opened with url: 'https://meetingmarket-iut.de/suche/'

2018-04-11 10:08:04 - [TEST_STEP][PASSED] - setViewPortSize: Viewport is set to new size with width = 1280 and height = 768

2018-04-11 10:08:06 - [MESSAGE][PASSED] - Viewport is set to new size with width = 1280 and height = 768

2018-04-11 10:08:06 - [TEST_STEP][PASSED] - delay: Delayed 5 second(s)

2018-04-11 10:08:11 - [MESSAGE][PASSED] - Delayed 5 second(s)

2018-04-11 10:08:11 - [TEST_STEP][PASSED] - verifyElementPresent: Object 'Object Repository/Header/a_LogoLink' is present

2018-04-11 10:08:11 - [MESSAGE][WARNING] - Timeout '0' is invalid. Using default page load timeout: '30'

2018-04-11 10:08:11 - [MESSAGE][PASSED] - Object 'Object Repository/Header/a_LogoLink' is present

2018-04-11 10:08:11 - [TEST_STEP][PASSED] - verifyElementPresent: Object 'Object Repository/Header/div_Favoriten' is present

2018-04-11 10:08:11 - [MESSAGE][WARNING] - Timeout '0' is invalid. Using default page load timeout: '30'

2018-04-11 10:08:11 - [MESSAGE][PASSED] - Object 'Object Repository/Header/div_Favoriten' is present

2018-04-11 10:08:11 - [TEST_STEP][PASSED] - verifyElementPresent: Object 'Object Repository/Header/div_Navigation' is present

2018-04-11 10:08:11 - [MESSAGE][WARNING] - Timeout '0' is invalid. Using default page load timeout: '30'

2018-04-11 10:08:11 - [MESSAGE][PASSED] - Object 'Object Repository/Header/div_Navigation' is present

2018-04-11 10:08:11 - [TEST_STEP][PASSED] - click: Object: 'Object Repository/Header/div_Favoriten' is clicked on

2018-04-11 10:08:13 - [MESSAGE][PASSED] - Object: 'Object Repository/Header/div_Favoriten' is clicked on

2018-04-11 10:08:13 - [TEST_STEP][PASSED] - verifyElementPresent: Object 'Object Repository/Header/div_In den Ergebnissen einfach' is present

2018-04-11 10:08:13 - [MESSAGE][WARNING] - Timeout '0' is invalid. Using default page load timeout: '30'

2018-04-11 10:08:13 - [MESSAGE][PASSED] - Object 'Object Repository/Header/div_In den Ergebnissen einfach' is present

2018-04-11 10:08:13 - [TEST_STEP][PASSED] - click: Object: 'Object Repository/Header/div_Favoriten' is clicked on

2018-04-11 10:08:14 - [MESSAGE][PASSED] - Object: 'Object Repository/Header/div_Favoriten' is clicked on

2018-04-11 10:08:14 - [TEST_STEP][PASSED] - click: Object: 'Object Repository/Header/div_Navigation' is clicked on

2018-04-11 10:08:15 - [MESSAGE][PASSED] - Object: 'Object Repository/Header/div_Navigation' is clicked on

2018-04-11 10:08:15 - [TEST_STEP][PASSED] - verifyElementPresent: Object 'Object Repository/Header/div_close' is present

2018-04-11 10:08:15 - [MESSAGE][WARNING] - Timeout '0' is invalid. Using default page load timeout: '30'

2018-04-11 10:08:15 - [MESSAGE][PASSED] - Object 'Object Repository/Header/div_close' is present

2018-04-11 10:08:15 - [TEST_STEP][PASSED] - verifyElementPresent: Object 'Object Repository/Header/a_Buchungsportal' is present

2018-04-11 10:08:15 - [MESSAGE][WARNING] - Timeout '0' is invalid. Using default page load timeout: '30'

2018-04-11 10:08:15 - [MESSAGE][PASSED] - Object 'Object Repository/Header/a_Buchungsportal' is present

2018-04-11 10:08:15 - [TEST_STEP][PASSED] - verifyElementPresent: Object 'Object Repository/Header/a_Kontakt' is present

2018-04-11 10:08:15 - [MESSAGE][WARNING] - Timeout '0' is invalid. Using default page load timeout: '30'

2018-04-11 10:08:15 - [MESSAGE][PASSED] - Object 'Object Repository/Header/a_Kontakt' is present

2018-04-11 10:08:15 - [TEST_STEP][PASSED] - verifyElementPresent: Object 'Object Repository/Header/a_Fragen  Antworten' is present

2018-04-11 10:08:15 - [MESSAGE][WARNING] - Timeout '0' is invalid. Using default page load timeout: '30'

2018-04-11 10:08:16 - [MESSAGE][PASSED] - Object 'Object Repository/Header/a_Fragen  Antworten' is present

2018-04-11 10:08:16 - [TEST_STEP][PASSED] - verifyElementPresent: Object 'Object Repository/Header/a_So funktionierts' is present

2018-04-11 10:08:16 - [MESSAGE][WARNING] - Timeout '0' is invalid. Using default page load timeout: '30'

2018-04-11 10:08:16 - [MESSAGE][PASSED] - Object 'Object Repository/Header/a_So funktionierts' is present

2018-04-11 10:08:16 - [TEST_STEP][PASSED] - verifyElementPresent: Object 'Object Repository/Header/a_ber uns' is present

2018-04-11 10:08:16 - [MESSAGE][WARNING] - Timeout '0' is invalid. Using default page load timeout: '30'

2018-04-11 10:08:16 - [MESSAGE][PASSED] - Object 'Object Repository/Header/a_ber uns' is present

2018-04-11 10:08:16 - [TEST_STEP][PASSED] - verifyElementPresent: Object 'Object Repository/Header/a_Impressum' is present

2018-04-11 10:08:16 - [MESSAGE][WARNING] - Timeout '0' is invalid. Using default page load timeout: '30'

2018-04-11 10:08:16 - [MESSAGE][PASSED] - Object 'Object Repository/Header/a_Impressum' is present

2018-04-11 10:08:16 - [TEST_STEP][PASSED] - verifyElementPresent: Object 'Object Repository/Header/a_Datenschutz' is present

2018-04-11 10:08:16 - [MESSAGE][WARNING] - Timeout '0' is invalid. Using default page load timeout: '30'

2018-04-11 10:08:16 - [MESSAGE][PASSED] - Object 'Object Repository/Header/a_Datenschutz' is present

2018-04-11 10:08:16 - [TEST_STEP][PASSED] - verifyElementPresent: Object 'Object Repository/Header/p_49 (0)761  217 15 300' is present

2018-04-11 10:08:17 - [MESSAGE][WARNING] - Timeout '0' is invalid. Using default page load timeout: '30'

2018-04-11 10:08:17 - [MESSAGE][PASSED] - Object 'Object Repository/Header/p_49 (0)761  217 15 300' is present

2018-04-11 10:08:17 - [TEST_STEP][PASSED] - closeBrowser: Browser is closed

2018-04-11 10:08:18 - [MESSAGE][PASSED] - Browser is closed]]></system-out>
         <system-err><![CDATA[]]></system-err>
      </testcase>
      <testcase name="Test Cases/IUT/EWS/Detailpage/Verify elements on detailpage" classname="Test Cases/IUT/EWS/Detailpage/Verify elements on detailpage" status="FAILED">
         <failure type="FAILED" message="Unable to verify object 'Object Repository/Detailpage/div_Ich suche' is present (Root cause: com.kms.katalon.core.webui.exception.WebElementNotFoundException: Web element with id: 'Object Repository/Detailpage/div_Ich suche' located by 'By.xpath: //div[(text() = '
            
                
                    
                    
                        

                            
                                
                                    Ich suche
                                
                                
                                    
                                    
                                        Tagungsraum ohne Übernachtung
                                        Tagungsraum mit Übernachtung
                                        Nur Übernachtung
                                    

                                

                                
                            
                            
                                
                                    
                                        Termin
                                    
                                    
                                        
	Berlin
	Bremen
	Dresden
	Düsseldorf
	Frankfurt am Main
	Hamburg
	Hannover
	Köln
	Leipzig
	Mannheim
	München
	Nürnberg
	Potsdam
	Stuttgart
	Regional-Deutschland
BerlinBerlinBremenDresdenDüsseldorfFrankfurt am MainHamburgHannoverKölnLeipzigMannheimMünchenNürnbergPotsdamStuttgartRegional-Deutschland
                                        Ort
                                    
                                    
                                        

                                            
                                            
                                                
                                                
                                            

                                            Datum
                                            
                                        
                                        
                                            
                                                Bis zu 4 Stunden
                                                1 Tag
                                                2 Tage
                                                3 Tage
                                            1 TagBis zu 4 Stunden1 Tag2 Tage3 Tage
                                            Dauer
                                        
                                    

                                    
                                
                                

                                    
                                        
                                            Tagesauswahl
                                        
                                        
                                            Tag 1

                                        

                                        
                                    
                                    
                                        
                                            
                                                
                                                
                                                     Tipp:Konfigurieren Sie Ausstattung und Verpflegung und vergleichen Sie direkt alle Hotels.
                                                
                                            
                                        
                                        
                                                
                                                    
                                                        Räume
                                                    
                                                    
                                                        
                                                            1 Raum
                                                            2 Räume
                                                            3 Räume
                                                        1 Raum1 Raum2 Räume3 Räume
                                                        Anzahl Räume
                                                    
                                                
                                                
                                                    
                                                        
                                                    
                                                            
                                                            
                                                                
                                                                    
                                                                        
                                                                            
                                                                            Raum löschen
                                                                        
                                                                    
                                                                    
                                                                    

                                                                        

                                                                        
                                                                            
                                                                            
                                                                            Anzahl Personen
                                                                            
                                                                        
                                                                        
                                                                            
                                                                                Block
                                                                                U-Form
                                                                                Bankett
                                                                                Parlament
                                                                                Reihen
                                                                                Empfang
                                                                                Stuhlkreis
                                                                            BlockBlockU-FormBankettParlamentReihenEmpfangStuhlkreis
                                                                            Bestuhlung des Raums
                                                                        
                                                                        
                                                                            
                                                                                
                                                                                     Ausstattung
                                                                                
                                                                            
                                                                        
                                                                    
                                                                    
                                                                        
                                                                            
                                                                                
                                                                                Wählen Sie Ausstattung und Equipment für Raum 
                                                                            
                                                                            
                                                                                Präsentation &amp; Moderation
                                                                                
                                                                                    
                                                                                                            
                                                                                                            Pinnwand
                                                                                    
                                                                                                            
                                                                                                            Leinwand
                                                                                    
                                                                                                            
                                                                                                            Beamer
                                                                                    
                                                                                                            
                                                                                                            Rednerpult
                                                                                    
                                                                                                            
                                                                                                            Laptop
                                                                                    
                                                                                                            
                                                                                                            Overheadprojektor
                                                                                    
                                                                                                            
                                                                                                            DVD-Player
                                                                                    
                                                                                                            
                                                                                                            Laserpointer
                                                                                    
                                                                                                            
                                                                                                            Flipchart
                                                                                    
                                                                                                            
                                                                                                            TV
                                                                                    
                                                                                                            
                                                                                                            Moderatorenkoffer
                                                                                    
                                                                                                            
                                                                                                            Bildschirm
                                                                                    
                                                                                                            
                                                                                                            Diaprojektor
                                                                                    
                                                                                                            
                                                                                                            Videokamera
                                                                                    
                                                                                                            
                                                                                                            Videorekorder
                                                                                    
                                                                                

                                                                                Tontechnik
                                                                                
                                                                                    
                                                                                                            
                                                                                                            Mikrofon (Kabel)
                                                                                    
                                                                                                            
                                                                                                            Soundanlage (Sprachübertragung)
                                                                                    
                                                                                                            
                                                                                                            Mikrofon (Funk)
                                                                                    
                                                                                                            
                                                                                                            Simultananlage
                                                                                    
                                                                                

                                                                                Telekommunikation
                                                                                
                                                                                    
                                                                                                            
                                                                                                            Internet/LAN
                                                                                    
                                                                                                            
                                                                                                            WIFI/WLAN
                                                                                    
                                                                                                            
                                                                                                            Telefongeräte
                                                                                    
                                                                                                            
                                                                                                            Faxgeräte
                                                                                    
                                                                                                            
                                                                                                            ISDN
                                                                                    
                                                                                

                                                                                Mobiles Büro
                                                                                
                                                                                    
                                                                                                            
                                                                                                            Kopierer
                                                                                    
                                                                                                            
                                                                                                            Schreibpapier
                                                                                    
                                                                                                            
                                                                                                            Briefumschläge
                                                                                    
                                                                                                            
                                                                                                            Kugelschreiber
                                                                                    
                                                                                

                                                                                Bühnentechnik
                                                                                
                                                                                    
                                                                                                            
                                                                                                            Podeste
                                                                                    
                                                                                                            
                                                                                                            Bühne
                                                                                    
                                                                                                            
                                                                                                            Scheinwerfer
                                                                                    
                                                                                                            
                                                                                                            Stellwände
                                                                                    
                                                                                                            
                                                                                                            Verdunkelung
                                                                                    
                                                                                
                                                                                
                                                                                    Übernehmen
                                                                                
                                                                                
                                                                            
                                                                        
                                                                    
                                                                
                                                            
                                                            
                                                        

                                                
                                                
                                                    
                                                    
                                                         Verpflegung

                                                        
                                                            
                                                                
                                                                    
                                                                                                
                                                                                               Unbegrenzt Kaffee und Tee
                                                                    
                                                                                                
                                                                                               Snack / Imbiss
                                                                    
                                                                                                
                                                                                               Mittagessen
                                                                
                                                                
                                                                     Mehr
                                                                
                                                                
                                                                    
                                                                        
                                                                            
                                                                            Wählen Sie Ihre Verpflegung
                                                                        
                                                                        
                                                                            
                                                                                Mahlzeiten
                                                                                
                                                                                                            
                                                                                                            Mittagessen
                                                                                
                                                                                
                                                                                                            
                                                                                                            Abendessen
                                                                                
                                                                            
                                                                            
                                                                                
                                                                                    Getränke
                                                                                    
                                                                                                                
                                                                                                                1 Getränk pro Teilnehmer
                                                                                    
                                                                                                                
                                                                                                                2 Getränke pro Teilnehmer
                                                                                    
                                                                                                                
                                                                                                                3 Getränke pro Teilnehmer
                                                                                    
                                                                                                                
                                                                                                                Unbegrenzt Getränke pro Teilnehmer
                                                                                    
                                                                                
                                                                                
                                                                                    Kaffeepausen
                                                                                    
                                                                                                                
                                                                                                                1x Kaffeepause
                                                                                    
                                                                                                                
                                                                                                                2x Kaffeepause
                                                                                    
                                                                                                                
                                                                                                                3x Kaffeepause
                                                                                    
                                                                                                                
                                                                                                                Unbegrenzt Kaffee und Tee
                                                                                    
                                                                                

                                                                                
                                                                                    Snack / Imbiss
                                                                                    
                                                                                                                
                                                                                                                1x Snack / Imbiss
                                                                                    
                                                                                                                
                                                                                                                2x Snack / Imbiss
                                                                                    
                                                                                

                                                                                
                                                                                    Sonstiges
                                                                                    
                                                                                                                
                                                                                                                Sektempfang
                                                                                    
                                                                                
                                                                            

                                                                            
                                                                            
                                                                                Übernehmen
                                                                            
                                                                        
                                                                    
                                                                
                                                            
                                                        
                                                    
                                                    
                                                        
                                                        Extras

                                                        
                                                            
                                                                
                                                               Pausen- / Gruppenraum

                                                        

                                                    
                                                
                                            
                                    
                                
                                
                                    
                                        
                                        
                                            
                                                Übernachtung
                                            
                                        
                                        
                                            
                                                
                                                    
                                                        


                                                                
                                                                    
                                                                        
                                                                            
                                                                            Übernachtung löschen
                                                                        
                                                                    
                                                                    
                                                                        
                                                                            
                                                                                
                                                                                
                                                                            
                                                                            
                                                                            Anreise

                                                                        
                                                                    
                                                                    
                                                                        
                                                                            
                                                                                                                                                               
																				
                                                                            
                                                                            
                                                                            Abreise

                                                                        
                                                                    
                                                                    
                                                                        

                                                                            
                                                                            

                                                                            Einzelzimmer
                                                                            
                                                                        
                                                                    
                                                                    
                                                                        

                                                                            
                                                                            

                                                                            Doppelzimmer
                                                                            
                                                                        
                                                                    
                                                                    
                                                                        
                                                                            
                                                                            Frühstück
                                                                    
                                                                    
                                                                

                                                            
                                                    

                                                    
                                                		
                                                             Weiterer Zeitraum
        
                                                        
                                                    
                                                    



                                                
                                            
                                        
                                    
                                
                            
                        
                    
                
            ' or . = '
            
                
                    
                    
                        

                            
                                
                                    Ich suche
                                
                                
                                    
                                    
                                        Tagungsraum ohne Übernachtung
                                        Tagungsraum mit Übernachtung
                                        Nur Übernachtung
                                    

                                

                                
                            
                            
                                
                                    
                                        Termin
                                    
                                    
                                        
	Berlin
	Bremen
	Dresden
	Düsseldorf
	Frankfurt am Main
	Hamburg
	Hannover
	Köln
	Leipzig
	Mannheim
	München
	Nürnberg
	Potsdam
	Stuttgart
	Regional-Deutschland
BerlinBerlinBremenDresdenDüsseldorfFrankfurt am MainHamburgHannoverKölnLeipzigMannheimMünchenNürnbergPotsdamStuttgartRegional-Deutschland
                                        Ort
                                    
                                    
                                        

                                            
                                            
                                                
                                                
                                            

                                            Datum
                                            
                                        
                                        
                                            
                                                Bis zu 4 Stunden
                                                1 Tag
                                                2 Tage
                                                3 Tage
                                            1 TagBis zu 4 Stunden1 Tag2 Tage3 Tage
                                            Dauer
                                        
                                    

                                    
                                
                                

                                    
                                        
                                            Tagesauswahl
                                        
                                        
                                            Tag 1

                                        

                                        
                                    
                                    
                                        
                                            
                                                
                                                
                                                     Tipp:Konfigurieren Sie Ausstattung und Verpflegung und vergleichen Sie direkt alle Hotels.
                                                
                                            
                                        
                                        
                                                
                                                    
                                                        Räume
                                                    
                                                    
                                                        
                                                            1 Raum
                                                            2 Räume
                                                            3 Räume
                                                        1 Raum1 Raum2 Räume3 Räume
                                                        Anzahl Räume
                                                    
                                                
                                                
                                                    
                                                        
                                                    
                                                            
                                                            
                                                                
                                                                    
                                                                        
                                                                            
                                                                            Raum löschen
                                                                        
                                                                    
                                                                    
                                                                    

                                                                        

                                                                        
                                                                            
                                                                            
                                                                            Anzahl Personen
                                                                            
                                                                        
                                                                        
                                                                            
                                                                                Block
                                                                                U-Form
                                                                                Bankett
                                                                                Parlament
                                                                                Reihen
                                                                                Empfang
                                                                                Stuhlkreis
                                                                            BlockBlockU-FormBankettParlamentReihenEmpfangStuhlkreis
                                                                            Bestuhlung des Raums
                                                                        
                                                                        
                                                                            
                                                                                
                                                                                     Ausstattung
                                                                                
                                                                            
                                                                        
                                                                    
                                                                    
                                                                        
                                                                            
                                                                                
                                                                                Wählen Sie Ausstattung und Equipment für Raum 
                                                                            
                                                                            
                                                                                Präsentation &amp; Moderation
                                                                                
                                                                                    
                                                                                                            
                                                                                                            Pinnwand
                                                                                    
                                                                                                            
                                                                                                            Leinwand
                                                                                    
                                                                                                            
                                                                                                            Beamer
                                                                                    
                                                                                                            
                                                                                                            Rednerpult
                                                                                    
                                                                                                            
                                                                                                            Laptop
                                                                                    
                                                                                                            
                                                                                                            Overheadprojektor
                                                                                    
                                                                                                            
                                                                                                            DVD-Player
                                                                                    
                                                                                                            
                                                                                                            Laserpointer
                                                                                    
                                                                                                            
                                                                                                            Flipchart
                                                                                    
                                                                                                            
                                                                                                            TV
                                                                                    
                                                                                                            
                                                                                                            Moderatorenkoffer
                                                                                    
                                                                                                            
                                                                                                            Bildschirm
                                                                                    
                                                                                                            
                                                                                                            Diaprojektor
                                                                                    
                                                                                                            
                                                                                                            Videokamera
                                                                                    
                                                                                                            
                                                                                                            Videorekorder
                                                                                    
                                                                                

                                                                                Tontechnik
                                                                                
                                                                                    
                                                                                                            
                                                                                                            Mikrofon (Kabel)
                                                                                    
                                                                                                            
                                                                                                            Soundanlage (Sprachübertragung)
                                                                                    
                                                                                                            
                                                                                                            Mikrofon (Funk)
                                                                                    
                                                                                                            
                                                                                                            Simultananlage
                                                                                    
                                                                                

                                                                                Telekommunikation
                                                                                
                                                                                    
                                                                                                            
                                                                                                            Internet/LAN
                                                                                    
                                                                                                            
                                                                                                            WIFI/WLAN
                                                                                    
                                                                                                            
                                                                                                            Telefongeräte
                                                                                    
                                                                                                            
                                                                                                            Faxgeräte
                                                                                    
                                                                                                            
                                                                                                            ISDN
                                                                                    
                                                                                

                                                                                Mobiles Büro
                                                                                
                                                                                    
                                                                                                            
                                                                                                            Kopierer
                                                                                    
                                                                                                            
                                                                                                            Schreibpapier
                                                                                    
                                                                                                            
                                                                                                            Briefumschläge
                                                                                    
                                                                                                            
                                                                                                            Kugelschreiber
                                                                                    
                                                                                

                                                                                Bühnentechnik
                                                                                
                                                                                    
                                                                                                            
                                                                                                            Podeste
                                                                                    
                                                                                                            
                                                                                                            Bühne
                                                                                    
                                                                                                            
                                                                                                            Scheinwerfer
                                                                                    
                                                                                                            
                                                                                                            Stellwände
                                                                                    
                                                                                                            
                                                                                                            Verdunkelung
                                                                                    
                                                                                
                                                                                
                                                                                    Übernehmen
                                                                                
                                                                                
                                                                            
                                                                        
                                                                    
                                                                
                                                            
                                                            
                                                        

                                                
                                                
                                                    
                                                    
                                                         Verpflegung

                                                        
                                                            
                                                                
                                                                    
                                                                                                
                                                                                               Unbegrenzt Kaffee und Tee
                                                                    
                                                                                                
                                                                                               Snack / Imbiss
                                                                    
                                                                                                
                                                                                               Mittagessen
                                                                
                                                                
                                                                     Mehr
                                                                
                                                                
                                                                    
                                                                        
                                                                            
                                                                            Wählen Sie Ihre Verpflegung
                                                                        
                                                                        
                                                                            
                                                                                Mahlzeiten
                                                                                
                                                                                                            
                                                                                                            Mittagessen
                                                                                
                                                                                
                                                                                                            
                                                                                                            Abendessen
                                                                                
                                                                            
                                                                            
                                                                                
                                                                                    Getränke
                                                                                    
                                                                                                                
                                                                                                                1 Getränk pro Teilnehmer
                                                                                    
                                                                                                                
                                                                                                                2 Getränke pro Teilnehmer
                                                                                    
                                                                                                                
                                                                                                                3 Getränke pro Teilnehmer
                                                                                    
                                                                                                                
                                                                                                                Unbegrenzt Getränke pro Teilnehmer
                                                                                    
                                                                                
                                                                                
                                                                                    Kaffeepausen
                                                                                    
                                                                                                                
                                                                                                                1x Kaffeepause
                                                                                    
                                                                                                                
                                                                                                                2x Kaffeepause
                                                                                    
                                                                                                                
                                                                                                                3x Kaffeepause
                                                                                    
                                                                                                                
                                                                                                                Unbegrenzt Kaffee und Tee
                                                                                    
                                                                                

                                                                                
                                                                                    Snack / Imbiss
                                                                                    
                                                                                                                
                                                                                                                1x Snack / Imbiss
                                                                                    
                                                                                                                
                                                                                                                2x Snack / Imbiss
                                                                                    
                                                                                

                                                                                
                                                                                    Sonstiges
                                                                                    
                                                                                                                
                                                                                                                Sektempfang
                                                                                    
                                                                                
                                                                            

                                                                            
                                                                            
                                                                                Übernehmen
                                                                            
                                                                        
                                                                    
                                                                
                                                            
                                                        
                                                    
                                                    
                                                        
                                                        Extras

                                                        
                                                            
                                                                
                                                               Pausen- / Gruppenraum

                                                        

                                                    
                                                
                                            
                                    
                                
                                
                                    
                                        
                                        
                                            
                                                Übernachtung
                                            
                                        
                                        
                                            
                                                
                                                    
                                                        


                                                                
                                                                    
                                                                        
                                                                            
                                                                            Übernachtung löschen
                                                                        
                                                                    
                                                                    
                                                                        
                                                                            
                                                                                
                                                                                
                                                                            
                                                                            
                                                                            Anreise

                                                                        
                                                                    
                                                                    
                                                                        
                                                                            
                                                                                                                                                               
																				
                                                                            
                                                                            
                                                                            Abreise

                                                                        
                                                                    
                                                                    
                                                                        

                                                                            
                                                                            

                                                                            Einzelzimmer
                                                                            
                                                                        
                                                                    
                                                                    
                                                                        

                                                                            
                                                                            

                                                                            Doppelzimmer
                                                                            
                                                                        
                                                                    
                                                                    
                                                                        
                                                                            
                                                                            Frühstück
                                                                    
                                                                    
                                                                

                                                            
                                                    

                                                    
                                                		
                                                             Weiterer Zeitraum
        
                                                        
                                                    
                                                    



                                                
                                            
                                        
                                    
                                
                            
                        
                    
                
            ')]' not found)"/>
         <system-out><![CDATA[2018-04-11 10:08:18 - [TEST_CASE][FAILED] - Test Cases/IUT/EWS/Detailpage/Verify elements on detailpage: Test Cases/IUT/EWS/Detailpage/Verify elements on detailpage FAILED because (of) Unable to verify object 'Object Repository/Detailpage/div_Ich suche' is present (Root cause: com.kms.katalon.core.webui.exception.WebElementNotFoundException: Web element with id: 'Object Repository/Detailpage/div_Ich suche' located by 'By.xpath: //div[(text() = '
            
                
                    
                    
                        

                            
                                
                                    Ich suche
                                
                                
                                    
                                    
                                        Tagungsraum ohne Übernachtung
                                        Tagungsraum mit Übernachtung
                                        Nur Übernachtung
                                    

                                

                                
                            
                            
                                
                                    
                                        Termin
                                    
                                    
                                        
	Berlin
	Bremen
	Dresden
	Düsseldorf
	Frankfurt am Main
	Hamburg
	Hannover
	Köln
	Leipzig
	Mannheim
	München
	Nürnberg
	Potsdam
	Stuttgart
	Regional-Deutschland
BerlinBerlinBremenDresdenDüsseldorfFrankfurt am MainHamburgHannoverKölnLeipzigMannheimMünchenNürnbergPotsdamStuttgartRegional-Deutschland
                                        Ort
                                    
                                    
                                        

                                            
                                            
                                                
                                                
                                            

                                            Datum
                                            
                                        
                                        
                                            
                                                Bis zu 4 Stunden
                                                1 Tag
                                                2 Tage
                                                3 Tage
                                            1 TagBis zu 4 Stunden1 Tag2 Tage3 Tage
                                            Dauer
                                        
                                    

                                    
                                
                                

                                    
                                        
                                            Tagesauswahl
                                        
                                        
                                            Tag 1

                                        

                                        
                                    
                                    
                                        
                                            
                                                
                                                
                                                     Tipp:Konfigurieren Sie Ausstattung und Verpflegung und vergleichen Sie direkt alle Hotels.
                                                
                                            
                                        
                                        
                                                
                                                    
                                                        Räume
                                                    
                                                    
                                                        
                                                            1 Raum
                                                            2 Räume
                                                            3 Räume
                                                        1 Raum1 Raum2 Räume3 Räume
                                                        Anzahl Räume
                                                    
                                                
                                                
                                                    
                                                        
                                                    
                                                            
                                                            
                                                                
                                                                    
                                                                        
                                                                            
                                                                            Raum löschen
                                                                        
                                                                    
                                                                    
                                                                    

                                                                        

                                                                        
                                                                            
                                                                            
                                                                            Anzahl Personen
                                                                            
                                                                        
                                                                        
                                                                            
                                                                                Block
                                                                                U-Form
                                                                                Bankett
                                                                                Parlament
                                                                                Reihen
                                                                                Empfang
                                                                                Stuhlkreis
                                                                            BlockBlockU-FormBankettParlamentReihenEmpfangStuhlkreis
                                                                            Bestuhlung des Raums
                                                                        
                                                                        
                                                                            
                                                                                
                                                                                     Ausstattung
                                                                                
                                                                            
                                                                        
                                                                    
                                                                    
                                                                        
                                                                            
                                                                                
                                                                                Wählen Sie Ausstattung und Equipment für Raum 
                                                                            
                                                                            
                                                                                Präsentation & Moderation
                                                                                
                                                                                    
                                                                                                            
                                                                                                            Pinnwand
                                                                                    
                                                                                                            
                                                                                                            Leinwand
                                                                                    
                                                                                                            
                                                                                                            Beamer
                                                                                    
                                                                                                            
                                                                                                            Rednerpult
                                                                                    
                                                                                                            
                                                                                                            Laptop
                                                                                    
                                                                                                            
                                                                                                            Overheadprojektor
                                                                                    
                                                                                                            
                                                                                                            DVD-Player
                                                                                    
                                                                                                            
                                                                                                            Laserpointer
                                                                                    
                                                                                                            
                                                                                                            Flipchart
                                                                                    
                                                                                                            
                                                                                                            TV
                                                                                    
                                                                                                            
                                                                                                            Moderatorenkoffer
                                                                                    
                                                                                                            
                                                                                                            Bildschirm
                                                                                    
                                                                                                            
                                                                                                            Diaprojektor
                                                                                    
                                                                                                            
                                                                                                            Videokamera
                                                                                    
                                                                                                            
                                                                                                            Videorekorder
                                                                                    
                                                                                

                                                                                Tontechnik
                                                                                
                                                                                    
                                                                                                            
                                                                                                            Mikrofon (Kabel)
                                                                                    
                                                                                                            
                                                                                                            Soundanlage (Sprachübertragung)
                                                                                    
                                                                                                            
                                                                                                            Mikrofon (Funk)
                                                                                    
                                                                                                            
                                                                                                            Simultananlage
                                                                                    
                                                                                

                                                                                Telekommunikation
                                                                                
                                                                                    
                                                                                                            
                                                                                                            Internet/LAN
                                                                                    
                                                                                                            
                                                                                                            WIFI/WLAN
                                                                                    
                                                                                                            
                                                                                                            Telefongeräte
                                                                                    
                                                                                                            
                                                                                                            Faxgeräte
                                                                                    
                                                                                                            
                                                                                                            ISDN
                                                                                    
                                                                                

                                                                                Mobiles Büro
                                                                                
                                                                                    
                                                                                                            
                                                                                                            Kopierer
                                                                                    
                                                                                                            
                                                                                                            Schreibpapier
                                                                                    
                                                                                                            
                                                                                                            Briefumschläge
                                                                                    
                                                                                                            
                                                                                                            Kugelschreiber
                                                                                    
                                                                                

                                                                                Bühnentechnik
                                                                                
                                                                                    
                                                                                                            
                                                                                                            Podeste
                                                                                    
                                                                                                            
                                                                                                            Bühne
                                                                                    
                                                                                                            
                                                                                                            Scheinwerfer
                                                                                    
                                                                                                            
                                                                                                            Stellwände
                                                                                    
                                                                                                            
                                                                                                            Verdunkelung
                                                                                    
                                                                                
                                                                                
                                                                                    Übernehmen
                                                                                
                                                                                
                                                                            
                                                                        
                                                                    
                                                                
                                                            
                                                            
                                                        

                                                
                                                
                                                    
                                                    
                                                         Verpflegung

                                                        
                                                            
                                                                
                                                                    
                                                                                                
                                                                                               Unbegrenzt Kaffee und Tee
                                                                    
                                                                                                
                                                                                               Snack / Imbiss
                                                                    
                                                                                                
                                                                                               Mittagessen
                                                                
                                                                
                                                                     Mehr
                                                                
                                                                
                                                                    
                                                                        
                                                                            
                                                                            Wählen Sie Ihre Verpflegung
                                                                        
                                                                        
                                                                            
                                                                                Mahlzeiten
                                                                                
                                                                                                            
                                                                                                            Mittagessen
                                                                                
                                                                                
                                                                                                            
                                                                                                            Abendessen
                                                                                
                                                                            
                                                                            
                                                                                
                                                                                    Getränke
                                                                                    
                                                                                                                
                                                                                                                1 Getränk pro Teilnehmer
                                                                                    
                                                                                                                
                                                                                                                2 Getränke pro Teilnehmer
                                                                                    
                                                                                                                
                                                                                                                3 Getränke pro Teilnehmer
                                                                                    
                                                                                                                
                                                                                                                Unbegrenzt Getränke pro Teilnehmer
                                                                                    
                                                                                
                                                                                
                                                                                    Kaffeepausen
                                                                                    
                                                                                                                
                                                                                                                1x Kaffeepause
                                                                                    
                                                                                                                
                                                                                                                2x Kaffeepause
                                                                                    
                                                                                                                
                                                                                                                3x Kaffeepause
                                                                                    
                                                                                                                
                                                                                                                Unbegrenzt Kaffee und Tee
                                                                                    
                                                                                

                                                                                
                                                                                    Snack / Imbiss
                                                                                    
                                                                                                                
                                                                                                                1x Snack / Imbiss
                                                                                    
                                                                                                                
                                                                                                                2x Snack / Imbiss
                                                                                    
                                                                                

                                                                                
                                                                                    Sonstiges
                                                                                    
                                                                                                                
                                                                                                                Sektempfang
                                                                                    
                                                                                
                                                                            

                                                                            
                                                                            
                                                                                Übernehmen
                                                                            
                                                                        
                                                                    
                                                                
                                                            
                                                        
                                                    
                                                    
                                                        
                                                        Extras

                                                        
                                                            
                                                                
                                                               Pausen- / Gruppenraum

                                                        

                                                    
                                                
                                            
                                    
                                
                                
                                    
                                        
                                        
                                            
                                                Übernachtung
                                            
                                        
                                        
                                            
                                                
                                                    
                                                        


                                                                
                                                                    
                                                                        
                                                                            
                                                                            Übernachtung löschen
                                                                        
                                                                    
                                                                    
                                                                        
                                                                            
                                                                                
                                                                                
                                                                            
                                                                            
                                                                            Anreise

                                                                        
                                                                    
                                                                    
                                                                        
                                                                            
                                                                                                                                                               
																				
                                                                            
                                                                            
                                                                            Abreise

                                                                        
                                                                    
                                                                    
                                                                        

                                                                            
                                                                            

                                                                            Einzelzimmer
                                                                            
                                                                        
                                                                    
                                                                    
                                                                        

                                                                            
                                                                            

                                                                            Doppelzimmer
                                                                            
                                                                        
                                                                    
                                                                    
                                                                        
                                                                            
                                                                            Frühstück
                                                                    
                                                                    
                                                                

                                                            
                                                    

                                                    
                                                		
                                                             Weiterer Zeitraum
        
                                                        
                                                    
                                                    



                                                
                                            
                                        
                                    
                                
                            
                        
                    
                
            ' or . = '
            
                
                    
                    
                        

                            
                                
                                    Ich suche
                                
                                
                                    
                                    
                                        Tagungsraum ohne Übernachtung
                                        Tagungsraum mit Übernachtung
                                        Nur Übernachtung
                                    

                                

                                
                            
                            
                                
                                    
                                        Termin
                                    
                                    
                                        
	Berlin
	Bremen
	Dresden
	Düsseldorf
	Frankfurt am Main
	Hamburg
	Hannover
	Köln
	Leipzig
	Mannheim
	München
	Nürnberg
	Potsdam
	Stuttgart
	Regional-Deutschland
BerlinBerlinBremenDresdenDüsseldorfFrankfurt am MainHamburgHannoverKölnLeipzigMannheimMünchenNürnbergPotsdamStuttgartRegional-Deutschland
                                        Ort
                                    
                                    
                                        

                                            
                                            
                                                
                                                
                                            

                                            Datum
                                            
                                        
                                        
                                            
                                                Bis zu 4 Stunden
                                                1 Tag
                                                2 Tage
                                                3 Tage
                                            1 TagBis zu 4 Stunden1 Tag2 Tage3 Tage
                                            Dauer
                                        
                                    

                                    
                                
                                

                                    
                                        
                                            Tagesauswahl
                                        
                                        
                                            Tag 1

                                        

                                        
                                    
                                    
                                        
                                            
                                                
                                                
                                                     Tipp:Konfigurieren Sie Ausstattung und Verpflegung und vergleichen Sie direkt alle Hotels.
                                                
                                            
                                        
                                        
                                                
                                                    
                                                        Räume
                                                    
                                                    
                                                        
                                                            1 Raum
                                                            2 Räume
                                                            3 Räume
                                                        1 Raum1 Raum2 Räume3 Räume
                                                        Anzahl Räume
                                                    
                                                
                                                
                                                    
                                                        
                                                    
                                                            
                                                            
                                                                
                                                                    
                                                                        
                                                                            
                                                                            Raum löschen
                                                                        
                                                                    
                                                                    
                                                                    

                                                                        

                                                                        
                                                                            
                                                                            
                                                                            Anzahl Personen
                                                                            
                                                                        
                                                                        
                                                                            
                                                                                Block
                                                                                U-Form
                                                                                Bankett
                                                                                Parlament
                                                                                Reihen
                                                                                Empfang
                                                                                Stuhlkreis
                                                                            BlockBlockU-FormBankettParlamentReihenEmpfangStuhlkreis
                                                                            Bestuhlung des Raums
                                                                        
                                                                        
                                                                            
                                                                                
                                                                                     Ausstattung
                                                                                
                                                                            
                                                                        
                                                                    
                                                                    
                                                                        
                                                                            
                                                                                
                                                                                Wählen Sie Ausstattung und Equipment für Raum 
                                                                            
                                                                            
                                                                                Präsentation & Moderation
                                                                                
                                                                                    
                                                                                                            
                                                                                                            Pinnwand
                                                                                    
                                                                                                            
                                                                                                            Leinwand
                                                                                    
                                                                                                            
                                                                                                            Beamer
                                                                                    
                                                                                                            
                                                                                                            Rednerpult
                                                                                    
                                                                                                            
                                                                                                            Laptop
                                                                                    
                                                                                                            
                                                                                                            Overheadprojektor
                                                                                    
                                                                                                            
                                                                                                            DVD-Player
                                                                                    
                                                                                                            
                                                                                                            Laserpointer
                                                                                    
                                                                                                            
                                                                                                            Flipchart
                                                                                    
                                                                                                            
                                                                                                            TV
                                                                                    
                                                                                                            
                                                                                                            Moderatorenkoffer
                                                                                    
                                                                                                            
                                                                                                            Bildschirm
                                                                                    
                                                                                                            
                                                                                                            Diaprojektor
                                                                                    
                                                                                                            
                                                                                                            Videokamera
                                                                                    
                                                                                                            
                                                                                                            Videorekorder
                                                                                    
                                                                                

                                                                                Tontechnik
                                                                                
                                                                                    
                                                                                                            
                                                                                                            Mikrofon (Kabel)
                                                                                    
                                                                                                            
                                                                                                            Soundanlage (Sprachübertragung)
                                                                                    
                                                                                                            
                                                                                                            Mikrofon (Funk)
                                                                                    
                                                                                                            
                                                                                                            Simultananlage
                                                                                    
                                                                                

                                                                                Telekommunikation
                                                                                
                                                                                    
                                                                                                            
                                                                                                            Internet/LAN
                                                                                    
                                                                                                            
                                                                                                            WIFI/WLAN
                                                                                    
                                                                                                            
                                                                                                            Telefongeräte
                                                                                    
                                                                                                            
                                                                                                            Faxgeräte
                                                                                    
                                                                                                            
                                                                                                            ISDN
                                                                                    
                                                                                

                                                                                Mobiles Büro
                                                                                
                                                                                    
                                                                                                            
                                                                                                            Kopierer
                                                                                    
                                                                                                            
                                                                                                            Schreibpapier
                                                                                    
                                                                                                            
                                                                                                            Briefumschläge
                                                                                    
                                                                                                            
                                                                                                            Kugelschreiber
                                                                                    
                                                                                

                                                                                Bühnentechnik
                                                                                
                                                                                    
                                                                                                            
                                                                                                            Podeste
                                                                                    
                                                                                                            
                                                                                                            Bühne
                                                                                    
                                                                                                            
                                                                                                            Scheinwerfer
                                                                                    
                                                                                                            
                                                                                                            Stellwände
                                                                                    
                                                                                                            
                                                                                                            Verdunkelung
                                                                                    
                                                                                
                                                                                
                                                                                    Übernehmen
                                                                                
                                                                                
                                                                            
                                                                        
                                                                    
                                                                
                                                            
                                                            
                                                        

                                                
                                                
                                                    
                                                    
                                                         Verpflegung

                                                        
                                                            
                                                                
                                                                    
                                                                                                
                                                                                               Unbegrenzt Kaffee und Tee
                                                                    
                                                                                                
                                                                                               Snack / Imbiss
                                                                    
                                                                                                
                                                                                               Mittagessen
                                                                
                                                                
                                                                     Mehr
                                                                
                                                                
                                                                    
                                                                        
                                                                            
                                                                            Wählen Sie Ihre Verpflegung
                                                                        
                                                                        
                                                                            
                                                                                Mahlzeiten
                                                                                
                                                                                                            
                                                                                                            Mittagessen
                                                                                
                                                                                
                                                                                                            
                                                                                                            Abendessen
                                                                                
                                                                            
                                                                            
                                                                                
                                                                                    Getränke
                                                                                    
                                                                                                                
                                                                                                                1 Getränk pro Teilnehmer
                                                                                    
                                                                                                                
                                                                                                                2 Getränke pro Teilnehmer
                                                                                    
                                                                                                                
                                                                                                                3 Getränke pro Teilnehmer
                                                                                    
                                                                                                                
                                                                                                                Unbegrenzt Getränke pro Teilnehmer
                                                                                    
                                                                                
                                                                                
                                                                                    Kaffeepausen
                                                                                    
                                                                                                                
                                                                                                                1x Kaffeepause
                                                                                    
                                                                                                                
                                                                                                                2x Kaffeepause
                                                                                    
                                                                                                                
                                                                                                                3x Kaffeepause
                                                                                    
                                                                                                                
                                                                                                                Unbegrenzt Kaffee und Tee
                                                                                    
                                                                                

                                                                                
                                                                                    Snack / Imbiss
                                                                                    
                                                                                                                
                                                                                                                1x Snack / Imbiss
                                                                                    
                                                                                                                
                                                                                                                2x Snack / Imbiss
                                                                                    
                                                                                

                                                                                
                                                                                    Sonstiges
                                                                                    
                                                                                                                
                                                                                                                Sektempfang
                                                                                    
                                                                                
                                                                            

                                                                            
                                                                            
                                                                                Übernehmen
                                                                            
                                                                        
                                                                    
                                                                
                                                            
                                                        
                                                    
                                                    
                                                        
                                                        Extras

                                                        
                                                            
                                                                
                                                               Pausen- / Gruppenraum

                                                        

                                                    
                                                
                                            
                                    
                                
                                
                                    
                                        
                                        
                                            
                                                Übernachtung
                                            
                                        
                                        
                                            
                                                
                                                    
                                                        


                                                                
                                                                    
                                                                        
                                                                            
                                                                            Übernachtung löschen
                                                                        
                                                                    
                                                                    
                                                                        
                                                                            
                                                                                
                                                                                
                                                                            
                                                                            
                                                                            Anreise

                                                                        
                                                                    
                                                                    
                                                                        
                                                                            
                                                                                                                                                               
																				
                                                                            
                                                                            
                                                                            Abreise

                                                                        
                                                                    
                                                                    
                                                                        

                                                                            
                                                                            

                                                                            Einzelzimmer
                                                                            
                                                                        
                                                                    
                                                                    
                                                                        

                                                                            
                                                                            

                                                                            Doppelzimmer
                                                                            
                                                                        
                                                                    
                                                                    
                                                                        
                                                                            
                                                                            Frühstück
                                                                    
                                                                    
                                                                

                                                            
                                                    

                                                    
                                                		
                                                             Weiterer Zeitraum
        
                                                        
                                                    
                                                    



                                                
                                            
                                        
                                    
                                
                            
                        
                    
                
            ')]' not found)

2018-04-11 10:08:18 - [TEST_STEP][PASSED] - openBrowser: Browser is opened with url: 'https://meetingmarket-iut.de/suche/'

2018-04-11 10:08:27 - [MESSAGE][PASSED] - Browser is opened with url: 'https://meetingmarket-iut.de/suche/'

2018-04-11 10:08:27 - [TEST_STEP][PASSED] - setViewPortSize: Viewport is set to new size with width = 1280 and height = 768

2018-04-11 10:08:29 - [MESSAGE][PASSED] - Viewport is set to new size with width = 1280 and height = 768

2018-04-11 10:08:29 - [TEST_STEP][PASSED] - delay: Delayed 2 second(s)

2018-04-11 10:08:31 - [MESSAGE][PASSED] - Delayed 2 second(s)

2018-04-11 10:08:31 - [TEST_STEP][PASSED] - click: Object: 'Object Repository/Detailpage/h6_Hotel Art Nouveau' is clicked on

2018-04-11 10:08:39 - [MESSAGE][PASSED] - Object: 'Object Repository/Detailpage/h6_Hotel Art Nouveau' is clicked on

2018-04-11 10:08:39 - [TEST_STEP][PASSED] - verifyElementPresent: Object 'Object Repository/Detailpage/a_ButtonClose' is present

2018-04-11 10:08:39 - [MESSAGE][WARNING] - Timeout '0' is invalid. Using default page load timeout: '30'

2018-04-11 10:08:39 - [MESSAGE][PASSED] - Object 'Object Repository/Detailpage/a_ButtonClose' is present

2018-04-11 10:08:39 - [TEST_STEP][PASSED] - verifyElementPresent: Object 'Object Repository/Detailpage/span_Victors Residenz-Hotel Be' is present

2018-04-11 10:08:39 - [MESSAGE][WARNING] - Timeout '0' is invalid. Using default page load timeout: '30'

2018-04-11 10:08:39 - [MESSAGE][PASSED] - Object 'Object Repository/Detailpage/span_Victors Residenz-Hotel Be' is present

2018-04-11 10:08:39 - [TEST_STEP][PASSED] - verifyElementPresent: Object 'Object Repository/Detailpage/div_' is present

2018-04-11 10:08:39 - [MESSAGE][WARNING] - Timeout '0' is invalid. Using default page load timeout: '30'

2018-04-11 10:08:39 - [MESSAGE][PASSED] - Object 'Object Repository/Detailpage/div_' is present

2018-04-11 10:08:39 - [TEST_STEP][PASSED] - verifyElementPresent: Object 'Object Repository/Detailpage/p_Am Friedrichshain 17 - 10407' is present

2018-04-11 10:08:39 - [MESSAGE][WARNING] - Timeout '0' is invalid. Using default page load timeout: '30'

2018-04-11 10:08:39 - [MESSAGE][PASSED] - Object 'Object Repository/Detailpage/p_Am Friedrichshain 17 - 10407' is present

2018-04-11 10:08:39 - [TEST_STEP][PASSED] - verifyElementPresent: Object 'Object Repository/Detailpage/span_Karte anzeigen' is present

2018-04-11 10:08:39 - [MESSAGE][WARNING] - Timeout '0' is invalid. Using default page load timeout: '30'

2018-04-11 10:08:39 - [MESSAGE][PASSED] - Object 'Object Repository/Detailpage/span_Karte anzeigen' is present

2018-04-11 10:08:39 - [TEST_STEP][PASSED] - verifyElementPresent: Object 'Object Repository/Detailpage/p_1113 verifizierte Bewertunge' is present

2018-04-11 10:08:39 - [MESSAGE][WARNING] - Timeout '0' is invalid. Using default page load timeout: '30'

2018-04-11 10:08:39 - [MESSAGE][PASSED] - Object 'Object Repository/Detailpage/p_1113 verifizierte Bewertunge' is present

2018-04-11 10:08:39 - [TEST_STEP][PASSED] - verifyElementPresent: Object 'Object Repository/Detailpage/div_HotelHeaderImage' is present

2018-04-11 10:08:40 - [MESSAGE][WARNING] - Timeout '0' is invalid. Using default page load timeout: '30'

2018-04-11 10:08:40 - [MESSAGE][PASSED] - Object 'Object Repository/Detailpage/div_HotelHeaderImage' is present

2018-04-11 10:08:40 - [TEST_STEP][PASSED] - verifyElementPresent: Object 'Object Repository/Detailpage/h3_Konfigurieren Sie Ihr Event' is present

2018-04-11 10:08:40 - [MESSAGE][WARNING] - Timeout '0' is invalid. Using default page load timeout: '30'

2018-04-11 10:08:40 - [MESSAGE][PASSED] - Object 'Object Repository/Detailpage/h3_Konfigurieren Sie Ihr Event' is present

2018-04-11 10:08:40 - [TEST_STEP][PASSED] - verifyElementPresent: Object 'Object Repository/Detailpage/span_Ihr Gesamtpreis' is present

2018-04-11 10:08:40 - [MESSAGE][WARNING] - Timeout '0' is invalid. Using default page load timeout: '30'

2018-04-11 10:08:40 - [MESSAGE][PASSED] - Object 'Object Repository/Detailpage/span_Ihr Gesamtpreis' is present

2018-04-11 10:08:40 - [TEST_STEP][FAILED] - verifyElementPresent: Unable to verify object 'Object Repository/Detailpage/div_Ich suche' is present (Root cause: com.kms.katalon.core.webui.exception.WebElementNotFoundException: Web element with id: 'Object Repository/Detailpage/div_Ich suche' located by 'By.xpath: //div[(text() = '
            
                
                    
                    
                        

                            
                                
                                    Ich suche
                                
                                
                                    
                                    
                                        Tagungsraum ohne Übernachtung
                                        Tagungsraum mit Übernachtung
                                        Nur Übernachtung
                                    

                                

                                
                            
                            
                                
                                    
                                        Termin
                                    
                                    
                                        
	Berlin
	Bremen
	Dresden
	Düsseldorf
	Frankfurt am Main
	Hamburg
	Hannover
	Köln
	Leipzig
	Mannheim
	München
	Nürnberg
	Potsdam
	Stuttgart
	Regional-Deutschland
BerlinBerlinBremenDresdenDüsseldorfFrankfurt am MainHamburgHannoverKölnLeipzigMannheimMünchenNürnbergPotsdamStuttgartRegional-Deutschland
                                        Ort
                                    
                                    
                                        

                                            
                                            
                                                
                                                
                                            

                                            Datum
                                            
                                        
                                        
                                            
                                                Bis zu 4 Stunden
                                                1 Tag
                                                2 Tage
                                                3 Tage
                                            1 TagBis zu 4 Stunden1 Tag2 Tage3 Tage
                                            Dauer
                                        
                                    

                                    
                                
                                

                                    
                                        
                                            Tagesauswahl
                                        
                                        
                                            Tag 1

                                        

                                        
                                    
                                    
                                        
                                            
                                                
                                                
                                                     Tipp:Konfigurieren Sie Ausstattung und Verpflegung und vergleichen Sie direkt alle Hotels.
                                                
                                            
                                        
                                        
                                                
                                                    
                                                        Räume
                                                    
                                                    
                                                        
                                                            1 Raum
                                                            2 Räume
                                                            3 Räume
                                                        1 Raum1 Raum2 Räume3 Räume
                                                        Anzahl Räume
                                                    
                                                
                                                
                                                    
                                                        
                                                    
                                                            
                                                            
                                                                
                                                                    
                                                                        
                                                                            
                                                                            Raum löschen
                                                                        
                                                                    
                                                                    
                                                                    

                                                                        

                                                                        
                                                                            
                                                                            
                                                                            Anzahl Personen
                                                                            
                                                                        
                                                                        
                                                                            
                                                                                Block
                                                                                U-Form
                                                                                Bankett
                                                                                Parlament
                                                                                Reihen
                                                                                Empfang
                                                                                Stuhlkreis
                                                                            BlockBlockU-FormBankettParlamentReihenEmpfangStuhlkreis
                                                                            Bestuhlung des Raums
                                                                        
                                                                        
                                                                            
                                                                                
                                                                                     Ausstattung
                                                                                
                                                                            
                                                                        
                                                                    
                                                                    
                                                                        
                                                                            
                                                                                
                                                                                Wählen Sie Ausstattung und Equipment für Raum 
                                                                            
                                                                            
                                                                                Präsentation & Moderation
                                                                                
                                                                                    
                                                                                                            
                                                                                                            Pinnwand
                                                                                    
                                                                                                            
                                                                                                            Leinwand
                                                                                    
                                                                                                            
                                                                                                            Beamer
                                                                                    
                                                                                                            
                                                                                                            Rednerpult
                                                                                    
                                                                                                            
                                                                                                            Laptop
                                                                                    
                                                                                                            
                                                                                                            Overheadprojektor
                                                                                    
                                                                                                            
                                                                                                            DVD-Player
                                                                                    
                                                                                                            
                                                                                                            Laserpointer
                                                                                    
                                                                                                            
                                                                                                            Flipchart
                                                                                    
                                                                                                            
                                                                                                            TV
                                                                                    
                                                                                                            
                                                                                                            Moderatorenkoffer
                                                                                    
                                                                                                            
                                                                                                            Bildschirm
                                                                                    
                                                                                                            
                                                                                                            Diaprojektor
                                                                                    
                                                                                                            
                                                                                                            Videokamera
                                                                                    
                                                                                                            
                                                                                                            Videorekorder
                                                                                    
                                                                                

                                                                                Tontechnik
                                                                                
                                                                                    
                                                                                                            
                                                                                                            Mikrofon (Kabel)
                                                                                    
                                                                                                            
                                                                                                            Soundanlage (Sprachübertragung)
                                                                                    
                                                                                                            
                                                                                                            Mikrofon (Funk)
                                                                                    
                                                                                                            
                                                                                                            Simultananlage
                                                                                    
                                                                                

                                                                                Telekommunikation
                                                                                
                                                                                    
                                                                                                            
                                                                                                            Internet/LAN
                                                                                    
                                                                                                            
                                                                                                            WIFI/WLAN
                                                                                    
                                                                                                            
                                                                                                            Telefongeräte
                                                                                    
                                                                                                            
                                                                                                            Faxgeräte
                                                                                    
                                                                                                            
                                                                                                            ISDN
                                                                                    
                                                                                

                                                                                Mobiles Büro
                                                                                
                                                                                    
                                                                                                            
                                                                                                            Kopierer
                                                                                    
                                                                                                            
                                                                                                            Schreibpapier
                                                                                    
                                                                                                            
                                                                                                            Briefumschläge
                                                                                    
                                                                                                            
                                                                                                            Kugelschreiber
                                                                                    
                                                                                

                                                                                Bühnentechnik
                                                                                
                                                                                    
                                                                                                            
                                                                                                            Podeste
                                                                                    
                                                                                                            
                                                                                                            Bühne
                                                                                    
                                                                                                            
                                                                                                            Scheinwerfer
                                                                                    
                                                                                                            
                                                                                                            Stellwände
                                                                                    
                                                                                                            
                                                                                                            Verdunkelung
                                                                                    
                                                                                
                                                                                
                                                                                    Übernehmen
                                                                                
                                                                                
                                                                            
                                                                        
                                                                    
                                                                
                                                            
                                                            
                                                        

                                                
                                                
                                                    
                                                    
                                                         Verpflegung

                                                        
                                                            
                                                                
                                                                    
                                                                                                
                                                                                               Unbegrenzt Kaffee und Tee
                                                                    
                                                                                                
                                                                                               Snack / Imbiss
                                                                    
                                                                                                
                                                                                               Mittagessen
                                                                
                                                                
                                                                     Mehr
                                                                
                                                                
                                                                    
                                                                        
                                                                            
                                                                            Wählen Sie Ihre Verpflegung
                                                                        
                                                                        
                                                                            
                                                                                Mahlzeiten
                                                                                
                                                                                                            
                                                                                                            Mittagessen
                                                                                
                                                                                
                                                                                                            
                                                                                                            Abendessen
                                                                                
                                                                            
                                                                            
                                                                                
                                                                                    Getränke
                                                                                    
                                                                                                                
                                                                                                                1 Getränk pro Teilnehmer
                                                                                    
                                                                                                                
                                                                                                                2 Getränke pro Teilnehmer
                                                                                    
                                                                                                                
                                                                                                                3 Getränke pro Teilnehmer
                                                                                    
                                                                                                                
                                                                                                                Unbegrenzt Getränke pro Teilnehmer
                                                                                    
                                                                                
                                                                                
                                                                                    Kaffeepausen
                                                                                    
                                                                                                                
                                                                                                                1x Kaffeepause
                                                                                    
                                                                                                                
                                                                                                                2x Kaffeepause
                                                                                    
                                                                                                                
                                                                                                                3x Kaffeepause
                                                                                    
                                                                                                                
                                                                                                                Unbegrenzt Kaffee und Tee
                                                                                    
                                                                                

                                                                                
                                                                                    Snack / Imbiss
                                                                                    
                                                                                                                
                                                                                                                1x Snack / Imbiss
                                                                                    
                                                                                                                
                                                                                                                2x Snack / Imbiss
                                                                                    
                                                                                

                                                                                
                                                                                    Sonstiges
                                                                                    
                                                                                                                
                                                                                                                Sektempfang
                                                                                    
                                                                                
                                                                            

                                                                            
                                                                            
                                                                                Übernehmen
                                                                            
                                                                        
                                                                    
                                                                
                                                            
                                                        
                                                    
                                                    
                                                        
                                                        Extras

                                                        
                                                            
                                                                
                                                               Pausen- / Gruppenraum

                                                        

                                                    
                                                
                                            
                                    
                                
                                
                                    
                                        
                                        
                                            
                                                Übernachtung
                                            
                                        
                                        
                                            
                                                
                                                    
                                                        


                                                                
                                                                    
                                                                        
                                                                            
                                                                            Übernachtung löschen
                                                                        
                                                                    
                                                                    
                                                                        
                                                                            
                                                                                
                                                                                
                                                                            
                                                                            
                                                                            Anreise

                                                                        
                                                                    
                                                                    
                                                                        
                                                                            
                                                                                                                                                               
																				
                                                                            
                                                                            
                                                                            Abreise

                                                                        
                                                                    
                                                                    
                                                                        

                                                                            
                                                                            

                                                                            Einzelzimmer
                                                                            
                                                                        
                                                                    
                                                                    
                                                                        

                                                                            
                                                                            

                                                                            Doppelzimmer
                                                                            
                                                                        
                                                                    
                                                                    
                                                                        
                                                                            
                                                                            Frühstück
                                                                    
                                                                    
                                                                

                                                            
                                                    

                                                    
                                                		
                                                             Weiterer Zeitraum
        
                                                        
                                                    
                                                    



                                                
                                            
                                        
                                    
                                
                            
                        
                    
                
            ' or . = '
            
                
                    
                    
                        

                            
                                
                                    Ich suche
                                
                                
                                    
                                    
                                        Tagungsraum ohne Übernachtung
                                        Tagungsraum mit Übernachtung
                                        Nur Übernachtung
                                    

                                

                                
                            
                            
                                
                                    
                                        Termin
                                    
                                    
                                        
	Berlin
	Bremen
	Dresden
	Düsseldorf
	Frankfurt am Main
	Hamburg
	Hannover
	Köln
	Leipzig
	Mannheim
	München
	Nürnberg
	Potsdam
	Stuttgart
	Regional-Deutschland
BerlinBerlinBremenDresdenDüsseldorfFrankfurt am MainHamburgHannoverKölnLeipzigMannheimMünchenNürnbergPotsdamStuttgartRegional-Deutschland
                                        Ort
                                    
                                    
                                        

                                            
                                            
                                                
                                                
                                            

                                            Datum
                                            
                                        
                                        
                                            
                                                Bis zu 4 Stunden
                                                1 Tag
                                                2 Tage
                                                3 Tage
                                            1 TagBis zu 4 Stunden1 Tag2 Tage3 Tage
                                            Dauer
                                        
                                    

                                    
                                
                                

                                    
                                        
                                            Tagesauswahl
                                        
                                        
                                            Tag 1

                                        

                                        
                                    
                                    
                                        
                                            
                                                
                                                
                                                     Tipp:Konfigurieren Sie Ausstattung und Verpflegung und vergleichen Sie direkt alle Hotels.
                                                
                                            
                                        
                                        
                                                
                                                    
                                                        Räume
                                                    
                                                    
                                                        
                                                            1 Raum
                                                            2 Räume
                                                            3 Räume
                                                        1 Raum1 Raum2 Räume3 Räume
                                                        Anzahl Räume
                                                    
                                                
                                                
                                                    
                                                        
                                                    
                                                            
                                                            
                                                                
                                                                    
                                                                        
                                                                            
                                                                            Raum löschen
                                                                        
                                                                    
                                                                    
                                                                    

                                                                        

                                                                        
                                                                            
                                                                            
                                                                            Anzahl Personen
                                                                            
                                                                        
                                                                        
                                                                            
                                                                                Block
                                                                                U-Form
                                                                                Bankett
                                                                                Parlament
                                                                                Reihen
                                                                                Empfang
                                                                                Stuhlkreis
                                                                            BlockBlockU-FormBankettParlamentReihenEmpfangStuhlkreis
                                                                            Bestuhlung des Raums
                                                                        
                                                                        
                                                                            
                                                                                
                                                                                     Ausstattung
                                                                                
                                                                            
                                                                        
                                                                    
                                                                    
                                                                        
                                                                            
                                                                                
                                                                                Wählen Sie Ausstattung und Equipment für Raum 
                                                                            
                                                                            
                                                                                Präsentation & Moderation
                                                                                
                                                                                    
                                                                                                            
                                                                                                            Pinnwand
                                                                                    
                                                                                                            
                                                                                                            Leinwand
                                                                                    
                                                                                                            
                                                                                                            Beamer
                                                                                    
                                                                                                            
                                                                                                            Rednerpult
                                                                                    
                                                                                                            
                                                                                                            Laptop
                                                                                    
                                                                                                            
                                                                                                            Overheadprojektor
                                                                                    
                                                                                                            
                                                                                                            DVD-Player
                                                                                    
                                                                                                            
                                                                                                            Laserpointer
                                                                                    
                                                                                                            
                                                                                                            Flipchart
                                                                                    
                                                                                                            
                                                                                                            TV
                                                                                    
                                                                                                            
                                                                                                            Moderatorenkoffer
                                                                                    
                                                                                                            
                                                                                                            Bildschirm
                                                                                    
                                                                                                            
                                                                                                            Diaprojektor
                                                                                    
                                                                                                            
                                                                                                            Videokamera
                                                                                    
                                                                                                            
                                                                                                            Videorekorder
                                                                                    
                                                                                

                                                                                Tontechnik
                                                                                
                                                                                    
                                                                                                            
                                                                                                            Mikrofon (Kabel)
                                                                                    
                                                                                                            
                                                                                                            Soundanlage (Sprachübertragung)
                                                                                    
                                                                                                            
                                                                                                            Mikrofon (Funk)
                                                                                    
                                                                                                            
                                                                                                            Simultananlage
                                                                                    
                                                                                

                                                                                Telekommunikation
                                                                                
                                                                                    
                                                                                                            
                                                                                                            Internet/LAN
                                                                                    
                                                                                                            
                                                                                                            WIFI/WLAN
                                                                                    
                                                                                                            
                                                                                                            Telefongeräte
                                                                                    
                                                                                                            
                                                                                                            Faxgeräte
                                                                                    
                                                                                                            
                                                                                                            ISDN
                                                                                    
                                                                                

                                                                                Mobiles Büro
                                                                                
                                                                                    
                                                                                                            
                                                                                                            Kopierer
                                                                                    
                                                                                                            
                                                                                                            Schreibpapier
                                                                                    
                                                                                                            
                                                                                                            Briefumschläge
                                                                                    
                                                                                                            
                                                                                                            Kugelschreiber
                                                                                    
                                                                                

                                                                                Bühnentechnik
                                                                                
                                                                                    
                                                                                                            
                                                                                                            Podeste
                                                                                    
                                                                                                            
                                                                                                            Bühne
                                                                                    
                                                                                                            
                                                                                                            Scheinwerfer
                                                                                    
                                                                                                            
                                                                                                            Stellwände
                                                                                    
                                                                                                            
                                                                                                            Verdunkelung
                                                                                    
                                                                                
                                                                                
                                                                                    Übernehmen
                                                                                
                                                                                
                                                                            
                                                                        
                                                                    
                                                                
                                                            
                                                            
                                                        

                                                
                                                
                                                    
                                                    
                                                         Verpflegung

                                                        
                                                            
                                                                
                                                                    
                                                                                                
                                                                                               Unbegrenzt Kaffee und Tee
                                                                    
                                                                                                
                                                                                               Snack / Imbiss
                                                                    
                                                                                                
                                                                                               Mittagessen
                                                                
                                                                
                                                                     Mehr
                                                                
                                                                
                                                                    
                                                                        
                                                                            
                                                                            Wählen Sie Ihre Verpflegung
                                                                        
                                                                        
                                                                            
                                                                                Mahlzeiten
                                                                                
                                                                                                            
                                                                                                            Mittagessen
                                                                                
                                                                                
                                                                                                            
                                                                                                            Abendessen
                                                                                
                                                                            
                                                                            
                                                                                
                                                                                    Getränke
                                                                                    
                                                                                                                
                                                                                                                1 Getränk pro Teilnehmer
                                                                                    
                                                                                                                
                                                                                                                2 Getränke pro Teilnehmer
                                                                                    
                                                                                                                
                                                                                                                3 Getränke pro Teilnehmer
                                                                                    
                                                                                                                
                                                                                                                Unbegrenzt Getränke pro Teilnehmer
                                                                                    
                                                                                
                                                                                
                                                                                    Kaffeepausen
                                                                                    
                                                                                                                
                                                                                                                1x Kaffeepause
                                                                                    
                                                                                                                
                                                                                                                2x Kaffeepause
                                                                                    
                                                                                                                
                                                                                                                3x Kaffeepause
                                                                                    
                                                                                                                
                                                                                                                Unbegrenzt Kaffee und Tee
                                                                                    
                                                                                

                                                                                
                                                                                    Snack / Imbiss
                                                                                    
                                                                                                                
                                                                                                                1x Snack / Imbiss
                                                                                    
                                                                                                                
                                                                                                                2x Snack / Imbiss
                                                                                    
                                                                                

                                                                                
                                                                                    Sonstiges
                                                                                    
                                                                                                                
                                                                                                                Sektempfang
                                                                                    
                                                                                
                                                                            

                                                                            
                                                                            
                                                                                Übernehmen
                                                                            
                                                                        
                                                                    
                                                                
                                                            
                                                        
                                                    
                                                    
                                                        
                                                        Extras

                                                        
                                                            
                                                                
                                                               Pausen- / Gruppenraum

                                                        

                                                    
                                                
                                            
                                    
                                
                                
                                    
                                        
                                        
                                            
                                                Übernachtung
                                            
                                        
                                        
                                            
                                                
                                                    
                                                        


                                                                
                                                                    
                                                                        
                                                                            
                                                                            Übernachtung löschen
                                                                        
                                                                    
                                                                    
                                                                        
                                                                            
                                                                                
                                                                                
                                                                            
                                                                            
                                                                            Anreise

                                                                        
                                                                    
                                                                    
                                                                        
                                                                            
                                                                                                                                                               
																				
                                                                            
                                                                            
                                                                            Abreise

                                                                        
                                                                    
                                                                    
                                                                        

                                                                            
                                                                            

                                                                            Einzelzimmer
                                                                            
                                                                        
                                                                    
                                                                    
                                                                        

                                                                            
                                                                            

                                                                            Doppelzimmer
                                                                            
                                                                        
                                                                    
                                                                    
                                                                        
                                                                            
                                                                            Frühstück
                                                                    
                                                                    
                                                                

                                                            
                                                    

                                                    
                                                		
                                                             Weiterer Zeitraum
        
                                                        
                                                    
                                                    



                                                
                                            
                                        
                                    
                                
                            
                        
                    
                
            ')]' not found)

2018-04-11 10:08:40 - [MESSAGE][WARNING] - Timeout '0' is invalid. Using default page load timeout: '30'

2018-04-11 10:09:13 - [MESSAGE][FAILED] - com.kms.katalon.core.webui.exception.WebElementNotFoundException: Web element with id: 'Object Repository/Detailpage/div_Ich suche' located by 'By.xpath: //div[(text() = '
            
                
                    
                    
                        

                            
                                
                                    Ich suche
                                
                                
                                    
                                    
                                        Tagungsraum ohne Übernachtung
                                        Tagungsraum mit Übernachtung
                                        Nur Übernachtung
                                    

                                

                                
                            
                            
                                
                                    
                                        Termin
                                    
                                    
                                        
	Berlin
	Bremen
	Dresden
	Düsseldorf
	Frankfurt am Main
	Hamburg
	Hannover
	Köln
	Leipzig
	Mannheim
	München
	Nürnberg
	Potsdam
	Stuttgart
	Regional-Deutschland
BerlinBerlinBremenDresdenDüsseldorfFrankfurt am MainHamburgHannoverKölnLeipzigMannheimMünchenNürnbergPotsdamStuttgartRegional-Deutschland
                                        Ort
                                    
                                    
                                        

                                            
                                            
                                                
                                                
                                            

                                            Datum
                                            
                                        
                                        
                                            
                                                Bis zu 4 Stunden
                                                1 Tag
                                                2 Tage
                                                3 Tage
                                            1 TagBis zu 4 Stunden1 Tag2 Tage3 Tage
                                            Dauer
                                        
                                    

                                    
                                
                                

                                    
                                        
                                            Tagesauswahl
                                        
                                        
                                            Tag 1

                                        

                                        
                                    
                                    
                                        
                                            
                                                
                                                
                                                     Tipp:Konfigurieren Sie Ausstattung und Verpflegung und vergleichen Sie direkt alle Hotels.
                                                
                                            
                                        
                                        
                                                
                                                    
                                                        Räume
                                                    
                                                    
                                                        
                                                            1 Raum
                                                            2 Räume
                                                            3 Räume
                                                        1 Raum1 Raum2 Räume3 Räume
                                                        Anzahl Räume
                                                    
                                                
                                                
                                                    
                                                        
                                                    
                                                            
                                                            
                                                                
                                                                    
                                                                        
                                                                            
                                                                            Raum löschen
                                                                        
                                                                    
                                                                    
                                                                    

                                                                        

                                                                        
                                                                            
                                                                            
                                                                            Anzahl Personen
                                                                            
                                                                        
                                                                        
                                                                            
                                                                                Block
                                                                                U-Form
                                                                                Bankett
                                                                                Parlament
                                                                                Reihen
                                                                                Empfang
                                                                                Stuhlkreis
                                                                            BlockBlockU-FormBankettParlamentReihenEmpfangStuhlkreis
                                                                            Bestuhlung des Raums
                                                                        
                                                                        
                                                                            
                                                                                
                                                                                     Ausstattung
                                                                                
                                                                            
                                                                        
                                                                    
                                                                    
                                                                        
                                                                            
                                                                                
                                                                                Wählen Sie Ausstattung und Equipment für Raum 
                                                                            
                                                                            
                                                                                Präsentation & Moderation
                                                                                
                                                                                    
                                                                                                            
                                                                                                            Pinnwand
                                                                                    
                                                                                                            
                                                                                                            Leinwand
                                                                                    
                                                                                                            
                                                                                                            Beamer
                                                                                    
                                                                                                            
                                                                                                            Rednerpult
                                                                                    
                                                                                                            
                                                                                                            Laptop
                                                                                    
                                                                                                            
                                                                                                            Overheadprojektor
                                                                                    
                                                                                                            
                                                                                                            DVD-Player
                                                                                    
                                                                                                            
                                                                                                            Laserpointer
                                                                                    
                                                                                                            
                                                                                                            Flipchart
                                                                                    
                                                                                                            
                                                                                                            TV
                                                                                    
                                                                                                            
                                                                                                            Moderatorenkoffer
                                                                                    
                                                                                                            
                                                                                                            Bildschirm
                                                                                    
                                                                                                            
                                                                                                            Diaprojektor
                                                                                    
                                                                                                            
                                                                                                            Videokamera
                                                                                    
                                                                                                            
                                                                                                            Videorekorder
                                                                                    
                                                                                

                                                                                Tontechnik
                                                                                
                                                                                    
                                                                                                            
                                                                                                            Mikrofon (Kabel)
                                                                                    
                                                                                                            
                                                                                                            Soundanlage (Sprachübertragung)
                                                                                    
                                                                                                            
                                                                                                            Mikrofon (Funk)
                                                                                    
                                                                                                            
                                                                                                            Simultananlage
                                                                                    
                                                                                

                                                                                Telekommunikation
                                                                                
                                                                                    
                                                                                                            
                                                                                                            Internet/LAN
                                                                                    
                                                                                                            
                                                                                                            WIFI/WLAN
                                                                                    
                                                                                                            
                                                                                                            Telefongeräte
                                                                                    
                                                                                                            
                                                                                                            Faxgeräte
                                                                                    
                                                                                                            
                                                                                                            ISDN
                                                                                    
                                                                                

                                                                                Mobiles Büro
                                                                                
                                                                                    
                                                                                                            
                                                                                                            Kopierer
                                                                                    
                                                                                                            
                                                                                                            Schreibpapier
                                                                                    
                                                                                                            
                                                                                                            Briefumschläge
                                                                                    
                                                                                                            
                                                                                                            Kugelschreiber
                                                                                    
                                                                                

                                                                                Bühnentechnik
                                                                                
                                                                                    
                                                                                                            
                                                                                                            Podeste
                                                                                    
                                                                                                            
                                                                                                            Bühne
                                                                                    
                                                                                                            
                                                                                                            Scheinwerfer
                                                                                    
                                                                                                            
                                                                                                            Stellwände
                                                                                    
                                                                                                            
                                                                                                            Verdunkelung
                                                                                    
                                                                                
                                                                                
                                                                                    Übernehmen
                                                                                
                                                                                
                                                                            
                                                                        
                                                                    
                                                                
                                                            
                                                            
                                                        

                                                
                                                
                                                    
                                                    
                                                         Verpflegung

                                                        
                                                            
                                                                
                                                                    
                                                                                                
                                                                                               Unbegrenzt Kaffee und Tee
                                                                    
                                                                                                
                                                                                               Snack / Imbiss
                                                                    
                                                                                                
                                                                                               Mittagessen
                                                                
                                                                
                                                                     Mehr
                                                                
                                                                
                                                                    
                                                                        
                                                                            
                                                                            Wählen Sie Ihre Verpflegung
                                                                        
                                                                        
                                                                            
                                                                                Mahlzeiten
                                                                                
                                                                                                            
                                                                                                            Mittagessen
                                                                                
                                                                                
                                                                                                            
                                                                                                            Abendessen
                                                                                
                                                                            
                                                                            
                                                                                
                                                                                    Getränke
                                                                                    
                                                                                                                
                                                                                                                1 Getränk pro Teilnehmer
                                                                                    
                                                                                                                
                                                                                                                2 Getränke pro Teilnehmer
                                                                                    
                                                                                                                
                                                                                                                3 Getränke pro Teilnehmer
                                                                                    
                                                                                                                
                                                                                                                Unbegrenzt Getränke pro Teilnehmer
                                                                                    
                                                                                
                                                                                
                                                                                    Kaffeepausen
                                                                                    
                                                                                                                
                                                                                                                1x Kaffeepause
                                                                                    
                                                                                                                
                                                                                                                2x Kaffeepause
                                                                                    
                                                                                                                
                                                                                                                3x Kaffeepause
                                                                                    
                                                                                                                
                                                                                                                Unbegrenzt Kaffee und Tee
                                                                                    
                                                                                

                                                                                
                                                                                    Snack / Imbiss
                                                                                    
                                                                                                                
                                                                                                                1x Snack / Imbiss
                                                                                    
                                                                                                                
                                                                                                                2x Snack / Imbiss
                                                                                    
                                                                                

                                                                                
                                                                                    Sonstiges
                                                                                    
                                                                                                                
                                                                                                                Sektempfang
                                                                                    
                                                                                
                                                                            

                                                                            
                                                                            
                                                                                Übernehmen
                                                                            
                                                                        
                                                                    
                                                                
                                                            
                                                        
                                                    
                                                    
                                                        
                                                        Extras

                                                        
                                                            
                                                                
                                                               Pausen- / Gruppenraum

                                                        

                                                    
                                                
                                            
                                    
                                
                                
                                    
                                        
                                        
                                            
                                                Übernachtung
                                            
                                        
                                        
                                            
                                                
                                                    
                                                        


                                                                
                                                                    
                                                                        
                                                                            
                                                                            Übernachtung löschen
                                                                        
                                                                    
                                                                    
                                                                        
                                                                            
                                                                                
                                                                                
                                                                            
                                                                            
                                                                            Anreise

                                                                        
                                                                    
                                                                    
                                                                        
                                                                            
                                                                                                                                                               
																				
                                                                            
                                                                            
                                                                            Abreise

                                                                        
                                                                    
                                                                    
                                                                        

                                                                            
                                                                            

                                                                            Einzelzimmer
                                                                            
                                                                        
                                                                    
                                                                    
                                                                        

                                                                            
                                                                            

                                                                            Doppelzimmer
                                                                            
                                                                        
                                                                    
                                                                    
                                                                        
                                                                            
                                                                            Frühstück
                                                                    
                                                                    
                                                                

                                                            
                                                    

                                                    
                                                		
                                                             Weiterer Zeitraum
        
                                                        
                                                    
                                                    



                                                
                                            
                                        
                                    
                                
                            
                        
                    
                
            ' or . = '
            
                
                    
                    
                        

                            
                                
                                    Ich suche
                                
                                
                                    
                                    
                                        Tagungsraum ohne Übernachtung
                                        Tagungsraum mit Übernachtung
                                        Nur Übernachtung
                                    

                                

                                
                            
                            
                                
                                    
                                        Termin
                                    
                                    
                                        
	Berlin
	Bremen
	Dresden
	Düsseldorf
	Frankfurt am Main
	Hamburg
	Hannover
	Köln
	Leipzig
	Mannheim
	München
	Nürnberg
	Potsdam
	Stuttgart
	Regional-Deutschland
BerlinBerlinBremenDresdenDüsseldorfFrankfurt am MainHamburgHannoverKölnLeipzigMannheimMünchenNürnbergPotsdamStuttgartRegional-Deutschland
                                        Ort
                                    
                                    
                                        

                                            
                                            
                                                
                                                
                                            

                                            Datum
                                            
                                        
                                        
                                            
                                                Bis zu 4 Stunden
                                                1 Tag
                                                2 Tage
                                                3 Tage
                                            1 TagBis zu 4 Stunden1 Tag2 Tage3 Tage
                                            Dauer
                                        
                                    

                                    
                                
                                

                                    
                                        
                                            Tagesauswahl
                                        
                                        
                                            Tag 1

                                        

                                        
                                    
                                    
                                        
                                            
                                                
                                                
                                                     Tipp:Konfigurieren Sie Ausstattung und Verpflegung und vergleichen Sie direkt alle Hotels.
                                                
                                            
                                        
                                        
                                                
                                                    
                                                        Räume
                                                    
                                                    
                                                        
                                                            1 Raum
                                                            2 Räume
                                                            3 Räume
                                                        1 Raum1 Raum2 Räume3 Räume
                                                        Anzahl Räume
                                                    
                                                
                                                
                                                    
                                                        
                                                    
                                                            
                                                            
                                                                
                                                                    
                                                                        
                                                                            
                                                                            Raum löschen
                                                                        
                                                                    
                                                                    
                                                                    

                                                                        

                                                                        
                                                                            
                                                                            
                                                                            Anzahl Personen
                                                                            
                                                                        
                                                                        
                                                                            
                                                                                Block
                                                                                U-Form
                                                                                Bankett
                                                                                Parlament
                                                                                Reihen
                                                                                Empfang
                                                                                Stuhlkreis
                                                                            BlockBlockU-FormBankettParlamentReihenEmpfangStuhlkreis
                                                                            Bestuhlung des Raums
                                                                        
                                                                        
                                                                            
                                                                                
                                                                                     Ausstattung
                                                                                
                                                                            
                                                                        
                                                                    
                                                                    
                                                                        
                                                                            
                                                                                
                                                                                Wählen Sie Ausstattung und Equipment für Raum 
                                                                            
                                                                            
                                                                                Präsentation & Moderation
                                                                                
                                                                                    
                                                                                                            
                                                                                                            Pinnwand
                                                                                    
                                                                                                            
                                                                                                            Leinwand
                                                                                    
                                                                                                            
                                                                                                            Beamer
                                                                                    
                                                                                                            
                                                                                                            Rednerpult
                                                                                    
                                                                                                            
                                                                                                            Laptop
                                                                                    
                                                                                                            
                                                                                                            Overheadprojektor
                                                                                    
                                                                                                            
                                                                                                            DVD-Player
                                                                                    
                                                                                                            
                                                                                                            Laserpointer
                                                                                    
                                                                                                            
                                                                                                            Flipchart
                                                                                    
                                                                                                            
                                                                                                            TV
                                                                                    
                                                                                                            
                                                                                                            Moderatorenkoffer
                                                                                    
                                                                                                            
                                                                                                            Bildschirm
                                                                                    
                                                                                                            
                                                                                                            Diaprojektor
                                                                                    
                                                                                                            
                                                                                                            Videokamera
                                                                                    
                                                                                                            
                                                                                                            Videorekorder
                                                                                    
                                                                                

                                                                                Tontechnik
                                                                                
                                                                                    
                                                                                                            
                                                                                                            Mikrofon (Kabel)
                                                                                    
                                                                                                            
                                                                                                            Soundanlage (Sprachübertragung)
                                                                                    
                                                                                                            
                                                                                                            Mikrofon (Funk)
                                                                                    
                                                                                                            
                                                                                                            Simultananlage
                                                                                    
                                                                                

                                                                                Telekommunikation
                                                                                
                                                                                    
                                                                                                            
                                                                                                            Internet/LAN
                                                                                    
                                                                                                            
                                                                                                            WIFI/WLAN
                                                                                    
                                                                                                            
                                                                                                            Telefongeräte
                                                                                    
                                                                                                            
                                                                                                            Faxgeräte
                                                                                    
                                                                                                            
                                                                                                            ISDN
                                                                                    
                                                                                

                                                                                Mobiles Büro
                                                                                
                                                                                    
                                                                                                            
                                                                                                            Kopierer
                                                                                    
                                                                                                            
                                                                                                            Schreibpapier
                                                                                    
                                                                                                            
                                                                                                            Briefumschläge
                                                                                    
                                                                                                            
                                                                                                            Kugelschreiber
                                                                                    
                                                                                

                                                                                Bühnentechnik
                                                                                
                                                                                    
                                                                                                            
                                                                                                            Podeste
                                                                                    
                                                                                                            
                                                                                                            Bühne
                                                                                    
                                                                                                            
                                                                                                            Scheinwerfer
                                                                                    
                                                                                                            
                                                                                                            Stellwände
                                                                                    
                                                                                                            
                                                                                                            Verdunkelung
                                                                                    
                                                                                
                                                                                
                                                                                    Übernehmen
                                                                                
                                                                                
                                                                            
                                                                        
                                                                    
                                                                
                                                            
                                                            
                                                        

                                                
                                                
                                                    
                                                    
                                                         Verpflegung

                                                        
                                                            
                                                                
                                                                    
                                                                                                
                                                                                               Unbegrenzt Kaffee und Tee
                                                                    
                                                                                                
                                                                                               Snack / Imbiss
                                                                    
                                                                                                
                                                                                               Mittagessen
                                                                
                                                                
                                                                     Mehr
                                                                
                                                                
                                                                    
                                                                        
                                                                            
                                                                            Wählen Sie Ihre Verpflegung
                                                                        
                                                                        
                                                                            
                                                                                Mahlzeiten
                                                                                
                                                                                                            
                                                                                                            Mittagessen
                                                                                
                                                                                
                                                                                                            
                                                                                                            Abendessen
                                                                                
                                                                            
                                                                            
                                                                                
                                                                                    Getränke
                                                                                    
                                                                                                                
                                                                                                                1 Getränk pro Teilnehmer
                                                                                    
                                                                                                                
                                                                                                                2 Getränke pro Teilnehmer
                                                                                    
                                                                                                                
                                                                                                                3 Getränke pro Teilnehmer
                                                                                    
                                                                                                                
                                                                                                                Unbegrenzt Getränke pro Teilnehmer
                                                                                    
                                                                                
                                                                                
                                                                                    Kaffeepausen
                                                                                    
                                                                                                                
                                                                                                                1x Kaffeepause
                                                                                    
                                                                                                                
                                                                                                                2x Kaffeepause
                                                                                    
                                                                                                                
                                                                                                                3x Kaffeepause
                                                                                    
                                                                                                                
                                                                                                                Unbegrenzt Kaffee und Tee
                                                                                    
                                                                                

                                                                                
                                                                                    Snack / Imbiss
                                                                                    
                                                                                                                
                                                                                                                1x Snack / Imbiss
                                                                                    
                                                                                                                
                                                                                                                2x Snack / Imbiss
                                                                                    
                                                                                

                                                                                
                                                                                    Sonstiges
                                                                                    
                                                                                                                
                                                                                                                Sektempfang
                                                                                    
                                                                                
                                                                            

                                                                            
                                                                            
                                                                                Übernehmen
                                                                            
                                                                        
                                                                    
                                                                
                                                            
                                                        
                                                    
                                                    
                                                        
                                                        Extras

                                                        
                                                            
                                                                
                                                               Pausen- / Gruppenraum

                                                        

                                                    
                                                
                                            
                                    
                                
                                
                                    
                                        
                                        
                                            
                                                Übernachtung
                                            
                                        
                                        
                                            
                                                
                                                    
                                                        


                                                                
                                                                    
                                                                        
                                                                            
                                                                            Übernachtung löschen
                                                                        
                                                                    
                                                                    
                                                                        
                                                                            
                                                                                
                                                                                
                                                                            
                                                                            
                                                                            Anreise

                                                                        
                                                                    
                                                                    
                                                                        
                                                                            
                                                                                                                                                               
																				
                                                                            
                                                                            
                                                                            Abreise

                                                                        
                                                                    
                                                                    
                                                                        

                                                                            
                                                                            

                                                                            Einzelzimmer
                                                                            
                                                                        
                                                                    
                                                                    
                                                                        

                                                                            
                                                                            

                                                                            Doppelzimmer
                                                                            
                                                                        
                                                                    
                                                                    
                                                                        
                                                                            
                                                                            Frühstück
                                                                    
                                                                    
                                                                

                                                            
                                                    

                                                    
                                                		
                                                             Weiterer Zeitraum
        
                                                        
                                                    
                                                    



                                                
                                            
                                        
                                    
                                
                            
                        
                    
                
            ')]' not found
[[ATTACHMENT|C:\\qagmm\\Selenium\\MICE-POC\\Smoketest\\Reports\\Smoketest_IUT\\20180411_100447\\1523434152557.png]]

2018-04-11 10:09:13 - [MESSAGE][FAILED] - Unable to verify object 'Object Repository/Detailpage/div_Ich suche' is present (Root cause: com.kms.katalon.core.webui.exception.WebElementNotFoundException: Web element with id: 'Object Repository/Detailpage/div_Ich suche' located by 'By.xpath: //div[(text() = '
            
                
                    
                    
                        

                            
                                
                                    Ich suche
                                
                                
                                    
                                    
                                        Tagungsraum ohne Übernachtung
                                        Tagungsraum mit Übernachtung
                                        Nur Übernachtung
                                    

                                

                                
                            
                            
                                
                                    
                                        Termin
                                    
                                    
                                        
	Berlin
	Bremen
	Dresden
	Düsseldorf
	Frankfurt am Main
	Hamburg
	Hannover
	Köln
	Leipzig
	Mannheim
	München
	Nürnberg
	Potsdam
	Stuttgart
	Regional-Deutschland
BerlinBerlinBremenDresdenDüsseldorfFrankfurt am MainHamburgHannoverKölnLeipzigMannheimMünchenNürnbergPotsdamStuttgartRegional-Deutschland
                                        Ort
                                    
                                    
                                        

                                            
                                            
                                                
                                                
                                            

                                            Datum
                                            
                                        
                                        
                                            
                                                Bis zu 4 Stunden
                                                1 Tag
                                                2 Tage
                                                3 Tage
                                            1 TagBis zu 4 Stunden1 Tag2 Tage3 Tage
                                            Dauer
                                        
                                    

                                    
                                
                                

                                    
                                        
                                            Tagesauswahl
                                        
                                        
                                            Tag 1

                                        

                                        
                                    
                                    
                                        
                                            
                                                
                                                
                                                     Tipp:Konfigurieren Sie Ausstattung und Verpflegung und vergleichen Sie direkt alle Hotels.
                                                
                                            
                                        
                                        
                                                
                                                    
                                                        Räume
                                                    
                                                    
                                                        
                                                            1 Raum
                                                            2 Räume
                                                            3 Räume
                                                        1 Raum1 Raum2 Räume3 Räume
                                                        Anzahl Räume
                                                    
                                                
                                                
                                                    
                                                        
                                                    
                                                            
                                                            
                                                                
                                                                    
                                                                        
                                                                            
                                                                            Raum löschen
                                                                        
                                                                    
                                                                    
                                                                    

                                                                        

                                                                        
                                                                            
                                                                            
                                                                            Anzahl Personen
                                                                            
                                                                        
                                                                        
                                                                            
                                                                                Block
                                                                                U-Form
                                                                                Bankett
                                                                                Parlament
                                                                                Reihen
                                                                                Empfang
                                                                                Stuhlkreis
                                                                            BlockBlockU-FormBankettParlamentReihenEmpfangStuhlkreis
                                                                            Bestuhlung des Raums
                                                                        
                                                                        
                                                                            
                                                                                
                                                                                     Ausstattung
                                                                                
                                                                            
                                                                        
                                                                    
                                                                    
                                                                        
                                                                            
                                                                                
                                                                                Wählen Sie Ausstattung und Equipment für Raum 
                                                                            
                                                                            
                                                                                Präsentation & Moderation
                                                                                
                                                                                    
                                                                                                            
                                                                                                            Pinnwand
                                                                                    
                                                                                                            
                                                                                                            Leinwand
                                                                                    
                                                                                                            
                                                                                                            Beamer
                                                                                    
                                                                                                            
                                                                                                            Rednerpult
                                                                                    
                                                                                                            
                                                                                                            Laptop
                                                                                    
                                                                                                            
                                                                                                            Overheadprojektor
                                                                                    
                                                                                                            
                                                                                                            DVD-Player
                                                                                    
                                                                                                            
                                                                                                            Laserpointer
                                                                                    
                                                                                                            
                                                                                                            Flipchart
                                                                                    
                                                                                                            
                                                                                                            TV
                                                                                    
                                                                                                            
                                                                                                            Moderatorenkoffer
                                                                                    
                                                                                                            
                                                                                                            Bildschirm
                                                                                    
                                                                                                            
                                                                                                            Diaprojektor
                                                                                    
                                                                                                            
                                                                                                            Videokamera
                                                                                    
                                                                                                            
                                                                                                            Videorekorder
                                                                                    
                                                                                

                                                                                Tontechnik
                                                                                
                                                                                    
                                                                                                            
                                                                                                            Mikrofon (Kabel)
                                                                                    
                                                                                                            
                                                                                                            Soundanlage (Sprachübertragung)
                                                                                    
                                                                                                            
                                                                                                            Mikrofon (Funk)
                                                                                    
                                                                                                            
                                                                                                            Simultananlage
                                                                                    
                                                                                

                                                                                Telekommunikation
                                                                                
                                                                                    
                                                                                                            
                                                                                                            Internet/LAN
                                                                                    
                                                                                                            
                                                                                                            WIFI/WLAN
                                                                                    
                                                                                                            
                                                                                                            Telefongeräte
                                                                                    
                                                                                                            
                                                                                                            Faxgeräte
                                                                                    
                                                                                                            
                                                                                                            ISDN
                                                                                    
                                                                                

                                                                                Mobiles Büro
                                                                                
                                                                                    
                                                                                                            
                                                                                                            Kopierer
                                                                                    
                                                                                                            
                                                                                                            Schreibpapier
                                                                                    
                                                                                                            
                                                                                                            Briefumschläge
                                                                                    
                                                                                                            
                                                                                                            Kugelschreiber
                                                                                    
                                                                                

                                                                                Bühnentechnik
                                                                                
                                                                                    
                                                                                                            
                                                                                                            Podeste
                                                                                    
                                                                                                            
                                                                                                            Bühne
                                                                                    
                                                                                                            
                                                                                                            Scheinwerfer
                                                                                    
                                                                                                            
                                                                                                            Stellwände
                                                                                    
                                                                                                            
                                                                                                            Verdunkelung
                                                                                    
                                                                                
                                                                                
                                                                                    Übernehmen
                                                                                
                                                                                
                                                                            
                                                                        
                                                                    
                                                                
                                                            
                                                            
                                                        

                                                
                                                
                                                    
                                                    
                                                         Verpflegung

                                                        
                                                            
                                                                
                                                                    
                                                                                                
                                                                                               Unbegrenzt Kaffee und Tee
                                                                    
                                                                                                
                                                                                               Snack / Imbiss
                                                                    
                                                                                                
                                                                                               Mittagessen
                                                                
                                                                
                                                                     Mehr
                                                                
                                                                
                                                                    
                                                                        
                                                                            
                                                                            Wählen Sie Ihre Verpflegung
                                                                        
                                                                        
                                                                            
                                                                                Mahlzeiten
                                                                                
                                                                                                            
                                                                                                            Mittagessen
                                                                                
                                                                                
                                                                                                            
                                                                                                            Abendessen
                                                                                
                                                                            
                                                                            
                                                                                
                                                                                    Getränke
                                                                                    
                                                                                                                
                                                                                                                1 Getränk pro Teilnehmer
                                                                                    
                                                                                                                
                                                                                                                2 Getränke pro Teilnehmer
                                                                                    
                                                                                                                
                                                                                                                3 Getränke pro Teilnehmer
                                                                                    
                                                                                                                
                                                                                                                Unbegrenzt Getränke pro Teilnehmer
                                                                                    
                                                                                
                                                                                
                                                                                    Kaffeepausen
                                                                                    
                                                                                                                
                                                                                                                1x Kaffeepause
                                                                                    
                                                                                                                
                                                                                                                2x Kaffeepause
                                                                                    
                                                                                                                
                                                                                                                3x Kaffeepause
                                                                                    
                                                                                                                
                                                                                                                Unbegrenzt Kaffee und Tee
                                                                                    
                                                                                

                                                                                
                                                                                    Snack / Imbiss
                                                                                    
                                                                                                                
                                                                                                                1x Snack / Imbiss
                                                                                    
                                                                                                                
                                                                                                                2x Snack / Imbiss
                                                                                    
                                                                                

                                                                                
                                                                                    Sonstiges
                                                                                    
                                                                                                                
                                                                                                                Sektempfang
                                                                                    
                                                                                
                                                                            

                                                                            
                                                                            
                                                                                Übernehmen
                                                                            
                                                                        
                                                                    
                                                                
                                                            
                                                        
                                                    
                                                    
                                                        
                                                        Extras

                                                        
                                                            
                                                                
                                                               Pausen- / Gruppenraum

                                                        

                                                    
                                                
                                            
                                    
                                
                                
                                    
                                        
                                        
                                            
                                                Übernachtung
                                            
                                        
                                        
                                            
                                                
                                                    
                                                        


                                                                
                                                                    
                                                                        
                                                                            
                                                                            Übernachtung löschen
                                                                        
                                                                    
                                                                    
                                                                        
                                                                            
                                                                                
                                                                                
                                                                            
                                                                            
                                                                            Anreise

                                                                        
                                                                    
                                                                    
                                                                        
                                                                            
                                                                                                                                                               
																				
                                                                            
                                                                            
                                                                            Abreise

                                                                        
                                                                    
                                                                    
                                                                        

                                                                            
                                                                            

                                                                            Einzelzimmer
                                                                            
                                                                        
                                                                    
                                                                    
                                                                        

                                                                            
                                                                            

                                                                            Doppelzimmer
                                                                            
                                                                        
                                                                    
                                                                    
                                                                        
                                                                            
                                                                            Frühstück
                                                                    
                                                                    
                                                                

                                                            
                                                    

                                                    
                                                		
                                                             Weiterer Zeitraum
        
                                                        
                                                    
                                                    



                                                
                                            
                                        
                                    
                                
                            
                        
                    
                
            ' or . = '
            
                
                    
                    
                        

                            
                                
                                    Ich suche
                                
                                
                                    
                                    
                                        Tagungsraum ohne Übernachtung
                                        Tagungsraum mit Übernachtung
                                        Nur Übernachtung
                                    

                                

                                
                            
                            
                                
                                    
                                        Termin
                                    
                                    
                                        
	Berlin
	Bremen
	Dresden
	Düsseldorf
	Frankfurt am Main
	Hamburg
	Hannover
	Köln
	Leipzig
	Mannheim
	München
	Nürnberg
	Potsdam
	Stuttgart
	Regional-Deutschland
BerlinBerlinBremenDresdenDüsseldorfFrankfurt am MainHamburgHannoverKölnLeipzigMannheimMünchenNürnbergPotsdamStuttgartRegional-Deutschland
                                        Ort
                                    
                                    
                                        

                                            
                                            
                                                
                                                
                                            

                                            Datum
                                            
                                        
                                        
                                            
                                                Bis zu 4 Stunden
                                                1 Tag
                                                2 Tage
                                                3 Tage
                                            1 TagBis zu 4 Stunden1 Tag2 Tage3 Tage
                                            Dauer
                                        
                                    

                                    
                                
                                

                                    
                                        
                                            Tagesauswahl
                                        
                                        
                                            Tag 1

                                        

                                        
                                    
                                    
                                        
                                            
                                                
                                                
                                                     Tipp:Konfigurieren Sie Ausstattung und Verpflegung und vergleichen Sie direkt alle Hotels.
                                                
                                            
                                        
                                        
                                                
                                                    
                                                        Räume
                                                    
                                                    
                                                        
                                                            1 Raum
                                                            2 Räume
                                                            3 Räume
                                                        1 Raum1 Raum2 Räume3 Räume
                                                        Anzahl Räume
                                                    
                                                
                                                
                                                    
                                                        
                                                    
                                                            
                                                            
                                                                
                                                                    
                                                                        
                                                                            
                                                                            Raum löschen
                                                                        
                                                                    
                                                                    
                                                                    

                                                                        

                                                                        
                                                                            
                                                                            
                                                                            Anzahl Personen
                                                                            
                                                                        
                                                                        
                                                                            
                                                                                Block
                                                                                U-Form
                                                                                Bankett
                                                                                Parlament
                                                                                Reihen
                                                                                Empfang
                                                                                Stuhlkreis
                                                                            BlockBlockU-FormBankettParlamentReihenEmpfangStuhlkreis
                                                                            Bestuhlung des Raums
                                                                        
                                                                        
                                                                            
                                                                                
                                                                                     Ausstattung
                                                                                
                                                                            
                                                                        
                                                                    
                                                                    
                                                                        
                                                                            
                                                                                
                                                                                Wählen Sie Ausstattung und Equipment für Raum 
                                                                            
                                                                            
                                                                                Präsentation & Moderation
                                                                                
                                                                                    
                                                                                                            
                                                                                                            Pinnwand
                                                                                    
                                                                                                            
                                                                                                            Leinwand
                                                                                    
                                                                                                            
                                                                                                            Beamer
                                                                                    
                                                                                                            
                                                                                                            Rednerpult
                                                                                    
                                                                                                            
                                                                                                            Laptop
                                                                                    
                                                                                                            
                                                                                                            Overheadprojektor
                                                                                    
                                                                                                            
                                                                                                            DVD-Player
                                                                                    
                                                                                                            
                                                                                                            Laserpointer
                                                                                    
                                                                                                            
                                                                                                            Flipchart
                                                                                    
                                                                                                            
                                                                                                            TV
                                                                                    
                                                                                                            
                                                                                                            Moderatorenkoffer
                                                                                    
                                                                                                            
                                                                                                            Bildschirm
                                                                                    
                                                                                                            
                                                                                                            Diaprojektor
                                                                                    
                                                                                                            
                                                                                                            Videokamera
                                                                                    
                                                                                                            
                                                                                                            Videorekorder
                                                                                    
                                                                                

                                                                                Tontechnik
                                                                                
                                                                                    
                                                                                                            
                                                                                                            Mikrofon (Kabel)
                                                                                    
                                                                                                            
                                                                                                            Soundanlage (Sprachübertragung)
                                                                                    
                                                                                                            
                                                                                                            Mikrofon (Funk)
                                                                                    
                                                                                                            
                                                                                                            Simultananlage
                                                                                    
                                                                                

                                                                                Telekommunikation
                                                                                
                                                                                    
                                                                                                            
                                                                                                            Internet/LAN
                                                                                    
                                                                                                            
                                                                                                            WIFI/WLAN
                                                                                    
                                                                                                            
                                                                                                            Telefongeräte
                                                                                    
                                                                                                            
                                                                                                            Faxgeräte
                                                                                    
                                                                                                            
                                                                                                            ISDN
                                                                                    
                                                                                

                                                                                Mobiles Büro
                                                                                
                                                                                    
                                                                                                            
                                                                                                            Kopierer
                                                                                    
                                                                                                            
                                                                                                            Schreibpapier
                                                                                    
                                                                                                            
                                                                                                            Briefumschläge
                                                                                    
                                                                                                            
                                                                                                            Kugelschreiber
                                                                                    
                                                                                

                                                                                Bühnentechnik
                                                                                
                                                                                    
                                                                                                            
                                                                                                            Podeste
                                                                                    
                                                                                                            
                                                                                                            Bühne
                                                                                    
                                                                                                            
                                                                                                            Scheinwerfer
                                                                                    
                                                                                                            
                                                                                                            Stellwände
                                                                                    
                                                                                                            
                                                                                                            Verdunkelung
                                                                                    
                                                                                
                                                                                
                                                                                    Übernehmen
                                                                                
                                                                                
                                                                            
                                                                        
                                                                    
                                                                
                                                            
                                                            
                                                        

                                                
                                                
                                                    
                                                    
                                                         Verpflegung

                                                        
                                                            
                                                                
                                                                    
                                                                                                
                                                                                               Unbegrenzt Kaffee und Tee
                                                                    
                                                                                                
                                                                                               Snack / Imbiss
                                                                    
                                                                                                
                                                                                               Mittagessen
                                                                
                                                                
                                                                     Mehr
                                                                
                                                                
                                                                    
                                                                        
                                                                            
                                                                            Wählen Sie Ihre Verpflegung
                                                                        
                                                                        
                                                                            
                                                                                Mahlzeiten
                                                                                
                                                                                                            
                                                                                                            Mittagessen
                                                                                
                                                                                
                                                                                                            
                                                                                                            Abendessen
                                                                                
                                                                            
                                                                            
                                                                                
                                                                                    Getränke
                                                                                    
                                                                                                                
                                                                                                                1 Getränk pro Teilnehmer
                                                                                    
                                                                                                                
                                                                                                                2 Getränke pro Teilnehmer
                                                                                    
                                                                                                                
                                                                                                                3 Getränke pro Teilnehmer
                                                                                    
                                                                                                                
                                                                                                                Unbegrenzt Getränke pro Teilnehmer
                                                                                    
                                                                                
                                                                                
                                                                                    Kaffeepausen
                                                                                    
                                                                                                                
                                                                                                                1x Kaffeepause
                                                                                    
                                                                                                                
                                                                                                                2x Kaffeepause
                                                                                    
                                                                                                                
                                                                                                                3x Kaffeepause
                                                                                    
                                                                                                                
                                                                                                                Unbegrenzt Kaffee und Tee
                                                                                    
                                                                                

                                                                                
                                                                                    Snack / Imbiss
                                                                                    
                                                                                                                
                                                                                                                1x Snack / Imbiss
                                                                                    
                                                                                                                
                                                                                                                2x Snack / Imbiss
                                                                                    
                                                                                

                                                                                
                                                                                    Sonstiges
                                                                                    
                                                                                                                
                                                                                                                Sektempfang
                                                                                    
                                                                                
                                                                            

                                                                            
                                                                            
                                                                                Übernehmen
                                                                            
                                                                        
                                                                    
                                                                
                                                            
                                                        
                                                    
                                                    
                                                        
                                                        Extras

                                                        
                                                            
                                                                
                                                               Pausen- / Gruppenraum

                                                        

                                                    
                                                
                                            
                                    
                                
                                
                                    
                                        
                                        
                                            
                                                Übernachtung
                                            
                                        
                                        
                                            
                                                
                                                    
                                                        


                                                                
                                                                    
                                                                        
                                                                            
                                                                            Übernachtung löschen
                                                                        
                                                                    
                                                                    
                                                                        
                                                                            
                                                                                
                                                                                
                                                                            
                                                                            
                                                                            Anreise

                                                                        
                                                                    
                                                                    
                                                                        
                                                                            
                                                                                                                                                               
																				
                                                                            
                                                                            
                                                                            Abreise

                                                                        
                                                                    
                                                                    
                                                                        

                                                                            
                                                                            

                                                                            Einzelzimmer
                                                                            
                                                                        
                                                                    
                                                                    
                                                                        

                                                                            
                                                                            

                                                                            Doppelzimmer
                                                                            
                                                                        
                                                                    
                                                                    
                                                                        
                                                                            
                                                                            Frühstück
                                                                    
                                                                    
                                                                

                                                            
                                                    

                                                    
                                                		
                                                             Weiterer Zeitraum
        
                                                        
                                                    
                                                    



                                                
                                            
                                        
                                    
                                
                            
                        
                    
                
            ')]' not found)
[[ATTACHMENT|C:\\qagmm\\Selenium\\MICE-POC\\Smoketest\\Reports\\Smoketest_IUT\\20180411_100447\\1523434153087.png]]]]></system-out>
         <system-err><![CDATA[2018-04-11 10:08:18 - [TEST_CASE][FAILED] - Test Cases/IUT/EWS/Detailpage/Verify elements on detailpage: Test Cases/IUT/EWS/Detailpage/Verify elements on detailpage FAILED because (of) Unable to verify object 'Object Repository/Detailpage/div_Ich suche' is present (Root cause: com.kms.katalon.core.webui.exception.WebElementNotFoundException: Web element with id: 'Object Repository/Detailpage/div_Ich suche' located by 'By.xpath: //div[(text() = '
            
                
                    
                    
                        

                            
                                
                                    Ich suche
                                
                                
                                    
                                    
                                        Tagungsraum ohne Übernachtung
                                        Tagungsraum mit Übernachtung
                                        Nur Übernachtung
                                    

                                

                                
                            
                            
                                
                                    
                                        Termin
                                    
                                    
                                        
	Berlin
	Bremen
	Dresden
	Düsseldorf
	Frankfurt am Main
	Hamburg
	Hannover
	Köln
	Leipzig
	Mannheim
	München
	Nürnberg
	Potsdam
	Stuttgart
	Regional-Deutschland
BerlinBerlinBremenDresdenDüsseldorfFrankfurt am MainHamburgHannoverKölnLeipzigMannheimMünchenNürnbergPotsdamStuttgartRegional-Deutschland
                                        Ort
                                    
                                    
                                        

                                            
                                            
                                                
                                                
                                            

                                            Datum
                                            
                                        
                                        
                                            
                                                Bis zu 4 Stunden
                                                1 Tag
                                                2 Tage
                                                3 Tage
                                            1 TagBis zu 4 Stunden1 Tag2 Tage3 Tage
                                            Dauer
                                        
                                    

                                    
                                
                                

                                    
                                        
                                            Tagesauswahl
                                        
                                        
                                            Tag 1

                                        

                                        
                                    
                                    
                                        
                                            
                                                
                                                
                                                     Tipp:Konfigurieren Sie Ausstattung und Verpflegung und vergleichen Sie direkt alle Hotels.
                                                
                                            
                                        
                                        
                                                
                                                    
                                                        Räume
                                                    
                                                    
                                                        
                                                            1 Raum
                                                            2 Räume
                                                            3 Räume
                                                        1 Raum1 Raum2 Räume3 Räume
                                                        Anzahl Räume
                                                    
                                                
                                                
                                                    
                                                        
                                                    
                                                            
                                                            
                                                                
                                                                    
                                                                        
                                                                            
                                                                            Raum löschen
                                                                        
                                                                    
                                                                    
                                                                    

                                                                        

                                                                        
                                                                            
                                                                            
                                                                            Anzahl Personen
                                                                            
                                                                        
                                                                        
                                                                            
                                                                                Block
                                                                                U-Form
                                                                                Bankett
                                                                                Parlament
                                                                                Reihen
                                                                                Empfang
                                                                                Stuhlkreis
                                                                            BlockBlockU-FormBankettParlamentReihenEmpfangStuhlkreis
                                                                            Bestuhlung des Raums
                                                                        
                                                                        
                                                                            
                                                                                
                                                                                     Ausstattung
                                                                                
                                                                            
                                                                        
                                                                    
                                                                    
                                                                        
                                                                            
                                                                                
                                                                                Wählen Sie Ausstattung und Equipment für Raum 
                                                                            
                                                                            
                                                                                Präsentation & Moderation
                                                                                
                                                                                    
                                                                                                            
                                                                                                            Pinnwand
                                                                                    
                                                                                                            
                                                                                                            Leinwand
                                                                                    
                                                                                                            
                                                                                                            Beamer
                                                                                    
                                                                                                            
                                                                                                            Rednerpult
                                                                                    
                                                                                                            
                                                                                                            Laptop
                                                                                    
                                                                                                            
                                                                                                            Overheadprojektor
                                                                                    
                                                                                                            
                                                                                                            DVD-Player
                                                                                    
                                                                                                            
                                                                                                            Laserpointer
                                                                                    
                                                                                                            
                                                                                                            Flipchart
                                                                                    
                                                                                                            
                                                                                                            TV
                                                                                    
                                                                                                            
                                                                                                            Moderatorenkoffer
                                                                                    
                                                                                                            
                                                                                                            Bildschirm
                                                                                    
                                                                                                            
                                                                                                            Diaprojektor
                                                                                    
                                                                                                            
                                                                                                            Videokamera
                                                                                    
                                                                                                            
                                                                                                            Videorekorder
                                                                                    
                                                                                

                                                                                Tontechnik
                                                                                
                                                                                    
                                                                                                            
                                                                                                            Mikrofon (Kabel)
                                                                                    
                                                                                                            
                                                                                                            Soundanlage (Sprachübertragung)
                                                                                    
                                                                                                            
                                                                                                            Mikrofon (Funk)
                                                                                    
                                                                                                            
                                                                                                            Simultananlage
                                                                                    
                                                                                

                                                                                Telekommunikation
                                                                                
                                                                                    
                                                                                                            
                                                                                                            Internet/LAN
                                                                                    
                                                                                                            
                                                                                                            WIFI/WLAN
                                                                                    
                                                                                                            
                                                                                                            Telefongeräte
                                                                                    
                                                                                                            
                                                                                                            Faxgeräte
                                                                                    
                                                                                                            
                                                                                                            ISDN
                                                                                    
                                                                                

                                                                                Mobiles Büro
                                                                                
                                                                                    
                                                                                                            
                                                                                                            Kopierer
                                                                                    
                                                                                                            
                                                                                                            Schreibpapier
                                                                                    
                                                                                                            
                                                                                                            Briefumschläge
                                                                                    
                                                                                                            
                                                                                                            Kugelschreiber
                                                                                    
                                                                                

                                                                                Bühnentechnik
                                                                                
                                                                                    
                                                                                                            
                                                                                                            Podeste
                                                                                    
                                                                                                            
                                                                                                            Bühne
                                                                                    
                                                                                                            
                                                                                                            Scheinwerfer
                                                                                    
                                                                                                            
                                                                                                            Stellwände
                                                                                    
                                                                                                            
                                                                                                            Verdunkelung
                                                                                    
                                                                                
                                                                                
                                                                                    Übernehmen
                                                                                
                                                                                
                                                                            
                                                                        
                                                                    
                                                                
                                                            
                                                            
                                                        

                                                
                                                
                                                    
                                                    
                                                         Verpflegung

                                                        
                                                            
                                                                
                                                                    
                                                                                                
                                                                                               Unbegrenzt Kaffee und Tee
                                                                    
                                                                                                
                                                                                               Snack / Imbiss
                                                                    
                                                                                                
                                                                                               Mittagessen
                                                                
                                                                
                                                                     Mehr
                                                                
                                                                
                                                                    
                                                                        
                                                                            
                                                                            Wählen Sie Ihre Verpflegung
                                                                        
                                                                        
                                                                            
                                                                                Mahlzeiten
                                                                                
                                                                                                            
                                                                                                            Mittagessen
                                                                                
                                                                                
                                                                                                            
                                                                                                            Abendessen
                                                                                
                                                                            
                                                                            
                                                                                
                                                                                    Getränke
                                                                                    
                                                                                                                
                                                                                                                1 Getränk pro Teilnehmer
                                                                                    
                                                                                                                
                                                                                                                2 Getränke pro Teilnehmer
                                                                                    
                                                                                                                
                                                                                                                3 Getränke pro Teilnehmer
                                                                                    
                                                                                                                
                                                                                                                Unbegrenzt Getränke pro Teilnehmer
                                                                                    
                                                                                
                                                                                
                                                                                    Kaffeepausen
                                                                                    
                                                                                                                
                                                                                                                1x Kaffeepause
                                                                                    
                                                                                                                
                                                                                                                2x Kaffeepause
                                                                                    
                                                                                                                
                                                                                                                3x Kaffeepause
                                                                                    
                                                                                                                
                                                                                                                Unbegrenzt Kaffee und Tee
                                                                                    
                                                                                

                                                                                
                                                                                    Snack / Imbiss
                                                                                    
                                                                                                                
                                                                                                                1x Snack / Imbiss
                                                                                    
                                                                                                                
                                                                                                                2x Snack / Imbiss
                                                                                    
                                                                                

                                                                                
                                                                                    Sonstiges
                                                                                    
                                                                                                                
                                                                                                                Sektempfang
                                                                                    
                                                                                
                                                                            

                                                                            
                                                                            
                                                                                Übernehmen
                                                                            
                                                                        
                                                                    
                                                                
                                                            
                                                        
                                                    
                                                    
                                                        
                                                        Extras

                                                        
                                                            
                                                                
                                                               Pausen- / Gruppenraum

                                                        

                                                    
                                                
                                            
                                    
                                
                                
                                    
                                        
                                        
                                            
                                                Übernachtung
                                            
                                        
                                        
                                            
                                                
                                                    
                                                        


                                                                
                                                                    
                                                                        
                                                                            
                                                                            Übernachtung löschen
                                                                        
                                                                    
                                                                    
                                                                        
                                                                            
                                                                                
                                                                                
                                                                            
                                                                            
                                                                            Anreise

                                                                        
                                                                    
                                                                    
                                                                        
                                                                            
                                                                                                                                                               
																				
                                                                            
                                                                            
                                                                            Abreise

                                                                        
                                                                    
                                                                    
                                                                        

                                                                            
                                                                            

                                                                            Einzelzimmer
                                                                            
                                                                        
                                                                    
                                                                    
                                                                        

                                                                            
                                                                            

                                                                            Doppelzimmer
                                                                            
                                                                        
                                                                    
                                                                    
                                                                        
                                                                            
                                                                            Frühstück
                                                                    
                                                                    
                                                                

                                                            
                                                    

                                                    
                                                		
                                                             Weiterer Zeitraum
        
                                                        
                                                    
                                                    



                                                
                                            
                                        
                                    
                                
                            
                        
                    
                
            ' or . = '
            
                
                    
                    
                        

                            
                                
                                    Ich suche
                                
                                
                                    
                                    
                                        Tagungsraum ohne Übernachtung
                                        Tagungsraum mit Übernachtung
                                        Nur Übernachtung
                                    

                                

                                
                            
                            
                                
                                    
                                        Termin
                                    
                                    
                                        
	Berlin
	Bremen
	Dresden
	Düsseldorf
	Frankfurt am Main
	Hamburg
	Hannover
	Köln
	Leipzig
	Mannheim
	München
	Nürnberg
	Potsdam
	Stuttgart
	Regional-Deutschland
BerlinBerlinBremenDresdenDüsseldorfFrankfurt am MainHamburgHannoverKölnLeipzigMannheimMünchenNürnbergPotsdamStuttgartRegional-Deutschland
                                        Ort
                                    
                                    
                                        

                                            
                                            
                                                
                                                
                                            

                                            Datum
                                            
                                        
                                        
                                            
                                                Bis zu 4 Stunden
                                                1 Tag
                                                2 Tage
                                                3 Tage
                                            1 TagBis zu 4 Stunden1 Tag2 Tage3 Tage
                                            Dauer
                                        
                                    

                                    
                                
                                

                                    
                                        
                                            Tagesauswahl
                                        
                                        
                                            Tag 1

                                        

                                        
                                    
                                    
                                        
                                            
                                                
                                                
                                                     Tipp:Konfigurieren Sie Ausstattung und Verpflegung und vergleichen Sie direkt alle Hotels.
                                                
                                            
                                        
                                        
                                                
                                                    
                                                        Räume
                                                    
                                                    
                                                        
                                                            1 Raum
                                                            2 Räume
                                                            3 Räume
                                                        1 Raum1 Raum2 Räume3 Räume
                                                        Anzahl Räume
                                                    
                                                
                                                
                                                    
                                                        
                                                    
                                                            
                                                            
                                                                
                                                                    
                                                                        
                                                                            
                                                                            Raum löschen
                                                                        
                                                                    
                                                                    
                                                                    

                                                                        

                                                                        
                                                                            
                                                                            
                                                                            Anzahl Personen
                                                                            
                                                                        
                                                                        
                                                                            
                                                                                Block
                                                                                U-Form
                                                                                Bankett
                                                                                Parlament
                                                                                Reihen
                                                                                Empfang
                                                                                Stuhlkreis
                                                                            BlockBlockU-FormBankettParlamentReihenEmpfangStuhlkreis
                                                                            Bestuhlung des Raums
                                                                        
                                                                        
                                                                            
                                                                                
                                                                                     Ausstattung
                                                                                
                                                                            
                                                                        
                                                                    
                                                                    
                                                                        
                                                                            
                                                                                
                                                                                Wählen Sie Ausstattung und Equipment für Raum 
                                                                            
                                                                            
                                                                                Präsentation & Moderation
                                                                                
                                                                                    
                                                                                                            
                                                                                                            Pinnwand
                                                                                    
                                                                                                            
                                                                                                            Leinwand
                                                                                    
                                                                                                            
                                                                                                            Beamer
                                                                                    
                                                                                                            
                                                                                                            Rednerpult
                                                                                    
                                                                                                            
                                                                                                            Laptop
                                                                                    
                                                                                                            
                                                                                                            Overheadprojektor
                                                                                    
                                                                                                            
                                                                                                            DVD-Player
                                                                                    
                                                                                                            
                                                                                                            Laserpointer
                                                                                    
                                                                                                            
                                                                                                            Flipchart
                                                                                    
                                                                                                            
                                                                                                            TV
                                                                                    
                                                                                                            
                                                                                                            Moderatorenkoffer
                                                                                    
                                                                                                            
                                                                                                            Bildschirm
                                                                                    
                                                                                                            
                                                                                                            Diaprojektor
                                                                                    
                                                                                                            
                                                                                                            Videokamera
                                                                                    
                                                                                                            
                                                                                                            Videorekorder
                                                                                    
                                                                                

                                                                                Tontechnik
                                                                                
                                                                                    
                                                                                                            
                                                                                                            Mikrofon (Kabel)
                                                                                    
                                                                                                            
                                                                                                            Soundanlage (Sprachübertragung)
                                                                                    
                                                                                                            
                                                                                                            Mikrofon (Funk)
                                                                                    
                                                                                                            
                                                                                                            Simultananlage
                                                                                    
                                                                                

                                                                                Telekommunikation
                                                                                
                                                                                    
                                                                                                            
                                                                                                            Internet/LAN
                                                                                    
                                                                                                            
                                                                                                            WIFI/WLAN
                                                                                    
                                                                                                            
                                                                                                            Telefongeräte
                                                                                    
                                                                                                            
                                                                                                            Faxgeräte
                                                                                    
                                                                                                            
                                                                                                            ISDN
                                                                                    
                                                                                

                                                                                Mobiles Büro
                                                                                
                                                                                    
                                                                                                            
                                                                                                            Kopierer
                                                                                    
                                                                                                            
                                                                                                            Schreibpapier
                                                                                    
                                                                                                            
                                                                                                            Briefumschläge
                                                                                    
                                                                                                            
                                                                                                            Kugelschreiber
                                                                                    
                                                                                

                                                                                Bühnentechnik
                                                                                
                                                                                    
                                                                                                            
                                                                                                            Podeste
                                                                                    
                                                                                                            
                                                                                                            Bühne
                                                                                    
                                                                                                            
                                                                                                            Scheinwerfer
                                                                                    
                                                                                                            
                                                                                                            Stellwände
                                                                                    
                                                                                                            
                                                                                                            Verdunkelung
                                                                                    
                                                                                
                                                                                
                                                                                    Übernehmen
                                                                                
                                                                                
                                                                            
                                                                        
                                                                    
                                                                
                                                            
                                                            
                                                        

                                                
                                                
                                                    
                                                    
                                                         Verpflegung

                                                        
                                                            
                                                                
                                                                    
                                                                                                
                                                                                               Unbegrenzt Kaffee und Tee
                                                                    
                                                                                                
                                                                                               Snack / Imbiss
                                                                    
                                                                                                
                                                                                               Mittagessen
                                                                
                                                                
                                                                     Mehr
                                                                
                                                                
                                                                    
                                                                        
                                                                            
                                                                            Wählen Sie Ihre Verpflegung
                                                                        
                                                                        
                                                                            
                                                                                Mahlzeiten
                                                                                
                                                                                                            
                                                                                                            Mittagessen
                                                                                
                                                                                
                                                                                                            
                                                                                                            Abendessen
                                                                                
                                                                            
                                                                            
                                                                                
                                                                                    Getränke
                                                                                    
                                                                                                                
                                                                                                                1 Getränk pro Teilnehmer
                                                                                    
                                                                                                                
                                                                                                                2 Getränke pro Teilnehmer
                                                                                    
                                                                                                                
                                                                                                                3 Getränke pro Teilnehmer
                                                                                    
                                                                                                                
                                                                                                                Unbegrenzt Getränke pro Teilnehmer
                                                                                    
                                                                                
                                                                                
                                                                                    Kaffeepausen
                                                                                    
                                                                                                                
                                                                                                                1x Kaffeepause
                                                                                    
                                                                                                                
                                                                                                                2x Kaffeepause
                                                                                    
                                                                                                                
                                                                                                                3x Kaffeepause
                                                                                    
                                                                                                                
                                                                                                                Unbegrenzt Kaffee und Tee
                                                                                    
                                                                                

                                                                                
                                                                                    Snack / Imbiss
                                                                                    
                                                                                                                
                                                                                                                1x Snack / Imbiss
                                                                                    
                                                                                                                
                                                                                                                2x Snack / Imbiss
                                                                                    
                                                                                

                                                                                
                                                                                    Sonstiges
                                                                                    
                                                                                                                
                                                                                                                Sektempfang
                                                                                    
                                                                                
                                                                            

                                                                            
                                                                            
                                                                                Übernehmen
                                                                            
                                                                        
                                                                    
                                                                
                                                            
                                                        
                                                    
                                                    
                                                        
                                                        Extras

                                                        
                                                            
                                                                
                                                               Pausen- / Gruppenraum

                                                        

                                                    
                                                
                                            
                                    
                                
                                
                                    
                                        
                                        
                                            
                                                Übernachtung
                                            
                                        
                                        
                                            
                                                
                                                    
                                                        


                                                                
                                                                    
                                                                        
                                                                            
                                                                            Übernachtung löschen
                                                                        
                                                                    
                                                                    
                                                                        
                                                                            
                                                                                
                                                                                
                                                                            
                                                                            
                                                                            Anreise

                                                                        
                                                                    
                                                                    
                                                                        
                                                                            
                                                                                                                                                               
																				
                                                                            
                                                                            
                                                                            Abreise

                                                                        
                                                                    
                                                                    
                                                                        

                                                                            
                                                                            

                                                                            Einzelzimmer
                                                                            
                                                                        
                                                                    
                                                                    
                                                                        

                                                                            
                                                                            

                                                                            Doppelzimmer
                                                                            
                                                                        
                                                                    
                                                                    
                                                                        
                                                                            
                                                                            Frühstück
                                                                    
                                                                    
                                                                

                                                            
                                                    

                                                    
                                                		
                                                             Weiterer Zeitraum
        
                                                        
                                                    
                                                    



                                                
                                            
                                        
                                    
                                
                            
                        
                    
                
            ')]' not found)]]></system-err>
      </testcase>
      <testcase name="Test Cases/IUT/EWS/Buchen/Straight forward booking" classname="Test Cases/IUT/EWS/Buchen/Straight forward booking" status="FAILED">
         <failure type="FAILED" message="Unable to click on object 'Object Repository/Booking/Page_11 Mail Business Testserver Ma/a_Ansicht' (Root cause: com.kms.katalon.core.webui.exception.WebElementNotFoundException: Web element with id: 'Object Repository/Booking/Page_11 Mail Business Testserver Ma/a_Ansicht' located by 'By.xpath: /html[@class=&quot;applicationcache audio canvas canvastext emoji indexeddb indexeddb-deletedatabase json unicode video cssanimations supports csstransforms3d filereader localstorage no-websqldatabase websockets no-pointerevents fix-spin&quot;]/body[@class=&quot;unselectable&quot;]/div[@class=&quot;smart-dropdown-container dropdown open file&quot;]/ul[@class=&quot;dropdown-menu&quot;]/li[1]/a[@class=&quot;io-ox-action-link&quot;][count(. | //a[@href = '#' and (text() = 'Ansicht' or . = 'Ansicht')]) = count(//a[@href = '#' and (text() = 'Ansicht' or . = 'Ansicht')])]' not found)"/>
         <system-out><![CDATA[2018-04-11 10:09:13 - [TEST_CASE][FAILED] - Test Cases/IUT/EWS/Buchen/Straight forward booking: Test Cases/IUT/EWS/Buchen/Straight forward booking FAILED because (of) Unable to click on object 'Object Repository/Booking/Page_11 Mail Business Testserver Ma/a_Ansicht' (Root cause: com.kms.katalon.core.webui.exception.WebElementNotFoundException: Web element with id: 'Object Repository/Booking/Page_11 Mail Business Testserver Ma/a_Ansicht' located by 'By.xpath: /html[@class="applicationcache audio canvas canvastext emoji indexeddb indexeddb-deletedatabase json unicode video cssanimations supports csstransforms3d filereader localstorage no-websqldatabase websockets no-pointerevents fix-spin"]/body[@class="unselectable"]/div[@class="smart-dropdown-container dropdown open file"]/ul[@class="dropdown-menu"]/li[1]/a[@class="io-ox-action-link"][count(. | //a[@href = '#' and (text() = 'Ansicht' or . = 'Ansicht')]) = count(//a[@href = '#' and (text() = 'Ansicht' or . = 'Ansicht')])]' not found)

2018-04-11 10:09:14 - [TEST_STEP][PASSED] - openBrowser: Browser is opened with url: ''

2018-04-11 10:09:14 - [MESSAGE][WARNING] - A browser is already opened. Closing browser and opening a new one

2018-04-11 10:09:19 - [MESSAGE][PASSED] - Browser is opened with url: ''

2018-04-11 10:09:19 - [TEST_STEP][PASSED] - setViewPortSize: Viewport is set to new size with width = 1280 and height = 768

2018-04-11 10:09:21 - [MESSAGE][PASSED] - Viewport is set to new size with width = 1280 and height = 768

2018-04-11 10:09:21 - [TEST_STEP][PASSED] - navigateToUrl: Navigate to 'https://meetingmarket-iut.de/suche/?dest=berlin&firstday=20180217&dur=1&so=2&rc_1=1&sr_1=false&rp1_1=10&rs1_1=Block&lob=1&lng=de-DE&ccur=EUR' successfully

2018-04-11 10:09:25 - [MESSAGE][PASSED] - Navigate to 'https://meetingmarket-iut.de/suche/?dest=berlin&firstday=20180217&dur=1&so=2&rc_1=1&sr_1=false&rp1_1=10&rs1_1=Block&lob=1&lng=de-DE&ccur=EUR' successfully

2018-04-11 10:09:25 - [TEST_STEP][PASSED] - click: Object: 'Object Repository/Booking/Page_Suchergebnisse - meetingmarket/div_hotel_img first active' is clicked on

2018-04-11 10:09:36 - [MESSAGE][PASSED] - Object: 'Object Repository/Booking/Page_Suchergebnisse - meetingmarket/div_hotel_img first active' is clicked on

2018-04-11 10:09:36 - [TEST_STEP][PASSED] - delay: Delayed 3 second(s)

2018-04-11 10:09:39 - [MESSAGE][PASSED] - Delayed 3 second(s)

2018-04-11 10:09:39 - [TEST_STEP][PASSED] - Statement - hotelname = com.kms.katalon.core.webui.keyword.WebUiBuiltInKeywords.getText(com.kms.katalon.core.testobject.ObjectRepository.findTestObject(Booking/Page_Wyndham Garden Berlin Mitte in/span_Wyndham Garden Berlin Mit)): Text of object 'Object Repository/Booking/Page_Wyndham Garden Berlin Mitte in/span_Wyndham Garden Berlin Mit' is: 'ART Stalker - Kunst+Bar+Events'

2018-04-11 10:09:39 - [MESSAGE][PASSED] - Text of object 'Object Repository/Booking/Page_Wyndham Garden Berlin Mitte in/span_Wyndham Garden Berlin Mit' is: 'ART Stalker - Kunst+Bar+Events'

2018-04-11 10:09:39 - [TEST_STEP][PASSED] - click: Object: 'Object Repository/Booking/Page_Wyndham Garden Berlin Mitte in/a_Tagesbersicht' is clicked on

2018-04-11 10:09:40 - [MESSAGE][PASSED] - Object: 'Object Repository/Booking/Page_Wyndham Garden Berlin Mitte in/a_Tagesbersicht' is clicked on

2018-04-11 10:09:40 - [TEST_STEP][PASSED] - Statement - totalprice = com.kms.katalon.core.webui.keyword.WebUiBuiltInKeywords.getText(com.kms.katalon.core.testobject.ObjectRepository.findTestObject(Booking/Page_Wyndham Garden Berlin Mitte in/td_69000)): Text of object 'Object Repository/Booking/Page_Wyndham Garden Berlin Mitte in/td_69000' is: '952,00 €'

2018-04-11 10:09:41 - [MESSAGE][PASSED] - Text of object 'Object Repository/Booking/Page_Wyndham Garden Berlin Mitte in/td_69000' is: '952,00 €'

2018-04-11 10:09:41 - [TEST_STEP][PASSED] - click: Object: 'Object Repository/Booking/1 und 1 webmail/span_Reservieren' is clicked on

2018-04-11 10:09:43 - [MESSAGE][PASSED] - Object: 'Object Repository/Booking/1 und 1 webmail/span_Reservieren' is clicked on

2018-04-11 10:09:43 - [TEST_STEP][PASSED] - delay: Delayed 3 second(s)

2018-04-11 10:09:46 - [MESSAGE][PASSED] - Delayed 3 second(s)

2018-04-11 10:09:46 - [TEST_STEP][PASSED] - Statement - getdate = com.kms.katalon.core.webui.keyword.WebUiBuiltInKeywords.getText(com.kms.katalon.core.testobject.ObjectRepository.findTestObject(Booking/Page_Schritt 1 Checkout - Hotel Art/getdate)): Text of object 'Object Repository/Booking/Page_Schritt 1 Checkout - Hotel Art/getdate' is: '12.04.2018'

2018-04-11 10:09:46 - [MESSAGE][PASSED] - Text of object 'Object Repository/Booking/Page_Schritt 1 Checkout - Hotel Art/getdate' is: '12.04.2018'

2018-04-11 10:09:46 - [TEST_STEP][PASSED] - setText: Text 'test@test.de' is set on object 'Object Repository/Booking/Page_Schritt 1 Checkout - Hotel Art/input_InputEmail'

2018-04-11 10:09:46 - [MESSAGE][PASSED] - Text 'test@test.de' is set on object 'Object Repository/Booking/Page_Schritt 1 Checkout - Hotel Art/input_InputEmail'

2018-04-11 10:09:46 - [TEST_STEP][PASSED] - click: Object: 'Object Repository/Booking/Page_Schritt 1 Checkout - Hotel Art/a_Weiter' is clicked on

2018-04-11 10:09:46 - [MESSAGE][PASSED] - Object: 'Object Repository/Booking/Page_Schritt 1 Checkout - Hotel Art/a_Weiter' is clicked on

2018-04-11 10:09:46 - [TEST_STEP][PASSED] - setText: Text 'test autom' is set on object 'Object Repository/Booking/Page_Schritt 1 Checkout - Hotel Art/input_InputFirstname'

2018-04-11 10:09:46 - [MESSAGE][PASSED] - Text 'test autom' is set on object 'Object Repository/Booking/Page_Schritt 1 Checkout - Hotel Art/input_InputFirstname'

2018-04-11 10:09:46 - [TEST_STEP][PASSED] - setText: Text 'test' is set on object 'Object Repository/Booking/Page_Schritt 1 Checkout - Hotel Art/input_InputLastname'

2018-04-11 10:09:46 - [MESSAGE][PASSED] - Text 'test' is set on object 'Object Repository/Booking/Page_Schritt 1 Checkout - Hotel Art/input_InputLastname'

2018-04-11 10:09:46 - [TEST_STEP][PASSED] - setText: Text '123456' is set on object 'Object Repository/Booking/Page_Schritt 1 Checkout - Hotel Art/input_InputPhone'

2018-04-11 10:09:46 - [MESSAGE][PASSED] - Text '123456' is set on object 'Object Repository/Booking/Page_Schritt 1 Checkout - Hotel Art/input_InputPhone'

2018-04-11 10:09:46 - [TEST_STEP][PASSED] - setText: Text 'test' is set on object 'Object Repository/Booking/Page_Schritt 1 Checkout - Hotel Art/textarea_InputComment'

2018-04-11 10:09:46 - [MESSAGE][PASSED] - Text 'test' is set on object 'Object Repository/Booking/Page_Schritt 1 Checkout - Hotel Art/textarea_InputComment'

2018-04-11 10:09:46 - [TEST_STEP][PASSED] - click: Object: 'Object Repository/Booking/Page_Schritt 1 Checkout - Hotel Art/a_Weiter_1' is clicked on

2018-04-11 10:09:49 - [MESSAGE][PASSED] - Object: 'Object Repository/Booking/Page_Schritt 1 Checkout - Hotel Art/a_Weiter_1' is clicked on

2018-04-11 10:09:49 - [TEST_STEP][PASSED] - setText: Text 'test' is set on object 'Object Repository/Booking/Page_Schritt 2 Checkout - Hotel Art/input_InputCompany'

2018-04-11 10:09:49 - [MESSAGE][PASSED] - Text 'test' is set on object 'Object Repository/Booking/Page_Schritt 2 Checkout - Hotel Art/input_InputCompany'

2018-04-11 10:09:49 - [TEST_STEP][PASSED] - setText: Text 'test' is set on object 'Object Repository/Booking/Page_Schritt 2 Checkout - Hotel Art/input_AddressFormControlInputA'

2018-04-11 10:09:49 - [MESSAGE][PASSED] - Text 'test' is set on object 'Object Repository/Booking/Page_Schritt 2 Checkout - Hotel Art/input_AddressFormControlInputA'

2018-04-11 10:09:49 - [TEST_STEP][PASSED] - setText: Text 'test' is set on object 'Object Repository/Booking/Page_Schritt 2 Checkout - Hotel Art/input_AddressFormControlInputA_1'

2018-04-11 10:09:49 - [MESSAGE][PASSED] - Text 'test' is set on object 'Object Repository/Booking/Page_Schritt 2 Checkout - Hotel Art/input_AddressFormControlInputA_1'

2018-04-11 10:09:49 - [TEST_STEP][PASSED] - setText: Text '12345' is set on object 'Object Repository/Booking/Page_Schritt 2 Checkout - Hotel Art/input_AddressFormControlInputP'

2018-04-11 10:09:49 - [MESSAGE][PASSED] - Text '12345' is set on object 'Object Repository/Booking/Page_Schritt 2 Checkout - Hotel Art/input_AddressFormControlInputP'

2018-04-11 10:09:49 - [TEST_STEP][PASSED] - setText: Text 'Freiburg' is set on object 'Object Repository/Booking/Page_Schritt 2 Checkout - Hotel Art/input_AddressFormControlInputC'

2018-04-11 10:09:50 - [MESSAGE][PASSED] - Text 'Freiburg' is set on object 'Object Repository/Booking/Page_Schritt 2 Checkout - Hotel Art/input_AddressFormControlInputC'

2018-04-11 10:09:50 - [TEST_STEP][PASSED] - sendKeys: Keys 'TAB + ' sent to object: 'Object Repository/Booking/Page_Schritt 2 Checkout - Hotel Art/input_AddressFormControlInputC'

2018-04-11 10:09:50 - [MESSAGE][PASSED] - Keys 'TAB + ' sent to object: 'Object Repository/Booking/Page_Schritt 2 Checkout - Hotel Art/input_AddressFormControlInputC'

2018-04-11 10:09:50 - [TEST_STEP][PASSED] - sendKeys: Keys 'SPACE + ' sent to object: 'Object Repository/Booking/Page_Schritt 2 Checkout - Hotel Art/input_InputTcs'

2018-04-11 10:09:50 - [MESSAGE][PASSED] - Keys 'SPACE + ' sent to object: 'Object Repository/Booking/Page_Schritt 2 Checkout - Hotel Art/input_InputTcs'

2018-04-11 10:09:50 - [TEST_STEP][PASSED] - delay: Delayed 10 second(s)

2018-04-11 10:10:00 - [MESSAGE][PASSED] - Delayed 10 second(s)

2018-04-11 10:10:00 - [TEST_STEP][PASSED] - click: Object: 'Object Repository/Booking/Page_Schritt 2 Checkout - Hotel Art/a_Reservierung jetzt abschliee' is clicked on

2018-04-11 10:10:04 - [MESSAGE][PASSED] - Object: 'Object Repository/Booking/Page_Schritt 2 Checkout - Hotel Art/a_Reservierung jetzt abschliee' is clicked on

2018-04-11 10:10:04 - [TEST_STEP][PASSED] - verifyElementPresent: Object 'Object Repository/Booking/Page_Schritt 3 Checkout - Maritim H/h2_Wichtig Schlieen Sie Ihre R' is present

2018-04-11 10:10:04 - [MESSAGE][WARNING] - Timeout '0' is invalid. Using default page load timeout: '30'

2018-04-11 10:10:04 - [MESSAGE][PASSED] - Object 'Object Repository/Booking/Page_Schritt 3 Checkout - Maritim H/h2_Wichtig Schlieen Sie Ihre R' is present

2018-04-11 10:10:04 - [TEST_STEP][PASSED] - closeBrowser: Browser is closed

2018-04-11 10:10:04 - [MESSAGE][PASSED] - Browser is closed

2018-04-11 10:10:04 - [TEST_STEP][PASSED] - openBrowser: Browser is opened with url: 'https://webmailer.1und1.de/'

2018-04-11 10:10:10 - [MESSAGE][PASSED] - Browser is opened with url: 'https://webmailer.1und1.de/'

2018-04-11 10:10:10 - [TEST_STEP][PASSED] - setViewPortSize: Viewport is set to new size with width = 1280 and height = 768

2018-04-11 10:10:12 - [MESSAGE][PASSED] - Viewport is set to new size with width = 1280 and height = 768

2018-04-11 10:10:12 - [TEST_STEP][PASSED] - delay: Delayed 30 second(s)

2018-04-11 10:10:42 - [MESSAGE][PASSED] - Delayed 30 second(s)

2018-04-11 10:10:42 - [TEST_STEP][PASSED] - setText: Text 'testautomation@meetingmarket.de' is set on object 'Object Repository/Booking/1 und 1 webmail/input_username'

2018-04-11 10:10:42 - [MESSAGE][PASSED] - Text 'testautomation@meetingmarket.de' is set on object 'Object Repository/Booking/1 und 1 webmail/input_username'

2018-04-11 10:10:42 - [TEST_STEP][PASSED] - setText: Text 'TestAutoMatiSierung1984' is set on object 'Object Repository/Booking/1 und 1 webmail/input_password'

2018-04-11 10:10:43 - [MESSAGE][PASSED] - Text 'TestAutoMatiSierung1984' is set on object 'Object Repository/Booking/1 und 1 webmail/input_password'

2018-04-11 10:10:43 - [TEST_STEP][PASSED] - click: Object: 'Object Repository/Booking/1 und 1 webmail/button_Login' is clicked on

2018-04-11 10:10:45 - [MESSAGE][PASSED] - Object: 'Object Repository/Booking/1 und 1 webmail/button_Login' is clicked on

2018-04-11 10:10:45 - [TEST_STEP][PASSED] - delay: Delayed 10 second(s)

2018-04-11 10:10:55 - [MESSAGE][PASSED] - Delayed 10 second(s)

2018-04-11 10:10:55 - [TEST_STEP][PASSED] - click: Object: 'Object Repository/Booking/1 und 1 webmail/span_TESTSERVER Besttigen Sie' is clicked on

2018-04-11 10:10:55 - [MESSAGE][PASSED] - Object: 'Object Repository/Booking/1 und 1 webmail/span_TESTSERVER Besttigen Sie' is clicked on

2018-04-11 10:10:55 - [TEST_STEP][PASSED] - verifyElementPresent: Object 'Object Repository/Booking/1 und 1 webmail/h3_Hallo Test Autom Test' is present

2018-04-11 10:10:56 - [MESSAGE][WARNING] - Timeout '0' is invalid. Using default page load timeout: '30'

2018-04-11 10:10:56 - [MESSAGE][PASSED] - Object 'Object Repository/Booking/1 und 1 webmail/h3_Hallo Test Autom Test' is present

2018-04-11 10:10:56 - [TEST_STEP][PASSED] - click: Object: 'Object Repository/Booking/1 und 1 webmail/a_Reservierung jetzt besttigen' is clicked on

2018-04-11 10:10:56 - [MESSAGE][PASSED] - Object: 'Object Repository/Booking/1 und 1 webmail/a_Reservierung jetzt besttigen' is clicked on

2018-04-11 10:10:56 - [TEST_STEP][PASSED] - switchToWindowTitle: Switched to window with title: 'Reservierung bestätigt - meetingmarket-iut.de'

2018-04-11 10:10:57 - [MESSAGE][PASSED] - Switched to window with title: 'Reservierung bestätigt - meetingmarket-iut.de'

2018-04-11 10:10:57 - [TEST_STEP][PASSED] - verifyElementPresent: Object 'Object Repository/Booking/1 und 1 webmail/h2_Ihre Reservierung ist abges' is present

2018-04-11 10:10:57 - [MESSAGE][WARNING] - Timeout '0' is invalid. Using default page load timeout: '30'

2018-04-11 10:10:58 - [MESSAGE][PASSED] - Object 'Object Repository/Booking/1 und 1 webmail/h2_Ihre Reservierung ist abges' is present

2018-04-11 10:10:58 - [TEST_STEP][PASSED] - closeBrowser: Browser is closed

2018-04-11 10:10:59 - [MESSAGE][PASSED] - Browser is closed

2018-04-11 10:10:59 - [TEST_STEP][PASSED] - delay: Delayed 15 second(s)

2018-04-11 10:11:14 - [MESSAGE][PASSED] - Delayed 15 second(s)

2018-04-11 10:11:14 - [TEST_STEP][PASSED] - openBrowser: Browser is opened with url: 'https://webmailer.1und1.de/'

2018-04-11 10:11:20 - [MESSAGE][PASSED] - Browser is opened with url: 'https://webmailer.1und1.de/'

2018-04-11 10:11:20 - [TEST_STEP][PASSED] - setViewPortSize: Viewport is set to new size with width = 1280 and height = 768

2018-04-11 10:11:22 - [MESSAGE][PASSED] - Viewport is set to new size with width = 1280 and height = 768

2018-04-11 10:11:22 - [TEST_STEP][PASSED] - delay: Delayed 1 second(s)

2018-04-11 10:11:23 - [MESSAGE][PASSED] - Delayed 1 second(s)

2018-04-11 10:11:23 - [TEST_STEP][PASSED] - setText: Text 'testautomation@meetingmarket.de' is set on object 'Object Repository/Booking/1 und 1 webmail/input_username'

2018-04-11 10:11:23 - [MESSAGE][PASSED] - Text 'testautomation@meetingmarket.de' is set on object 'Object Repository/Booking/1 und 1 webmail/input_username'

2018-04-11 10:11:23 - [TEST_STEP][PASSED] - setText: Text 'TestAutoMatiSierung1984' is set on object 'Object Repository/Booking/1 und 1 webmail/input_password'

2018-04-11 10:11:23 - [MESSAGE][PASSED] - Text 'TestAutoMatiSierung1984' is set on object 'Object Repository/Booking/1 und 1 webmail/input_password'

2018-04-11 10:11:23 - [TEST_STEP][PASSED] - click: Object: 'Object Repository/Booking/1 und 1 webmail/button_Login' is clicked on

2018-04-11 10:11:24 - [MESSAGE][PASSED] - Object: 'Object Repository/Booking/1 und 1 webmail/button_Login' is clicked on

2018-04-11 10:11:24 - [TEST_STEP][PASSED] - delay: Delayed 2 second(s)

2018-04-11 10:11:26 - [MESSAGE][PASSED] - Delayed 2 second(s)

2018-04-11 10:11:26 - [TEST_STEP][PASSED] - delay: Delayed 10 second(s)

2018-04-11 10:11:36 - [MESSAGE][PASSED] - Delayed 10 second(s)

2018-04-11 10:11:36 - [TEST_STEP][PASSED] - click: Object: 'Object Repository/Booking/Page_11 Mail Business Testserver Ma/span_TESTSERVER Reservierung a' is clicked on

2018-04-11 10:11:37 - [MESSAGE][PASSED] - Object: 'Object Repository/Booking/Page_11 Mail Business Testserver Ma/span_TESTSERVER Reservierung a' is clicked on

2018-04-11 10:11:37 - [TEST_STEP][PASSED] - click: Object: 'Object Repository/Booking/Page_11 Mail Business Testserver Ma/span_1 Anhang' is clicked on

2018-04-11 10:11:38 - [MESSAGE][PASSED] - Object: 'Object Repository/Booking/Page_11 Mail Business Testserver Ma/span_1 Anhang' is clicked on

2018-04-11 10:11:38 - [TEST_STEP][PASSED] - click: Object: 'Object Repository/Booking/Page_11 Mail Business Testserver Ma/a_Reservierung_MM00008934.pdf' is clicked on

2018-04-11 10:11:38 - [MESSAGE][PASSED] - Object: 'Object Repository/Booking/Page_11 Mail Business Testserver Ma/a_Reservierung_MM00008934.pdf' is clicked on

2018-04-11 10:11:38 - [TEST_STEP][FAILED] - click: Unable to click on object 'Object Repository/Booking/Page_11 Mail Business Testserver Ma/a_Ansicht' (Root cause: com.kms.katalon.core.webui.exception.WebElementNotFoundException: Web element with id: 'Object Repository/Booking/Page_11 Mail Business Testserver Ma/a_Ansicht' located by 'By.xpath: /html[@class="applicationcache audio canvas canvastext emoji indexeddb indexeddb-deletedatabase json unicode video cssanimations supports csstransforms3d filereader localstorage no-websqldatabase websockets no-pointerevents fix-spin"]/body[@class="unselectable"]/div[@class="smart-dropdown-container dropdown open file"]/ul[@class="dropdown-menu"]/li[1]/a[@class="io-ox-action-link"][count(. | //a[@href = '#' and (text() = 'Ansicht' or . = 'Ansicht')]) = count(//a[@href = '#' and (text() = 'Ansicht' or . = 'Ansicht')])]' not found)

2018-04-11 10:12:08 - [MESSAGE][FAILED] - Unable to click on object 'Object Repository/Booking/Page_11 Mail Business Testserver Ma/a_Ansicht' (Root cause: com.kms.katalon.core.webui.exception.WebElementNotFoundException: Web element with id: 'Object Repository/Booking/Page_11 Mail Business Testserver Ma/a_Ansicht' located by 'By.xpath: /html[@class="applicationcache audio canvas canvastext emoji indexeddb indexeddb-deletedatabase json unicode video cssanimations supports csstransforms3d filereader localstorage no-websqldatabase websockets no-pointerevents fix-spin"]/body[@class="unselectable"]/div[@class="smart-dropdown-container dropdown open file"]/ul[@class="dropdown-menu"]/li[1]/a[@class="io-ox-action-link"][count(. | //a[@href = '#' and (text() = 'Ansicht' or . = 'Ansicht')]) = count(//a[@href = '#' and (text() = 'Ansicht' or . = 'Ansicht')])]' not found)
[[ATTACHMENT|C:\\qagmm\\Selenium\\MICE-POC\\Smoketest\\Reports\\Smoketest_IUT\\20180411_100447\\1523434328772.png]]]]></system-out>
         <system-err><![CDATA[2018-04-11 10:09:13 - [TEST_CASE][FAILED] - Test Cases/IUT/EWS/Buchen/Straight forward booking: Test Cases/IUT/EWS/Buchen/Straight forward booking FAILED because (of) Unable to click on object 'Object Repository/Booking/Page_11 Mail Business Testserver Ma/a_Ansicht' (Root cause: com.kms.katalon.core.webui.exception.WebElementNotFoundException: Web element with id: 'Object Repository/Booking/Page_11 Mail Business Testserver Ma/a_Ansicht' located by 'By.xpath: /html[@class="applicationcache audio canvas canvastext emoji indexeddb indexeddb-deletedatabase json unicode video cssanimations supports csstransforms3d filereader localstorage no-websqldatabase websockets no-pointerevents fix-spin"]/body[@class="unselectable"]/div[@class="smart-dropdown-container dropdown open file"]/ul[@class="dropdown-menu"]/li[1]/a[@class="io-ox-action-link"][count(. | //a[@href = '#' and (text() = 'Ansicht' or . = 'Ansicht')]) = count(//a[@href = '#' and (text() = 'Ansicht' or . = 'Ansicht')])]' not found)]]></system-err>
      </testcase>
      <testcase name="Test Cases/IUT/Widgets/Searchwidget/Start search" classname="Test Cases/IUT/Widgets/Searchwidget/Start search" status="PASSED">
         <system-out><![CDATA[2018-04-11 10:12:08 - [TEST_CASE][PASSED] - Test Cases/IUT/Widgets/Searchwidget/Start search: Test Cases/IUT/Widgets/Searchwidget/Start search

2018-04-11 10:12:09 - [TEST_STEP][PASSED] - openBrowser: Browser is opened with url: ''

2018-04-11 10:12:09 - [MESSAGE][WARNING] - A browser is already opened. Closing browser and opening a new one

2018-04-11 10:12:13 - [MESSAGE][PASSED] - Browser is opened with url: ''

2018-04-11 10:12:13 - [TEST_STEP][PASSED] - navigateToUrl: Navigate to 'https://meetingmarket-iut.de/Widgets/configuration/default.aspx?widgetType=search' successfully

2018-04-11 10:12:14 - [MESSAGE][PASSED] - Navigate to 'https://meetingmarket-iut.de/Widgets/configuration/default.aspx?widgetType=search' successfully

2018-04-11 10:12:14 - [TEST_STEP][PASSED] - click: Object: 'Object Repository/Widgets/Searchwidget/div_Alle Regionen' is clicked on

2018-04-11 10:12:15 - [MESSAGE][PASSED] - Object: 'Object Repository/Widgets/Searchwidget/div_Alle Regionen' is clicked on

2018-04-11 10:12:15 - [TEST_STEP][PASSED] - click: Object: 'Object Repository/Widgets/Searchwidget/li_Frankfurt am MainLindner Co' is clicked on

2018-04-11 10:12:15 - [MESSAGE][PASSED] - Object: 'Object Repository/Widgets/Searchwidget/li_Frankfurt am MainLindner Co' is clicked on

2018-04-11 10:12:15 - [TEST_STEP][PASSED] - click: Object: 'Object Repository/Widgets/Searchwidget/label_02.03.2018' is clicked on

2018-04-11 10:12:15 - [MESSAGE][PASSED] - Object: 'Object Repository/Widgets/Searchwidget/label_02.03.2018' is clicked on

2018-04-11 10:12:15 - [TEST_STEP][PASSED] - click: Object: 'Object Repository/Widgets/Searchwidget/span_Vor' is clicked on

2018-04-11 10:12:16 - [MESSAGE][PASSED] - Object: 'Object Repository/Widgets/Searchwidget/span_Vor' is clicked on

2018-04-11 10:12:16 - [TEST_STEP][PASSED] - click: Object: 'Object Repository/Widgets/Searchwidget/a_1' is clicked on

2018-04-11 10:12:16 - [MESSAGE][PASSED] - Object: 'Object Repository/Widgets/Searchwidget/a_1' is clicked on

2018-04-11 10:12:16 - [TEST_STEP][PASSED] - click: Object: 'Object Repository/Widgets/Searchwidget/li_2 Tage' is clicked on

2018-04-11 10:12:16 - [MESSAGE][PASSED] - Object: 'Object Repository/Widgets/Searchwidget/li_2 Tage' is clicked on

2018-04-11 10:12:16 - [TEST_STEP][PASSED] - setText: Text '20' is set on object 'Object Repository/Widgets/Searchwidget/input_InputEventPersons'

2018-04-11 10:12:16 - [MESSAGE][PASSED] - Text '20' is set on object 'Object Repository/Widgets/Searchwidget/input_InputEventPersons'

2018-04-11 10:12:16 - [TEST_STEP][PASSED] - click: Object: 'Object Repository/Widgets/Searchwidget/div_1 Raum' is clicked on

2018-04-11 10:12:17 - [MESSAGE][PASSED] - Object: 'Object Repository/Widgets/Searchwidget/div_1 Raum' is clicked on

2018-04-11 10:12:17 - [TEST_STEP][PASSED] - click: Object: 'Object Repository/Widgets/Searchwidget/span_2 Rume' is clicked on

2018-04-11 10:12:17 - [MESSAGE][PASSED] - Object: 'Object Repository/Widgets/Searchwidget/span_2 Rume' is clicked on

2018-04-11 10:12:17 - [TEST_STEP][PASSED] - click: Object: 'Object Repository/Widgets/Searchwidget/div_Suchen' is clicked on

2018-04-11 10:12:17 - [MESSAGE][PASSED] - Object: 'Object Repository/Widgets/Searchwidget/div_Suchen' is clicked on

2018-04-11 10:12:17 - [TEST_STEP][PASSED] - closeWindowTitle: Window with title: '' is closed

2018-04-11 10:12:17 - [MESSAGE][PASSED] - Window with title: '' is closed

2018-04-11 10:12:17 - [TEST_STEP][PASSED] - switchToWindowTitle: Switched to window with title: 'Suchergebnisse - lindner.meetingmarket-iut.de'

2018-04-11 10:12:19 - [MESSAGE][PASSED] - Switched to window with title: 'Suchergebnisse - lindner.meetingmarket-iut.de'

2018-04-11 10:12:19 - [TEST_STEP][PASSED] - verifyElementPresent: Object 'Object Repository/Landingpage/Page_Suchergebnisse - meetingmarket/div_2 Tage' is present

2018-04-11 10:12:19 - [MESSAGE][WARNING] - Timeout '0' is invalid. Using default page load timeout: '30'

2018-04-11 10:12:24 - [MESSAGE][PASSED] - Object 'Object Repository/Landingpage/Page_Suchergebnisse - meetingmarket/div_2 Tage' is present

2018-04-11 10:12:24 - [TEST_STEP][PASSED] - verifyElementPresent: Object 'Object Repository/Landingpage/Page_Suchergebnisse - meetingmarket/div_2 Rume' is present

2018-04-11 10:12:24 - [MESSAGE][WARNING] - Timeout '0' is invalid. Using default page load timeout: '30'

2018-04-11 10:12:24 - [MESSAGE][PASSED] - Object 'Object Repository/Landingpage/Page_Suchergebnisse - meetingmarket/div_2 Rume' is present

2018-04-11 10:12:24 - [TEST_STEP][PASSED] - delay: Delayed 5 second(s)

2018-04-11 10:12:29 - [MESSAGE][PASSED] - Delayed 5 second(s)

2018-04-11 10:12:29 - [TEST_STEP][PASSED] - verifyElementPresent: Object 'Object Repository/Landingpage/Page_Suchergebnisse - meetingmarket/result text' is present

2018-04-11 10:12:29 - [MESSAGE][WARNING] - Timeout '0' is invalid. Using default page load timeout: '30'

2018-04-11 10:12:29 - [MESSAGE][PASSED] - Object 'Object Repository/Landingpage/Page_Suchergebnisse - meetingmarket/result text' is present

2018-04-11 10:12:29 - [TEST_STEP][PASSED] - verifyElementPresent: Object 'Object Repository/Landingpage/Page_Suchergebnisse - meetingmarket/some hotels' is present

2018-04-11 10:12:29 - [MESSAGE][WARNING] - Timeout '0' is invalid. Using default page load timeout: '30'

2018-04-11 10:12:29 - [MESSAGE][PASSED] - Object 'Object Repository/Landingpage/Page_Suchergebnisse - meetingmarket/some hotels' is present

2018-04-11 10:12:29 - [TEST_STEP][PASSED] - click: Object: 'Object Repository/Landingpage/Page_Suchergebnisse - meetingmarket/backtolp' is clicked on

2018-04-11 10:12:31 - [MESSAGE][PASSED] - Object: 'Object Repository/Landingpage/Page_Suchergebnisse - meetingmarket/backtolp' is clicked on

2018-04-11 10:12:31 - [TEST_STEP][PASSED] - verifyElementPresent: Object 'Object Repository/Widgets/Searchwidget/div_Alle RegionenspanAntwerpen' is present

2018-04-11 10:12:31 - [MESSAGE][WARNING] - Timeout '0' is invalid. Using default page load timeout: '30'

2018-04-11 10:12:31 - [MESSAGE][PASSED] - Object 'Object Repository/Widgets/Searchwidget/div_Alle RegionenspanAntwerpen' is present

2018-04-11 10:12:31 - [TEST_STEP][PASSED] - closeBrowser: Browser is closed

2018-04-11 10:12:32 - [MESSAGE][PASSED] - Browser is closed]]></system-out>
         <system-err><![CDATA[]]></system-err>
      </testcase>
      <testcase name="Test Cases/IUT/Widgets/Searchwidget/Verify all elements" classname="Test Cases/IUT/Widgets/Searchwidget/Verify all elements" status="PASSED">
         <system-out><![CDATA[2018-04-11 10:12:32 - [TEST_CASE][PASSED] - Test Cases/IUT/Widgets/Searchwidget/Verify all elements: Test Cases/IUT/Widgets/Searchwidget/Verify all elements

2018-04-11 10:12:32 - [TEST_STEP][PASSED] - openBrowser: Browser is opened with url: 'https://meetingmarket-iut.de/Widgets/configuration/default.aspx?widgetType=search'

2018-04-11 10:12:37 - [MESSAGE][PASSED] - Browser is opened with url: 'https://meetingmarket-iut.de/Widgets/configuration/default.aspx?widgetType=search'

2018-04-11 10:12:37 - [TEST_STEP][PASSED] - setViewPortSize: Viewport is set to new size with width = 1280 and height = 768

2018-04-11 10:12:39 - [MESSAGE][PASSED] - Viewport is set to new size with width = 1280 and height = 768

2018-04-11 10:12:39 - [TEST_STEP][PASSED] - delay: Delayed 5 second(s)

2018-04-11 10:12:44 - [MESSAGE][PASSED] - Delayed 5 second(s)

2018-04-11 10:12:44 - [TEST_STEP][PASSED] - verifyElementPresent: Object 'Object Repository/Widgets/Searchwidget/div_1 Raum' is present

2018-04-11 10:12:44 - [MESSAGE][WARNING] - Timeout '0' is invalid. Using default page load timeout: '30'

2018-04-11 10:12:44 - [MESSAGE][PASSED] - Object 'Object Repository/Widgets/Searchwidget/div_1 Raum' is present

2018-04-11 10:12:44 - [TEST_STEP][PASSED] - verifyElementPresent: Object 'Object Repository/Widgets/Searchwidget/div_1 Tag' is present

2018-04-11 10:12:44 - [MESSAGE][WARNING] - Timeout '0' is invalid. Using default page load timeout: '30'

2018-04-11 10:12:44 - [MESSAGE][PASSED] - Object 'Object Repository/Widgets/Searchwidget/div_1 Tag' is present

2018-04-11 10:12:44 - [TEST_STEP][PASSED] - verifyElementPresent: Object 'Object Repository/Widgets/Searchwidget/div_Alle Regionen' is present

2018-04-11 10:12:44 - [MESSAGE][WARNING] - Timeout '0' is invalid. Using default page load timeout: '30'

2018-04-11 10:12:44 - [MESSAGE][PASSED] - Object 'Object Repository/Widgets/Searchwidget/div_Alle Regionen' is present

2018-04-11 10:12:44 - [TEST_STEP][PASSED] - verifyElementPresent: Object 'Object Repository/Widgets/Searchwidget/div_spanAlle RegionenspanspanA' is present

2018-04-11 10:12:44 - [MESSAGE][WARNING] - Timeout '0' is invalid. Using default page load timeout: '30'

2018-04-11 10:12:44 - [MESSAGE][PASSED] - Object 'Object Repository/Widgets/Searchwidget/div_spanAlle RegionenspanspanA' is present

2018-04-11 10:12:44 - [TEST_STEP][PASSED] - verifyElementPresent: Object 'Object Repository/Widgets/Searchwidget/div_Suchen' is present

2018-04-11 10:12:44 - [MESSAGE][WARNING] - Timeout '0' is invalid. Using default page load timeout: '30'

2018-04-11 10:12:44 - [MESSAGE][PASSED] - Object 'Object Repository/Widgets/Searchwidget/div_Suchen' is present

2018-04-11 10:12:44 - [TEST_STEP][PASSED] - verifyElementPresent: Object 'Object Repository/Widgets/Searchwidget/h2_Jetzt Tagungsraum suchen ve' is present

2018-04-11 10:12:44 - [MESSAGE][WARNING] - Timeout '0' is invalid. Using default page load timeout: '30'

2018-04-11 10:12:44 - [MESSAGE][PASSED] - Object 'Object Repository/Widgets/Searchwidget/h2_Jetzt Tagungsraum suchen ve' is present

2018-04-11 10:12:44 - [TEST_STEP][PASSED] - verifyElementPresent: Object 'Object Repository/Widgets/Searchwidget/input_InputEventPersons' is present

2018-04-11 10:12:44 - [MESSAGE][WARNING] - Timeout '0' is invalid. Using default page load timeout: '30'

2018-04-11 10:12:44 - [MESSAGE][PASSED] - Object 'Object Repository/Widgets/Searchwidget/input_InputEventPersons' is present

2018-04-11 10:12:44 - [TEST_STEP][PASSED] - verifyElementPresent: Object 'Object Repository/Widgets/Searchwidget/label_02.03.2018' is present

2018-04-11 10:12:44 - [MESSAGE][WARNING] - Timeout '0' is invalid. Using default page load timeout: '30'

2018-04-11 10:12:44 - [MESSAGE][PASSED] - Object 'Object Repository/Widgets/Searchwidget/label_02.03.2018' is present

2018-04-11 10:12:44 - [TEST_STEP][PASSED] - verifyElementPresent: Object 'Object Repository/Widgets/Searchwidget/span_Anzahl Rume' is present

2018-04-11 10:12:44 - [MESSAGE][WARNING] - Timeout '0' is invalid. Using default page load timeout: '30'

2018-04-11 10:12:44 - [MESSAGE][PASSED] - Object 'Object Repository/Widgets/Searchwidget/span_Anzahl Rume' is present

2018-04-11 10:12:44 - [TEST_STEP][PASSED] - verifyElementPresent: Object 'Object Repository/Widgets/Searchwidget/span_Datum' is present

2018-04-11 10:12:44 - [MESSAGE][WARNING] - Timeout '0' is invalid. Using default page load timeout: '30'

2018-04-11 10:12:44 - [MESSAGE][PASSED] - Object 'Object Repository/Widgets/Searchwidget/span_Datum' is present

2018-04-11 10:12:44 - [TEST_STEP][PASSED] - verifyElementPresent: Object 'Object Repository/Widgets/Searchwidget/span_Personen' is present

2018-04-11 10:12:44 - [MESSAGE][WARNING] - Timeout '0' is invalid. Using default page load timeout: '30'

2018-04-11 10:12:44 - [MESSAGE][PASSED] - Object 'Object Repository/Widgets/Searchwidget/span_Personen' is present

2018-04-11 10:12:44 - [TEST_STEP][PASSED] - verifyElementPresent: Object 'Object Repository/Widgets/Searchwidget/span_Stadtwhlen' is present

2018-04-11 10:12:44 - [MESSAGE][WARNING] - Timeout '0' is invalid. Using default page load timeout: '30'

2018-04-11 10:12:44 - [MESSAGE][PASSED] - Object 'Object Repository/Widgets/Searchwidget/span_Stadtwhlen' is present

2018-04-11 10:12:44 - [TEST_STEP][PASSED] - verifyElementPresent: Object 'Object Repository/Widgets/Searchwidget/span_Zeitraum' is present

2018-04-11 10:12:44 - [MESSAGE][WARNING] - Timeout '0' is invalid. Using default page load timeout: '30'

2018-04-11 10:12:44 - [MESSAGE][PASSED] - Object 'Object Repository/Widgets/Searchwidget/span_Zeitraum' is present

2018-04-11 10:12:44 - [TEST_STEP][PASSED] - closeBrowser: Browser is closed

2018-04-11 10:12:46 - [MESSAGE][PASSED] - Browser is closed]]></system-out>
         <system-err><![CDATA[]]></system-err>
      </testcase>
      <system-out><![CDATA[2018-04-11 10:04:51 - [TEST_SUITE][FAILED] - Smoketest_IUT: Test Cases/IUT/EWS/Landingpage/Start search from LP FAILED because (of) Unable to verify object 'Object Repository/Landingpage/Page_Suchergebnisse - meetingmarket/some hotels' is present (Root cause: com.kms.katalon.core.webui.exception.WebElementNotFoundException: Web element with id: 'Object Repository/Landingpage/Page_Suchergebnisse - meetingmarket/some hotels' located by 'By.xpath: id("ContainerResults")/a[@class="tile_row bookable  withOffer workflowIb selenium-workflowIb"]/div[@class="slider_wrapper"]/div[@class="slider"]/div[@class="hotel_img first active"]' not found)]]></system-out>
      <system-err><![CDATA[2018-04-11 10:04:51 - [TEST_SUITE][FAILED] - Smoketest_IUT: Test Cases/IUT/EWS/Landingpage/Start search from LP FAILED because (of) Unable to verify object 'Object Repository/Landingpage/Page_Suchergebnisse - meetingmarket/some hotels' is present (Root cause: com.kms.katalon.core.webui.exception.WebElementNotFoundException: Web element with id: 'Object Repository/Landingpage/Page_Suchergebnisse - meetingmarket/some hotels' located by 'By.xpath: id("ContainerResults")/a[@class="tile_row bookable  withOffer workflowIb selenium-workflowIb"]/div[@class="slider_wrapper"]/div[@class="slider"]/div[@class="hotel_img first active"]' not found)]]></system-err>
   </testsuite>
</testsuites>
