<?xml version="1.0" encoding="UTF-8"?>
<testsuites name="Smoketest" time="154" tests="5" failures="2" errors="0">
   <testsuite name="Smoketest" tests="5" failures="2" errors="0" time="154" timestamp="2018-02-19 09:12:59" hostname="Ferdi G\uFFFDll\uFFFDbag - LAPTOP-MH8HMEMT.fritz.box" id="Test Suites/Smoketest">
      <properties>
         <property name="deviceName" value=""/>
         <property name="devicePlatform" value=""/>
         <property name="logFolder" value="C:\\Katalon\\MICE-POC\\Smoketest\\Reports\\Smoketest\\20180219_091257"/>
         <property name="logFiles" value="C:\\Katalon\\MICE-POC\\Smoketest\\Reports\\Smoketest\\20180219_091257\\execution0.log"/>
         <property name="attachments" value="C:\\Katalon\\MICE-POC\\Smoketest\\Reports\\Smoketest\\20180219_091257\\1519028090595.png, C:\\Katalon\\MICE-POC\\Smoketest\\Reports\\Smoketest\\20180219_091257\\1519028090792.png, C:\\Katalon\\MICE-POC\\Smoketest\\Reports\\Smoketest\\20180219_091257\\1519028132777.png, C:\\Katalon\\MICE-POC\\Smoketest\\Reports\\Smoketest\\20180219_091257\\1519028133012.png"/>
         <property name="hostName" value="Ferdi G\uFFFDll\uFFFDbag - LAPTOP-MH8HMEMT.fritz.box"/>
         <property name="os" value="Windows 10 64bit"/>
         <property name="katalonVersion" value="5.3.0.1"/>
         <property name="browser" value="Firefox 58.0"/>
         <property name="hostAddress" value="192.168.2.131"/>
         <property name="sessionId" value="32f096a9-dc6a-4ab9-93b8-453668d81453"/>
         <property name="seleniumVersion" value="3.7.1"/>
         <property name="proxyInformation" value="ProxyInformation{proxyOption=NO_PROXY, proxyServerType=HTTP, password=, proxyServerAddress=, proxyServerPort=0}"/>
         <property name="platform" value="Windows 10"/>
      </properties>
      <testcase name="Test Cases/Landingpage/Verify all Elements" classname="Test Cases/Landingpage/Verify all Elements" status="PASSED">
         <system-out><![CDATA[2018-02-19 09:12:59 - [TEST_CASE][PASSED] - Test Cases/Landingpage/Verify all Elements: Test Cases/Landingpage/Verify all Elements

2018-02-19 09:13:00 - [TEST_STEP][PASSED] - openBrowser: Browser is opened with url: 'https://meetingmarket-iut.de/'

2018-02-19 09:13:06 - [MESSAGE][PASSED] - Browser is opened with url: 'https://meetingmarket-iut.de/'

2018-02-19 09:13:06 - [TEST_STEP][PASSED] - delay: Delayed 5 second(s)

2018-02-19 09:13:11 - [MESSAGE][PASSED] - Delayed 5 second(s)

2018-02-19 09:13:11 - [TEST_STEP][PASSED] - waitForElementPresent: Object 'Object Repository/Landingpage/Page_Tagungshotels und Meetingrume/div_logo' is present

2018-02-19 09:13:11 - [MESSAGE][WARNING] - Timeout '0' is invalid. Using default page load timeout: '30'

2018-02-19 09:13:11 - [MESSAGE][PASSED] - Object 'Object Repository/Landingpage/Page_Tagungshotels und Meetingrume/div_logo' is present

2018-02-19 09:13:11 - [TEST_STEP][PASSED] - verifyElementPresent: Object 'Object Repository/Landingpage/Page_Tagungshotels und Meetingrume/div_ber 2.500 Tagungsrume' is present

2018-02-19 09:13:11 - [MESSAGE][WARNING] - Timeout '0' is invalid. Using default page load timeout: '30'

2018-02-19 09:13:12 - [MESSAGE][PASSED] - Object 'Object Repository/Landingpage/Page_Tagungshotels und Meetingrume/div_ber 2.500 Tagungsrume' is present

2018-02-19 09:13:12 - [TEST_STEP][PASSED] - verifyElementPresent: Object 'Object Repository/Landingpage/Page_Tagungshotels und Meetingrume/div_Jetzt buchen und bis zu 30' is present

2018-02-19 09:13:12 - [MESSAGE][WARNING] - Timeout '0' is invalid. Using default page load timeout: '30'

2018-02-19 09:13:12 - [MESSAGE][PASSED] - Object 'Object Repository/Landingpage/Page_Tagungshotels und Meetingrume/div_Jetzt buchen und bis zu 30' is present

2018-02-19 09:13:12 - [TEST_STEP][PASSED] - verifyElementPresent: Object 'Object Repository/Landingpage/Page_Tagungshotels und Meetingrume/div_BerlinBremenDresdenDsseldo' is present

2018-02-19 09:13:12 - [MESSAGE][WARNING] - Timeout '0' is invalid. Using default page load timeout: '30'

2018-02-19 09:13:12 - [MESSAGE][PASSED] - Object 'Object Repository/Landingpage/Page_Tagungshotels und Meetingrume/div_BerlinBremenDresdenDsseldo' is present

2018-02-19 09:13:12 - [TEST_STEP][PASSED] - verifyElementPresent: Object 'Object Repository/Landingpage/Page_Tagungshotels und Meetingrume/p_Sichere Reservierung in 3 Mi' is present

2018-02-19 09:13:12 - [MESSAGE][WARNING] - Timeout '0' is invalid. Using default page load timeout: '30'

2018-02-19 09:13:12 - [MESSAGE][PASSED] - Object 'Object Repository/Landingpage/Page_Tagungshotels und Meetingrume/p_Sichere Reservierung in 3 Mi' is present

2018-02-19 09:13:12 - [TEST_STEP][PASSED] - verifyElementPresent: Object 'Object Repository/Landingpage/Page_Tagungshotels und Meetingrume/p_Persnliche Beratung 49 (0)76' is present

2018-02-19 09:13:12 - [MESSAGE][WARNING] - Timeout '0' is invalid. Using default page load timeout: '30'

2018-02-19 09:13:12 - [MESSAGE][PASSED] - Object 'Object Repository/Landingpage/Page_Tagungshotels und Meetingrume/p_Persnliche Beratung 49 (0)76' is present

2018-02-19 09:13:12 - [TEST_STEP][PASSED] - verifyElementPresent: Object 'Object Repository/Landingpage/Page_Tagungshotels und Meetingrume/p_Kostenfreie Stornierung' is present

2018-02-19 09:13:12 - [MESSAGE][WARNING] - Timeout '0' is invalid. Using default page load timeout: '30'

2018-02-19 09:13:12 - [MESSAGE][PASSED] - Object 'Object Repository/Landingpage/Page_Tagungshotels und Meetingrume/p_Kostenfreie Stornierung' is present

2018-02-19 09:13:12 - [TEST_STEP][PASSED] - verifyElementPresent: Object 'Object Repository/Landingpage/Page_Tagungshotels und Meetingrume/h2_Finden Sie die perfekte Loc' is present

2018-02-19 09:13:12 - [MESSAGE][WARNING] - Timeout '0' is invalid. Using default page load timeout: '30'

2018-02-19 09:13:12 - [MESSAGE][PASSED] - Object 'Object Repository/Landingpage/Page_Tagungshotels und Meetingrume/h2_Finden Sie die perfekte Loc' is present

2018-02-19 09:13:12 - [TEST_STEP][PASSED] - verifyElementPresent: Object 'Object Repository/Landingpage/Page_Tagungshotels und Meetingrume/p_Wir finden die passenden Rum' is present

2018-02-19 09:13:12 - [MESSAGE][WARNING] - Timeout '0' is invalid. Using default page load timeout: '30'

2018-02-19 09:13:12 - [MESSAGE][PASSED] - Object 'Object Repository/Landingpage/Page_Tagungshotels und Meetingrume/p_Wir finden die passenden Rum' is present

2018-02-19 09:13:12 - [TEST_STEP][PASSED] - verifyElementPresent: Object 'Object Repository/Landingpage/Page_Tagungshotels und Meetingrume/div_Veranstaltungsortein Berli' is present

2018-02-19 09:13:12 - [MESSAGE][WARNING] - Timeout '0' is invalid. Using default page load timeout: '30'

2018-02-19 09:13:12 - [MESSAGE][PASSED] - Object 'Object Repository/Landingpage/Page_Tagungshotels und Meetingrume/div_Veranstaltungsortein Berli' is present

2018-02-19 09:13:12 - [TEST_STEP][PASSED] - verifyElementPresent: Object 'Object Repository/Landingpage/Page_Tagungshotels und Meetingrume/div_Veranstaltungsortein Breme' is present

2018-02-19 09:13:12 - [MESSAGE][WARNING] - Timeout '0' is invalid. Using default page load timeout: '30'

2018-02-19 09:13:12 - [MESSAGE][PASSED] - Object 'Object Repository/Landingpage/Page_Tagungshotels und Meetingrume/div_Veranstaltungsortein Breme' is present

2018-02-19 09:13:12 - [TEST_STEP][PASSED] - verifyElementPresent: Object 'Object Repository/Landingpage/Page_Tagungshotels und Meetingrume/div_Veranstaltungsortein Dresd' is present

2018-02-19 09:13:12 - [MESSAGE][WARNING] - Timeout '0' is invalid. Using default page load timeout: '30'

2018-02-19 09:13:12 - [MESSAGE][PASSED] - Object 'Object Repository/Landingpage/Page_Tagungshotels und Meetingrume/div_Veranstaltungsortein Dresd' is present

2018-02-19 09:13:12 - [TEST_STEP][PASSED] - verifyElementPresent: Object 'Object Repository/Landingpage/Page_Tagungshotels und Meetingrume/div_Veranstaltungsortein Dssel' is present

2018-02-19 09:13:12 - [MESSAGE][WARNING] - Timeout '0' is invalid. Using default page load timeout: '30'

2018-02-19 09:13:12 - [MESSAGE][PASSED] - Object 'Object Repository/Landingpage/Page_Tagungshotels und Meetingrume/div_Veranstaltungsortein Dssel' is present

2018-02-19 09:13:12 - [TEST_STEP][PASSED] - verifyElementPresent: Object 'Object Repository/Landingpage/Page_Tagungshotels und Meetingrume/div_Veranstaltungsortein Frank' is present

2018-02-19 09:13:12 - [MESSAGE][WARNING] - Timeout '0' is invalid. Using default page load timeout: '30'

2018-02-19 09:13:12 - [MESSAGE][PASSED] - Object 'Object Repository/Landingpage/Page_Tagungshotels und Meetingrume/div_Veranstaltungsortein Frank' is present

2018-02-19 09:13:12 - [TEST_STEP][PASSED] - verifyElementPresent: Object 'Object Repository/Landingpage/Page_Tagungshotels und Meetingrume/div_Veranstaltungsortein Hambu' is present

2018-02-19 09:13:12 - [MESSAGE][WARNING] - Timeout '0' is invalid. Using default page load timeout: '30'

2018-02-19 09:13:12 - [MESSAGE][PASSED] - Object 'Object Repository/Landingpage/Page_Tagungshotels und Meetingrume/div_Veranstaltungsortein Hambu' is present

2018-02-19 09:13:12 - [TEST_STEP][PASSED] - verifyElementPresent: Object 'Object Repository/Landingpage/Page_Tagungshotels und Meetingrume/div_Veranstaltungsortein Leipz' is present

2018-02-19 09:13:12 - [MESSAGE][WARNING] - Timeout '0' is invalid. Using default page load timeout: '30'

2018-02-19 09:13:12 - [MESSAGE][PASSED] - Object 'Object Repository/Landingpage/Page_Tagungshotels und Meetingrume/div_Veranstaltungsortein Leipz' is present

2018-02-19 09:13:12 - [TEST_STEP][PASSED] - verifyElementPresent: Object 'Object Repository/Landingpage/Page_Tagungshotels und Meetingrume/div_Veranstaltungsortein KlnKl' is present

2018-02-19 09:13:12 - [MESSAGE][WARNING] - Timeout '0' is invalid. Using default page load timeout: '30'

2018-02-19 09:13:12 - [MESSAGE][PASSED] - Object 'Object Repository/Landingpage/Page_Tagungshotels und Meetingrume/div_Veranstaltungsortein KlnKl' is present

2018-02-19 09:13:12 - [TEST_STEP][PASSED] - verifyElementPresent: Object 'Object Repository/Landingpage/Page_Tagungshotels und Meetingrume/div_Veranstaltungsortein Hanno' is present

2018-02-19 09:13:12 - [MESSAGE][WARNING] - Timeout '0' is invalid. Using default page load timeout: '30'

2018-02-19 09:13:12 - [MESSAGE][PASSED] - Object 'Object Repository/Landingpage/Page_Tagungshotels und Meetingrume/div_Veranstaltungsortein Hanno' is present

2018-02-19 09:13:12 - [TEST_STEP][PASSED] - verifyElementPresent: Object 'Object Repository/Landingpage/Page_Tagungshotels und Meetingrume/div_Veranstaltungsortein Mannh' is present

2018-02-19 09:13:12 - [MESSAGE][WARNING] - Timeout '0' is invalid. Using default page load timeout: '30'

2018-02-19 09:13:12 - [MESSAGE][PASSED] - Object 'Object Repository/Landingpage/Page_Tagungshotels und Meetingrume/div_Veranstaltungsortein Mannh' is present

2018-02-19 09:13:12 - [TEST_STEP][PASSED] - verifyElementPresent: Object 'Object Repository/Landingpage/Page_Tagungshotels und Meetingrume/div_Veranstaltungsortein Mnche' is present

2018-02-19 09:13:12 - [MESSAGE][WARNING] - Timeout '0' is invalid. Using default page load timeout: '30'

2018-02-19 09:13:12 - [MESSAGE][PASSED] - Object 'Object Repository/Landingpage/Page_Tagungshotels und Meetingrume/div_Veranstaltungsortein Mnche' is present

2018-02-19 09:13:12 - [TEST_STEP][PASSED] - verifyElementPresent: Object 'Object Repository/Landingpage/Page_Tagungshotels und Meetingrume/div_Veranstaltungsortein Nrnbe' is present

2018-02-19 09:13:12 - [MESSAGE][WARNING] - Timeout '0' is invalid. Using default page load timeout: '30'

2018-02-19 09:13:12 - [MESSAGE][PASSED] - Object 'Object Repository/Landingpage/Page_Tagungshotels und Meetingrume/div_Veranstaltungsortein Nrnbe' is present

2018-02-19 09:13:12 - [TEST_STEP][PASSED] - verifyElementPresent: Object 'Object Repository/Landingpage/Page_Tagungshotels und Meetingrume/div_Veranstaltungsortein Stutt' is present

2018-02-19 09:13:12 - [MESSAGE][WARNING] - Timeout '0' is invalid. Using default page load timeout: '30'

2018-02-19 09:13:12 - [MESSAGE][PASSED] - Object 'Object Repository/Landingpage/Page_Tagungshotels und Meetingrume/div_Veranstaltungsortein Stutt' is present

2018-02-19 09:13:12 - [TEST_STEP][PASSED] - verifyElementPresent: Object 'Object Repository/Landingpage/Page_Tagungshotels und Meetingrume/div_Veranstaltungsortein Potsd' is present

2018-02-19 09:13:12 - [MESSAGE][WARNING] - Timeout '0' is invalid. Using default page load timeout: '30'

2018-02-19 09:13:12 - [MESSAGE][PASSED] - Object 'Object Repository/Landingpage/Page_Tagungshotels und Meetingrume/div_Veranstaltungsortein Potsd' is present

2018-02-19 09:13:12 - [TEST_STEP][PASSED] - verifyElementPresent: Object 'Object Repository/Landingpage/Page_Tagungshotels und Meetingrume/span_Bekannt aus' is present

2018-02-19 09:13:12 - [MESSAGE][WARNING] - Timeout '0' is invalid. Using default page load timeout: '30'

2018-02-19 09:13:12 - [MESSAGE][PASSED] - Object 'Object Repository/Landingpage/Page_Tagungshotels und Meetingrume/span_Bekannt aus' is present

2018-02-19 09:13:12 - [TEST_STEP][PASSED] - verifyElementPresent: Object 'Object Repository/Landingpage/Page_Tagungshotels und Meetingrume/span_logos' is present

2018-02-19 09:13:12 - [MESSAGE][WARNING] - Timeout '0' is invalid. Using default page load timeout: '30'

2018-02-19 09:13:12 - [MESSAGE][PASSED] - Object 'Object Repository/Landingpage/Page_Tagungshotels und Meetingrume/span_logos' is present

2018-02-19 09:13:12 - [TEST_STEP][PASSED] - verifyElementPresent: Object 'Object Repository/Landingpage/Page_Tagungshotels und Meetingrume/span_logos_1' is present

2018-02-19 09:13:12 - [MESSAGE][WARNING] - Timeout '0' is invalid. Using default page load timeout: '30'

2018-02-19 09:13:12 - [MESSAGE][PASSED] - Object 'Object Repository/Landingpage/Page_Tagungshotels und Meetingrume/span_logos_1' is present

2018-02-19 09:13:12 - [TEST_STEP][PASSED] - verifyElementPresent: Object 'Object Repository/Landingpage/Page_Tagungshotels und Meetingrume/div_Deutsch' is present

2018-02-19 09:13:12 - [MESSAGE][WARNING] - Timeout '0' is invalid. Using default page load timeout: '30'

2018-02-19 09:13:12 - [MESSAGE][PASSED] - Object 'Object Repository/Landingpage/Page_Tagungshotels und Meetingrume/div_Deutsch' is present

2018-02-19 09:13:12 - [TEST_STEP][PASSED] - verifyElementPresent: Object 'Object Repository/Landingpage/Page_Tagungshotels und Meetingrume/div_ Euro' is present

2018-02-19 09:13:12 - [MESSAGE][WARNING] - Timeout '0' is invalid. Using default page load timeout: '30'

2018-02-19 09:13:12 - [MESSAGE][PASSED] - Object 'Object Repository/Landingpage/Page_Tagungshotels und Meetingrume/div_ Euro' is present

2018-02-19 09:13:12 - [TEST_STEP][PASSED] - verifyElementPresent: Object 'Object Repository/Landingpage/Page_Tagungshotels und Meetingrume/a_Kontakt' is present

2018-02-19 09:13:12 - [MESSAGE][WARNING] - Timeout '0' is invalid. Using default page load timeout: '30'

2018-02-19 09:13:12 - [MESSAGE][PASSED] - Object 'Object Repository/Landingpage/Page_Tagungshotels und Meetingrume/a_Kontakt' is present

2018-02-19 09:13:12 - [TEST_STEP][PASSED] - verifyElementPresent: Object 'Object Repository/Landingpage/Page_Tagungshotels und Meetingrume/a_Fragen  Antworten' is present

2018-02-19 09:13:12 - [MESSAGE][WARNING] - Timeout '0' is invalid. Using default page load timeout: '30'

2018-02-19 09:13:12 - [MESSAGE][PASSED] - Object 'Object Repository/Landingpage/Page_Tagungshotels und Meetingrume/a_Fragen  Antworten' is present

2018-02-19 09:13:12 - [TEST_STEP][PASSED] - verifyElementPresent: Object 'Object Repository/Landingpage/Page_Tagungshotels und Meetingrume/a_So funktionierts' is present

2018-02-19 09:13:12 - [MESSAGE][WARNING] - Timeout '0' is invalid. Using default page load timeout: '30'

2018-02-19 09:13:12 - [MESSAGE][PASSED] - Object 'Object Repository/Landingpage/Page_Tagungshotels und Meetingrume/a_So funktionierts' is present

2018-02-19 09:13:12 - [TEST_STEP][PASSED] - verifyElementPresent: Object 'Object Repository/Landingpage/Page_Tagungshotels und Meetingrume/a_ber uns' is present

2018-02-19 09:13:12 - [MESSAGE][WARNING] - Timeout '0' is invalid. Using default page load timeout: '30'

2018-02-19 09:13:12 - [MESSAGE][PASSED] - Object 'Object Repository/Landingpage/Page_Tagungshotels und Meetingrume/a_ber uns' is present

2018-02-19 09:13:12 - [TEST_STEP][PASSED] - verifyElementPresent: Object 'Object Repository/Landingpage/Page_Tagungshotels und Meetingrume/a_Hotel eintragen' is present

2018-02-19 09:13:12 - [MESSAGE][WARNING] - Timeout '0' is invalid. Using default page load timeout: '30'

2018-02-19 09:13:12 - [MESSAGE][PASSED] - Object 'Object Repository/Landingpage/Page_Tagungshotels und Meetingrume/a_Hotel eintragen' is present

2018-02-19 09:13:12 - [TEST_STEP][PASSED] - verifyElementPresent: Object 'Object Repository/Landingpage/Page_Tagungshotels und Meetingrume/a_Impressum' is present

2018-02-19 09:13:12 - [MESSAGE][WARNING] - Timeout '0' is invalid. Using default page load timeout: '30'

2018-02-19 09:13:12 - [MESSAGE][PASSED] - Object 'Object Repository/Landingpage/Page_Tagungshotels und Meetingrume/a_Impressum' is present

2018-02-19 09:13:12 - [TEST_STEP][PASSED] - verifyElementPresent: Object 'Object Repository/Landingpage/Page_Tagungshotels und Meetingrume/div_2018 Meeting.Expedia.de -' is present

2018-02-19 09:13:12 - [MESSAGE][WARNING] - Timeout '0' is invalid. Using default page load timeout: '30'

2018-02-19 09:13:12 - [MESSAGE][PASSED] - Object 'Object Repository/Landingpage/Page_Tagungshotels und Meetingrume/div_2018 Meeting.Expedia.de -' is present

2018-02-19 09:13:12 - [TEST_STEP][PASSED] - closeBrowser: Browser is closed

2018-02-19 09:13:12 - [MESSAGE][PASSED] - Browser is closed]]></system-out>
         <system-err><![CDATA[]]></system-err>
      </testcase>
      <testcase name="Test Cases/Landingpage/Verify Searchbar" classname="Test Cases/Landingpage/Verify Searchbar" status="PASSED">
         <system-out><![CDATA[2018-02-19 09:13:12 - [TEST_CASE][PASSED] - Test Cases/Landingpage/Verify Searchbar: Test Cases/Landingpage/Verify Searchbar

2018-02-19 09:13:13 - [TEST_STEP][PASSED] - openBrowser: Browser is opened with url: 'https://meetingmarket-iut.de/'

2018-02-19 09:13:17 - [MESSAGE][PASSED] - Browser is opened with url: 'https://meetingmarket-iut.de/'

2018-02-19 09:13:17 - [TEST_STEP][PASSED] - delay: Delayed 5 second(s)

2018-02-19 09:13:22 - [MESSAGE][PASSED] - Delayed 5 second(s)

2018-02-19 09:13:22 - [TEST_STEP][PASSED] - verifyElementPresent: Object 'Object Repository/Landingpage/Searchbar_LP/span_Stadt whlen' is present

2018-02-19 09:13:22 - [MESSAGE][WARNING] - Timeout '0' is invalid. Using default page load timeout: '30'

2018-02-19 09:13:22 - [MESSAGE][PASSED] - Object 'Object Repository/Landingpage/Searchbar_LP/span_Stadt whlen' is present

2018-02-19 09:13:22 - [TEST_STEP][PASSED] - verifyElementPresent: Object 'Object Repository/Landingpage/Searchbar_LP/span_Datum' is present

2018-02-19 09:13:22 - [MESSAGE][WARNING] - Timeout '0' is invalid. Using default page load timeout: '30'

2018-02-19 09:13:22 - [MESSAGE][PASSED] - Object 'Object Repository/Landingpage/Searchbar_LP/span_Datum' is present

2018-02-19 09:13:22 - [TEST_STEP][PASSED] - verifyElementPresent: Object 'Object Repository/Landingpage/Searchbar_LP/span_Zeitraum' is present

2018-02-19 09:13:22 - [MESSAGE][WARNING] - Timeout '0' is invalid. Using default page load timeout: '30'

2018-02-19 09:13:22 - [MESSAGE][PASSED] - Object 'Object Repository/Landingpage/Searchbar_LP/span_Zeitraum' is present

2018-02-19 09:13:22 - [TEST_STEP][PASSED] - verifyElementPresent: Object 'Object Repository/Landingpage/Searchbar_LP/span_Personen' is present

2018-02-19 09:13:22 - [MESSAGE][WARNING] - Timeout '0' is invalid. Using default page load timeout: '30'

2018-02-19 09:13:22 - [MESSAGE][PASSED] - Object 'Object Repository/Landingpage/Searchbar_LP/span_Personen' is present

2018-02-19 09:13:22 - [TEST_STEP][PASSED] - verifyElementPresent: Object 'Object Repository/Landingpage/Searchbar_LP/span_Anzahl Rume' is present

2018-02-19 09:13:22 - [MESSAGE][WARNING] - Timeout '0' is invalid. Using default page load timeout: '30'

2018-02-19 09:13:22 - [MESSAGE][PASSED] - Object 'Object Repository/Landingpage/Searchbar_LP/span_Anzahl Rume' is present

2018-02-19 09:13:22 - [TEST_STEP][PASSED] - verifyElementPresent: Object 'Object Repository/Landingpage/Searchbar_LP/div_Berlin' is present

2018-02-19 09:13:22 - [MESSAGE][WARNING] - Timeout '0' is invalid. Using default page load timeout: '30'

2018-02-19 09:13:22 - [MESSAGE][PASSED] - Object 'Object Repository/Landingpage/Searchbar_LP/div_Berlin' is present

2018-02-19 09:13:22 - [TEST_STEP][PASSED] - click: Object: 'Object Repository/Landingpage/Searchbar_LP/div_Berlin' is clicked on

2018-02-19 09:13:23 - [MESSAGE][PASSED] - Object: 'Object Repository/Landingpage/Searchbar_LP/div_Berlin' is clicked on

2018-02-19 09:13:23 - [TEST_STEP][PASSED] - verifyElementPresent: Object 'Object Repository/Landingpage/Searchbar_LP/li_Berlin' is present

2018-02-19 09:13:23 - [MESSAGE][WARNING] - Timeout '0' is invalid. Using default page load timeout: '30'

2018-02-19 09:13:23 - [MESSAGE][PASSED] - Object 'Object Repository/Landingpage/Searchbar_LP/li_Berlin' is present

2018-02-19 09:13:23 - [TEST_STEP][PASSED] - verifyElementPresent: Object 'Object Repository/Landingpage/Searchbar_LP/li_Bremen' is present

2018-02-19 09:13:23 - [MESSAGE][WARNING] - Timeout '0' is invalid. Using default page load timeout: '30'

2018-02-19 09:13:23 - [MESSAGE][PASSED] - Object 'Object Repository/Landingpage/Searchbar_LP/li_Bremen' is present

2018-02-19 09:13:23 - [TEST_STEP][PASSED] - verifyElementPresent: Object 'Object Repository/Landingpage/Searchbar_LP/li_Dresden' is present

2018-02-19 09:13:23 - [MESSAGE][WARNING] - Timeout '0' is invalid. Using default page load timeout: '30'

2018-02-19 09:13:23 - [MESSAGE][PASSED] - Object 'Object Repository/Landingpage/Searchbar_LP/li_Dresden' is present

2018-02-19 09:13:23 - [TEST_STEP][PASSED] - verifyElementPresent: Object 'Object Repository/Landingpage/Searchbar_LP/li_Dsseldorf' is present

2018-02-19 09:13:23 - [MESSAGE][WARNING] - Timeout '0' is invalid. Using default page load timeout: '30'

2018-02-19 09:13:23 - [MESSAGE][PASSED] - Object 'Object Repository/Landingpage/Searchbar_LP/li_Dsseldorf' is present

2018-02-19 09:13:23 - [TEST_STEP][PASSED] - verifyElementPresent: Object 'Object Repository/Landingpage/Searchbar_LP/li_Frankfurt am Main' is present

2018-02-19 09:13:23 - [MESSAGE][WARNING] - Timeout '0' is invalid. Using default page load timeout: '30'

2018-02-19 09:13:23 - [MESSAGE][PASSED] - Object 'Object Repository/Landingpage/Searchbar_LP/li_Frankfurt am Main' is present

2018-02-19 09:13:23 - [TEST_STEP][PASSED] - verifyElementPresent: Object 'Object Repository/Landingpage/Searchbar_LP/li_Hamburg' is present

2018-02-19 09:13:23 - [MESSAGE][WARNING] - Timeout '0' is invalid. Using default page load timeout: '30'

2018-02-19 09:13:23 - [MESSAGE][PASSED] - Object 'Object Repository/Landingpage/Searchbar_LP/li_Hamburg' is present

2018-02-19 09:13:23 - [TEST_STEP][PASSED] - verifyElementPresent: Object 'Object Repository/Landingpage/Searchbar_LP/li_Hannover' is present

2018-02-19 09:13:23 - [MESSAGE][WARNING] - Timeout '0' is invalid. Using default page load timeout: '30'

2018-02-19 09:13:23 - [MESSAGE][PASSED] - Object 'Object Repository/Landingpage/Searchbar_LP/li_Hannover' is present

2018-02-19 09:13:23 - [TEST_STEP][PASSED] - verifyElementPresent: Object 'Object Repository/Landingpage/Searchbar_LP/li_Kln' is present

2018-02-19 09:13:23 - [MESSAGE][WARNING] - Timeout '0' is invalid. Using default page load timeout: '30'

2018-02-19 09:13:23 - [MESSAGE][PASSED] - Object 'Object Repository/Landingpage/Searchbar_LP/li_Kln' is present

2018-02-19 09:13:23 - [TEST_STEP][PASSED] - verifyElementPresent: Object 'Object Repository/Landingpage/Searchbar_LP/li_Leipzig' is present

2018-02-19 09:13:23 - [MESSAGE][WARNING] - Timeout '0' is invalid. Using default page load timeout: '30'

2018-02-19 09:13:23 - [MESSAGE][PASSED] - Object 'Object Repository/Landingpage/Searchbar_LP/li_Leipzig' is present

2018-02-19 09:13:23 - [TEST_STEP][PASSED] - verifyElementPresent: Object 'Object Repository/Landingpage/Searchbar_LP/li_Mannheim' is present

2018-02-19 09:13:23 - [MESSAGE][WARNING] - Timeout '0' is invalid. Using default page load timeout: '30'

2018-02-19 09:13:23 - [MESSAGE][PASSED] - Object 'Object Repository/Landingpage/Searchbar_LP/li_Mannheim' is present

2018-02-19 09:13:23 - [TEST_STEP][PASSED] - verifyElementPresent: Object 'Object Repository/Landingpage/Searchbar_LP/li_Mnchen' is present

2018-02-19 09:13:23 - [MESSAGE][WARNING] - Timeout '0' is invalid. Using default page load timeout: '30'

2018-02-19 09:13:23 - [MESSAGE][PASSED] - Object 'Object Repository/Landingpage/Searchbar_LP/li_Mnchen' is present

2018-02-19 09:13:23 - [TEST_STEP][PASSED] - verifyElementPresent: Object 'Object Repository/Landingpage/Searchbar_LP/li_Nrnberg' is present

2018-02-19 09:13:23 - [MESSAGE][WARNING] - Timeout '0' is invalid. Using default page load timeout: '30'

2018-02-19 09:13:23 - [MESSAGE][PASSED] - Object 'Object Repository/Landingpage/Searchbar_LP/li_Nrnberg' is present

2018-02-19 09:13:23 - [TEST_STEP][PASSED] - verifyElementPresent: Object 'Object Repository/Landingpage/Searchbar_LP/li_Potsdam' is present

2018-02-19 09:13:23 - [MESSAGE][WARNING] - Timeout '0' is invalid. Using default page load timeout: '30'

2018-02-19 09:13:23 - [MESSAGE][PASSED] - Object 'Object Repository/Landingpage/Searchbar_LP/li_Potsdam' is present

2018-02-19 09:13:23 - [TEST_STEP][PASSED] - verifyElementPresent: Object 'Object Repository/Landingpage/Searchbar_LP/li_Regional-Deutschland' is present

2018-02-19 09:13:23 - [MESSAGE][WARNING] - Timeout '0' is invalid. Using default page load timeout: '30'

2018-02-19 09:13:23 - [MESSAGE][PASSED] - Object 'Object Repository/Landingpage/Searchbar_LP/li_Regional-Deutschland' is present

2018-02-19 09:13:23 - [TEST_STEP][PASSED] - verifyElementPresent: Object 'Object Repository/Landingpage/Searchbar_LP/li_Stuttgart' is present

2018-02-19 09:13:23 - [MESSAGE][WARNING] - Timeout '0' is invalid. Using default page load timeout: '30'

2018-02-19 09:13:23 - [MESSAGE][PASSED] - Object 'Object Repository/Landingpage/Searchbar_LP/li_Stuttgart' is present

2018-02-19 09:13:23 - [TEST_STEP][PASSED] - verifyElementPresent: Object 'Object Repository/Landingpage/Searchbar_LP/Datepicker' is present

2018-02-19 09:13:23 - [MESSAGE][WARNING] - Timeout '0' is invalid. Using default page load timeout: '30'

2018-02-19 09:13:23 - [MESSAGE][PASSED] - Object 'Object Repository/Landingpage/Searchbar_LP/Datepicker' is present

2018-02-19 09:13:23 - [TEST_STEP][PASSED] - click: Object: 'Object Repository/Landingpage/Searchbar_LP/Datepicker' is clicked on

2018-02-19 09:13:23 - [MESSAGE][PASSED] - Object: 'Object Repository/Landingpage/Searchbar_LP/Datepicker' is clicked on

2018-02-19 09:13:23 - [TEST_STEP][PASSED] - verifyElementPresent: Object 'Object Repository/Landingpage/Searchbar_LP/div_zurckVorFebruar2018MoDiMiD' is present

2018-02-19 09:13:23 - [MESSAGE][WARNING] - Timeout '0' is invalid. Using default page load timeout: '30'

2018-02-19 09:13:23 - [MESSAGE][PASSED] - Object 'Object Repository/Landingpage/Searchbar_LP/div_zurckVorFebruar2018MoDiMiD' is present

2018-02-19 09:13:23 - [TEST_STEP][PASSED] - click: Object: 'Object Repository/Landingpage/Searchbar_LP/div_Bis zu 4 Stunden1 Tag2 Tag' is clicked on

2018-02-19 09:13:24 - [MESSAGE][PASSED] - Object: 'Object Repository/Landingpage/Searchbar_LP/div_Bis zu 4 Stunden1 Tag2 Tag' is clicked on

2018-02-19 09:13:24 - [TEST_STEP][PASSED] - verifyElementPresent: Object 'Object Repository/Landingpage/Searchbar_LP/li_Bis zu 4 Stunden' is present

2018-02-19 09:13:24 - [MESSAGE][WARNING] - Timeout '0' is invalid. Using default page load timeout: '30'

2018-02-19 09:13:24 - [MESSAGE][PASSED] - Object 'Object Repository/Landingpage/Searchbar_LP/li_Bis zu 4 Stunden' is present

2018-02-19 09:13:24 - [TEST_STEP][PASSED] - verifyElementPresent: Object 'Object Repository/Landingpage/Searchbar_LP/li_1 Tag' is present

2018-02-19 09:13:24 - [MESSAGE][WARNING] - Timeout '0' is invalid. Using default page load timeout: '30'

2018-02-19 09:13:24 - [MESSAGE][PASSED] - Object 'Object Repository/Landingpage/Searchbar_LP/li_1 Tag' is present

2018-02-19 09:13:24 - [TEST_STEP][PASSED] - verifyElementPresent: Object 'Object Repository/Landingpage/Searchbar_LP/li_2 Tage' is present

2018-02-19 09:13:24 - [MESSAGE][WARNING] - Timeout '0' is invalid. Using default page load timeout: '30'

2018-02-19 09:13:24 - [MESSAGE][PASSED] - Object 'Object Repository/Landingpage/Searchbar_LP/li_2 Tage' is present

2018-02-19 09:13:24 - [TEST_STEP][PASSED] - verifyElementPresent: Object 'Object Repository/Landingpage/Searchbar_LP/li_3 Tage' is present

2018-02-19 09:13:24 - [MESSAGE][WARNING] - Timeout '0' is invalid. Using default page load timeout: '30'

2018-02-19 09:13:24 - [MESSAGE][PASSED] - Object 'Object Repository/Landingpage/Searchbar_LP/li_3 Tage' is present

2018-02-19 09:13:24 - [TEST_STEP][PASSED] - click: Object: 'Object Repository/Landingpage/Searchbar_LP/div_1 Raum2 Rume3 Rume1 Raum1' is clicked on

2018-02-19 09:13:24 - [MESSAGE][PASSED] - Object: 'Object Repository/Landingpage/Searchbar_LP/div_1 Raum2 Rume3 Rume1 Raum1' is clicked on

2018-02-19 09:13:24 - [TEST_STEP][PASSED] - verifyElementPresent: Object 'Object Repository/Landingpage/Searchbar_LP/li_1 Raum' is present

2018-02-19 09:13:24 - [MESSAGE][WARNING] - Timeout '0' is invalid. Using default page load timeout: '30'

2018-02-19 09:13:24 - [MESSAGE][PASSED] - Object 'Object Repository/Landingpage/Searchbar_LP/li_1 Raum' is present

2018-02-19 09:13:24 - [TEST_STEP][PASSED] - verifyElementPresent: Object 'Object Repository/Landingpage/Searchbar_LP/li_2 Rume' is present

2018-02-19 09:13:24 - [MESSAGE][WARNING] - Timeout '0' is invalid. Using default page load timeout: '30'

2018-02-19 09:13:24 - [MESSAGE][PASSED] - Object 'Object Repository/Landingpage/Searchbar_LP/li_2 Rume' is present

2018-02-19 09:13:24 - [TEST_STEP][PASSED] - verifyElementPresent: Object 'Object Repository/Landingpage/Searchbar_LP/li_3 Rume' is present

2018-02-19 09:13:24 - [MESSAGE][WARNING] - Timeout '0' is invalid. Using default page load timeout: '30'

2018-02-19 09:13:24 - [MESSAGE][PASSED] - Object 'Object Repository/Landingpage/Searchbar_LP/li_3 Rume' is present

2018-02-19 09:13:24 - [TEST_STEP][PASSED] - verifyElementPresent: Object 'Object Repository/Landingpage/Searchbar_LP/div_Suchen' is present

2018-02-19 09:13:24 - [MESSAGE][WARNING] - Timeout '0' is invalid. Using default page load timeout: '30'

2018-02-19 09:13:24 - [MESSAGE][PASSED] - Object 'Object Repository/Landingpage/Searchbar_LP/div_Suchen' is present

2018-02-19 09:13:24 - [TEST_STEP][PASSED] - closeBrowser: Browser is closed

2018-02-19 09:13:24 - [MESSAGE][PASSED] - Browser is closed]]></system-out>
         <system-err><![CDATA[]]></system-err>
      </testcase>
      <testcase name="Test Cases/Landingpage/Start search from LP" classname="Test Cases/Landingpage/Start search from LP" status="PASSED">
         <system-out><![CDATA[2018-02-19 09:13:24 - [TEST_CASE][PASSED] - Test Cases/Landingpage/Start search from LP: Test Cases/Landingpage/Start search from LP

2018-02-19 09:13:24 - [TEST_STEP][PASSED] - openBrowser: Browser is opened with url: 'https://meetingmarket-iut.de/'

2018-02-19 09:13:28 - [MESSAGE][PASSED] - Browser is opened with url: 'https://meetingmarket-iut.de/'

2018-02-19 09:13:28 - [TEST_STEP][PASSED] - delay: Delayed 5 second(s)

2018-02-19 09:13:33 - [MESSAGE][PASSED] - Delayed 5 second(s)

2018-02-19 09:13:33 - [TEST_STEP][PASSED] - click: Object: 'Object Repository/Landingpage/Searchbar_LP/div_Berlin' is clicked on

2018-02-19 09:13:34 - [MESSAGE][PASSED] - Object: 'Object Repository/Landingpage/Searchbar_LP/div_Berlin' is clicked on

2018-02-19 09:13:34 - [TEST_STEP][PASSED] - click: Object: 'Object Repository/Landingpage/Searchbar_LP/li_Frankfurt am Main' is clicked on

2018-02-19 09:13:34 - [MESSAGE][PASSED] - Object: 'Object Repository/Landingpage/Searchbar_LP/li_Frankfurt am Main' is clicked on

2018-02-19 09:13:34 - [TEST_STEP][PASSED] - click: Object: 'Object Repository/Landingpage/Searchbar_LP/div_zurckVorFebruar2018MoDiMiD' is clicked on

2018-02-19 09:13:34 - [MESSAGE][PASSED] - Object: 'Object Repository/Landingpage/Searchbar_LP/div_zurckVorFebruar2018MoDiMiD' is clicked on

2018-02-19 09:13:34 - [TEST_STEP][PASSED] - click: Object: 'Object Repository/Landingpage/Searchbar_LP/span_Vor' is clicked on

2018-02-19 09:13:34 - [MESSAGE][PASSED] - Object: 'Object Repository/Landingpage/Searchbar_LP/span_Vor' is clicked on

2018-02-19 09:13:34 - [TEST_STEP][PASSED] - click: Object: 'Object Repository/Landingpage/Searchbar_LP/a_1' is clicked on

2018-02-19 09:13:35 - [MESSAGE][PASSED] - Object: 'Object Repository/Landingpage/Searchbar_LP/a_1' is clicked on

2018-02-19 09:13:35 - [TEST_STEP][PASSED] - click: Object: 'Object Repository/Landingpage/Searchbar_LP/li_2 Tage' is clicked on

2018-02-19 09:13:35 - [MESSAGE][PASSED] - Object: 'Object Repository/Landingpage/Searchbar_LP/li_2 Tage' is clicked on

2018-02-19 09:13:35 - [TEST_STEP][PASSED] - click: Object: 'Object Repository/Landingpage/Searchbar_LP/input_InputEventPersons' is clicked on

2018-02-19 09:13:35 - [MESSAGE][PASSED] - Object: 'Object Repository/Landingpage/Searchbar_LP/input_InputEventPersons' is clicked on

2018-02-19 09:13:35 - [TEST_STEP][PASSED] - setText: Text '20' is set on object 'Object Repository/Landingpage/Searchbar_LP/input_InputEventPersons'

2018-02-19 09:13:35 - [MESSAGE][PASSED] - Text '20' is set on object 'Object Repository/Landingpage/Searchbar_LP/input_InputEventPersons'

2018-02-19 09:13:35 - [TEST_STEP][PASSED] - click: Object: 'Object Repository/Landingpage/Searchbar_LP/div_1 Raum2 Rume3 Rume1 Raum1' is clicked on

2018-02-19 09:13:36 - [MESSAGE][PASSED] - Object: 'Object Repository/Landingpage/Searchbar_LP/div_1 Raum2 Rume3 Rume1 Raum1' is clicked on

2018-02-19 09:13:36 - [TEST_STEP][PASSED] - click: Object: 'Object Repository/Landingpage/Searchbar_LP/li_2 Rume' is clicked on

2018-02-19 09:13:36 - [MESSAGE][PASSED] - Object: 'Object Repository/Landingpage/Searchbar_LP/li_2 Rume' is clicked on

2018-02-19 09:13:36 - [TEST_STEP][PASSED] - click: Object: 'Object Repository/Landingpage/Searchbar_LP/div_Suchen' is clicked on

2018-02-19 09:13:38 - [MESSAGE][PASSED] - Object: 'Object Repository/Landingpage/Searchbar_LP/div_Suchen' is clicked on

2018-02-19 09:13:38 - [TEST_STEP][PASSED] - verifyElementPresent: Object 'Object Repository/Landingpage/Page_Suchergebnisse - meetingmarket/div_Frankfurt am Main' is present

2018-02-19 09:13:38 - [MESSAGE][WARNING] - Timeout '0' is invalid. Using default page load timeout: '30'

2018-02-19 09:13:38 - [MESSAGE][PASSED] - Object 'Object Repository/Landingpage/Page_Suchergebnisse - meetingmarket/div_Frankfurt am Main' is present

2018-02-19 09:13:38 - [TEST_STEP][PASSED] - verifyElementPresent: Object 'Object Repository/Landingpage/Page_Suchergebnisse - meetingmarket/div_2 Tage' is present

2018-02-19 09:13:38 - [MESSAGE][WARNING] - Timeout '0' is invalid. Using default page load timeout: '30'

2018-02-19 09:13:38 - [MESSAGE][PASSED] - Object 'Object Repository/Landingpage/Page_Suchergebnisse - meetingmarket/div_2 Tage' is present

2018-02-19 09:13:38 - [TEST_STEP][PASSED] - verifyElementPresent: Object 'Object Repository/Landingpage/Page_Suchergebnisse - meetingmarket/div_2 Rume' is present

2018-02-19 09:13:38 - [MESSAGE][WARNING] - Timeout '0' is invalid. Using default page load timeout: '30'

2018-02-19 09:13:38 - [MESSAGE][PASSED] - Object 'Object Repository/Landingpage/Page_Suchergebnisse - meetingmarket/div_2 Rume' is present

2018-02-19 09:13:38 - [TEST_STEP][PASSED] - delay: Delayed 5 second(s)

2018-02-19 09:13:43 - [MESSAGE][PASSED] - Delayed 5 second(s)

2018-02-19 09:13:43 - [TEST_STEP][PASSED] - verifyElementPresent: Object 'Object Repository/Landingpage/Page_Suchergebnisse - meetingmarket/result text' is present

2018-02-19 09:13:43 - [MESSAGE][WARNING] - Timeout '0' is invalid. Using default page load timeout: '30'

2018-02-19 09:13:43 - [MESSAGE][PASSED] - Object 'Object Repository/Landingpage/Page_Suchergebnisse - meetingmarket/result text' is present

2018-02-19 09:13:43 - [TEST_STEP][PASSED] - verifyElementPresent: Object 'Object Repository/Landingpage/Page_Suchergebnisse - meetingmarket/some hotels' is present

2018-02-19 09:13:43 - [MESSAGE][WARNING] - Timeout '0' is invalid. Using default page load timeout: '30'

2018-02-19 09:13:43 - [MESSAGE][PASSED] - Object 'Object Repository/Landingpage/Page_Suchergebnisse - meetingmarket/some hotels' is present

2018-02-19 09:13:43 - [TEST_STEP][PASSED] - click: Object: 'Object Repository/Landingpage/Page_Suchergebnisse - meetingmarket/backtolp' is clicked on

2018-02-19 09:13:44 - [MESSAGE][PASSED] - Object: 'Object Repository/Landingpage/Page_Suchergebnisse - meetingmarket/backtolp' is clicked on

2018-02-19 09:13:44 - [TEST_STEP][PASSED] - verifyElementPresent: Object 'Object Repository/Landingpage/Page_Tagungshotels und Meetingrume/div_ber 2.500 Tagungsrume' is present

2018-02-19 09:13:44 - [MESSAGE][WARNING] - Timeout '0' is invalid. Using default page load timeout: '30'

2018-02-19 09:13:44 - [MESSAGE][PASSED] - Object 'Object Repository/Landingpage/Page_Tagungshotels und Meetingrume/div_ber 2.500 Tagungsrume' is present

2018-02-19 09:13:44 - [TEST_STEP][PASSED] - closeBrowser: Browser is closed

2018-02-19 09:13:44 - [MESSAGE][PASSED] - Browser is closed]]></system-out>
         <system-err><![CDATA[]]></system-err>
      </testcase>
      <testcase name="Test Cases/Resultpage/Search Wizard _ verify elements present" classname="Test Cases/Resultpage/Search Wizard _ verify elements present" status="PASSED">
         <system-out><![CDATA[2018-02-19 09:13:44 - [TEST_CASE][PASSED] - Test Cases/Resultpage/Search Wizard _ verify elements present: Test Cases/Resultpage/Search Wizard _ verify elements present

2018-02-19 09:13:44 - [TEST_STEP][PASSED] - openBrowser: Browser is opened with url: 'https://meetingmarket-iut.de/suche/'

2018-02-19 09:13:48 - [MESSAGE][PASSED] - Browser is opened with url: 'https://meetingmarket-iut.de/suche/'

2018-02-19 09:13:48 - [TEST_STEP][PASSED] - delay: Delayed 5 second(s)

2018-02-19 09:13:53 - [MESSAGE][PASSED] - Delayed 5 second(s)

2018-02-19 09:13:53 - [TEST_STEP][PASSED] - verifyElementPresent: Object 'Object Repository/Resultpage/span_Ich suche' is present

2018-02-19 09:13:53 - [MESSAGE][WARNING] - Timeout '0' is invalid. Using default page load timeout: '30'

2018-02-19 09:13:54 - [MESSAGE][PASSED] - Object 'Object Repository/Resultpage/span_Ich suche' is present

2018-02-19 09:13:54 - [TEST_STEP][PASSED] - verifyElementPresent: Object 'Object Repository/Resultpage/a_Tagungsraum mit bernachtung' is present

2018-02-19 09:13:54 - [MESSAGE][WARNING] - Timeout '0' is invalid. Using default page load timeout: '30'

2018-02-19 09:13:54 - [MESSAGE][PASSED] - Object 'Object Repository/Resultpage/a_Tagungsraum mit bernachtung' is present

2018-02-19 09:13:54 - [TEST_STEP][PASSED] - verifyElementPresent: Object 'Object Repository/Resultpage/a_Tagungsraum ohne bernachtung' is present

2018-02-19 09:13:54 - [MESSAGE][WARNING] - Timeout '0' is invalid. Using default page load timeout: '30'

2018-02-19 09:13:54 - [MESSAGE][PASSED] - Object 'Object Repository/Resultpage/a_Tagungsraum ohne bernachtung' is present

2018-02-19 09:13:54 - [TEST_STEP][PASSED] - verifyElementPresent: Object 'Object Repository/Resultpage/span_Ort und Termin' is present

2018-02-19 09:13:54 - [MESSAGE][WARNING] - Timeout '0' is invalid. Using default page load timeout: '30'

2018-02-19 09:13:54 - [MESSAGE][PASSED] - Object 'Object Repository/Resultpage/span_Ort und Termin' is present

2018-02-19 09:13:54 - [TEST_STEP][PASSED] - verifyElementPresent: Object 'Object Repository/Resultpage/div_Berlin' is present

2018-02-19 09:13:54 - [MESSAGE][WARNING] - Timeout '0' is invalid. Using default page load timeout: '30'

2018-02-19 09:13:54 - [MESSAGE][PASSED] - Object 'Object Repository/Resultpage/div_Berlin' is present

2018-02-19 09:13:54 - [TEST_STEP][PASSED] - verifyElementPresent: Object 'Object Repository/Resultpage/input_f-date' is present

2018-02-19 09:13:54 - [MESSAGE][WARNING] - Timeout '0' is invalid. Using default page load timeout: '30'

2018-02-19 09:13:54 - [MESSAGE][PASSED] - Object 'Object Repository/Resultpage/input_f-date' is present

2018-02-19 09:13:54 - [TEST_STEP][PASSED] - verifyElementPresent: Object 'Object Repository/Resultpage/div_1 Tag' is present

2018-02-19 09:13:54 - [MESSAGE][WARNING] - Timeout '0' is invalid. Using default page load timeout: '30'

2018-02-19 09:13:54 - [MESSAGE][PASSED] - Object 'Object Repository/Resultpage/div_1 Tag' is present

2018-02-19 09:13:54 - [TEST_STEP][PASSED] - verifyElementPresent: Object 'Object Repository/Resultpage/span_Rume' is present

2018-02-19 09:13:54 - [MESSAGE][WARNING] - Timeout '0' is invalid. Using default page load timeout: '30'

2018-02-19 09:13:54 - [MESSAGE][PASSED] - Object 'Object Repository/Resultpage/span_Rume' is present

2018-02-19 09:13:54 - [TEST_STEP][PASSED] - verifyElementPresent: Object 'Object Repository/Resultpage/div_1 Raum' is present

2018-02-19 09:13:54 - [MESSAGE][WARNING] - Timeout '0' is invalid. Using default page load timeout: '30'

2018-02-19 09:13:54 - [MESSAGE][PASSED] - Object 'Object Repository/Resultpage/div_1 Raum' is present

2018-02-19 09:13:54 - [TEST_STEP][PASSED] - verifyElementPresent: Object 'Object Repository/Resultpage/input_members' is present

2018-02-19 09:13:54 - [MESSAGE][WARNING] - Timeout '0' is invalid. Using default page load timeout: '30'

2018-02-19 09:13:54 - [MESSAGE][PASSED] - Object 'Object Repository/Resultpage/input_members' is present

2018-02-19 09:13:54 - [TEST_STEP][PASSED] - verifyElementPresent: Object 'Object Repository/Resultpage/div_Block' is present

2018-02-19 09:13:54 - [MESSAGE][WARNING] - Timeout '0' is invalid. Using default page load timeout: '30'

2018-02-19 09:13:54 - [MESSAGE][PASSED] - Object 'Object Repository/Resultpage/div_Block' is present

2018-02-19 09:13:54 - [TEST_STEP][PASSED] - verifyElementPresent: Object 'Object Repository/Resultpage/div_1 Tag' is present

2018-02-19 09:13:54 - [MESSAGE][WARNING] - Timeout '0' is invalid. Using default page load timeout: '30'

2018-02-19 09:13:54 - [MESSAGE][PASSED] - Object 'Object Repository/Resultpage/div_1 Tag' is present

2018-02-19 09:13:54 - [TEST_STEP][PASSED] - verifyElementPresent: Object 'Object Repository/Resultpage/a_Ausstattung' is present

2018-02-19 09:13:54 - [MESSAGE][WARNING] - Timeout '0' is invalid. Using default page load timeout: '30'

2018-02-19 09:13:54 - [MESSAGE][PASSED] - Object 'Object Repository/Resultpage/a_Ausstattung' is present

2018-02-19 09:13:54 - [TEST_STEP][PASSED] - verifyElementPresent: Object 'Object Repository/Resultpage/div_TippKonfigurieren Sie Auss' is present

2018-02-19 09:13:54 - [MESSAGE][WARNING] - Timeout '0' is invalid. Using default page load timeout: '30'

2018-02-19 09:13:54 - [MESSAGE][PASSED] - Object 'Object Repository/Resultpage/div_TippKonfigurieren Sie Auss' is present

2018-02-19 09:13:54 - [TEST_STEP][PASSED] - verifyElementPresent: Object 'Object Repository/Resultpage/span_Verpflegung' is present

2018-02-19 09:13:54 - [MESSAGE][WARNING] - Timeout '0' is invalid. Using default page load timeout: '30'

2018-02-19 09:13:54 - [MESSAGE][PASSED] - Object 'Object Repository/Resultpage/span_Verpflegung' is present

2018-02-19 09:13:54 - [TEST_STEP][PASSED] - verifyElementPresent: Object 'Object Repository/Resultpage/label_Unbegrenzt Kaffee und Te' is present

2018-02-19 09:13:54 - [MESSAGE][WARNING] - Timeout '0' is invalid. Using default page load timeout: '30'

2018-02-19 09:13:54 - [MESSAGE][PASSED] - Object 'Object Repository/Resultpage/label_Unbegrenzt Kaffee und Te' is present

2018-02-19 09:13:54 - [TEST_STEP][PASSED] - verifyElementPresent: Object 'Object Repository/Resultpage/label_Snack  Imbiss' is present

2018-02-19 09:13:55 - [MESSAGE][WARNING] - Timeout '0' is invalid. Using default page load timeout: '30'

2018-02-19 09:13:55 - [MESSAGE][PASSED] - Object 'Object Repository/Resultpage/label_Snack  Imbiss' is present

2018-02-19 09:13:55 - [TEST_STEP][PASSED] - verifyElementPresent: Object 'Object Repository/Resultpage/label_Mittagessen' is present

2018-02-19 09:13:55 - [MESSAGE][WARNING] - Timeout '0' is invalid. Using default page load timeout: '30'

2018-02-19 09:13:55 - [MESSAGE][PASSED] - Object 'Object Repository/Resultpage/label_Mittagessen' is present

2018-02-19 09:13:55 - [TEST_STEP][PASSED] - verifyElementPresent: Object 'Object Repository/Resultpage/a_Mehr' is present

2018-02-19 09:13:55 - [MESSAGE][WARNING] - Timeout '0' is invalid. Using default page load timeout: '30'

2018-02-19 09:13:55 - [MESSAGE][PASSED] - Object 'Object Repository/Resultpage/a_Mehr' is present

2018-02-19 09:13:55 - [TEST_STEP][PASSED] - verifyElementPresent: Object 'Object Repository/Resultpage/span_Extras' is present

2018-02-19 09:13:55 - [MESSAGE][WARNING] - Timeout '0' is invalid. Using default page load timeout: '30'

2018-02-19 09:13:55 - [MESSAGE][PASSED] - Object 'Object Repository/Resultpage/span_Extras' is present

2018-02-19 09:13:55 - [TEST_STEP][PASSED] - verifyElementPresent: Object 'Object Repository/Resultpage/label_Pausen-  Gruppenraum' is present

2018-02-19 09:13:55 - [MESSAGE][WARNING] - Timeout '0' is invalid. Using default page load timeout: '30'

2018-02-19 09:13:55 - [MESSAGE][PASSED] - Object 'Object Repository/Resultpage/label_Pausen-  Gruppenraum' is present

2018-02-19 09:13:55 - [TEST_STEP][PASSED] - verifyElementPresent: Object 'Object Repository/Resultpage/div_Weniger Leistungen' is present

2018-02-19 09:13:55 - [MESSAGE][WARNING] - Timeout '0' is invalid. Using default page load timeout: '30'

2018-02-19 09:13:55 - [MESSAGE][PASSED] - Object 'Object Repository/Resultpage/div_Weniger Leistungen' is present

2018-02-19 09:13:55 - [TEST_STEP][PASSED] - closeBrowser: Browser is closed

2018-02-19 09:13:55 - [MESSAGE][PASSED] - Browser is closed]]></system-out>
         <system-err><![CDATA[]]></system-err>
      </testcase>
      <testcase name="Test Cases/Resultpage/Search Wizard _ perform and validate search" classname="Test Cases/Resultpage/Search Wizard _ perform and validate search" status="PASSED">
         <system-out><![CDATA[2018-02-19 09:13:55 - [TEST_CASE][PASSED] - Test Cases/Resultpage/Search Wizard _ perform and validate search: Test Cases/Resultpage/Search Wizard _ perform and validate search

2018-02-19 09:13:55 - [TEST_STEP][PASSED] - openBrowser: Browser is opened with url: 'https://meetingmarket-iut.de/suche/'

2018-02-19 09:14:00 - [MESSAGE][PASSED] - Browser is opened with url: 'https://meetingmarket-iut.de/suche/'

2018-02-19 09:14:00 - [TEST_STEP][PASSED] - delay: Delayed 5 second(s)

2018-02-19 09:14:05 - [MESSAGE][PASSED] - Delayed 5 second(s)

2018-02-19 09:14:05 - [TEST_STEP][PASSED] - verifyElementPresent: Object 'Object Repository/Results/div_hotel_img first active' is present

2018-02-19 09:14:05 - [MESSAGE][WARNING] - Timeout '0' is invalid. Using default page load timeout: '30'

2018-02-19 09:14:05 - [MESSAGE][PASSED] - Object 'Object Repository/Results/div_hotel_img first active' is present

2018-02-19 09:14:05 - [TEST_STEP][PASSED] - verifyElementPresent: Object 'Object Repository/Results/div_inkl. WIFIWLAN  inkl. Beam' is present

2018-02-19 09:14:05 - [MESSAGE][WARNING] - Timeout '0' is invalid. Using default page load timeout: '30'

2018-02-19 09:14:05 - [MESSAGE][PASSED] - Object 'Object Repository/Results/div_inkl. WIFIWLAN  inkl. Beam' is present

2018-02-19 09:14:05 - [TEST_STEP][PASSED] - verifyElementPresent: Object 'Object Repository/Results/h6_Hotel Art Nouveau' is present

2018-02-19 09:14:05 - [MESSAGE][WARNING] - Timeout '0' is invalid. Using default page load timeout: '30'

2018-02-19 09:14:05 - [MESSAGE][PASSED] - Object 'Object Repository/Results/h6_Hotel Art Nouveau' is present

2018-02-19 09:14:05 - [TEST_STEP][PASSED] - verifyElementPresent: Object 'Object Repository/Results/p_ein Raum 25m Flche bis zu 10' is present

2018-02-19 09:14:05 - [MESSAGE][WARNING] - Timeout '0' is invalid. Using default page load timeout: '30'

2018-02-19 09:14:05 - [MESSAGE][PASSED] - Object 'Object Repository/Results/p_ein Raum 25m Flche bis zu 10' is present

2018-02-19 09:14:05 - [TEST_STEP][PASSED] - verifyElementPresent: Object 'Object Repository/Results/p_Leibnizstrae 59 10629 Berlin' is present

2018-02-19 09:14:05 - [MESSAGE][WARNING] - Timeout '0' is invalid. Using default page load timeout: '30'

2018-02-19 09:14:06 - [MESSAGE][PASSED] - Object 'Object Repository/Results/p_Leibnizstrae 59 10629 Berlin' is present

2018-02-19 09:14:06 - [TEST_STEP][PASSED] - verifyElementPresent: Object 'Object Repository/Results/span_ 17850' is present

2018-02-19 09:14:06 - [MESSAGE][WARNING] - Timeout '0' is invalid. Using default page load timeout: '30'

2018-02-19 09:14:06 - [MESSAGE][PASSED] - Object 'Object Repository/Results/span_ 17850' is present

2018-02-19 09:14:06 - [TEST_STEP][PASSED] - verifyElementPresent: Object 'Object Repository/Results/span_...' is present

2018-02-19 09:14:06 - [MESSAGE][WARNING] - Timeout '0' is invalid. Using default page load timeout: '30'

2018-02-19 09:14:06 - [MESSAGE][PASSED] - Object 'Object Repository/Results/span_...' is present

2018-02-19 09:14:06 - [TEST_STEP][PASSED] - verifyElementPresent: Object 'Object Repository/Results/span_Ihr Gesamtpreis' is present

2018-02-19 09:14:06 - [MESSAGE][WARNING] - Timeout '0' is invalid. Using default page load timeout: '30'

2018-02-19 09:14:06 - [MESSAGE][PASSED] - Object 'Object Repository/Results/span_Ihr Gesamtpreis' is present

2018-02-19 09:14:06 - [TEST_STEP][PASSED] - verifyElementPresent: Object 'Object Repository/Results/span_imm_res' is present

2018-02-19 09:14:06 - [MESSAGE][WARNING] - Timeout '0' is invalid. Using default page load timeout: '30'

2018-02-19 09:14:06 - [MESSAGE][PASSED] - Object 'Object Repository/Results/span_imm_res' is present

2018-02-19 09:14:06 - [TEST_STEP][PASSED] - verifyElementPresent: Object 'Object Repository/Results/span_Jetzt reservieren spter z' is present

2018-02-19 09:14:06 - [MESSAGE][WARNING] - Timeout '0' is invalid. Using default page load timeout: '30'

2018-02-19 09:14:06 - [MESSAGE][PASSED] - Object 'Object Repository/Results/span_Jetzt reservieren spter z' is present

2018-02-19 09:14:06 - [TEST_STEP][PASSED] - verifyElementPresent: Object 'Object Repository/Results/span_pro Person  1785' is present

2018-02-19 09:14:06 - [MESSAGE][WARNING] - Timeout '0' is invalid. Using default page load timeout: '30'

2018-02-19 09:14:07 - [MESSAGE][PASSED] - Object 'Object Repository/Results/span_pro Person  1785' is present

2018-02-19 09:14:07 - [TEST_STEP][PASSED] - closeBrowser: Browser is closed

2018-02-19 09:14:07 - [MESSAGE][PASSED] - Browser is closed]]></system-out>
         <system-err><![CDATA[]]></system-err>
      </testcase>
      <testcase name="Test Cases/Header/Check Elements in Header" classname="Test Cases/Header/Check Elements in Header" status="FAILED">
         <failure type="FAILED" message="Unable to verify object 'Object Repository/Header/a_Buchungsportal' is present (Root cause: com.kms.katalon.core.webui.exception.WebElementNotFoundException: Web element with id: 'Object Repository/Header/a_Buchungsportal' located by 'By.xpath: //a[@href = '/suche/?dest=berlin&amp;firstday=20180217&amp;dur=1&amp;so=2&amp;rc_1=1&amp;sr_1=false&amp;rp1_1=10&amp;rs1_1=Block&amp;lob=1&amp;lng=de-DE&amp;ccur=EUR' and (text() = 'Buchungsportal' or . = 'Buchungsportal')]' not found)"/>
         <system-out><![CDATA[2018-02-19 09:14:07 - [TEST_CASE][FAILED] - Test Cases/Header/Check Elements in Header: Test Cases/Header/Check Elements in Header FAILED because (of) Unable to verify object 'Object Repository/Header/a_Buchungsportal' is present (Root cause: com.kms.katalon.core.webui.exception.WebElementNotFoundException: Web element with id: 'Object Repository/Header/a_Buchungsportal' located by 'By.xpath: //a[@href = '/suche/?dest=berlin&firstday=20180217&dur=1&so=2&rc_1=1&sr_1=false&rp1_1=10&rs1_1=Block&lob=1&lng=de-DE&ccur=EUR' and (text() = 'Buchungsportal' or . = 'Buchungsportal')]' not found)

2018-02-19 09:14:07 - [TEST_STEP][PASSED] - openBrowser: Browser is opened with url: 'https://meetingmarket-iut.de/suche/'

2018-02-19 09:14:11 - [MESSAGE][PASSED] - Browser is opened with url: 'https://meetingmarket-iut.de/suche/'

2018-02-19 09:14:11 - [TEST_STEP][PASSED] - delay: Delayed 5 second(s)

2018-02-19 09:14:16 - [MESSAGE][PASSED] - Delayed 5 second(s)

2018-02-19 09:14:16 - [TEST_STEP][PASSED] - verifyElementPresent: Object 'Object Repository/Header/a_LogoLink' is present

2018-02-19 09:14:16 - [MESSAGE][WARNING] - Timeout '0' is invalid. Using default page load timeout: '30'

2018-02-19 09:14:16 - [MESSAGE][PASSED] - Object 'Object Repository/Header/a_LogoLink' is present

2018-02-19 09:14:16 - [TEST_STEP][PASSED] - verifyElementPresent: Object 'Object Repository/Header/div_Favoriten' is present

2018-02-19 09:14:16 - [MESSAGE][WARNING] - Timeout '0' is invalid. Using default page load timeout: '30'

2018-02-19 09:14:17 - [MESSAGE][PASSED] - Object 'Object Repository/Header/div_Favoriten' is present

2018-02-19 09:14:17 - [TEST_STEP][PASSED] - verifyElementPresent: Object 'Object Repository/Header/div_Navigation' is present

2018-02-19 09:14:17 - [MESSAGE][WARNING] - Timeout '0' is invalid. Using default page load timeout: '30'

2018-02-19 09:14:17 - [MESSAGE][PASSED] - Object 'Object Repository/Header/div_Navigation' is present

2018-02-19 09:14:17 - [TEST_STEP][PASSED] - click: Object: 'Object Repository/Header/div_Favoriten' is clicked on

2018-02-19 09:14:17 - [MESSAGE][PASSED] - Object: 'Object Repository/Header/div_Favoriten' is clicked on

2018-02-19 09:14:17 - [TEST_STEP][PASSED] - verifyElementPresent: Object 'Object Repository/Header/div_In den Ergebnissen einfach' is present

2018-02-19 09:14:17 - [MESSAGE][WARNING] - Timeout '0' is invalid. Using default page load timeout: '30'

2018-02-19 09:14:17 - [MESSAGE][PASSED] - Object 'Object Repository/Header/div_In den Ergebnissen einfach' is present

2018-02-19 09:14:17 - [TEST_STEP][PASSED] - click: Object: 'Object Repository/Header/div_Favoriten' is clicked on

2018-02-19 09:14:18 - [MESSAGE][PASSED] - Object: 'Object Repository/Header/div_Favoriten' is clicked on

2018-02-19 09:14:18 - [TEST_STEP][PASSED] - click: Object: 'Object Repository/Header/div_Navigation' is clicked on

2018-02-19 09:14:19 - [MESSAGE][PASSED] - Object: 'Object Repository/Header/div_Navigation' is clicked on

2018-02-19 09:14:19 - [TEST_STEP][PASSED] - verifyElementPresent: Object 'Object Repository/Header/div_close' is present

2018-02-19 09:14:19 - [MESSAGE][WARNING] - Timeout '0' is invalid. Using default page load timeout: '30'

2018-02-19 09:14:19 - [MESSAGE][PASSED] - Object 'Object Repository/Header/div_close' is present

2018-02-19 09:14:19 - [TEST_STEP][FAILED] - verifyElementPresent: Unable to verify object 'Object Repository/Header/a_Buchungsportal' is present (Root cause: com.kms.katalon.core.webui.exception.WebElementNotFoundException: Web element with id: 'Object Repository/Header/a_Buchungsportal' located by 'By.xpath: //a[@href = '/suche/?dest=berlin&firstday=20180217&dur=1&so=2&rc_1=1&sr_1=false&rp1_1=10&rs1_1=Block&lob=1&lng=de-DE&ccur=EUR' and (text() = 'Buchungsportal' or . = 'Buchungsportal')]' not found)

2018-02-19 09:14:19 - [MESSAGE][WARNING] - Timeout '0' is invalid. Using default page load timeout: '30'

2018-02-19 09:14:50 - [MESSAGE][FAILED] - com.kms.katalon.core.webui.exception.WebElementNotFoundException: Web element with id: 'Object Repository/Header/a_Buchungsportal' located by 'By.xpath: //a[@href = '/suche/?dest=berlin&firstday=20180217&dur=1&so=2&rc_1=1&sr_1=false&rp1_1=10&rs1_1=Block&lob=1&lng=de-DE&ccur=EUR' and (text() = 'Buchungsportal' or . = 'Buchungsportal')]' not found
[[ATTACHMENT|C:\\Katalon\\MICE-POC\\Smoketest\\Reports\\Smoketest\\20180219_091257\\1519028090595.png]]

2018-02-19 09:14:50 - [MESSAGE][FAILED] - Unable to verify object 'Object Repository/Header/a_Buchungsportal' is present (Root cause: com.kms.katalon.core.webui.exception.WebElementNotFoundException: Web element with id: 'Object Repository/Header/a_Buchungsportal' located by 'By.xpath: //a[@href = '/suche/?dest=berlin&firstday=20180217&dur=1&so=2&rc_1=1&sr_1=false&rp1_1=10&rs1_1=Block&lob=1&lng=de-DE&ccur=EUR' and (text() = 'Buchungsportal' or . = 'Buchungsportal')]' not found)
[[ATTACHMENT|C:\\Katalon\\MICE-POC\\Smoketest\\Reports\\Smoketest\\20180219_091257\\1519028090792.png]]]]></system-out>
         <system-err><![CDATA[2018-02-19 09:14:07 - [TEST_CASE][FAILED] - Test Cases/Header/Check Elements in Header: Test Cases/Header/Check Elements in Header FAILED because (of) Unable to verify object 'Object Repository/Header/a_Buchungsportal' is present (Root cause: com.kms.katalon.core.webui.exception.WebElementNotFoundException: Web element with id: 'Object Repository/Header/a_Buchungsportal' located by 'By.xpath: //a[@href = '/suche/?dest=berlin&firstday=20180217&dur=1&so=2&rc_1=1&sr_1=false&rp1_1=10&rs1_1=Block&lob=1&lng=de-DE&ccur=EUR' and (text() = 'Buchungsportal' or . = 'Buchungsportal')]' not found)]]></system-err>
      </testcase>
      <testcase name="Test Cases/Detailpage/Verify elements on detailpage" classname="Test Cases/Detailpage/Verify elements on detailpage" status="FAILED">
         <failure type="FAILED" message="Unable to verify object 'Object Repository/Detailpage/a_ButtonClose' is present (Root cause: com.kms.katalon.core.webui.exception.WebElementNotFoundException: Web element with id: 'Object Repository/Detailpage/a_ButtonClose' located by 'By.xpath: //a[@href = '/suche/?dest=berlin&amp;firstday=20180217&amp;dur=1&amp;so=2&amp;rc_1=1&amp;sr_1=false&amp;rp1_1=10&amp;rs1_1=Block&amp;lob=1&amp;lng=de-DE&amp;ccur=EUR' and @id = 'ButtonClose']' not found)"/>
         <system-out><![CDATA[2018-02-19 09:14:50 - [TEST_CASE][FAILED] - Test Cases/Detailpage/Verify elements on detailpage: Test Cases/Detailpage/Verify elements on detailpage FAILED because (of) Unable to verify object 'Object Repository/Detailpage/a_ButtonClose' is present (Root cause: com.kms.katalon.core.webui.exception.WebElementNotFoundException: Web element with id: 'Object Repository/Detailpage/a_ButtonClose' located by 'By.xpath: //a[@href = '/suche/?dest=berlin&firstday=20180217&dur=1&so=2&rc_1=1&sr_1=false&rp1_1=10&rs1_1=Block&lob=1&lng=de-DE&ccur=EUR' and @id = 'ButtonClose']' not found)

2018-02-19 09:14:51 - [TEST_STEP][PASSED] - openBrowser: Browser is opened with url: 'https://meetingmarket-iut.de/suche/'

2018-02-19 09:14:51 - [MESSAGE][WARNING] - A browser is already opened. Closing browser and opening a new one

2018-02-19 09:14:56 - [MESSAGE][PASSED] - Browser is opened with url: 'https://meetingmarket-iut.de/suche/'

2018-02-19 09:14:56 - [TEST_STEP][PASSED] - delay: Delayed 2 second(s)

2018-02-19 09:14:58 - [MESSAGE][PASSED] - Delayed 2 second(s)

2018-02-19 09:14:58 - [TEST_STEP][PASSED] - click: Object: 'Object Repository/Detailpage/h6_Hotel Art Nouveau' is clicked on

2018-02-19 09:15:02 - [MESSAGE][PASSED] - Object: 'Object Repository/Detailpage/h6_Hotel Art Nouveau' is clicked on

2018-02-19 09:15:02 - [TEST_STEP][FAILED] - verifyElementPresent: Unable to verify object 'Object Repository/Detailpage/a_ButtonClose' is present (Root cause: com.kms.katalon.core.webui.exception.WebElementNotFoundException: Web element with id: 'Object Repository/Detailpage/a_ButtonClose' located by 'By.xpath: //a[@href = '/suche/?dest=berlin&firstday=20180217&dur=1&so=2&rc_1=1&sr_1=false&rp1_1=10&rs1_1=Block&lob=1&lng=de-DE&ccur=EUR' and @id = 'ButtonClose']' not found)

2018-02-19 09:15:02 - [MESSAGE][WARNING] - Timeout '0' is invalid. Using default page load timeout: '30'

2018-02-19 09:15:33 - [MESSAGE][FAILED] - com.kms.katalon.core.webui.exception.WebElementNotFoundException: Web element with id: 'Object Repository/Detailpage/a_ButtonClose' located by 'By.xpath: //a[@href = '/suche/?dest=berlin&firstday=20180217&dur=1&so=2&rc_1=1&sr_1=false&rp1_1=10&rs1_1=Block&lob=1&lng=de-DE&ccur=EUR' and @id = 'ButtonClose']' not found
[[ATTACHMENT|C:\\Katalon\\MICE-POC\\Smoketest\\Reports\\Smoketest\\20180219_091257\\1519028132777.png]]

2018-02-19 09:15:33 - [MESSAGE][FAILED] - Unable to verify object 'Object Repository/Detailpage/a_ButtonClose' is present (Root cause: com.kms.katalon.core.webui.exception.WebElementNotFoundException: Web element with id: 'Object Repository/Detailpage/a_ButtonClose' located by 'By.xpath: //a[@href = '/suche/?dest=berlin&firstday=20180217&dur=1&so=2&rc_1=1&sr_1=false&rp1_1=10&rs1_1=Block&lob=1&lng=de-DE&ccur=EUR' and @id = 'ButtonClose']' not found)
[[ATTACHMENT|C:\\Katalon\\MICE-POC\\Smoketest\\Reports\\Smoketest\\20180219_091257\\1519028133012.png]]]]></system-out>
         <system-err><![CDATA[2018-02-19 09:14:50 - [TEST_CASE][FAILED] - Test Cases/Detailpage/Verify elements on detailpage: Test Cases/Detailpage/Verify elements on detailpage FAILED because (of) Unable to verify object 'Object Repository/Detailpage/a_ButtonClose' is present (Root cause: com.kms.katalon.core.webui.exception.WebElementNotFoundException: Web element with id: 'Object Repository/Detailpage/a_ButtonClose' located by 'By.xpath: //a[@href = '/suche/?dest=berlin&firstday=20180217&dur=1&so=2&rc_1=1&sr_1=false&rp1_1=10&rs1_1=Block&lob=1&lng=de-DE&ccur=EUR' and @id = 'ButtonClose']' not found)]]></system-err>
      </testcase>
      <system-out><![CDATA[2018-02-19 09:12:59 - [TEST_SUITE][FAILED] - Smoketest: Test Cases/Header/Check Elements in Header FAILED because (of) Unable to verify object 'Object Repository/Header/a_Buchungsportal' is present (Root cause: com.kms.katalon.core.webui.exception.WebElementNotFoundException: Web element with id: 'Object Repository/Header/a_Buchungsportal' located by 'By.xpath: //a[@href = '/suche/?dest=berlin&firstday=20180217&dur=1&so=2&rc_1=1&sr_1=false&rp1_1=10&rs1_1=Block&lob=1&lng=de-DE&ccur=EUR' and (text() = 'Buchungsportal' or . = 'Buchungsportal')]' not found)]]></system-out>
      <system-err><![CDATA[2018-02-19 09:12:59 - [TEST_SUITE][FAILED] - Smoketest: Test Cases/Header/Check Elements in Header FAILED because (of) Unable to verify object 'Object Repository/Header/a_Buchungsportal' is present (Root cause: com.kms.katalon.core.webui.exception.WebElementNotFoundException: Web element with id: 'Object Repository/Header/a_Buchungsportal' located by 'By.xpath: //a[@href = '/suche/?dest=berlin&firstday=20180217&dur=1&so=2&rc_1=1&sr_1=false&rp1_1=10&rs1_1=Block&lob=1&lng=de-DE&ccur=EUR' and (text() = 'Buchungsportal' or . = 'Buchungsportal')]' not found)]]></system-err>
   </testsuite>
</testsuites>
