<?xml version="1.0" encoding="UTF-8"?>
<testsuites name="Smoketest" time="36" tests="0" failures="1" errors="0">
   <testsuite name="Smoketest" tests="0" failures="1" errors="0" time="36" timestamp="2018-02-13 15:48:04" hostname="Ferdi G\uFFFDll\uFFFDbag - LAPTOP-MH8HMEMT.fritz.box" id="Test Suites/Smoketest">
      <properties>
         <property name="deviceName" value=""/>
         <property name="devicePlatform" value=""/>
         <property name="logFolder" value="C:\\Katalon\\MICE-POC\\Smoketest\\Reports\\Smoketest\\20180213_154802"/>
         <property name="logFiles" value="C:\\Katalon\\MICE-POC\\Smoketest\\Reports\\Smoketest\\20180213_154802\\execution0.log"/>
         <property name="attachments" value="C:\\Katalon\\MICE-POC\\Smoketest\\Reports\\Smoketest\\20180213_154802\\1518533320758.png, C:\\Katalon\\MICE-POC\\Smoketest\\Reports\\Smoketest\\20180213_154802\\1518533320779.png"/>
         <property name="hostName" value="Ferdi G\uFFFDll\uFFFDbag - LAPTOP-MH8HMEMT.fritz.box"/>
         <property name="os" value="Windows 10 64bit"/>
         <property name="katalonVersion" value="5.3.0.1"/>
         <property name="browser" value="Firefox 58.0"/>
         <property name="hostAddress" value="192.168.2.131"/>
         <property name="sessionId" value="a5d31c53-7365-4b58-855e-1fa962f8fb1c"/>
         <property name="seleniumVersion" value="3.7.1"/>
         <property name="proxyInformation" value="ProxyInformation{proxyOption=NO_PROXY, proxyServerType=HTTP, password=, proxyServerAddress=, proxyServerPort=0}"/>
         <property name="platform" value="Windows 10"/>
      </properties>
      <testcase name="Test Cases/Landingpage/Verify all Elements" classname="Test Cases/Landingpage/Verify all Elements" status="FAILED">
         <failure type="FAILED" message="Unable to verify object 'Object Repository/Landingpage/Page_Tagungshotels und Meetingrume/div_logo' is present (Root cause: com.kms.katalon.core.webui.exception.WebElementNotFoundException: Web element with id: 'Object Repository/Landingpage/Page_Tagungshotels und Meetingrume/div_logo' located by 'By.xpath: id(&quot;PageBody&quot;)/div[@class=&quot;container container_main&quot;]/header[@class=&quot;header-start-top&quot;]/div[@class=&quot;header header_start&quot;]/div[@class=&quot;row row_start&quot;]/div[@class=&quot;logo&quot;]' not found)"/>
         <system-out><![CDATA[2018-02-13 15:48:05 - [TEST_CASE][FAILED] - Test Cases/Landingpage/Verify all Elements: Test Cases/Landingpage/Verify all Elements FAILED because (of) Unable to verify object 'Object Repository/Landingpage/Page_Tagungshotels und Meetingrume/div_logo' is present (Root cause: com.kms.katalon.core.webui.exception.WebElementNotFoundException: Web element with id: 'Object Repository/Landingpage/Page_Tagungshotels und Meetingrume/div_logo' located by 'By.xpath: id("PageBody")/div[@class="container container_main"]/header[@class="header-start-top"]/div[@class="header header_start"]/div[@class="row row_start"]/div[@class="logo"]' not found)

2018-02-13 15:48:05 - [TEST_STEP][PASSED] - openBrowser: Browser is opened with url: ''

2018-02-13 15:48:10 - [MESSAGE][PASSED] - Browser is opened with url: ''

2018-02-13 15:48:10 - [TEST_STEP][FAILED] - verifyElementPresent: Unable to verify object 'Object Repository/Landingpage/Page_Tagungshotels und Meetingrume/div_logo' is present (Root cause: com.kms.katalon.core.webui.exception.WebElementNotFoundException: Web element with id: 'Object Repository/Landingpage/Page_Tagungshotels und Meetingrume/div_logo' located by 'By.xpath: id("PageBody")/div[@class="container container_main"]/header[@class="header-start-top"]/div[@class="header header_start"]/div[@class="row row_start"]/div[@class="logo"]' not found)

2018-02-13 15:48:10 - [MESSAGE][WARNING] - Timeout '0' is invalid. Using default page load timeout: '30'

2018-02-13 15:48:40 - [MESSAGE][FAILED] - com.kms.katalon.core.webui.exception.WebElementNotFoundException: Web element with id: 'Object Repository/Landingpage/Page_Tagungshotels und Meetingrume/div_logo' located by 'By.xpath: id("PageBody")/div[@class="container container_main"]/header[@class="header-start-top"]/div[@class="header header_start"]/div[@class="row row_start"]/div[@class="logo"]' not found
[[ATTACHMENT|C:\\Katalon\\MICE-POC\\Smoketest\\Reports\\Smoketest\\20180213_154802\\1518533320758.png]]

2018-02-13 15:48:40 - [MESSAGE][FAILED] - Unable to verify object 'Object Repository/Landingpage/Page_Tagungshotels und Meetingrume/div_logo' is present (Root cause: com.kms.katalon.core.webui.exception.WebElementNotFoundException: Web element with id: 'Object Repository/Landingpage/Page_Tagungshotels und Meetingrume/div_logo' located by 'By.xpath: id("PageBody")/div[@class="container container_main"]/header[@class="header-start-top"]/div[@class="header header_start"]/div[@class="row row_start"]/div[@class="logo"]' not found)
[[ATTACHMENT|C:\\Katalon\\MICE-POC\\Smoketest\\Reports\\Smoketest\\20180213_154802\\1518533320779.png]]]]></system-out>
         <system-err><![CDATA[2018-02-13 15:48:05 - [TEST_CASE][FAILED] - Test Cases/Landingpage/Verify all Elements: Test Cases/Landingpage/Verify all Elements FAILED because (of) Unable to verify object 'Object Repository/Landingpage/Page_Tagungshotels und Meetingrume/div_logo' is present (Root cause: com.kms.katalon.core.webui.exception.WebElementNotFoundException: Web element with id: 'Object Repository/Landingpage/Page_Tagungshotels und Meetingrume/div_logo' located by 'By.xpath: id("PageBody")/div[@class="container container_main"]/header[@class="header-start-top"]/div[@class="header header_start"]/div[@class="row row_start"]/div[@class="logo"]' not found)]]></system-err>
      </testcase>
      <system-out><![CDATA[2018-02-13 15:48:04 - [TEST_SUITE][FAILED] - Smoketest: Test Cases/Landingpage/Verify all Elements FAILED because (of) Unable to verify object 'Object Repository/Landingpage/Page_Tagungshotels und Meetingrume/div_logo' is present (Root cause: com.kms.katalon.core.webui.exception.WebElementNotFoundException: Web element with id: 'Object Repository/Landingpage/Page_Tagungshotels und Meetingrume/div_logo' located by 'By.xpath: id("PageBody")/div[@class="container container_main"]/header[@class="header-start-top"]/div[@class="header header_start"]/div[@class="row row_start"]/div[@class="logo"]' not found)]]></system-out>
      <system-err><![CDATA[2018-02-13 15:48:04 - [TEST_SUITE][FAILED] - Smoketest: Test Cases/Landingpage/Verify all Elements FAILED because (of) Unable to verify object 'Object Repository/Landingpage/Page_Tagungshotels und Meetingrume/div_logo' is present (Root cause: com.kms.katalon.core.webui.exception.WebElementNotFoundException: Web element with id: 'Object Repository/Landingpage/Page_Tagungshotels und Meetingrume/div_logo' located by 'By.xpath: id("PageBody")/div[@class="container container_main"]/header[@class="header-start-top"]/div[@class="header header_start"]/div[@class="row row_start"]/div[@class="logo"]' not found)]]></system-err>
   </testsuite>
</testsuites>
