<?xml version="1.0" encoding="UTF-8"?>
<testsuites name="Smoketest" time="13" tests="0" failures="1" errors="0">
   <testsuite name="Smoketest" tests="0" failures="1" errors="0" time="13" timestamp="2018-02-13 15:49:44" hostname="Ferdi G\uFFFDll\uFFFDbag - LAPTOP-MH8HMEMT.fritz.box" id="Test Suites/Smoketest">
      <properties>
         <property name="deviceName" value=""/>
         <property name="devicePlatform" value=""/>
         <property name="logFolder" value="C:\\Katalon\\MICE-POC\\Smoketest\\Reports\\Smoketest\\20180213_154942"/>
         <property name="logFiles" value="C:\\Katalon\\MICE-POC\\Smoketest\\Reports\\Smoketest\\20180213_154942\\execution0.log"/>
         <property name="attachments" value=""/>
         <property name="hostName" value="Ferdi G\uFFFDll\uFFFDbag - LAPTOP-MH8HMEMT.fritz.box"/>
         <property name="os" value="Windows 10 64bit"/>
         <property name="katalonVersion" value="5.3.0.1"/>
         <property name="browser" value="Firefox 58.0"/>
         <property name="hostAddress" value="192.168.2.131"/>
         <property name="sessionId" value="b82cc718-a154-4de9-94d7-dc74dcce56cd"/>
         <property name="seleniumVersion" value="3.7.1"/>
         <property name="proxyInformation" value="ProxyInformation{proxyOption=NO_PROXY, proxyServerType=HTTP, password=, proxyServerAddress=, proxyServerPort=0}"/>
         <property name="platform" value="Windows 10"/>
      </properties>
      <testcase name="Test Cases/Landingpage/Verify all Elements" classname="Test Cases/Landingpage/Verify all Elements" status="FAILED">
         <failure type="FAILED" message="Unable to verify object 'Object Repository/Landingpage/Page_Tagungshotels und Meetingrume/div_logo' is present (Root cause: org.openqa.selenium.WebDriverException: Failed to decode response from marionette
Build info: version: '3.7.1', revision: '8a0099a', time: '2017-11-06T21:07:36.161Z'
System info: host: 'LAPTOP-MH8HMEMT', ip: '192.168.2.131', os.name: 'Windows 10', os.arch: 'amd64', os.version: '10.0', java.version: '1.8.0_102'
Driver info: com.kms.katalon.core.webui.driver.firefox.CGeckoDriver
Capabilities {acceptInsecureCerts: true, browserName: firefox, browserVersion: 58.0.2, javascriptEnabled: true, moz:accessibilityChecks: false, moz:headless: false, moz:processID: 8380, moz:profile: C:\Users\Ferdi Güllübag\App..., moz:webdriverClick: true, pageLoadStrategy: normal, platform: XP, platformName: XP, platformVersion: 10.0, proxy: Proxy(direct), rotatable: false, timeouts: {implicit: 0, pageLoad: 300000, script: 30000}}
Session ID: b82cc718-a154-4de9-94d7-dc74dcce56cd
*** Element info: {Using=xpath, value=id(&quot;PageBody&quot;)/div[@class=&quot;container container_main&quot;]/header[@class=&quot;header-start-top&quot;]/div[@class=&quot;header header_start&quot;]/div[@class=&quot;row row_start&quot;]/div[@class=&quot;logo&quot;]})"/>
         <system-out><![CDATA[2018-02-13 15:49:45 - [TEST_CASE][FAILED] - Test Cases/Landingpage/Verify all Elements: Test Cases/Landingpage/Verify all Elements FAILED because (of) Unable to verify object 'Object Repository/Landingpage/Page_Tagungshotels und Meetingrume/div_logo' is present (Root cause: org.openqa.selenium.WebDriverException: Failed to decode response from marionette
Build info: version: '3.7.1', revision: '8a0099a', time: '2017-11-06T21:07:36.161Z'
System info: host: 'LAPTOP-MH8HMEMT', ip: '192.168.2.131', os.name: 'Windows 10', os.arch: 'amd64', os.version: '10.0', java.version: '1.8.0_102'
Driver info: com.kms.katalon.core.webui.driver.firefox.CGeckoDriver
Capabilities {acceptInsecureCerts: true, browserName: firefox, browserVersion: 58.0.2, javascriptEnabled: true, moz:accessibilityChecks: false, moz:headless: false, moz:processID: 8380, moz:profile: C:\Users\Ferdi Güllübag\App..., moz:webdriverClick: true, pageLoadStrategy: normal, platform: XP, platformName: XP, platformVersion: 10.0, proxy: Proxy(direct), rotatable: false, timeouts: {implicit: 0, pageLoad: 300000, script: 30000}}
Session ID: b82cc718-a154-4de9-94d7-dc74dcce56cd
*** Element info: {Using=xpath, value=id("PageBody")/div[@class="container container_main"]/header[@class="header-start-top"]/div[@class="header header_start"]/div[@class="row row_start"]/div[@class="logo"]})

2018-02-13 15:49:45 - [TEST_STEP][PASSED] - openBrowser: Browser is opened with url: ''

2018-02-13 15:49:50 - [MESSAGE][PASSED] - Browser is opened with url: ''

2018-02-13 15:49:50 - [TEST_STEP][FAILED] - verifyElementPresent: Unable to verify object 'Object Repository/Landingpage/Page_Tagungshotels und Meetingrume/div_logo' is present (Root cause: org.openqa.selenium.WebDriverException: Failed to decode response from marionette
Build info: version: '3.7.1', revision: '8a0099a', time: '2017-11-06T21:07:36.161Z'
System info: host: 'LAPTOP-MH8HMEMT', ip: '192.168.2.131', os.name: 'Windows 10', os.arch: 'amd64', os.version: '10.0', java.version: '1.8.0_102'
Driver info: com.kms.katalon.core.webui.driver.firefox.CGeckoDriver
Capabilities {acceptInsecureCerts: true, browserName: firefox, browserVersion: 58.0.2, javascriptEnabled: true, moz:accessibilityChecks: false, moz:headless: false, moz:processID: 8380, moz:profile: C:\Users\Ferdi Güllübag\App..., moz:webdriverClick: true, pageLoadStrategy: normal, platform: XP, platformName: XP, platformVersion: 10.0, proxy: Proxy(direct), rotatable: false, timeouts: {implicit: 0, pageLoad: 300000, script: 30000}}
Session ID: b82cc718-a154-4de9-94d7-dc74dcce56cd
*** Element info: {Using=xpath, value=id("PageBody")/div[@class="container container_main"]/header[@class="header-start-top"]/div[@class="header header_start"]/div[@class="row row_start"]/div[@class="logo"]})

2018-02-13 15:49:50 - [MESSAGE][WARNING] - Timeout '0' is invalid. Using default page load timeout: '30'

2018-02-13 15:49:58 - [MESSAGE][WARNING] - Cannot take screenshot

2018-02-13 15:49:58 - [MESSAGE][FAILED] - Unable to verify object 'Object Repository/Landingpage/Page_Tagungshotels und Meetingrume/div_logo' is present (Root cause: org.openqa.selenium.WebDriverException: Failed to decode response from marionette
Build info: version: '3.7.1', revision: '8a0099a', time: '2017-11-06T21:07:36.161Z'
System info: host: 'LAPTOP-MH8HMEMT', ip: '192.168.2.131', os.name: 'Windows 10', os.arch: 'amd64', os.version: '10.0', java.version: '1.8.0_102'
Driver info: com.kms.katalon.core.webui.driver.firefox.CGeckoDriver
Capabilities {acceptInsecureCerts: true, browserName: firefox, browserVersion: 58.0.2, javascriptEnabled: true, moz:accessibilityChecks: false, moz:headless: false, moz:processID: 8380, moz:profile: C:\Users\Ferdi Güllübag\App..., moz:webdriverClick: true, pageLoadStrategy: normal, platform: XP, platformName: XP, platformVersion: 10.0, proxy: Proxy(direct), rotatable: false, timeouts: {implicit: 0, pageLoad: 300000, script: 30000}}
Session ID: b82cc718-a154-4de9-94d7-dc74dcce56cd
*** Element info: {Using=xpath, value=id("PageBody")/div[@class="container container_main"]/header[@class="header-start-top"]/div[@class="header header_start"]/div[@class="row row_start"]/div[@class="logo"]})]]></system-out>
         <system-err><![CDATA[2018-02-13 15:49:45 - [TEST_CASE][FAILED] - Test Cases/Landingpage/Verify all Elements: Test Cases/Landingpage/Verify all Elements FAILED because (of) Unable to verify object 'Object Repository/Landingpage/Page_Tagungshotels und Meetingrume/div_logo' is present (Root cause: org.openqa.selenium.WebDriverException: Failed to decode response from marionette
Build info: version: '3.7.1', revision: '8a0099a', time: '2017-11-06T21:07:36.161Z'
System info: host: 'LAPTOP-MH8HMEMT', ip: '192.168.2.131', os.name: 'Windows 10', os.arch: 'amd64', os.version: '10.0', java.version: '1.8.0_102'
Driver info: com.kms.katalon.core.webui.driver.firefox.CGeckoDriver
Capabilities {acceptInsecureCerts: true, browserName: firefox, browserVersion: 58.0.2, javascriptEnabled: true, moz:accessibilityChecks: false, moz:headless: false, moz:processID: 8380, moz:profile: C:\Users\Ferdi Güllübag\App..., moz:webdriverClick: true, pageLoadStrategy: normal, platform: XP, platformName: XP, platformVersion: 10.0, proxy: Proxy(direct), rotatable: false, timeouts: {implicit: 0, pageLoad: 300000, script: 30000}}
Session ID: b82cc718-a154-4de9-94d7-dc74dcce56cd
*** Element info: {Using=xpath, value=id("PageBody")/div[@class="container container_main"]/header[@class="header-start-top"]/div[@class="header header_start"]/div[@class="row row_start"]/div[@class="logo"]})]]></system-err>
      </testcase>
      <system-out><![CDATA[2018-02-13 15:49:44 - [TEST_SUITE][INCOMPLETE] - Smoketest: null]]></system-out>
      <system-err><![CDATA[2018-02-13 15:49:44 - [TEST_SUITE][INCOMPLETE] - Smoketest: null]]></system-err>
   </testsuite>
</testsuites>
