<?xml version="1.0" encoding="UTF-8"?>
<testsuites name="Smoketest" time="80" tests="2" failures="1" errors="0">
   <testsuite name="Smoketest" tests="2" failures="1" errors="0" time="80" timestamp="2018-02-14 12:24:51" hostname="Ferdi G\uFFFDll\uFFFDbag - LAPTOP-MH8HMEMT.fritz.box" id="Test Suites/Smoketest">
      <properties>
         <property name="deviceName" value=""/>
         <property name="devicePlatform" value=""/>
         <property name="logFolder" value="C:\\Katalon\\MICE-POC\\Smoketest\\Reports\\Smoketest\\20180214_122449"/>
         <property name="logFiles" value="C:\\Katalon\\MICE-POC\\Smoketest\\Reports\\Smoketest\\20180214_122449\\execution0.log"/>
         <property name="attachments" value="C:\\Katalon\\MICE-POC\\Smoketest\\Reports\\Smoketest\\20180214_122449\\1518607535776.png, C:\\Katalon\\MICE-POC\\Smoketest\\Reports\\Smoketest\\20180214_122449\\1518607536296.png"/>
         <property name="hostName" value="Ferdi G\uFFFDll\uFFFDbag - LAPTOP-MH8HMEMT.fritz.box"/>
         <property name="os" value="Windows 10 64bit"/>
         <property name="katalonVersion" value="5.3.0.1"/>
         <property name="browser" value="Firefox 58.0"/>
         <property name="hostAddress" value="192.168.2.131"/>
         <property name="sessionId" value="76cd4827-689a-490c-a588-f7369234ebb2"/>
         <property name="seleniumVersion" value="3.7.1"/>
         <property name="proxyInformation" value="ProxyInformation{proxyOption=NO_PROXY, proxyServerType=HTTP, password=, proxyServerAddress=, proxyServerPort=0}"/>
         <property name="platform" value="Windows 10"/>
      </properties>
      <testcase name="Test Cases/Landingpage/Verify all Elements" classname="Test Cases/Landingpage/Verify all Elements" status="FAILED">
         <failure type="FAILED" message="Unable to verify object 'Object Repository/Landingpage/Page_Tagungshotels und Meetingrume/div_2018 Meeting.Expedia.de -' is present (Root cause: com.kms.katalon.core.webui.exception.WebElementNotFoundException: Web element with id: 'Object Repository/Landingpage/Page_Tagungshotels und Meetingrume/div_2018 Meeting.Expedia.de -' located by 'By.xpath: //div[@id = 'UcFooterVersion_FooterVersionContent' and (text() = '2018 Meeting.Expedia.de - Alle Rechte vorbehalten - 2.28 (72e399b)' or . = '2018 Meeting.Expedia.de - Alle Rechte vorbehalten - 2.28 (72e399b)')]' not found)"/>
         <system-out><![CDATA[2018-02-14 12:24:52 - [TEST_CASE][FAILED] - Test Cases/Landingpage/Verify all Elements: Test Cases/Landingpage/Verify all Elements FAILED because (of) Unable to verify object 'Object Repository/Landingpage/Page_Tagungshotels und Meetingrume/div_2018 Meeting.Expedia.de -' is present (Root cause: com.kms.katalon.core.webui.exception.WebElementNotFoundException: Web element with id: 'Object Repository/Landingpage/Page_Tagungshotels und Meetingrume/div_2018 Meeting.Expedia.de -' located by 'By.xpath: //div[@id = 'UcFooterVersion_FooterVersionContent' and (text() = '2018 Meeting.Expedia.de - Alle Rechte vorbehalten - 2.28 (72e399b)' or . = '2018 Meeting.Expedia.de - Alle Rechte vorbehalten - 2.28 (72e399b)')]' not found)

2018-02-14 12:24:52 - [TEST_STEP][PASSED] - openBrowser: Browser is opened with url: 'https://meetingmarket-iut.de/'

2018-02-14 12:24:59 - [MESSAGE][PASSED] - Browser is opened with url: 'https://meetingmarket-iut.de/'

2018-02-14 12:24:59 - [TEST_STEP][PASSED] - delay: Delayed 5 second(s)

2018-02-14 12:25:04 - [MESSAGE][PASSED] - Delayed 5 second(s)

2018-02-14 12:25:04 - [TEST_STEP][PASSED] - waitForElementPresent: Object 'Object Repository/Landingpage/Page_Tagungshotels und Meetingrume/div_logo' is present

2018-02-14 12:25:04 - [MESSAGE][WARNING] - Timeout '0' is invalid. Using default page load timeout: '30'

2018-02-14 12:25:04 - [MESSAGE][PASSED] - Object 'Object Repository/Landingpage/Page_Tagungshotels und Meetingrume/div_logo' is present

2018-02-14 12:25:04 - [TEST_STEP][PASSED] - verifyElementPresent: Object 'Object Repository/Landingpage/Page_Tagungshotels und Meetingrume/div_ber 2.500 Tagungsrume' is present

2018-02-14 12:25:04 - [MESSAGE][WARNING] - Timeout '0' is invalid. Using default page load timeout: '30'

2018-02-14 12:25:04 - [MESSAGE][PASSED] - Object 'Object Repository/Landingpage/Page_Tagungshotels und Meetingrume/div_ber 2.500 Tagungsrume' is present

2018-02-14 12:25:04 - [TEST_STEP][PASSED] - verifyElementPresent: Object 'Object Repository/Landingpage/Page_Tagungshotels und Meetingrume/div_Jetzt buchen und bis zu 30' is present

2018-02-14 12:25:04 - [MESSAGE][WARNING] - Timeout '0' is invalid. Using default page load timeout: '30'

2018-02-14 12:25:04 - [MESSAGE][PASSED] - Object 'Object Repository/Landingpage/Page_Tagungshotels und Meetingrume/div_Jetzt buchen und bis zu 30' is present

2018-02-14 12:25:04 - [TEST_STEP][PASSED] - verifyElementPresent: Object 'Object Repository/Landingpage/Page_Tagungshotels und Meetingrume/div_BerlinBremenDresdenDsseldo' is present

2018-02-14 12:25:04 - [MESSAGE][WARNING] - Timeout '0' is invalid. Using default page load timeout: '30'

2018-02-14 12:25:04 - [MESSAGE][PASSED] - Object 'Object Repository/Landingpage/Page_Tagungshotels und Meetingrume/div_BerlinBremenDresdenDsseldo' is present

2018-02-14 12:25:04 - [TEST_STEP][PASSED] - verifyElementPresent: Object 'Object Repository/Landingpage/Page_Tagungshotels und Meetingrume/p_Sichere Reservierung in 3 Mi' is present

2018-02-14 12:25:04 - [MESSAGE][WARNING] - Timeout '0' is invalid. Using default page load timeout: '30'

2018-02-14 12:25:04 - [MESSAGE][PASSED] - Object 'Object Repository/Landingpage/Page_Tagungshotels und Meetingrume/p_Sichere Reservierung in 3 Mi' is present

2018-02-14 12:25:04 - [TEST_STEP][PASSED] - verifyElementPresent: Object 'Object Repository/Landingpage/Page_Tagungshotels und Meetingrume/p_Persnliche Beratung 49 (0)76' is present

2018-02-14 12:25:04 - [MESSAGE][WARNING] - Timeout '0' is invalid. Using default page load timeout: '30'

2018-02-14 12:25:04 - [MESSAGE][PASSED] - Object 'Object Repository/Landingpage/Page_Tagungshotels und Meetingrume/p_Persnliche Beratung 49 (0)76' is present

2018-02-14 12:25:04 - [TEST_STEP][PASSED] - verifyElementPresent: Object 'Object Repository/Landingpage/Page_Tagungshotels und Meetingrume/p_Kostenfreie Stornierung' is present

2018-02-14 12:25:04 - [MESSAGE][WARNING] - Timeout '0' is invalid. Using default page load timeout: '30'

2018-02-14 12:25:04 - [MESSAGE][PASSED] - Object 'Object Repository/Landingpage/Page_Tagungshotels und Meetingrume/p_Kostenfreie Stornierung' is present

2018-02-14 12:25:04 - [TEST_STEP][PASSED] - verifyElementPresent: Object 'Object Repository/Landingpage/Page_Tagungshotels und Meetingrume/h2_Finden Sie die perfekte Loc' is present

2018-02-14 12:25:04 - [MESSAGE][WARNING] - Timeout '0' is invalid. Using default page load timeout: '30'

2018-02-14 12:25:04 - [MESSAGE][PASSED] - Object 'Object Repository/Landingpage/Page_Tagungshotels und Meetingrume/h2_Finden Sie die perfekte Loc' is present

2018-02-14 12:25:04 - [TEST_STEP][PASSED] - verifyElementPresent: Object 'Object Repository/Landingpage/Page_Tagungshotels und Meetingrume/p_Wir finden die passenden Rum' is present

2018-02-14 12:25:04 - [MESSAGE][WARNING] - Timeout '0' is invalid. Using default page load timeout: '30'

2018-02-14 12:25:04 - [MESSAGE][PASSED] - Object 'Object Repository/Landingpage/Page_Tagungshotels und Meetingrume/p_Wir finden die passenden Rum' is present

2018-02-14 12:25:04 - [TEST_STEP][PASSED] - verifyElementPresent: Object 'Object Repository/Landingpage/Page_Tagungshotels und Meetingrume/div_Veranstaltungsortein Berli' is present

2018-02-14 12:25:05 - [MESSAGE][WARNING] - Timeout '0' is invalid. Using default page load timeout: '30'

2018-02-14 12:25:05 - [MESSAGE][PASSED] - Object 'Object Repository/Landingpage/Page_Tagungshotels und Meetingrume/div_Veranstaltungsortein Berli' is present

2018-02-14 12:25:05 - [TEST_STEP][PASSED] - verifyElementPresent: Object 'Object Repository/Landingpage/Page_Tagungshotels und Meetingrume/div_Veranstaltungsortein Breme' is present

2018-02-14 12:25:05 - [MESSAGE][WARNING] - Timeout '0' is invalid. Using default page load timeout: '30'

2018-02-14 12:25:05 - [MESSAGE][PASSED] - Object 'Object Repository/Landingpage/Page_Tagungshotels und Meetingrume/div_Veranstaltungsortein Breme' is present

2018-02-14 12:25:05 - [TEST_STEP][PASSED] - verifyElementPresent: Object 'Object Repository/Landingpage/Page_Tagungshotels und Meetingrume/div_Veranstaltungsortein Dresd' is present

2018-02-14 12:25:05 - [MESSAGE][WARNING] - Timeout '0' is invalid. Using default page load timeout: '30'

2018-02-14 12:25:05 - [MESSAGE][PASSED] - Object 'Object Repository/Landingpage/Page_Tagungshotels und Meetingrume/div_Veranstaltungsortein Dresd' is present

2018-02-14 12:25:05 - [TEST_STEP][PASSED] - verifyElementPresent: Object 'Object Repository/Landingpage/Page_Tagungshotels und Meetingrume/div_Veranstaltungsortein Dssel' is present

2018-02-14 12:25:05 - [MESSAGE][WARNING] - Timeout '0' is invalid. Using default page load timeout: '30'

2018-02-14 12:25:05 - [MESSAGE][PASSED] - Object 'Object Repository/Landingpage/Page_Tagungshotels und Meetingrume/div_Veranstaltungsortein Dssel' is present

2018-02-14 12:25:05 - [TEST_STEP][PASSED] - verifyElementPresent: Object 'Object Repository/Landingpage/Page_Tagungshotels und Meetingrume/div_Veranstaltungsortein Frank' is present

2018-02-14 12:25:05 - [MESSAGE][WARNING] - Timeout '0' is invalid. Using default page load timeout: '30'

2018-02-14 12:25:05 - [MESSAGE][PASSED] - Object 'Object Repository/Landingpage/Page_Tagungshotels und Meetingrume/div_Veranstaltungsortein Frank' is present

2018-02-14 12:25:05 - [TEST_STEP][PASSED] - verifyElementPresent: Object 'Object Repository/Landingpage/Page_Tagungshotels und Meetingrume/div_Veranstaltungsortein Hambu' is present

2018-02-14 12:25:05 - [MESSAGE][WARNING] - Timeout '0' is invalid. Using default page load timeout: '30'

2018-02-14 12:25:05 - [MESSAGE][PASSED] - Object 'Object Repository/Landingpage/Page_Tagungshotels und Meetingrume/div_Veranstaltungsortein Hambu' is present

2018-02-14 12:25:05 - [TEST_STEP][PASSED] - verifyElementPresent: Object 'Object Repository/Landingpage/Page_Tagungshotels und Meetingrume/div_Veranstaltungsortein Leipz' is present

2018-02-14 12:25:05 - [MESSAGE][WARNING] - Timeout '0' is invalid. Using default page load timeout: '30'

2018-02-14 12:25:05 - [MESSAGE][PASSED] - Object 'Object Repository/Landingpage/Page_Tagungshotels und Meetingrume/div_Veranstaltungsortein Leipz' is present

2018-02-14 12:25:05 - [TEST_STEP][PASSED] - verifyElementPresent: Object 'Object Repository/Landingpage/Page_Tagungshotels und Meetingrume/div_Veranstaltungsortein KlnKl' is present

2018-02-14 12:25:05 - [MESSAGE][WARNING] - Timeout '0' is invalid. Using default page load timeout: '30'

2018-02-14 12:25:05 - [MESSAGE][PASSED] - Object 'Object Repository/Landingpage/Page_Tagungshotels und Meetingrume/div_Veranstaltungsortein KlnKl' is present

2018-02-14 12:25:05 - [TEST_STEP][PASSED] - verifyElementPresent: Object 'Object Repository/Landingpage/Page_Tagungshotels und Meetingrume/div_Veranstaltungsortein Hanno' is present

2018-02-14 12:25:05 - [MESSAGE][WARNING] - Timeout '0' is invalid. Using default page load timeout: '30'

2018-02-14 12:25:05 - [MESSAGE][PASSED] - Object 'Object Repository/Landingpage/Page_Tagungshotels und Meetingrume/div_Veranstaltungsortein Hanno' is present

2018-02-14 12:25:05 - [TEST_STEP][PASSED] - verifyElementPresent: Object 'Object Repository/Landingpage/Page_Tagungshotels und Meetingrume/div_Veranstaltungsortein Mannh' is present

2018-02-14 12:25:05 - [MESSAGE][WARNING] - Timeout '0' is invalid. Using default page load timeout: '30'

2018-02-14 12:25:05 - [MESSAGE][PASSED] - Object 'Object Repository/Landingpage/Page_Tagungshotels und Meetingrume/div_Veranstaltungsortein Mannh' is present

2018-02-14 12:25:05 - [TEST_STEP][PASSED] - verifyElementPresent: Object 'Object Repository/Landingpage/Page_Tagungshotels und Meetingrume/div_Veranstaltungsortein Mnche' is present

2018-02-14 12:25:05 - [MESSAGE][WARNING] - Timeout '0' is invalid. Using default page load timeout: '30'

2018-02-14 12:25:05 - [MESSAGE][PASSED] - Object 'Object Repository/Landingpage/Page_Tagungshotels und Meetingrume/div_Veranstaltungsortein Mnche' is present

2018-02-14 12:25:05 - [TEST_STEP][PASSED] - verifyElementPresent: Object 'Object Repository/Landingpage/Page_Tagungshotels und Meetingrume/div_Veranstaltungsortein Nrnbe' is present

2018-02-14 12:25:05 - [MESSAGE][WARNING] - Timeout '0' is invalid. Using default page load timeout: '30'

2018-02-14 12:25:05 - [MESSAGE][PASSED] - Object 'Object Repository/Landingpage/Page_Tagungshotels und Meetingrume/div_Veranstaltungsortein Nrnbe' is present

2018-02-14 12:25:05 - [TEST_STEP][PASSED] - verifyElementPresent: Object 'Object Repository/Landingpage/Page_Tagungshotels und Meetingrume/div_Veranstaltungsortein Stutt' is present

2018-02-14 12:25:05 - [MESSAGE][WARNING] - Timeout '0' is invalid. Using default page load timeout: '30'

2018-02-14 12:25:05 - [MESSAGE][PASSED] - Object 'Object Repository/Landingpage/Page_Tagungshotels und Meetingrume/div_Veranstaltungsortein Stutt' is present

2018-02-14 12:25:05 - [TEST_STEP][PASSED] - verifyElementPresent: Object 'Object Repository/Landingpage/Page_Tagungshotels und Meetingrume/div_Veranstaltungsortein Potsd' is present

2018-02-14 12:25:05 - [MESSAGE][WARNING] - Timeout '0' is invalid. Using default page load timeout: '30'

2018-02-14 12:25:05 - [MESSAGE][PASSED] - Object 'Object Repository/Landingpage/Page_Tagungshotels und Meetingrume/div_Veranstaltungsortein Potsd' is present

2018-02-14 12:25:05 - [TEST_STEP][PASSED] - verifyElementPresent: Object 'Object Repository/Landingpage/Page_Tagungshotels und Meetingrume/span_Bekannt aus' is present

2018-02-14 12:25:05 - [MESSAGE][WARNING] - Timeout '0' is invalid. Using default page load timeout: '30'

2018-02-14 12:25:05 - [MESSAGE][PASSED] - Object 'Object Repository/Landingpage/Page_Tagungshotels und Meetingrume/span_Bekannt aus' is present

2018-02-14 12:25:05 - [TEST_STEP][PASSED] - verifyElementPresent: Object 'Object Repository/Landingpage/Page_Tagungshotels und Meetingrume/span_logos' is present

2018-02-14 12:25:05 - [MESSAGE][WARNING] - Timeout '0' is invalid. Using default page load timeout: '30'

2018-02-14 12:25:05 - [MESSAGE][PASSED] - Object 'Object Repository/Landingpage/Page_Tagungshotels und Meetingrume/span_logos' is present

2018-02-14 12:25:05 - [TEST_STEP][PASSED] - verifyElementPresent: Object 'Object Repository/Landingpage/Page_Tagungshotels und Meetingrume/span_logos_1' is present

2018-02-14 12:25:05 - [MESSAGE][WARNING] - Timeout '0' is invalid. Using default page load timeout: '30'

2018-02-14 12:25:05 - [MESSAGE][PASSED] - Object 'Object Repository/Landingpage/Page_Tagungshotels und Meetingrume/span_logos_1' is present

2018-02-14 12:25:05 - [TEST_STEP][PASSED] - verifyElementPresent: Object 'Object Repository/Landingpage/Page_Tagungshotels und Meetingrume/div_Deutsch' is present

2018-02-14 12:25:05 - [MESSAGE][WARNING] - Timeout '0' is invalid. Using default page load timeout: '30'

2018-02-14 12:25:05 - [MESSAGE][PASSED] - Object 'Object Repository/Landingpage/Page_Tagungshotels und Meetingrume/div_Deutsch' is present

2018-02-14 12:25:05 - [TEST_STEP][PASSED] - verifyElementPresent: Object 'Object Repository/Landingpage/Page_Tagungshotels und Meetingrume/div_ Euro' is present

2018-02-14 12:25:05 - [MESSAGE][WARNING] - Timeout '0' is invalid. Using default page load timeout: '30'

2018-02-14 12:25:05 - [MESSAGE][PASSED] - Object 'Object Repository/Landingpage/Page_Tagungshotels und Meetingrume/div_ Euro' is present

2018-02-14 12:25:05 - [TEST_STEP][PASSED] - verifyElementPresent: Object 'Object Repository/Landingpage/Page_Tagungshotels und Meetingrume/a_Kontakt' is present

2018-02-14 12:25:05 - [MESSAGE][WARNING] - Timeout '0' is invalid. Using default page load timeout: '30'

2018-02-14 12:25:05 - [MESSAGE][PASSED] - Object 'Object Repository/Landingpage/Page_Tagungshotels und Meetingrume/a_Kontakt' is present

2018-02-14 12:25:05 - [TEST_STEP][PASSED] - verifyElementPresent: Object 'Object Repository/Landingpage/Page_Tagungshotels und Meetingrume/a_Fragen  Antworten' is present

2018-02-14 12:25:05 - [MESSAGE][WARNING] - Timeout '0' is invalid. Using default page load timeout: '30'

2018-02-14 12:25:05 - [MESSAGE][PASSED] - Object 'Object Repository/Landingpage/Page_Tagungshotels und Meetingrume/a_Fragen  Antworten' is present

2018-02-14 12:25:05 - [TEST_STEP][PASSED] - verifyElementPresent: Object 'Object Repository/Landingpage/Page_Tagungshotels und Meetingrume/a_So funktionierts' is present

2018-02-14 12:25:05 - [MESSAGE][WARNING] - Timeout '0' is invalid. Using default page load timeout: '30'

2018-02-14 12:25:05 - [MESSAGE][PASSED] - Object 'Object Repository/Landingpage/Page_Tagungshotels und Meetingrume/a_So funktionierts' is present

2018-02-14 12:25:05 - [TEST_STEP][PASSED] - verifyElementPresent: Object 'Object Repository/Landingpage/Page_Tagungshotels und Meetingrume/a_ber uns' is present

2018-02-14 12:25:05 - [MESSAGE][WARNING] - Timeout '0' is invalid. Using default page load timeout: '30'

2018-02-14 12:25:05 - [MESSAGE][PASSED] - Object 'Object Repository/Landingpage/Page_Tagungshotels und Meetingrume/a_ber uns' is present

2018-02-14 12:25:05 - [TEST_STEP][PASSED] - verifyElementPresent: Object 'Object Repository/Landingpage/Page_Tagungshotels und Meetingrume/a_Hotel eintragen' is present

2018-02-14 12:25:05 - [MESSAGE][WARNING] - Timeout '0' is invalid. Using default page load timeout: '30'

2018-02-14 12:25:05 - [MESSAGE][PASSED] - Object 'Object Repository/Landingpage/Page_Tagungshotels und Meetingrume/a_Hotel eintragen' is present

2018-02-14 12:25:05 - [TEST_STEP][PASSED] - verifyElementPresent: Object 'Object Repository/Landingpage/Page_Tagungshotels und Meetingrume/a_Impressum' is present

2018-02-14 12:25:05 - [MESSAGE][WARNING] - Timeout '0' is invalid. Using default page load timeout: '30'

2018-02-14 12:25:05 - [MESSAGE][PASSED] - Object 'Object Repository/Landingpage/Page_Tagungshotels und Meetingrume/a_Impressum' is present

2018-02-14 12:25:05 - [TEST_STEP][FAILED] - verifyElementPresent: Unable to verify object 'Object Repository/Landingpage/Page_Tagungshotels und Meetingrume/div_2018 Meeting.Expedia.de -' is present (Root cause: com.kms.katalon.core.webui.exception.WebElementNotFoundException: Web element with id: 'Object Repository/Landingpage/Page_Tagungshotels und Meetingrume/div_2018 Meeting.Expedia.de -' located by 'By.xpath: //div[@id = 'UcFooterVersion_FooterVersionContent' and (text() = '2018 Meeting.Expedia.de - Alle Rechte vorbehalten - 2.28 (72e399b)' or . = '2018 Meeting.Expedia.de - Alle Rechte vorbehalten - 2.28 (72e399b)')]' not found)

2018-02-14 12:25:05 - [MESSAGE][WARNING] - Timeout '0' is invalid. Using default page load timeout: '30'

2018-02-14 12:25:36 - [MESSAGE][FAILED] - com.kms.katalon.core.webui.exception.WebElementNotFoundException: Web element with id: 'Object Repository/Landingpage/Page_Tagungshotels und Meetingrume/div_2018 Meeting.Expedia.de -' located by 'By.xpath: //div[@id = 'UcFooterVersion_FooterVersionContent' and (text() = '2018 Meeting.Expedia.de - Alle Rechte vorbehalten - 2.28 (72e399b)' or . = '2018 Meeting.Expedia.de - Alle Rechte vorbehalten - 2.28 (72e399b)')]' not found
[[ATTACHMENT|C:\\Katalon\\MICE-POC\\Smoketest\\Reports\\Smoketest\\20180214_122449\\1518607535776.png]]

2018-02-14 12:25:36 - [MESSAGE][FAILED] - Unable to verify object 'Object Repository/Landingpage/Page_Tagungshotels und Meetingrume/div_2018 Meeting.Expedia.de -' is present (Root cause: com.kms.katalon.core.webui.exception.WebElementNotFoundException: Web element with id: 'Object Repository/Landingpage/Page_Tagungshotels und Meetingrume/div_2018 Meeting.Expedia.de -' located by 'By.xpath: //div[@id = 'UcFooterVersion_FooterVersionContent' and (text() = '2018 Meeting.Expedia.de - Alle Rechte vorbehalten - 2.28 (72e399b)' or . = '2018 Meeting.Expedia.de - Alle Rechte vorbehalten - 2.28 (72e399b)')]' not found)
[[ATTACHMENT|C:\\Katalon\\MICE-POC\\Smoketest\\Reports\\Smoketest\\20180214_122449\\1518607536296.png]]]]></system-out>
         <system-err><![CDATA[2018-02-14 12:24:52 - [TEST_CASE][FAILED] - Test Cases/Landingpage/Verify all Elements: Test Cases/Landingpage/Verify all Elements FAILED because (of) Unable to verify object 'Object Repository/Landingpage/Page_Tagungshotels und Meetingrume/div_2018 Meeting.Expedia.de -' is present (Root cause: com.kms.katalon.core.webui.exception.WebElementNotFoundException: Web element with id: 'Object Repository/Landingpage/Page_Tagungshotels und Meetingrume/div_2018 Meeting.Expedia.de -' located by 'By.xpath: //div[@id = 'UcFooterVersion_FooterVersionContent' and (text() = '2018 Meeting.Expedia.de - Alle Rechte vorbehalten - 2.28 (72e399b)' or . = '2018 Meeting.Expedia.de - Alle Rechte vorbehalten - 2.28 (72e399b)')]' not found)]]></system-err>
      </testcase>
      <testcase name="Test Cases/Landingpage/Verify Searchbar" classname="Test Cases/Landingpage/Verify Searchbar" status="PASSED">
         <system-out><![CDATA[2018-02-14 12:25:36 - [TEST_CASE][PASSED] - Test Cases/Landingpage/Verify Searchbar: Test Cases/Landingpage/Verify Searchbar

2018-02-14 12:25:37 - [TEST_STEP][PASSED] - openBrowser: Browser is opened with url: 'https://meetingmarket-iut.de/'

2018-02-14 12:25:37 - [MESSAGE][WARNING] - A browser is already opened. Closing browser and opening a new one

2018-02-14 12:25:42 - [MESSAGE][PASSED] - Browser is opened with url: 'https://meetingmarket-iut.de/'

2018-02-14 12:25:42 - [TEST_STEP][PASSED] - delay: Delayed 5 second(s)

2018-02-14 12:25:47 - [MESSAGE][PASSED] - Delayed 5 second(s)

2018-02-14 12:25:47 - [TEST_STEP][PASSED] - verifyElementPresent: Object 'Object Repository/Landingpage/Searchbar_LP/span_Stadt whlen' is present

2018-02-14 12:25:47 - [MESSAGE][WARNING] - Timeout '0' is invalid. Using default page load timeout: '30'

2018-02-14 12:25:47 - [MESSAGE][PASSED] - Object 'Object Repository/Landingpage/Searchbar_LP/span_Stadt whlen' is present

2018-02-14 12:25:47 - [TEST_STEP][PASSED] - verifyElementPresent: Object 'Object Repository/Landingpage/Searchbar_LP/span_Datum' is present

2018-02-14 12:25:47 - [MESSAGE][WARNING] - Timeout '0' is invalid. Using default page load timeout: '30'

2018-02-14 12:25:47 - [MESSAGE][PASSED] - Object 'Object Repository/Landingpage/Searchbar_LP/span_Datum' is present

2018-02-14 12:25:47 - [TEST_STEP][PASSED] - verifyElementPresent: Object 'Object Repository/Landingpage/Searchbar_LP/span_Zeitraum' is present

2018-02-14 12:25:47 - [MESSAGE][WARNING] - Timeout '0' is invalid. Using default page load timeout: '30'

2018-02-14 12:25:47 - [MESSAGE][PASSED] - Object 'Object Repository/Landingpage/Searchbar_LP/span_Zeitraum' is present

2018-02-14 12:25:47 - [TEST_STEP][PASSED] - verifyElementPresent: Object 'Object Repository/Landingpage/Searchbar_LP/span_Personen' is present

2018-02-14 12:25:47 - [MESSAGE][WARNING] - Timeout '0' is invalid. Using default page load timeout: '30'

2018-02-14 12:25:47 - [MESSAGE][PASSED] - Object 'Object Repository/Landingpage/Searchbar_LP/span_Personen' is present

2018-02-14 12:25:47 - [TEST_STEP][PASSED] - verifyElementPresent: Object 'Object Repository/Landingpage/Searchbar_LP/span_Anzahl Rume' is present

2018-02-14 12:25:47 - [MESSAGE][WARNING] - Timeout '0' is invalid. Using default page load timeout: '30'

2018-02-14 12:25:47 - [MESSAGE][PASSED] - Object 'Object Repository/Landingpage/Searchbar_LP/span_Anzahl Rume' is present

2018-02-14 12:25:47 - [TEST_STEP][PASSED] - verifyElementPresent: Object 'Object Repository/Landingpage/Searchbar_LP/div_Berlin' is present

2018-02-14 12:25:47 - [MESSAGE][WARNING] - Timeout '0' is invalid. Using default page load timeout: '30'

2018-02-14 12:25:48 - [MESSAGE][PASSED] - Object 'Object Repository/Landingpage/Searchbar_LP/div_Berlin' is present

2018-02-14 12:25:48 - [TEST_STEP][PASSED] - click: Object: 'Object Repository/Landingpage/Searchbar_LP/div_Berlin' is clicked on

2018-02-14 12:25:48 - [MESSAGE][PASSED] - Object: 'Object Repository/Landingpage/Searchbar_LP/div_Berlin' is clicked on

2018-02-14 12:25:48 - [TEST_STEP][PASSED] - verifyElementPresent: Object 'Object Repository/Landingpage/Searchbar_LP/li_Berlin' is present

2018-02-14 12:25:48 - [MESSAGE][WARNING] - Timeout '0' is invalid. Using default page load timeout: '30'

2018-02-14 12:25:48 - [MESSAGE][PASSED] - Object 'Object Repository/Landingpage/Searchbar_LP/li_Berlin' is present

2018-02-14 12:25:48 - [TEST_STEP][PASSED] - verifyElementPresent: Object 'Object Repository/Landingpage/Searchbar_LP/li_Bremen' is present

2018-02-14 12:25:48 - [MESSAGE][WARNING] - Timeout '0' is invalid. Using default page load timeout: '30'

2018-02-14 12:25:48 - [MESSAGE][PASSED] - Object 'Object Repository/Landingpage/Searchbar_LP/li_Bremen' is present

2018-02-14 12:25:48 - [TEST_STEP][PASSED] - verifyElementPresent: Object 'Object Repository/Landingpage/Searchbar_LP/li_Dresden' is present

2018-02-14 12:25:48 - [MESSAGE][WARNING] - Timeout '0' is invalid. Using default page load timeout: '30'

2018-02-14 12:25:48 - [MESSAGE][PASSED] - Object 'Object Repository/Landingpage/Searchbar_LP/li_Dresden' is present

2018-02-14 12:25:48 - [TEST_STEP][PASSED] - verifyElementPresent: Object 'Object Repository/Landingpage/Searchbar_LP/li_Dsseldorf' is present

2018-02-14 12:25:48 - [MESSAGE][WARNING] - Timeout '0' is invalid. Using default page load timeout: '30'

2018-02-14 12:25:48 - [MESSAGE][PASSED] - Object 'Object Repository/Landingpage/Searchbar_LP/li_Dsseldorf' is present

2018-02-14 12:25:48 - [TEST_STEP][PASSED] - verifyElementPresent: Object 'Object Repository/Landingpage/Searchbar_LP/li_Frankfurt am Main' is present

2018-02-14 12:25:48 - [MESSAGE][WARNING] - Timeout '0' is invalid. Using default page load timeout: '30'

2018-02-14 12:25:48 - [MESSAGE][PASSED] - Object 'Object Repository/Landingpage/Searchbar_LP/li_Frankfurt am Main' is present

2018-02-14 12:25:48 - [TEST_STEP][PASSED] - verifyElementPresent: Object 'Object Repository/Landingpage/Searchbar_LP/li_Hamburg' is present

2018-02-14 12:25:48 - [MESSAGE][WARNING] - Timeout '0' is invalid. Using default page load timeout: '30'

2018-02-14 12:25:48 - [MESSAGE][PASSED] - Object 'Object Repository/Landingpage/Searchbar_LP/li_Hamburg' is present

2018-02-14 12:25:48 - [TEST_STEP][PASSED] - verifyElementPresent: Object 'Object Repository/Landingpage/Searchbar_LP/li_Hannover' is present

2018-02-14 12:25:48 - [MESSAGE][WARNING] - Timeout '0' is invalid. Using default page load timeout: '30'

2018-02-14 12:25:48 - [MESSAGE][PASSED] - Object 'Object Repository/Landingpage/Searchbar_LP/li_Hannover' is present

2018-02-14 12:25:48 - [TEST_STEP][PASSED] - verifyElementPresent: Object 'Object Repository/Landingpage/Searchbar_LP/li_Kln' is present

2018-02-14 12:25:48 - [MESSAGE][WARNING] - Timeout '0' is invalid. Using default page load timeout: '30'

2018-02-14 12:25:48 - [MESSAGE][PASSED] - Object 'Object Repository/Landingpage/Searchbar_LP/li_Kln' is present

2018-02-14 12:25:48 - [TEST_STEP][PASSED] - verifyElementPresent: Object 'Object Repository/Landingpage/Searchbar_LP/li_Leipzig' is present

2018-02-14 12:25:48 - [MESSAGE][WARNING] - Timeout '0' is invalid. Using default page load timeout: '30'

2018-02-14 12:25:48 - [MESSAGE][PASSED] - Object 'Object Repository/Landingpage/Searchbar_LP/li_Leipzig' is present

2018-02-14 12:25:48 - [TEST_STEP][PASSED] - verifyElementPresent: Object 'Object Repository/Landingpage/Searchbar_LP/li_Mannheim' is present

2018-02-14 12:25:48 - [MESSAGE][WARNING] - Timeout '0' is invalid. Using default page load timeout: '30'

2018-02-14 12:25:48 - [MESSAGE][PASSED] - Object 'Object Repository/Landingpage/Searchbar_LP/li_Mannheim' is present

2018-02-14 12:25:48 - [TEST_STEP][PASSED] - verifyElementPresent: Object 'Object Repository/Landingpage/Searchbar_LP/li_Mnchen' is present

2018-02-14 12:25:48 - [MESSAGE][WARNING] - Timeout '0' is invalid. Using default page load timeout: '30'

2018-02-14 12:25:48 - [MESSAGE][PASSED] - Object 'Object Repository/Landingpage/Searchbar_LP/li_Mnchen' is present

2018-02-14 12:25:48 - [TEST_STEP][PASSED] - verifyElementPresent: Object 'Object Repository/Landingpage/Searchbar_LP/li_Nrnberg' is present

2018-02-14 12:25:48 - [MESSAGE][WARNING] - Timeout '0' is invalid. Using default page load timeout: '30'

2018-02-14 12:25:48 - [MESSAGE][PASSED] - Object 'Object Repository/Landingpage/Searchbar_LP/li_Nrnberg' is present

2018-02-14 12:25:48 - [TEST_STEP][PASSED] - verifyElementPresent: Object 'Object Repository/Landingpage/Searchbar_LP/li_Potsdam' is present

2018-02-14 12:25:48 - [MESSAGE][WARNING] - Timeout '0' is invalid. Using default page load timeout: '30'

2018-02-14 12:25:48 - [MESSAGE][PASSED] - Object 'Object Repository/Landingpage/Searchbar_LP/li_Potsdam' is present

2018-02-14 12:25:48 - [TEST_STEP][PASSED] - verifyElementPresent: Object 'Object Repository/Landingpage/Searchbar_LP/li_Regional-Deutschland' is present

2018-02-14 12:25:48 - [MESSAGE][WARNING] - Timeout '0' is invalid. Using default page load timeout: '30'

2018-02-14 12:25:48 - [MESSAGE][PASSED] - Object 'Object Repository/Landingpage/Searchbar_LP/li_Regional-Deutschland' is present

2018-02-14 12:25:48 - [TEST_STEP][PASSED] - verifyElementPresent: Object 'Object Repository/Landingpage/Searchbar_LP/li_Stuttgart' is present

2018-02-14 12:25:48 - [MESSAGE][WARNING] - Timeout '0' is invalid. Using default page load timeout: '30'

2018-02-14 12:25:48 - [MESSAGE][PASSED] - Object 'Object Repository/Landingpage/Searchbar_LP/li_Stuttgart' is present

2018-02-14 12:25:48 - [TEST_STEP][PASSED] - verifyElementPresent: Object 'Object Repository/Landingpage/Searchbar_LP/Datepicker' is present

2018-02-14 12:25:48 - [MESSAGE][WARNING] - Timeout '0' is invalid. Using default page load timeout: '30'

2018-02-14 12:25:48 - [MESSAGE][PASSED] - Object 'Object Repository/Landingpage/Searchbar_LP/Datepicker' is present

2018-02-14 12:25:48 - [TEST_STEP][PASSED] - click: Object: 'Object Repository/Landingpage/Searchbar_LP/Datepicker' is clicked on

2018-02-14 12:25:48 - [MESSAGE][PASSED] - Object: 'Object Repository/Landingpage/Searchbar_LP/Datepicker' is clicked on

2018-02-14 12:25:48 - [TEST_STEP][PASSED] - verifyElementPresent: Object 'Object Repository/Landingpage/Searchbar_LP/div_zurckVorFebruar2018MoDiMiD' is present

2018-02-14 12:25:48 - [MESSAGE][WARNING] - Timeout '0' is invalid. Using default page load timeout: '30'

2018-02-14 12:25:48 - [MESSAGE][PASSED] - Object 'Object Repository/Landingpage/Searchbar_LP/div_zurckVorFebruar2018MoDiMiD' is present

2018-02-14 12:25:48 - [TEST_STEP][PASSED] - click: Object: 'Object Repository/Landingpage/Searchbar_LP/div_Bis zu 4 Stunden1 Tag2 Tag' is clicked on

2018-02-14 12:25:49 - [MESSAGE][PASSED] - Object: 'Object Repository/Landingpage/Searchbar_LP/div_Bis zu 4 Stunden1 Tag2 Tag' is clicked on

2018-02-14 12:25:49 - [TEST_STEP][PASSED] - verifyElementPresent: Object 'Object Repository/Landingpage/Searchbar_LP/li_Bis zu 4 Stunden' is present

2018-02-14 12:25:49 - [MESSAGE][WARNING] - Timeout '0' is invalid. Using default page load timeout: '30'

2018-02-14 12:25:49 - [MESSAGE][PASSED] - Object 'Object Repository/Landingpage/Searchbar_LP/li_Bis zu 4 Stunden' is present

2018-02-14 12:25:49 - [TEST_STEP][PASSED] - verifyElementPresent: Object 'Object Repository/Landingpage/Searchbar_LP/li_1 Tag' is present

2018-02-14 12:25:49 - [MESSAGE][WARNING] - Timeout '0' is invalid. Using default page load timeout: '30'

2018-02-14 12:25:49 - [MESSAGE][PASSED] - Object 'Object Repository/Landingpage/Searchbar_LP/li_1 Tag' is present

2018-02-14 12:25:49 - [TEST_STEP][PASSED] - verifyElementPresent: Object 'Object Repository/Landingpage/Searchbar_LP/li_2 Tage' is present

2018-02-14 12:25:49 - [MESSAGE][WARNING] - Timeout '0' is invalid. Using default page load timeout: '30'

2018-02-14 12:25:49 - [MESSAGE][PASSED] - Object 'Object Repository/Landingpage/Searchbar_LP/li_2 Tage' is present

2018-02-14 12:25:49 - [TEST_STEP][PASSED] - verifyElementPresent: Object 'Object Repository/Landingpage/Searchbar_LP/li_3 Tage' is present

2018-02-14 12:25:49 - [MESSAGE][WARNING] - Timeout '0' is invalid. Using default page load timeout: '30'

2018-02-14 12:25:49 - [MESSAGE][PASSED] - Object 'Object Repository/Landingpage/Searchbar_LP/li_3 Tage' is present

2018-02-14 12:25:49 - [TEST_STEP][PASSED] - click: Object: 'Object Repository/Landingpage/Searchbar_LP/div_1 Raum2 Rume3 Rume1 Raum1' is clicked on

2018-02-14 12:25:49 - [MESSAGE][PASSED] - Object: 'Object Repository/Landingpage/Searchbar_LP/div_1 Raum2 Rume3 Rume1 Raum1' is clicked on

2018-02-14 12:25:49 - [TEST_STEP][PASSED] - verifyElementPresent: Object 'Object Repository/Landingpage/Searchbar_LP/li_1 Raum' is present

2018-02-14 12:25:49 - [MESSAGE][WARNING] - Timeout '0' is invalid. Using default page load timeout: '30'

2018-02-14 12:25:49 - [MESSAGE][PASSED] - Object 'Object Repository/Landingpage/Searchbar_LP/li_1 Raum' is present

2018-02-14 12:25:49 - [TEST_STEP][PASSED] - verifyElementPresent: Object 'Object Repository/Landingpage/Searchbar_LP/li_2 Rume' is present

2018-02-14 12:25:49 - [MESSAGE][WARNING] - Timeout '0' is invalid. Using default page load timeout: '30'

2018-02-14 12:25:49 - [MESSAGE][PASSED] - Object 'Object Repository/Landingpage/Searchbar_LP/li_2 Rume' is present

2018-02-14 12:25:49 - [TEST_STEP][PASSED] - verifyElementPresent: Object 'Object Repository/Landingpage/Searchbar_LP/li_3 Rume' is present

2018-02-14 12:25:49 - [MESSAGE][WARNING] - Timeout '0' is invalid. Using default page load timeout: '30'

2018-02-14 12:25:49 - [MESSAGE][PASSED] - Object 'Object Repository/Landingpage/Searchbar_LP/li_3 Rume' is present

2018-02-14 12:25:49 - [TEST_STEP][PASSED] - verifyElementPresent: Object 'Object Repository/Landingpage/Searchbar_LP/div_Suchen' is present

2018-02-14 12:25:49 - [MESSAGE][WARNING] - Timeout '0' is invalid. Using default page load timeout: '30'

2018-02-14 12:25:49 - [MESSAGE][PASSED] - Object 'Object Repository/Landingpage/Searchbar_LP/div_Suchen' is present

2018-02-14 12:25:49 - [TEST_STEP][PASSED] - closeBrowser: Browser is closed

2018-02-14 12:25:49 - [MESSAGE][PASSED] - Browser is closed]]></system-out>
         <system-err><![CDATA[]]></system-err>
      </testcase>
      <testcase name="Test Cases/Landingpage/Start search from LP" classname="Test Cases/Landingpage/Start search from LP" status="PASSED">
         <system-out><![CDATA[2018-02-14 12:25:49 - [TEST_CASE][PASSED] - Test Cases/Landingpage/Start search from LP: Test Cases/Landingpage/Start search from LP

2018-02-14 12:25:50 - [TEST_STEP][PASSED] - openBrowser: Browser is opened with url: 'https://meetingmarket-iut.de/'

2018-02-14 12:25:55 - [MESSAGE][PASSED] - Browser is opened with url: 'https://meetingmarket-iut.de/'

2018-02-14 12:25:55 - [TEST_STEP][PASSED] - delay: Delayed 5 second(s)

2018-02-14 12:26:00 - [MESSAGE][PASSED] - Delayed 5 second(s)

2018-02-14 12:26:00 - [TEST_STEP][PASSED] - click: Object: 'Object Repository/Landingpage/Searchbar_LP/div_Berlin' is clicked on

2018-02-14 12:26:00 - [MESSAGE][PASSED] - Object: 'Object Repository/Landingpage/Searchbar_LP/div_Berlin' is clicked on

2018-02-14 12:26:00 - [TEST_STEP][PASSED] - click: Object: 'Object Repository/Landingpage/Searchbar_LP/li_Frankfurt am Main' is clicked on

2018-02-14 12:26:00 - [MESSAGE][PASSED] - Object: 'Object Repository/Landingpage/Searchbar_LP/li_Frankfurt am Main' is clicked on

2018-02-14 12:26:00 - [TEST_STEP][PASSED] - click: Object: 'Object Repository/Landingpage/Searchbar_LP/div_zurckVorFebruar2018MoDiMiD' is clicked on

2018-02-14 12:26:01 - [MESSAGE][PASSED] - Object: 'Object Repository/Landingpage/Searchbar_LP/div_zurckVorFebruar2018MoDiMiD' is clicked on

2018-02-14 12:26:01 - [TEST_STEP][PASSED] - click: Object: 'Object Repository/Landingpage/Searchbar_LP/span_Vor' is clicked on

2018-02-14 12:26:01 - [MESSAGE][PASSED] - Object: 'Object Repository/Landingpage/Searchbar_LP/span_Vor' is clicked on

2018-02-14 12:26:01 - [TEST_STEP][PASSED] - click: Object: 'Object Repository/Landingpage/Searchbar_LP/a_1' is clicked on

2018-02-14 12:26:01 - [MESSAGE][PASSED] - Object: 'Object Repository/Landingpage/Searchbar_LP/a_1' is clicked on

2018-02-14 12:26:01 - [TEST_STEP][PASSED] - click: Object: 'Object Repository/Landingpage/Searchbar_LP/li_2 Tage' is clicked on

2018-02-14 12:26:01 - [MESSAGE][PASSED] - Object: 'Object Repository/Landingpage/Searchbar_LP/li_2 Tage' is clicked on

2018-02-14 12:26:01 - [TEST_STEP][PASSED] - click: Object: 'Object Repository/Landingpage/Searchbar_LP/input_InputEventPersons' is clicked on

2018-02-14 12:26:02 - [MESSAGE][PASSED] - Object: 'Object Repository/Landingpage/Searchbar_LP/input_InputEventPersons' is clicked on

2018-02-14 12:26:02 - [TEST_STEP][PASSED] - setText: Text '20' is set on object 'Object Repository/Landingpage/Searchbar_LP/input_InputEventPersons'

2018-02-14 12:26:02 - [MESSAGE][PASSED] - Text '20' is set on object 'Object Repository/Landingpage/Searchbar_LP/input_InputEventPersons'

2018-02-14 12:26:02 - [TEST_STEP][PASSED] - click: Object: 'Object Repository/Landingpage/Searchbar_LP/div_1 Raum2 Rume3 Rume1 Raum1' is clicked on

2018-02-14 12:26:02 - [MESSAGE][PASSED] - Object: 'Object Repository/Landingpage/Searchbar_LP/div_1 Raum2 Rume3 Rume1 Raum1' is clicked on

2018-02-14 12:26:02 - [TEST_STEP][PASSED] - click: Object: 'Object Repository/Landingpage/Searchbar_LP/li_2 Rume' is clicked on

2018-02-14 12:26:02 - [MESSAGE][PASSED] - Object: 'Object Repository/Landingpage/Searchbar_LP/li_2 Rume' is clicked on

2018-02-14 12:26:02 - [TEST_STEP][PASSED] - click: Object: 'Object Repository/Landingpage/Searchbar_LP/div_Suchen' is clicked on

2018-02-14 12:26:05 - [MESSAGE][PASSED] - Object: 'Object Repository/Landingpage/Searchbar_LP/div_Suchen' is clicked on

2018-02-14 12:26:05 - [TEST_STEP][PASSED] - verifyElementPresent: Object 'Object Repository/Landingpage/Page_Suchergebnisse - meetingmarket/div_Frankfurt am Main' is present

2018-02-14 12:26:05 - [MESSAGE][WARNING] - Timeout '0' is invalid. Using default page load timeout: '30'

2018-02-14 12:26:05 - [MESSAGE][PASSED] - Object 'Object Repository/Landingpage/Page_Suchergebnisse - meetingmarket/div_Frankfurt am Main' is present

2018-02-14 12:26:05 - [TEST_STEP][PASSED] - verifyElementPresent: Object 'Object Repository/Landingpage/Page_Suchergebnisse - meetingmarket/div_2 Tage' is present

2018-02-14 12:26:05 - [MESSAGE][WARNING] - Timeout '0' is invalid. Using default page load timeout: '30'

2018-02-14 12:26:05 - [MESSAGE][PASSED] - Object 'Object Repository/Landingpage/Page_Suchergebnisse - meetingmarket/div_2 Tage' is present

2018-02-14 12:26:05 - [TEST_STEP][PASSED] - verifyElementPresent: Object 'Object Repository/Landingpage/Page_Suchergebnisse - meetingmarket/div_2 Rume' is present

2018-02-14 12:26:05 - [MESSAGE][WARNING] - Timeout '0' is invalid. Using default page load timeout: '30'

2018-02-14 12:26:05 - [MESSAGE][PASSED] - Object 'Object Repository/Landingpage/Page_Suchergebnisse - meetingmarket/div_2 Rume' is present

2018-02-14 12:26:05 - [TEST_STEP][PASSED] - delay: Delayed 5 second(s)

2018-02-14 12:26:10 - [MESSAGE][PASSED] - Delayed 5 second(s)

2018-02-14 12:26:10 - [TEST_STEP][PASSED] - verifyElementPresent: Object 'Object Repository/Landingpage/Page_Suchergebnisse - meetingmarket/result text' is present

2018-02-14 12:26:10 - [MESSAGE][WARNING] - Timeout '0' is invalid. Using default page load timeout: '30'

2018-02-14 12:26:10 - [MESSAGE][PASSED] - Object 'Object Repository/Landingpage/Page_Suchergebnisse - meetingmarket/result text' is present

2018-02-14 12:26:10 - [TEST_STEP][PASSED] - verifyElementPresent: Object 'Object Repository/Landingpage/Page_Suchergebnisse - meetingmarket/some hotels' is present

2018-02-14 12:26:10 - [MESSAGE][WARNING] - Timeout '0' is invalid. Using default page load timeout: '30'

2018-02-14 12:26:10 - [MESSAGE][PASSED] - Object 'Object Repository/Landingpage/Page_Suchergebnisse - meetingmarket/some hotels' is present

2018-02-14 12:26:10 - [TEST_STEP][PASSED] - click: Object: 'Object Repository/Landingpage/Page_Suchergebnisse - meetingmarket/backtolp' is clicked on

2018-02-14 12:26:11 - [MESSAGE][PASSED] - Object: 'Object Repository/Landingpage/Page_Suchergebnisse - meetingmarket/backtolp' is clicked on

2018-02-14 12:26:11 - [TEST_STEP][PASSED] - verifyElementPresent: Object 'Object Repository/Landingpage/Page_Tagungshotels und Meetingrume/div_ber 2.500 Tagungsrume' is present

2018-02-14 12:26:11 - [MESSAGE][WARNING] - Timeout '0' is invalid. Using default page load timeout: '30'

2018-02-14 12:26:11 - [MESSAGE][PASSED] - Object 'Object Repository/Landingpage/Page_Tagungshotels und Meetingrume/div_ber 2.500 Tagungsrume' is present

2018-02-14 12:26:11 - [TEST_STEP][PASSED] - closeBrowser: Browser is closed

2018-02-14 12:26:11 - [MESSAGE][PASSED] - Browser is closed]]></system-out>
         <system-err><![CDATA[]]></system-err>
      </testcase>
      <system-out><![CDATA[2018-02-14 12:24:51 - [TEST_SUITE][FAILED] - Smoketest: Test Cases/Landingpage/Verify all Elements FAILED because (of) Unable to verify object 'Object Repository/Landingpage/Page_Tagungshotels und Meetingrume/div_2018 Meeting.Expedia.de -' is present (Root cause: com.kms.katalon.core.webui.exception.WebElementNotFoundException: Web element with id: 'Object Repository/Landingpage/Page_Tagungshotels und Meetingrume/div_2018 Meeting.Expedia.de -' located by 'By.xpath: //div[@id = 'UcFooterVersion_FooterVersionContent' and (text() = '2018 Meeting.Expedia.de - Alle Rechte vorbehalten - 2.28 (72e399b)' or . = '2018 Meeting.Expedia.de - Alle Rechte vorbehalten - 2.28 (72e399b)')]' not found)]]></system-out>
      <system-err><![CDATA[2018-02-14 12:24:51 - [TEST_SUITE][FAILED] - Smoketest: Test Cases/Landingpage/Verify all Elements FAILED because (of) Unable to verify object 'Object Repository/Landingpage/Page_Tagungshotels und Meetingrume/div_2018 Meeting.Expedia.de -' is present (Root cause: com.kms.katalon.core.webui.exception.WebElementNotFoundException: Web element with id: 'Object Repository/Landingpage/Page_Tagungshotels und Meetingrume/div_2018 Meeting.Expedia.de -' located by 'By.xpath: //div[@id = 'UcFooterVersion_FooterVersionContent' and (text() = '2018 Meeting.Expedia.de - Alle Rechte vorbehalten - 2.28 (72e399b)' or . = '2018 Meeting.Expedia.de - Alle Rechte vorbehalten - 2.28 (72e399b)')]' not found)]]></system-err>
   </testsuite>
</testsuites>
